  15
 Etot=          -2.5896312205
 C         -2.9767433989       -0.1565577921        0.0000930180
 C         -1.6187502610       -0.8475184900       -0.0002696708
 C         -0.4775465146        0.1510221211       -0.0000009584
 O         -0.6101259024        1.3517394609        0.0000768144
 N          0.7635136886       -0.4531018485        0.0002891176
 C          1.9621374391        0.2361152325       -0.0001930139
 N          3.1162593764       -0.2502787638       -0.0000261395
 H         -3.7764738554       -0.8925902658       -0.0016620056
 H         -3.0763349265        0.4764112330       -0.8782569353
 H         -3.0774728435        0.4736025213        0.8803145177
 H         -1.5185490527       -1.4827692560       -0.8847731779
 H         -1.5184518339       -1.4835307972        0.8836803365
 H          0.8082390224       -1.4659667339        0.0005473031
 H          1.8399182774        1.3131684029       -0.0009488810
 H          3.1590343901       -1.2690290317        0.0006415124
  15
 Etot=          -2.5921386349
 C         -2.9791991379       -0.1512446879        0.0000639429
 C         -1.6283370790       -0.8471424529       -0.0002766266
 C         -0.4742042736        0.1231449611        0.0000950035
 O         -0.6219702476        1.3248059176       -0.0000086293
 N          0.7770088820       -0.4655773292        0.0002810243
 C          1.9637236562        0.2462135693       -0.0001864469
 N          3.1204211617       -0.2487521086       -0.0000082955
 H         -3.8009755909       -0.8685037238       -0.0015309139
 H         -3.0813820536        0.4882250525       -0.8765585278
 H         -3.0824105491        0.4855406896        0.8785142993
 H         -1.5332815565       -1.4937324785       -0.8790599660
 H         -1.5332582973       -1.4945410844        0.8779094756
 H          0.8372739315       -1.4781627248        0.0005285386
 H          1.8530308954        1.3208368724       -0.0008459960
 H          3.1822138637       -1.2403944794        0.0005949551
  15
 Etot=          -2.5928562388
 C         -2.9775358122       -0.1407703163        0.0000903666
 C         -1.6391917633       -0.8550844358       -0.0003187390
 C         -0.4732219839        0.0917038203       -0.0000762447
 O         -0.6379875660        1.2932013990       -0.0000821124
 N          0.7882942344       -0.4795419511        0.0002130359
 C          1.9606561958        0.2593486800       -0.0000963612
 N          3.1202920201       -0.2380277797        0.0001436553
 H         -3.8194304005       -0.8383235454       -0.0012335230
 H         -3.0744967323        0.5035126383       -0.8754564090
 H         -3.0753089460        0.5011319591        0.8773002537
 H         -1.5552603466       -1.5103778835       -0.8752407600
 H         -1.5551279825       -1.5112276846        0.8739518357
 H          0.8679070810       -1.4913723662        0.0003836308
 H          1.8577750805        1.3324328686       -0.0006795350
 H          3.2112905267       -1.2158894100        0.0006127437
  15
 Etot=          -2.5929555295
 C         -2.9758886803       -0.1347408026        0.0000882255
 C         -1.6443032858       -0.8621647017       -0.0003516731
 C         -0.4733485469        0.0786543538       -0.0000101216
 O         -0.6416240694        1.2798063561       -0.0001552176
 N          0.7906391499       -0.4872301236        0.0001982928
 C          1.9562853251        0.2635647164       -0.0000824525
 N          3.1187028177       -0.2274626414        0.0001499652
 H         -3.8246884255       -0.8233827264       -0.0010993183
 H         -3.0653558275        0.5108388013       -0.8753492876
 H         -3.0660439508        0.5086078964        0.8771055937
 H         -1.5666869243       -1.5184580322       -0.8751433849
 H         -1.5665808341       -1.5193403520        0.8737666908
 H          0.8788125600       -1.4982905098        0.0003650069
 H          1.8508129760        1.3363712849       -0.0005723037
 H          3.2279213211       -1.2060575264        0.0006018217
  15
 Etot=          -2.5929884174
 C         -2.9744784373       -0.1303492718        0.0001295353
 C         -1.6478257884       -0.8679127541       -0.0004041922
 C         -0.4730933044        0.0700986733       -0.0001868890
 O         -0.6406863186        1.2711427323       -0.0002258179
 N          0.7910109672       -0.4942146188        0.0001336702
 C          1.9515937791        0.2646719093       -0.0000043632
 N          3.1170633367       -0.2180256072        0.0002831300
 H         -3.8275033657       -0.8122687021       -0.0008726994
 H         -3.0568992243        0.5158924087       -0.8752547247
 H         -3.0573802367        0.5138757228        0.8769632165
 H         -1.5748963937       -1.5236046578       -0.8757493583
 H         -1.5746577261       -1.5244953374        0.8742480447
 H          0.8849219553       -1.5045024399        0.0002558850
 H          1.8406696686        1.3373306644       -0.0004402993
 H          3.2408146932       -1.1969227289        0.0006366997
