     -2.596618111287     -2.596666482661         0.84972E-03
     -2.596603840399     -2.596651995459         0.72223E-03
     -2.596584583890     -2.596632239331         0.35813E-03
     -2.596612170336     -2.596660735224         0.49922E-03
     -2.596541013156     -2.596588648253         0.99766E-03
     -2.596622567583     -2.596670586006         0.73853E-03
     -2.596586653092     -2.596634556482         0.79429E-03
     -2.596622752922     -2.596671470058         0.70205E-03
     -2.596318966508     -2.596364669877         0.83725E-03
     -2.596607655266     -2.596656173838         0.74674E-03
     -2.596255182235     -2.596300659568         0.31673E-03
     -2.593395754377     -2.593455924610         0.40570E-03
     -2.593395514652     -2.593455525127         0.68102E-03
     -2.593389904675     -2.593449606564         0.72758E-03
     -2.593394679812     -2.593453790283         0.61354E-03
     -2.596623406018     -2.596671947153         0.81983E-03
     -2.596619631367     -2.596667961463         0.44559E-03
     -2.593353559478     -2.593412169699         0.59363E-03
     -2.593322954154     -2.593382162623         0.66195E-03
     -2.593342487781     -2.593402479742         0.49706E-03
     -2.593293885495     -2.593351876490         0.57410E-03
     -2.593251924875     -2.593309364358         0.71329E-03
     -2.593351195090     -2.593411166647         0.25400E-03
     -2.593127829728     -2.593171445097         0.33703E-03
     -2.593408707497     -2.593468045260         0.66717E-03
     -2.593399221988     -2.593458369718         0.64177E-03
     -2.593345723751     -2.593404215572         0.36063E-03
     -2.593404782384     -2.593464273589         0.93640E-03
     -2.593401711603     -2.593461374606         0.64977E-03
     -2.593410531550     -2.593470288744         0.34522E-03
     -2.593397646819     -2.593457555799         0.39174E-03
     -2.593407013065     -2.593467234812         0.98702E-03
     -2.593405322562     -2.593464725474         0.79104E-03
     -2.593398059513     -2.593457947072         0.38673E-03
