15
 energy: -22.548658990994 gnorm: 0.061667188946 xtb: 6.7.0 (08769fc)
C           -2.68315879710000        0.09512725660000       -0.59803348170000
C           -1.74511536200000       -0.47092366320000        0.45097584640000
C           -0.34007178350000        0.01824792620000        0.24634603570000
O           -0.13012525890000        1.21117967510000        0.25995752930000
N            0.65661025880000       -0.92143286890000        0.04342886280000
C            1.99233913990000       -0.60176954410000       -0.17146418300000
N            2.42886743980000        0.57686721410000       -0.20156915370000
H           -3.71494518760000       -0.22828028420000       -0.44770913570000
H           -2.37861881230000       -0.21084893290000       -1.59987451200000
H           -2.66613649910000        1.18602382120000       -0.57827187360000
H           -1.76243737990000       -1.56593588920000        0.43808278510000
H           -2.06988149030000       -0.17519125140000        1.45479789030000
H            0.39870862100000       -1.90396513120000        0.04627684880000
H            2.69866602430000       -1.40263418040000       -0.32239050750000
H            1.76248475850000        1.29489151610000       -0.05968204700000
15
 energy: -22.552879914510 gnorm: 0.023813340068 xtb: 6.7.0 (08769fc)
C           -2.68053010001560        0.08580410624927       -0.60183000133732
C           -1.74834965473029       -0.50226136350893        0.44901897099276
C           -0.35220480136636        0.04125523060411        0.24940914657624
O           -0.14290016701313        1.23849235530736        0.26684152961778
N            0.63770579436770       -0.89372643437028        0.04608883371905
C            1.98255513936760       -0.58493686972861       -0.16906434089652
N            2.48311155557583        0.56473048123859       -0.20946917003433
H           -3.70484089258825       -0.24167978691869       -0.43413582446277
H           -2.37765336745944       -0.22278972584200       -1.60216286298294
H           -2.65541527774557        1.17482960256484       -0.56380004813916
H           -1.76881981154082       -1.59658200582586        0.42122795270754
H           -2.07502327495872       -0.18576050759753        1.44481345852538
H            0.37370596248418       -1.87195810224650        0.04828562457472
H            2.64630684917758       -1.42836732722868       -0.31473721573995
H            1.82953771804529        1.32430601110289       -0.06961514892048
15
 energy: -22.553979937326 gnorm: 0.008830567975 xtb: 6.7.0 (08769fc)
C           -2.68941445408414        0.07392744402963       -0.60505340609412
C           -1.74979750908810       -0.51283903489674        0.44878827207382
C           -0.35793031897206        0.06155052157462        0.25787060044337
O           -0.14739180450376        1.25734801027716        0.28103686391795
N            0.62674521922317       -0.86864838402783        0.04833013620162
C            1.97646193428180       -0.57125812322900       -0.16795746867976
N            2.53024482704475        0.55154148251698       -0.21554843437419
H           -3.70958011266232       -0.25788419158607       -0.43092895601499
H           -2.38497151546478       -0.23460850139054       -1.60330937077217
H           -2.65908305930308        1.16019129468591       -0.55711745471581
H           -1.75450664964430       -1.60308029284824        0.40341769102904
H           -2.08751199718914       -0.19967625991939        1.44037616281250
H            0.35935444673389       -1.84339311385639        0.04702233232191
H            2.59838811025263       -1.45384004503788       -0.30970907314357
H            1.89617855497547        1.34202485750779       -0.07634699080560
15
 energy: -22.554153982260 gnorm: 0.006175880699 xtb: 6.7.0 (08769fc)
C           -2.69520699171452        0.06966415947369       -0.60602112244276
C           -1.75049507037878       -0.51137210581368        0.44868819298041
C           -0.36042284473395        0.07120032155426        0.26046558137989
O           -0.14910149815253        1.26587089109231        0.29098886685881
N            0.62502663137944       -0.85762510744771        0.04784193993668
C            1.97630085563699       -0.56759588249776       -0.16682709003301
N            2.54814099918481        0.54315902703757       -0.21647784202508
H           -3.71312588716208       -0.26637105473393       -0.42808605547699
H           -2.39183258021442       -0.24178272252658       -1.60336619374637
H           -2.66809600645105        1.15550295263009       -0.56078890300236
H           -1.74265304531869       -1.60038250469686        0.39654258091936
H           -2.09524236664702       -0.20714061695119        1.44002962948275
H            0.35752734765307       -1.83184705768863        0.04301490572970
H            2.58004925974460       -1.46293076163350       -0.30789736796860
H            1.92631686877415        1.34300612600193       -0.07723621839244
15
 energy: -22.554233012386 gnorm: 0.003649967183 xtb: 6.7.0 (08769fc)
C           -2.70007521039525        0.06542780152570       -0.60698574906872
C           -1.75091795734377       -0.50741749511362        0.44826146406783
C           -0.36255114126844        0.07998812696971        0.26492885926398
O           -0.15018862350354        1.27371837198404        0.30151838548025
N            0.62401286140023       -0.84836950040703        0.04653890972036
C            1.97654797057822       -0.56681754183349       -0.16754031701708
N            2.56125051190161        0.53543934057610       -0.21543545201723
H           -3.71614506425812       -0.27464566954443       -0.42493924601244
H           -2.39854719672246       -0.24999485546161       -1.60369283856124
H           -2.67853992172261        1.15160305393807       -0.56768566925637
H           -1.73241513275712       -1.59610488544916        0.39265694187305
H           -2.10156669884749       -0.21186586370559        1.43987941482608
H            0.35631294905569       -1.82258780011836        0.03698170262350
H            2.56678598116700       -1.46950988529533       -0.30831067659074
H            1.95322234431607        1.34249246573501       -0.07530482513123
15
 energy: -22.554255469273 gnorm: 0.001586808127 xtb: 6.7.0 (08769fc)
C           -2.70220199607490        0.06229437020321       -0.60749646366231
C           -1.75099715582769       -0.50476673752353        0.44808191871951
C           -0.36416059617698        0.08489715976335        0.26603841903035
O           -0.15053248766096        1.27804539501639        0.30787947219061
N            0.62281644713952       -0.84352839749019        0.04455020033456
C            1.97655079282101       -0.56777766366818       -0.16738625605948
N            2.56714788568094        0.53131342738698       -0.21256119418373
H           -3.71732781730534       -0.27961532293361       -0.42263735156955
H           -2.40199678911523       -0.25626405338411       -1.60373078660057
H           -2.68431481698073        1.14893294867737       -0.57319025084380
H           -1.72838664419292       -1.59362608521258        0.39321317296453
H           -2.10338729197279       -0.21165090074418        1.43982772993698
H            0.35425220217886       -1.81766149492325        0.03087966187338
H            2.56118041975753       -1.47255317351269       -0.31082433059024
H            1.96854351932970        1.34331619214504       -0.07177303734024
15
 energy: -22.554265988768 gnorm: 0.001275699370 xtb: 6.7.0 (08769fc)
C           -2.70322970813938        0.05818720713480       -0.60841043497650
C           -1.75112832911477       -0.50226166348274        0.44886896074613
C           -0.36551584704674        0.08880956119395        0.26789616671174
O           -0.15076506003130        1.28141621147581        0.31382115689295
N            0.62089595745675       -0.83963734052883        0.04073977059150
C            1.97571277648075       -0.56923390479337       -0.16957489524779
N            2.57103434822095        0.52778611069500       -0.20778362345582
H           -3.71784759234419       -0.28421460554918       -0.42128002676700
H           -2.40363157655872       -0.26455196398111       -1.60358633678229
H           -2.68797131945616        1.14529360452582       -0.57996640641813
H           -1.72717053487576       -1.59150508315875        0.39858823602720
H           -2.10423401113920       -0.20643925128670        1.43973749163163
H            0.35057916041812       -1.81338266699588        0.02174351622483
H            2.55780813248413       -1.47435966571526       -0.31627603156672
H            1.98264927524555        1.34544911426647       -0.06364663941172
15
 energy: -22.554271285400 gnorm: 0.000949526458 xtb: 6.7.0 (08769fc)
C           -2.70235550283315        0.05696726034192       -0.60893473373138
C           -1.75134896980722       -0.50184095298455        0.45038867011932
C           -0.36552952282652        0.08833886432984        0.26719930855504
O           -0.15046687135919        1.28088735510560        0.31484340639458
N            0.62010151179042       -0.84014038651219        0.03840783029913
C            1.97518449783801       -0.56929645729141       -0.16986446352717
N            2.57016976769786        0.52794328996942       -0.20499676837492
H           -3.71722064879237       -0.28457354341638       -0.42197337441851
H           -2.40192046097168       -0.26764003929723       -1.60321973889827
H           -2.68636585828415        1.14405399872719       -0.58216575091847
H           -1.72896615377522       -1.59124897864246        0.40387610534551
H           -2.10405417945031       -0.20138082833657        1.44013985084688
H            0.34879176172761       -1.81352805556240        0.01721636963923
H            2.55852657337636       -1.47337257255540       -0.32056559022941
H            1.98263972726957        1.34618670992464       -0.05948021690157
15
 energy: -22.554277748365 gnorm: 0.000601867805 xtb: 6.7.0 (08769fc)
C           -2.70046564367846        0.05491606182209       -0.61014451206113
C           -1.75184754614822       -0.50077219628043        0.45369057095674
C           -0.36496231473469        0.08731647408525        0.26851006812160
O           -0.14948284206981        1.27979075785945        0.31771865544103
N            0.61868867585872       -0.84123057651032        0.03397493888776
C            1.97369709259514       -0.56874151059712       -0.17311119371511
N            2.56883568699370        0.52853042355442       -0.20160404954913
H           -3.71584776818308       -0.28547364868387       -0.42437956270990
H           -2.39769557454634       -0.27282080671685       -1.60261270151915
H           -2.68349420466605        1.14195075562260       -0.58603562702918
H           -1.73164022984515       -1.59043024581822        0.41351519809613
H           -2.10517804775750       -0.19272541492824        1.44092482688035
H            0.34590649570247       -1.81402699958933        0.00953883898157
H            2.55900260020931       -1.47170945965222       -0.32683768696347
H            1.98166929187000        1.34678204963279       -0.05227685961811
15
 energy: -22.554284318561 gnorm: 0.000873285408 xtb: 6.7.0 (08769fc)
C           -2.69859856625731        0.05234320553751       -0.61154483928346
C           -1.75235155924587       -0.49877923466634        0.45718005498102
C           -0.36479105713712        0.08777448076376        0.27046997557402
O           -0.14806510493095        1.27992895138815        0.32419353352043
N            0.61698856614322       -0.84096803688362        0.02962077388927
C            1.97228973013054       -0.56821870349574       -0.17523148219070
N            2.56891885598689        0.52821904528086       -0.19873406193535
H           -3.71421640031704       -0.28793243808579       -0.42686543539129
H           -2.39320294319054       -0.27902756028843       -1.60197772212351
H           -2.68215370234740        1.13945952255593       -0.59125665433677
H           -1.73265050674854       -1.58865588452329        0.42262320205011
H           -2.10746542332936       -0.18515031170140        1.44187764289821
H            0.34278679885663       -1.81323947465963        0.00096300211957
H            2.55687134906411       -1.47108300445171       -0.33396289381214
H            1.98282563492275        1.34668510702975       -0.04648419175941
15
 energy: -22.554295415087 gnorm: 0.001243841112 xtb: 6.7.0 (08769fc)
C           -2.69536752179826        0.04853423289379       -0.61371980216605
C           -1.75301113076139       -0.49558199695433        0.46225676269135
C           -0.36467934153832        0.08918085727300        0.27507254382546
O           -0.14563201655908        1.28063011230576        0.33632058467976
N            0.61435226104833       -0.83979019841883        0.02399837864567
C            1.96998208704728       -0.56765268445217       -0.17929010876549
N            2.56892436276170        0.52748818715466       -0.19663472590131
H           -3.71127840032786       -0.29219494021147       -0.43135100008328
H           -2.38547142588726       -0.28771291966233       -1.60110925298554
H           -2.68068015202782        1.13579789116208       -0.59909198901265
H           -1.73328723845614       -1.58572660339856        0.43500680636767
H           -2.11161654466824       -0.17524735295224        1.44329623250992
H            0.33834617477558       -1.81135056954836       -0.01059524920322
H            2.55253859797807       -1.47082155273566       -0.34388813482885
H            1.98406596001343        1.34580320134467       -0.03940014157342
15
 energy: -22.552907348673 gnorm: 0.037818476877 xtb: 6.7.0 (08769fc)
C           -2.62517161846216       -0.03426954901092       -0.66129515746924
C           -1.76712824448756       -0.42704049152393        0.57108283606659
C           -0.36270281517660        0.12042319643164        0.37735591502320
O           -0.09334106235165        1.29624694412660        0.60000200613914
N            0.55720716818464       -0.81292324123012       -0.09380226596292
C            1.91973464682250       -0.55672852259991       -0.26900133776384
N            2.56835186158298        0.51136824032785       -0.15288393284384
H           -3.64752870992059       -0.38466143966233       -0.52940475465908
H           -2.21778959470208       -0.47571520851405       -1.58284738417798
H           -2.64818120829794        1.05607959285018       -0.76898360172725
H           -1.74717371644737       -1.52277129310543        0.70163642779424
H           -2.20133174099202        0.03867557188955        1.47343787099471
H            0.24159543286350       -1.76892889388885       -0.25682556380430
H            2.45866482858828       -1.46610989062152       -0.56272875307413
H            2.01198044439614        1.32771064833123        0.11512859966474
15
 energy: -22.554382026495 gnorm: 0.011407299896 xtb: 6.7.0 (08769fc)
C           -2.64371162152123       -0.00878882056711       -0.64474920556981
C           -1.76244632503428       -0.44828788721245        0.53567707671936
C           -0.36343726545343        0.10983571944031        0.34565317819593
O           -0.10962704477308        1.28714366914079        0.50862488103720
N            0.57385151129076       -0.81905036442216       -0.05083219523700
C            1.93319273521928       -0.55876255447797       -0.24030473778565
N            2.56498394496406        0.51520508256984       -0.16942631062280
H           -3.66331107051763       -0.35776350650926       -0.49928452477388
H           -2.26528442111342       -0.41315117075917       -1.58461652866189
H           -2.65232964293996        1.07846520787171       -0.71219789564195
H           -1.74522530115549       -1.53914394291257        0.61500514639005
H           -2.17275873861673       -0.03204091554265        1.45991323508493
H            0.26979404936338       -1.77735421644930       -0.17244734967222
H            2.48385881250463       -1.46367649266384       -0.50034995965147
H            1.99963604938320        1.32872585629382        0.07020609438924
15
 energy: -22.554483809787 gnorm: 0.007644541976 xtb: 6.7.0 (08769fc)
C           -2.64502265359868       -0.00940111348601       -0.64280565622172
C           -1.76186107957666       -0.44884680500556        0.53135029098132
C           -0.36398857761587        0.11124024764550        0.34127462421595
O           -0.10817455679687        1.28689260705872        0.50575058782167
N            0.57282107162087       -0.81579443511237       -0.04794064425961
C            1.93227065597140       -0.55867651505170       -0.24138776160780
N            2.56732583618521        0.51293495678003       -0.16811468951268
H           -3.66347998017799       -0.35963584629983       -0.49487036945780
H           -2.26932330853040       -0.41176897224216       -1.58193921605155
H           -2.65334412781254        1.07662886253708       -0.70979487409225
H           -1.74408816560471       -1.53768901220891        0.60745974486402
H           -2.16988269660422       -0.03651731076869        1.45500436355747
H            0.26768247955334       -1.77220093334645       -0.16638390956680
H            2.48148021058757       -1.46278140994324       -0.49687083087481
H            2.00477056399960        1.32697134324359        0.07013924440465
15
 energy: -22.554533658941 gnorm: 0.007041147675 xtb: 6.7.0 (08769fc)
C           -2.64229057698858       -0.01337765286892       -0.64437011037873
C           -1.76221583588326       -0.44628298418259        0.53225892753005
C           -0.36369666895877        0.11387635454117        0.34747031804221
O           -0.10515894604394        1.28703948970152        0.51425029226062
N            0.57043274767903       -0.81150288043167       -0.04509704342188
C            1.92967245739027       -0.55844669079447       -0.24546593794324
N            2.56780129419383        0.50980767931454       -0.16886467874445
H           -3.66039638838221       -0.36499921333803       -0.49765752411206
H           -2.26409249445688       -0.41752116149926       -1.58041503470704
H           -2.65321542259599        1.07169597638150       -0.71540199372931
H           -1.74279938239545       -1.53381274880023        0.61179670871148
H           -2.17321576242841       -0.03150957530232        1.45201084879799
H            0.26222560481902       -1.76571542307505       -0.16669975372388
H            2.47482893413757       -1.46150488652438       -0.51145514533009
H            2.00930611151382        1.32360938067819        0.07851103094840
15
 energy: -22.554613852669 gnorm: 0.006343117100 xtb: 6.7.0 (08769fc)
C           -2.63471350456527       -0.02385750732439       -0.64913978070918
C           -1.76355338209598       -0.43871572484077        0.53878780926009
C           -0.36372158449995        0.12014674788213        0.36039204971653
O           -0.09808119839634        1.28893150984890        0.54126315815334
N            0.56374328790252       -0.80333070754929       -0.04633351523332
C            1.92273800095702       -0.55815647603134       -0.25873617028394
N            2.56877667031035        0.50415246583149       -0.16731200170768
H           -3.65247396415956       -0.37835963646830       -0.50632937716286
H           -2.24800713759074       -0.43669155076409       -1.57719155718188
H           -2.65103704402856        1.05985945410566       -0.73337554273124
H           -1.74215719060910       -1.52449046649584        0.63147023818124
H           -2.18178232500529       -0.01335358990465        1.44950210336009
H            0.24836931258257       -1.75331356253609       -0.17844088060726
H            2.46001071573748       -1.45900398604651       -0.54473720624137
H            2.01907501506091        1.31753869409310        0.10105157738748
15
 energy: -22.554863751322 gnorm: 0.007086797971 xtb: 6.7.0 (08769fc)
C           -2.60073568871432       -0.06590162446744       -0.66961165728186
C           -1.76945728106464       -0.40777470364580        0.57062853670819
C           -0.36388717334284        0.14283555614656        0.41572210600343
O           -0.07081309971042        1.29505626870990        0.65701365530761
N            0.53673917856559       -0.77461517282784       -0.05828159454628
C            1.89446173617045       -0.55624481921873       -0.31213585610969
N            2.56803490259012        0.48506362997862       -0.16018414662730
H           -3.61848151719289       -0.42943287340044       -0.54629072770363
H           -2.17507305496859       -0.51809469153988       -1.56388478438715
H           -2.63532549972728        1.01307507830453       -0.80985886522628
H           -1.74495642347031       -1.48786241782480        0.72287333890785
H           -2.21913771904575        0.06731505047705        1.44385129049520
H            0.19373827265997       -1.70889159320963       -0.23805899093998
H            2.40251061391332       -1.44742787455879       -0.68077897420902
H            2.04956842493766        1.29425585087667        0.18986757380898
15
 energy: -22.554919016540 gnorm: 0.012079063952 xtb: 6.7.0 (08769fc)
C           -2.57690200596371       -0.08862954640462       -0.68041576197341
C           -1.77307041210738       -0.39125459127765        0.59106257585641
C           -0.36458326355018        0.15163949218145        0.44793531643473
O           -0.05619371448124        1.29350983579268        0.72976515642681
N            0.52067335196460       -0.76202714793304       -0.07223631100059
C            1.87727935064613       -0.55426511267323       -0.34163180181566
N            2.55998108193737        0.47778022335719       -0.15567076227649
H           -3.59589398536950       -0.45348876200108       -0.57108984615540
H           -2.12668548420452       -0.56484223395003       -1.55348664021427
H           -2.61460329551848        0.98671900464892       -0.85357350109783
H           -1.75459452521375       -1.46770448620964        0.78118817038846
H           -2.23890880525576        0.11611420885109        1.44254836616603
H            0.16252020784992       -1.68692257144453       -0.28328407101736
H            2.37390810223650       -1.43425211362293       -0.74856821841064
H            2.05425906863013        1.27897946448542        0.22832823288928
15
 energy: -22.554993027063 gnorm: 0.008760133077 xtb: 6.7.0 (08769fc)
C           -2.57656320100651       -0.08090620031510       -0.67636237966775
C           -1.77269499065410       -0.39747378807796        0.58859190132947
C           -0.36568818465340        0.14366952408833        0.44104140767806
O           -0.06240895559875        1.28636890396492        0.71852639035694
N            0.52383244807841       -0.77001657506127       -0.07627002298825
C            1.87988889753461       -0.55306089112532       -0.33187338277321
N            2.55229891356024        0.48511176342631       -0.15950127699478
H           -3.59691314211561       -0.44039372533503       -0.56838417135546
H           -2.12951234487330       -0.55260386075987       -1.55196287115151
H           -2.60246950230708        0.99390184481845       -0.84178252308971
H           -1.76348457862990       -1.47395821156053        0.77285200735583
H           -2.23192886004319        0.10494421635021        1.44558174287702
H            0.17063688618491       -1.69627966236364       -0.28304826556992
H            2.38444743002588       -1.42939414402486       -0.71988790424931
H            2.03774485609786        1.28144646977534        0.20335025244263
15
 energy: -22.555084653779 gnorm: 0.004952569579 xtb: 6.7.0 (08769fc)
C           -2.56831771058400       -0.08715514579115       -0.67898687142765
C           -1.77434193795112       -0.39356996838065        0.59551385947375
C           -0.36678206426111        0.14449717762982        0.44962055610329
O           -0.06000989316681        1.28240917592965        0.73519645085272
N            0.51828630034255       -0.76642869448439       -0.07924465901775
C            1.87359565576285       -0.54943553570287       -0.33612089465148
N            2.55183812960920        0.48551880184652       -0.16563078463228
H           -3.58910237598294       -0.44666369934592       -0.57769748408302
H           -2.11372748712426       -0.56558071623767       -1.54665774757957
H           -2.59157735967005        0.98621918861614       -0.85288775186771
H           -1.76772426140741       -1.46792329619231        0.78836833966318
H           -2.23900350692926        0.11439906348116        1.44518304895244
H            0.16223066388843       -1.68879535620225       -0.29187417763055
H            2.36901676014703       -1.42769163744052       -0.74170832084675
H            2.04280475892697        1.28155630607442        0.21779734089146
15
 energy: -22.555170025040 gnorm: 0.007414977738 xtb: 6.7.0 (08769fc)
C           -2.55029058574344       -0.10337200578695       -0.68565587960846
C           -1.77810030486459       -0.38308023603485        0.60974302471246
C           -0.36793815808653        0.14871115884805        0.47240227173291
O           -0.04859722118111        1.27598192696009        0.79068707672909
N            0.50514384082789       -0.75619639493117       -0.08704692951836
C            1.85929785329870       -0.54343514296594       -0.35219466737235
N            2.55065193717521        0.48309552380215       -0.16931973857340
H           -3.57215035767811       -0.46224607637102       -0.59629290942746
H           -2.07998090173409       -0.59992874788135       -1.53481413649508
H           -2.57139186464920        0.96686128495598       -0.88288338173936
H           -1.77444501706523       -1.45317980951470        0.82476277581574
H           -2.25594854015988        0.14165442896190        1.44153089840439
H            0.13830302407224       -1.66968938838600       -0.32180844781755
H            2.33909629622261       -1.41990421704282       -0.78667451772847
H            2.05353567116563        1.27608335918662        0.23843546508600
15
 energy: -22.555240650910 gnorm: 0.002277686717 xtb: 6.7.0 (08769fc)
C           -2.54918263175305       -0.10541146377082       -0.68592610770482
C           -1.77915061194098       -0.38062010876868        0.60973628994142
C           -0.36594844301724        0.14715913990963        0.47565235704174
O           -0.04348410663559        1.27057093022617        0.79826546957531
N            0.50445894239125       -0.75491933149614       -0.08745281184148
C            1.85738489602376       -0.54007778006424       -0.35671105289495
N            2.55044016793824        0.48199303737413       -0.16917087956523
H           -3.57167356537925       -0.46265141520243       -0.59512570078073
H           -2.07934581278818       -0.60516617960243       -1.53156793326114
H           -2.57013702215189        0.96354509356870       -0.88643276079897
H           -1.77474921373363       -1.45019491038536        0.82598226536385
H           -2.25981606741805        0.14585892352546        1.43642794396113
H            0.13592655201089       -1.66607740226199       -0.32465667155139
H            2.33790970613643       -1.41535702266013       -0.78722804510300
H            2.05455288191739        1.27270415340811        0.23907854181834
15
 energy: -22.555266801028 gnorm: 0.001303680907 xtb: 6.7.0 (08769fc)
C           -2.54711819805958       -0.10873281501620       -0.68739942119120
C           -1.78054114287489       -0.37791164416421        0.61065480411589
C           -0.36480809652454        0.14706630793078        0.47860375960842
O           -0.03796276119156        1.26613234028262        0.81038316898222
N            0.50287839332334       -0.75375298166217       -0.08729921079097
C            1.85566633501613       -0.53829550015800       -0.35816209019007
N            2.55065087618689        0.48123578777304       -0.16859673611165
H           -3.57056333291469       -0.46350605180935       -0.59504588762321
H           -2.07830463091222       -0.61356836052844       -1.52952185822636
H           -2.56744147233011        0.95891769878946       -0.89355616090235
H           -1.77533564690129       -1.44671837256040        0.83074191703798
H           -2.26261338978719        0.15196301078557        1.43281959926467
H            0.13171352606434       -1.66206528487268       -0.32933662433123
H            2.33410155549042       -1.41011204578485       -0.79496928534489
H            2.05686365701503        1.27070357479482        0.24155492990284
15
 energy: -22.555302997907 gnorm: 0.002831950835 xtb: 6.7.0 (08769fc)
C           -2.54213872712627       -0.11646143748654       -0.69116368576677
C           -1.78304152954022       -0.37219995021648        0.61347719239640
C           -0.36244289893537        0.14672418805450        0.48886290421830
O           -0.02779003393256        1.25834380317185        0.83867503111699
N            0.49895676396032       -0.75101615432462       -0.08815721984116
C            1.85070131312184       -0.53394354336496       -0.36606030146606
N            2.55003691625437        0.48131837832774       -0.17071335668257
H           -3.56792148951203       -0.46544002388947       -0.59733463817392
H           -2.07412976563350       -0.63343505932783       -1.52563945001847
H           -2.55926532275704        0.94868034760513       -0.91070242493537
H           -1.77819925532893       -1.43895398077899        0.84438966671266
H           -2.26829445264211        0.16648783769479        1.42669399552717
H            0.12251535629444       -1.65404032945433       -0.34086875300758
H            2.32582106866600       -1.40200570660741       -0.81222721231558
H            2.06237772871116        1.26729729439663        0.25163915643605
15
 energy: -22.555331618100 gnorm: 0.002489452299 xtb: 6.7.0 (08769fc)
C           -2.53823458826522       -0.12147974522563       -0.69343089882242
C           -1.78417888414543       -0.36867165122164        0.61591884931667
C           -0.36172533672867        0.14692379249477        0.49559054642279
O           -0.02288532636610        1.25365646842230        0.85784415883806
N            0.49633387999112       -0.74899341695685       -0.08955045559046
C            1.84764197163084       -0.53215670848377       -0.37027607332472
N            2.54904717709390        0.48131669944037       -0.17159575886417
H           -3.56538913409047       -0.46673193098015       -0.59981669500293
H           -2.06947831777934       -0.64665469825207       -1.52270488536731
H           -2.55190128263209        0.94207873616108       -0.92189452735359
H           -1.78123923434258       -1.43382882973841        0.85489071919880
H           -2.27193964388879        0.17634426809695        1.42382877294971
H            0.11684903923355       -1.64881696161486       -0.34989758392447
H            2.31992155194168       -1.39787875077379       -0.82527339673210
H            2.06436379994768        1.26624839243167        0.25723813245623
15
 energy: -22.555362940238 gnorm: 0.001556828854 xtb: 6.7.0 (08769fc)
C           -2.53282725423246       -0.12705370509717       -0.69567453730907
C           -1.78505193851532       -0.36501133909323        0.61935864225722
C           -0.36149470366267        0.14704394045297        0.50383746279400
O           -0.01877174366018        1.24845519247954        0.87873922672462
N            0.49297651311676       -0.74618951705187       -0.09238145827271
C            1.84359334617185       -0.53012900230979       -0.37624666205734
N            2.54690537290516        0.48161758534657       -0.17342802088783
H           -3.56136480440822       -0.46817721127197       -0.60365193656032
H           -2.06220292334855       -0.66101444008225       -1.51887652077344
H           -2.54175642487947        0.93462743139916       -0.93378480152966
H           -1.78561387670736       -1.42813022091279        0.86779127460673
H           -2.27598083954802        0.18734958300446        1.42133884691738
H            0.11052673785720       -1.64266877358015       -0.36079330441345
H            2.31299725592761       -1.39428615666984       -0.83895312876940
H            2.06525095458376        1.26492229718634        0.26359582147336
15
 energy: -22.555396114621 gnorm: 0.001570581615 xtb: 6.7.0 (08769fc)
C           -2.52385819903473       -0.13494661808956       -0.69830015598940
C           -1.78616678273506       -0.35999782927666        0.62510936643248
C           -0.36185083496389        0.14746574430307        0.51521188134573
O           -0.01349336033542        1.24115749508209        0.90687797876529
N            0.48744839893774       -0.74132314661663       -0.09756595404064
C            1.83735326217079       -0.52752702683660       -0.38419210938917
N            2.54336285445354        0.48142951036743       -0.17519060681263
H           -3.55413157462566       -0.47083341616182       -0.61008300111199
H           -2.04904864853370       -0.68064655337539       -1.51204741012124
H           -2.52587730949640        0.92388495017989       -0.94942249391826
H           -1.79220048072727       -1.42011909665771        0.88631070041808
H           -2.28205067727530        0.20235712877844        1.41826828260822
H            0.10071857977604       -1.63294322568342       -0.37668353535993
H            2.30195504463414       -1.38896954488569       -0.85843116998499
H            2.06502539935528        1.26236729267256        0.27100913135855
15
 energy: -22.555415477972 gnorm: 0.001526262809 xtb: 6.7.0 (08769fc)
C           -2.51769842439002       -0.14033203011998       -0.69966349164229
C           -1.78710553844328       -0.35656414701250        0.62917662304813
C           -0.36218537919335        0.14806068443733        0.52189642176685
O           -0.00964927043973        1.23674060461498        0.92285872625415
N            0.48323100974114       -0.73732738088082       -0.10161698742040
C            1.83281963227022       -0.52540590598105       -0.38990858626516
N            2.54145613015053        0.48072189281108       -0.17597925434737
H           -3.54890436156581       -0.47369370068543       -0.61458248788415
H           -2.03961177014566       -0.69286090128640       -1.50677333798767
H           -2.51614984611337        0.91644684824448       -0.95878769508488
H           -1.79583508081984       -1.41469054699790        0.89801366581432
H           -2.28611584817502        0.21165928706403        1.41617273785038
H            0.09335238362714       -1.62566327893591       -0.38646381446908
H            2.29391979797171       -1.38489081617087       -0.87076936056544
H            2.06566223712544        1.25915505469894        0.27729774513272
15
 energy: -22.555432764787 gnorm: 0.001006617159 xtb: 6.7.0 (08769fc)
C           -2.51275475835964       -0.14569713333720       -0.70083687632539
C           -1.78808509949872       -0.35293968554546        0.63246979740580
C           -0.36213573936640        0.14909676977649        0.52734417237161
O           -0.00526988936450        1.23309966135718        0.93663277945440
N            0.47930731190558       -0.73308086573071       -0.10546690164563
C            1.82891328082744       -0.52330790227618       -0.39464394881749
N            2.54099294805762        0.47899040137703       -0.17483858334036
H           -3.54457945606385       -0.47766190477516       -0.61803858695281
H           -2.03181462163287       -0.70426615795576       -1.50170755556689
H           -2.50928440763442        0.90905951501044       -0.96746377040102
H           -1.79823081233702       -1.40921727819562        0.90829122539383
H           -2.28969980011748        0.22059423117515        1.41342889842037
H            0.08605336532086       -1.61816988177063       -0.39530959105434
H            2.28603554845856       -1.38015638493835       -0.88319260553644
H            2.06773780140492        1.25501227962875        0.28420245079445
15
 energy: -22.555447895975 gnorm: 0.000581116209 xtb: 6.7.0 (08769fc)
C           -2.50913895577749       -0.15154485554954       -0.70201565174682
C           -1.78898432225125       -0.34871206540352        0.63508650587115
C           -0.36179679573229        0.15084050958476        0.53125791290778
O           -0.00081925412469        1.23036531504245        0.94836481903949
N            0.47573066436481       -0.72856894560327       -0.10963018996004
C            1.82540540878103       -0.52089654576085       -0.39999228933534
N            2.54171974058361        0.47666870848007       -0.17283125682717
H           -3.54126996402019       -0.48286828703609       -0.61980600130369
H           -2.02629719763103       -0.71604904708476       -1.49724802178394
H           -2.50516821756119        0.90111138970014       -0.97657330262055
H           -1.79955674237974       -1.40307972408004        0.91828202869818
H           -2.29255709875150        0.23032680008340        1.41022056716677
H            0.07904456720335       -1.61045913639435       -0.40407197956400
H            2.27850033314563       -1.37507038005089       -0.89605360073833
H            2.07237350575102        1.24929192787244        0.29588136439662
15
 energy: -22.555460334268 gnorm: 0.000485798164 xtb: 6.7.0 (08769fc)
C           -2.50727107839635       -0.15731262329198       -0.70310269317179
C           -1.78954696444579       -0.34430582463908        0.63659479998824
C           -0.36098221900540        0.15280643913795        0.53443034181771
O            0.00348508895788        1.22845315297180        0.95846618917237
N            0.47309620354796       -0.72449338015034       -0.11316166550112
C            1.82307339223854       -0.51893352917068       -0.40371472981429
N            2.54380663708257        0.47342931658848       -0.16790853821682
H           -3.53952392758137       -0.48838300313236       -0.62011623426342
H           -2.02333217971161       -0.72751780514203       -1.49342736191108
H           -2.50351745027374        0.89325831772858       -0.98555684846169
H           -1.80043857309194       -1.39669691948766        0.92734293869910
H           -2.29450080524177        0.24011270405691        1.40646942495897
H            0.07312595778085       -1.60316221463973       -0.41286374638495
H            2.27179472090801       -1.36946736790298       -0.90999848886351
H            2.07791686883224        1.24356840087312        0.30741751615240
15
 energy: -22.555470275272 gnorm: 0.000405203021 xtb: 6.7.0 (08769fc)
C           -2.50666866543249       -0.16266251881453       -0.70383007162856
C           -1.78980638154564       -0.34016938529844        0.63747244767332
C           -0.36044784348628        0.15525634970607        0.53505601680329
O            0.00673713396815        1.22768900744134        0.96500467220714
N            0.47120262210339       -0.72085662353962       -0.11696325566169
C            1.82147264971981       -0.51707343709574       -0.40739882102796
N            2.54621870312479        0.47011227506716       -0.16262837120699
H           -3.53880221346973       -0.49367250581604       -0.61866825644021
H           -2.02264687484103       -0.73817002435502       -1.49026528833763
H           -2.50352532789950        0.88590361019396       -0.99373765856365
H           -1.80084890313988       -1.39059566026334        0.93555094090422
H           -2.29526634152002        0.24937107167033        1.40311206543183
H            0.06866686816215       -1.59665617104441       -0.42150575533016
H            2.26661689209987       -1.36425437515837       -0.92222091559100
H            2.08428335375650        1.23713405110665        0.32189315496817
15
 energy: -22.555477277880 gnorm: 0.000466763168 xtb: 6.7.0 (08769fc)
C           -2.50679129114444       -0.16746797944273       -0.70439047809431
C           -1.78985145784052       -0.33643723251764        0.63799885673855
C           -0.35980854551092        0.15729574161424        0.53583023542035
O            0.00911083037933        1.22767508546331        0.96890343110320
N            0.46992497008253       -0.71785592832154       -0.12019102280814
C            1.82049762357951       -0.51549259793157       -0.41038472135907
N            2.54885923492169        0.46678507333369       -0.15655410516712
H           -3.53887357185496       -0.49811161202000       -0.61686261109410
H           -2.02321281285258       -0.74770673340015       -1.48769455608609
H           -2.50407286565898        0.87924676440348       -1.00088097376973
H           -1.80104495560939       -1.38497388603038        0.94271197635434
H           -2.29556752255030        0.25764897610603        1.40013869263078
H            0.06534857204353       -1.59105340649556       -0.42950468693441
H            2.26246705444712       -1.35924305297807       -0.93370501856199
H            2.09020040916849        1.23104645201687        0.33545588582785
15
 energy: -22.555482149368 gnorm: 0.000448865686 xtb: 6.7.0 (08769fc)
C           -2.50699920685064       -0.17230901416607       -0.70464868399346
C           -1.78977296098624       -0.33285062430017        0.63851474894631
C           -0.35956988745548        0.15995120014316        0.53503916057062
O            0.01163067191847        1.22799137708127        0.97285520733059
N            0.46849969665057       -0.71452854789786       -0.12419966846158
C            1.81961636593865       -0.51397327694480       -0.41288492606548
N            2.55152568609063        0.46314444626641       -0.14971094499540
H           -3.53907165874331       -0.50220131989786       -0.61435859977008
H           -2.02404711836527       -0.75797185580843       -1.48444833675831
H           -2.50413781420519        0.87242969337543       -1.00820986254742
H           -1.80111024152223       -1.37949888622556        0.94976192017563
H           -2.29557729190540        0.26570515534970        1.39723595533519
H            0.06188986860098       -1.58496892168249       -0.43864425325321
H            2.25849728906786       -1.35415681099660       -0.94453083708941
H            2.09581227336671        1.22459304950384        0.34910002477613
15
 energy: -22.555484562311 gnorm: 0.000298235845 xtb: 6.7.0 (08769fc)
C           -2.50709182065890       -0.17600855842137       -0.70486261224835
C           -1.78971445952700       -0.33019809854896        0.63898229988795
C           -0.35923764673138        0.16165573736118        0.53515104579384
O            0.01311871003661        1.22843370894788        0.97444359431444
N            0.46747230654455       -0.71193549383846       -0.12702184408051
C            1.81896588722862       -0.51274123655745       -0.41489999469535
N            2.55355022535417        0.46039901398457       -0.14475077574722
H           -3.53933218294252       -0.50480754937038       -0.61258067748471
H           -2.02499184847630       -0.76581635450215       -1.48202692673459
H           -2.50380790935208        0.86714449053622       -1.01372066987307
H           -1.80087805870728       -1.37539974807989        0.95517131001622
H           -2.29577110719982        0.27161118071079        1.39504263872881
H            0.05936189742010       -1.58030442198649       -0.44510853709958
H            2.25540193418860       -1.35003398056821       -0.95327593771095
H            2.10013974442275        1.21935697413269        0.36032799113319
15
 energy: -22.555485753037 gnorm: 0.000431601897 xtb: 6.7.0 (08769fc)
C           -2.50685655309293       -0.18019812088482       -0.70508992971889
C           -1.78973858569657       -0.32732254716038        0.63969941689112
C           -0.35899405355544        0.16365808067214        0.53535296121298
O            0.01513495660374        1.22854824093131        0.97809824705762
N            0.46596328607122       -0.70865044526151       -0.13088968429710
C            1.81796227226575       -0.51116297080376       -0.41755494887420
N            2.55575990361734        0.45736212056450       -0.13915435882906
H           -3.53947811949998       -0.50721094342638       -0.61073238352997
H           -2.02579094108205       -0.77517917443509       -1.47899112420643
H           -2.50242280296523        0.86111459798456       -1.02010090802004
H           -1.80074211670929       -1.37098046232401        0.96099885683389
H           -2.29615596862864        0.27787867600681        1.39284360701990
H            0.05606112139059       -1.57466694865000       -0.45309437770390
H            2.25199679882270       -1.34579373875848       -0.96157585984692
H            2.10448647405891        1.21395929934510        0.37106139021113
15
 energy: -22.555486080653 gnorm: 0.000283483951 xtb: 6.7.0 (08769fc)
C           -2.50652354123436       -0.18173322250016       -0.70518642620927
C           -1.78979061783948       -0.32639034535890        0.63997595449262
C           -0.35891012407834        0.16429185660753        0.53559718921351
O            0.01595382466771        1.22822616863402        0.97996484156305
N            0.46537837336311       -0.70730522345888       -0.13214059114406
C            1.81760641969660       -0.51058840358183       -0.41810702258660
N            2.55622149762920        0.45644037361922       -0.13775378088522
H           -3.53949140640699       -0.50746832388635       -0.61018134878057
H           -2.02604029537666       -0.77908054638375       -1.47754694075756
H           -2.50102010428721        0.85877101888922       -1.02276263954659
H           -1.80081184592351       -1.36946366480278        0.96321074969745
H           -2.29650280725221        0.28011048709292        1.39181396281449
H            0.05477830333439       -1.57240922745249       -0.45576448223373
H            2.25060523367651       -1.34395936567026       -0.96511307299914
H            2.10573276163136        1.21191408205250        0.37486451156177
15
 energy: -22.555486279531 gnorm: 0.000124943017 xtb: 6.7.0 (08769fc)
C           -2.50616526388892       -0.18210736795507       -0.70523940241283
C           -1.78988689289556       -0.32627908373431        0.64017166176104
C           -0.35891265019188        0.16425024211004        0.53598064250699
O            0.01624433803107        1.22766556296080        0.98125707470236
N            0.46506123774357       -0.70682451583138       -0.13268494537435
C            1.81735196659355       -0.51029149160829       -0.41849890571122
N            2.55621969256331        0.45645283807763       -0.13763987537159
H           -3.53942452008529       -0.50688943393821       -0.61019841733818
H           -2.02608250320165       -0.78049658632806       -1.47696874450684
H           -2.49974566795073        0.85810187513814       -1.02368116900697
H           -1.80099421591069       -1.36922941450193        0.96379640165885
H           -2.29675527097245        0.28050466929370        1.39160321679188
H            0.05426763030912       -1.57171023325543       -0.45657918929697
H            2.25023283097405       -1.34360300718558       -0.96550218286895
H            2.10577496048261        1.21181161055792        0.37505473866693
15
 energy: -22.555486463850 gnorm: 0.000125064588 xtb: 6.7.0 (08769fc)
C           -2.50550078645751       -0.18255119007571       -0.70543410983810
C           -1.79007369318362       -0.32620177088798        0.64048737828324
C           -0.35884221705185        0.16391640815465        0.53700238631509
O            0.01686310931458        1.22641457600950        0.98399183028563
N            0.46463324420405       -0.70626301153651       -0.13330219023554
C            1.81695656118163       -0.50984671943740       -0.41900905510898
N            2.55585928857054        0.45688954416890       -0.13814877492732
H           -3.53938659868557       -0.50538620181490       -0.61044179504347
H           -2.02623893900950       -0.78275054015272       -1.47619264539168
H           -2.49718959592495        0.85723572709313       -1.02512914206586
H           -1.80148671218375       -1.36904297680813        0.96443479491002
H           -2.29720351806671        0.28090641456888        1.39137401849399
H            0.05361189886208       -1.57090730378825       -0.45756564743852
H            2.24985296219919       -1.34323560368240       -0.96569083709576
H            2.10533066783150        1.21217831198891        0.37449469305739
15
 energy: -22.555486510879 gnorm: 0.000094850044 xtb: 6.7.0 (08769fc)
C           -2.50525826187615       -0.18251611103230       -0.70550486168451
C           -1.79014630163722       -0.32632401319698        0.64056592806804
C           -0.35884984469800        0.16362852325272        0.53737439821317
O            0.01694999677179        1.22583131487207        0.98491090855910
N            0.46456942680624       -0.70629582419145       -0.13329838954634
C            1.81686697376626       -0.50973955886168       -0.41906814388350
N            2.55560311608899        0.45727245893482       -0.13855325150321
H           -3.53938333495049       -0.50457222115253       -0.61054388324112
H           -2.02633921520920       -0.78332491627932       -1.47599472836661
H           -2.49615272481291        0.85716462171107       -1.02556211187917
H           -1.80176383801173       -1.36916897049540        0.96456839295601
H           -2.29734484145782        0.28090317272789        1.39133406358723
H            0.05358125723380       -1.57091768991817       -0.45767206304274
H            2.24987749570318       -1.34322679238872       -0.96560153429574
H            2.10497576788336        1.21264166981797        0.37391618025953
