18
 energy: -24.435764479545 gnorm: 0.104598297663 xtb: 6.7.1 (edcfbbe)
C            5.35667000000000        2.06224000000000       -1.80670000000000
C            4.37701000000000        1.04071000000000       -2.18643000000000
C            4.29756000000000        0.29370000000000       -3.50313000000000
C            3.77590000000000       -1.15216000000000       -3.14856000000000
C            2.24594000000000       -0.88052000000000       -3.14087000000000
C            2.33735000000000        0.40577000000000       -2.27357000000000
N            3.25936000000000        1.29092000000000       -3.03225000000000
C            3.60052000000000        0.05623000000000       -1.26240000000000
C            4.02666000000000       -1.20737000000000       -1.61295000000000
H            5.72601000000000        2.61238000000000       -2.67866000000000
H            6.21848000000000        1.60168000000000       -1.31339000000000
H            4.91807000000000        2.78600000000000       -1.11199000000000
H            4.87207000000000        0.50830000000000       -4.38113000000000
H            4.15947000000000       -1.97663000000000       -3.74666000000000
H            1.66799000000000       -1.67206000000000       -2.65184000000000
H            1.83864000000000       -0.67522000000000       -4.13680000000000
H            1.43804000000000        0.86324000000000       -1.86022000000000
H            3.90383000000000       -2.07897000000000       -0.98628000000000
18
 energy: -24.452584967032 gnorm: 0.047492973121 xtb: 6.7.1 (edcfbbe)
C            5.36788530227534        2.08155906610274       -1.78509252988008
C            4.36076560032501        1.06698486931969       -2.16721853531198
C            4.29175895652436        0.26619119183374       -3.44773115978150
C            3.71710691306235       -1.15649855954296       -3.14196929791539
C            2.20874508494021       -0.88546314920604       -3.14790099659118
C            2.36913808376927        0.38802348766266       -2.31200247809664
N            3.26689635944125        1.28322474908517       -3.07803549314239
C            3.57615787416483        0.08534765352262       -1.25852862269553
C            4.01788673543978       -1.20545310451026       -1.63785952565865
H            5.72591323178213        2.60603465847794       -2.67285644807714
H            6.22007970321104        1.61093353382205       -1.29084253092494
H            4.92723939568948        2.81153342677216       -1.10542186381707
H            4.87427406428919        0.47256480971762       -4.32684176061920
H            4.11107292010140       -1.96684629159912       -3.74713787761269
H            1.63413154680608       -1.67009069396998       -2.65533333558852
H            1.81670990967828       -0.67601209041950       -4.14202213652558
H            1.48489944381339        0.86146106839065       -1.90295497837196
H            4.04890887468661       -2.09525462545918       -1.01408042938954
18
 energy: -24.459009158685 gnorm: 0.047747391117 xtb: 6.7.1 (edcfbbe)
C            5.36729633234656        2.07287645395481       -1.76635574372457
C            4.33361329041247        1.06950728962006       -2.15747625730158
C            4.26950462973031        0.24870005459530       -3.42646605033024
C            3.68793423125075       -1.16856085119535       -3.12732192902764
C            2.19579807421496       -0.87077362013059       -3.15062273369771
C            2.37204645900374        0.39241211973926       -2.33669212820594
N            3.26596375595571        1.27225436475708       -3.12229683071093
C            3.51195139538083        0.09586563967646       -1.27517674755315
C            4.00077793243242       -1.20059422387508       -1.65300926669120
H            5.71810669103395        2.58143073631201       -2.66300818956172
H            6.20883461454421        1.58992054455588       -1.27354093389046
H            4.93151506455349        2.80906189568555       -1.09504704831692
H            4.87646311438488        0.45538634481572       -4.29684373712674
H            4.09328809045910       -1.97303342001752       -3.73371153509743
H            1.60718405467999       -1.63913315080957       -2.65656882763358
H            1.81708508229756       -0.66542329548837       -4.14670863047108
H            1.50262681534460        0.90015765423470       -1.93374219745642
H            4.25958037197446       -2.09181453643035       -1.01924121320267
18
 energy: -24.462758873708 gnorm: 0.042489992677 xtb: 6.7.1 (edcfbbe)
C            5.36861629148576        2.06815996719927       -1.75579475565624
C            4.33660838745245        1.06044875210542       -2.15060912331200
C            4.27373421649423        0.24172565580830       -3.42346795033643
C            3.67946370744129       -1.17594834820328       -3.12244407400991
C            2.18614273186397       -0.87107349854536       -3.14643698090398
C            2.36349680057036        0.38961765117483       -2.33768529898942
N            3.27548015928342        1.25217980553547       -3.12675374969428
C            3.47679212338258        0.10043899179812       -1.28812395849412
C            4.00238026146621       -1.18700887803796       -1.66136138807376
H            5.70992244259626        2.57776010698276       -2.65451211622815
H            6.20989567984312        1.58567505958836       -1.26658533022436
H            4.93187527138305        2.80157095215157       -1.08233739917185
H            4.89597375507367        0.44949323342539       -4.28575193699798
H            4.07014037100060       -1.98313373931158       -3.73554526949202
H            1.58613686205252       -1.63032575130120       -2.64932941357908
H            1.80812381130703       -0.67290067781566       -4.14467661699166
H            1.49583737376251        0.92101474566303       -1.95510315846681
H            4.34894975354097       -2.04945402821750       -1.04731147937792
18
 energy: -24.469828348895 gnorm: 0.039310116432 xtb: 6.7.1 (edcfbbe)
C            5.37321508084281        2.04784105807520       -1.73940308180742
C            4.35532536579806        1.02709232600853       -2.13159208175342
C            4.27937685412910        0.23246407374525       -3.42857408545860
C            3.67003196394567       -1.19138416944941       -3.11443318084059
C            2.17011007831480       -0.86986565387636       -3.14486585091675
C            2.33155032368322        0.39084726368474       -2.33139565781246
N            3.29977192302939        1.22115972335614       -3.10122180521462
C            3.40755232030333        0.10784180210500       -1.29386812268025
C            3.99721768700003       -1.15183333236460       -1.66628429841493
H            5.69815703953343        2.56803162253390       -2.63841535789295
H            6.22236878995347        1.57305757582924       -1.26066545191315
H            4.93415117777251        2.77290179132086       -1.05585183962491
H            4.91147326994478        0.43779083963804       -4.28327167376976
H            4.03036728841385       -2.00543068997281       -3.73969515487027
H            1.56317109858226       -1.62818206965715       -2.64977440036181
H            1.79502098528641       -0.68555297216684       -4.14998834914501
H            1.45678487723207        0.95723963410477       -2.00868467626745
H            4.52392387623484       -1.92577882291453       -1.09584493125561
18
 energy: -24.475777409826 gnorm: 0.047282678511 xtb: 6.7.1 (edcfbbe)
C            5.37265721307358        2.01809230416853       -1.72243691612321
C            4.36887380158325        0.98866528191605       -2.11024674409938
C            4.28840999157493        0.21845590644101       -3.43555131755978
C            3.65458555021173       -1.20304122363831       -3.11741050090278
C            2.15139047194198       -0.86896210270058       -3.15000603301997
C            2.30111395862091        0.39640195379326       -2.33160689512173
N            3.32226801861499        1.19560620086119       -3.07376295595975
C            3.35489206402897        0.11595481097704       -1.27521944625772
C            3.98618790425611       -1.10519753114753       -1.67662373804707
H            5.68638681444729        2.55003776610270       -2.61998281121273
H            6.23493183990021        1.55582131591414       -1.25328231967851
H            4.93083369624429        2.73426550691636       -1.02896907439302
H            4.92394215421595        0.41688839545265       -4.28540729925601
H            3.99966684391373       -2.02527522748711       -3.73991416258259
H            1.54326894935905       -1.62646865604274       -2.65100464686964
H            1.77508059454534       -0.69281200176638       -4.15766351598468
H            1.41957201573905        0.97948979082143       -2.06107360667745
H            4.70550811772868       -1.76968249058176       -1.14366801625394
18
 energy: -24.479261514446 gnorm: 0.068789754615 xtb: 6.7.1 (edcfbbe)
C            5.36656865248098        1.97859179495278       -1.71095029658739
C            4.38774704231949        0.93112720122500       -2.08108472683711
C            4.29798755589061        0.20251756944055       -3.45263314600968
C            3.65441506027995       -1.21215523481236       -3.12657192919206
C            2.14817132099809       -0.87312380514282       -3.15425078572338
C            2.27864624509953        0.40004593902531       -2.32260624156398
N            3.34759421172059        1.17094996859572       -3.02221135802369
C            3.32834901728719        0.11266484028456       -1.22200534643558
C            3.98250799145319       -1.05125343066742       -1.68507761092808
H            5.66339150335761        2.52757902084608       -2.60853889127116
H            6.25702281917566        1.54850525333893       -1.25389831328305
H            4.91960273739554        2.68620325201885       -1.00840386948211
H            4.92149667849407        0.39561550318431       -4.30132610649280
H            3.99215437889952       -2.04493718312562       -3.73375478296867
H            1.55160809297228       -1.63576561346339       -2.64622662216126
H            1.75913017696319       -0.69918605134864       -4.15796247660139
H            1.39331744432021        0.97750077985403       -2.09649882579901
H            4.76985907089232       -1.53663980420593       -1.24982867063952
18
 energy: -24.484731919247 gnorm: 0.060665983510 xtb: 6.7.1 (edcfbbe)
C            5.36619606286596        1.93052180576601       -1.69269755230527
C            4.36822717518739        0.90049085259373       -2.06786608469049
C            4.27290126169868        0.19113387349571       -3.46048866557899
C            3.63317395456131       -1.21017563543903       -3.12979181965140
C            2.13386927628001       -0.87257922852855       -3.16396104711378
C            2.25819234622216        0.40892416687531       -2.34281413803423
N            3.34265670410093        1.16978574578756       -3.01763129873167
C            3.27691739550326        0.12655553319981       -1.19427137454449
C            3.98705737905686       -0.99524891980739       -1.69605658561963
H            5.66522342724828        2.48189951844998       -2.58770627543892
H            6.25939361231284        1.50045883589394       -1.23936407619665
H            4.92464587263483        2.63677154678762       -0.98708791497694
H            4.91302631108593        0.38005459542620       -4.29785915676990
H            3.99007382562321       -2.05030612384459       -3.71144225757009
H            1.54150859077415       -1.63311894853139       -2.65099064766946
H            1.74819948076371       -0.70204396027155       -4.16859596774828
H            1.37204338359166        0.99042865782216       -2.14451303829969
H            4.96626394048891       -1.37531231567562       -1.28069209906003
18
 energy: -24.488826043575 gnorm: 0.027516437423 xtb: 6.7.1 (edcfbbe)
C            5.36936492862017        1.90592987734754       -1.68824207552833
C            4.32687319343903        0.91994442660471       -2.08966752134479
C            4.23655467652121        0.20542800250321       -3.46934523166965
C            3.63565472362149       -1.18340893920368       -3.12911339724547
C            2.13852599118339       -0.88154154912504       -3.15374185142811
C            2.25986539624343        0.41265590974417       -2.36487555326490
N            3.30154503816826        1.19773570205621       -3.05712973143105
C            3.27244302900878        0.14621853632159       -1.20286359989780
C            4.04752667431829       -0.96321336796446       -1.69761471023022
H            5.68944649830249        2.44985031122164       -2.57606239409850
H            6.23957090797243        1.43833566578201       -1.23183602894881
H            4.94187343377455        2.61306805770176       -0.97867213830798
H            4.90243472270396        0.39813542108721       -4.29358239774996
H            4.01734157983158       -2.02977058212466       -3.68748254655391
H            1.55037509191923       -1.63738700776671       -2.63357662364695
H            1.75339084488334       -0.71988658923314       -4.15928061049510
H            1.36777447737722        0.98845122318589       -2.15700133303334
H            4.96900879211124       -1.38230509813835       -1.26374225512503
18
 energy: -24.494094912204 gnorm: 0.034613937854 xtb: 6.7.1 (edcfbbe)
C            5.37966168382520        1.84925620062777       -1.67632443957176
C            4.30574392001062        0.89627879181052       -2.08980572269405
C            4.20887602113500        0.21213609292122       -3.49263697867244
C            3.64268480417825       -1.15621639493080       -3.14134457469746
C            2.14147237927718       -0.90026120262123       -3.14209986695778
C            2.23704051350638        0.40403908287093       -2.36996851988610
N            3.27701861556024        1.19130810644476       -3.05803014515328
C            3.22560919813760        0.19049539344288       -1.17626329612253
C            4.08113444559410       -0.86153090898154       -1.71464566966223
H            5.70583121906977        2.39862887397983       -2.55792657448220
H            6.23790699435504        1.35269725211522       -1.22757541543107
H            4.96491163074744        2.55040567898971       -0.95363836643338
H            4.90032026490674        0.41904025003250       -4.29351448597127
H            4.04252986568450       -2.01917666300776       -3.66555224106327
H            1.56893778891983       -1.65799024440386       -2.60968741207666
H            1.74707889205888       -0.75951805669872       -4.14863173559362
H            1.33106445260656        0.97410050554212       -2.18891631121368
H            5.02174731042682       -1.20545275813367       -1.32726824431710
18
 energy: -24.496309279401 gnorm: 0.033979561230 xtb: 6.7.1 (edcfbbe)
C            5.39096490560309        1.80094037329928       -1.67297648262470
C            4.29374214671675        0.87407009110427       -2.10207446595483
C            4.17341780400674        0.23096139848752       -3.53378332595185
C            3.66045767375239       -1.12838509423169       -3.15330919200128
C            2.15247516094980       -0.91990323317305       -3.13018370430959
C            2.22230852214147        0.39536187604982       -2.37417696993263
N            3.25129733911499        1.19753855638863       -3.06677922466675
C            3.19414456080392        0.23383918820484       -1.16154624916178
C            4.07857038869099       -0.77348938179871       -1.72536016431830
H            5.73219850758687        2.36797584599829       -2.53754010974024
H            6.22926073855765        1.26407156668661       -1.23207411294373
H            4.99413063088264        2.49510961942604       -0.93238614847643
H            4.89281380081215        0.46972410215325       -4.30230768208563
H            4.07815548653714       -2.00719093805474       -3.63931361620675
H            1.60730935351425       -1.68949723091666       -2.58736239731002
H            1.74125580934026       -0.79969859417562       -4.13469440394457
H            1.30542779956840        0.94814740848011       -2.20199265736245
H            5.02163937142069       -1.08133555392835       -1.34596909300833
18
 energy: -24.497542115717 gnorm: 0.023193104495 xtb: 6.7.1 (edcfbbe)
C            5.39484672831018        1.79805813393370       -1.67440778539772
C            4.29507680085093        0.87992209980070       -2.11135981430924
C            4.16786899211026        0.24520257328044       -3.54919854436884
C            3.66718157875931       -1.12468358434323       -3.15382862134286
C            2.15566850039200       -0.92492555065551       -3.12551332852722
C            2.21134627833389        0.39697233274418       -2.37609518375345
N            3.24204236638171        1.20299700423069       -3.07316337631096
C            3.19246781841689        0.23719656867248       -1.17592447121684
C            4.07986094203857       -0.76368317439157       -1.72511166460287
H            5.75506463679529        2.37051514544942       -2.52765827417012
H            6.22013725027486        1.23557431224753       -1.23723644330111
H            5.01111363741385        2.48957144843656       -0.92355910456825
H            4.88821880456785        0.49807695260953       -4.30828328550279
H            4.08601685103280       -2.00212688639268       -3.63460519370313
H            1.62463431934023       -1.69949671653774       -2.57432423473760
H            1.73341945298796       -0.81587682161280       -4.12768036479811
H            1.28453195759994        0.94299499943181       -2.21492211034323
H            5.01007308439368       -1.08804883690372       -1.32095819904550
18
 energy: -24.498606942763 gnorm: 0.012690117000 xtb: 6.7.1 (edcfbbe)
C            5.40194305386507        1.78416257546947       -1.67606183385054
C            4.29521374052036        0.88203644758952       -2.11936068709437
C            4.15297063414652        0.26697471092578       -3.57039102624017
C            3.67563623202424       -1.11390139430947       -3.15463366170592
C            2.16095414952028       -0.93023305102782       -3.12599834219069
C            2.19454376588994        0.39584943521382       -2.38143402649655
N            3.22496015851257        1.21181359457695       -3.07882766950992
C            3.17317683477832        0.24336651172942       -1.18909977518311
C            4.09033680061570       -0.73224953871341       -1.72719032593536
H            5.78658748745857        2.35755324410791       -2.51791052964713
H            6.21076107450697        1.19421613997502       -1.24589485644098
H            5.03707036409630        2.47561399597807       -0.91794713661320
H            4.87740302323640        0.54233575611958       -4.31266390247854
H            4.10245773553465       -1.98865616597180       -3.62451958672779
H            1.65067334019581       -1.70870540641890       -2.56011984053675
H            1.72503605497138       -0.83821377098180       -4.12374739097706
H            1.25900102057351        0.92652706263921       -2.22974226074930
H            5.00084452955363       -1.09025014690177       -1.27828714762244
18
 energy: -24.498879972325 gnorm: 0.016487556871 xtb: 6.7.1 (edcfbbe)
C            5.40838396900934        1.78822399507654       -1.68181607846751
C            4.30414194929336        0.88503634500681       -2.11877962564240
C            4.15135408637976        0.28093066226134       -3.57405009909910
C            3.68305217748913       -1.10546915441863       -3.15839087777751
C            2.16773618798466       -0.93369480629471       -3.12559570363567
C            2.19509083644920        0.39110805721889       -2.38001799784651
N            3.22044954852025        1.21512996476207       -3.07598261252656
C            3.16720601328059        0.24006667380786       -1.19283360685509
C            4.07676489743888       -0.72861044898092       -1.73052833695958
H            5.79054630170406        2.35917549884595       -2.52585697947430
H            6.21721130731782        1.19784559217491       -1.26011095007870
H            5.05037923658182        2.48047345410023       -0.92329017470332
H            4.87172027744541        0.57045041698706       -4.31243477361858
H            4.11596613818672       -1.97524887301551       -3.62905332472992
H            1.66715998117822       -1.71367396666620       -2.55339892806581
H            1.72800126851333       -0.85022372695144       -4.12045774351621
H            1.25809239779415        0.91721544596461       -2.22839899467579
H            4.94631342543353       -1.14049512987907       -1.24283319232728
18
 energy: -24.499265691183 gnorm: 0.010461803845 xtb: 6.7.1 (edcfbbe)
C            5.41102352399167        1.77857774055766       -1.67929596682878
C            4.30814552137576        0.87460367715754       -2.11243269540809
C            4.14839779369116        0.28638041198505       -3.57690416850644
C            3.68492374410064       -1.09965795298435       -3.16065924453930
C            2.16850614955848       -0.93707033383773       -3.12497562937118
C            2.18847638850427        0.39380331372043       -2.38505182858793
N            3.22080428910633        1.21613858450474       -3.06703469203558
C            3.14928133582917        0.23734628686815       -1.18568521790278
C            4.09139105712560       -0.70872122999709       -1.73432391349512
H            5.78145011851000        2.35222662577354       -2.52707052861859
H            6.22808462675867        1.19247355170307       -1.26851331905018
H            5.05830708200353        2.46888124447472       -0.91559847235509
H            4.86612984636216        0.57927127888433       -4.31562630980539
H            4.12132168418054       -1.96927910327281       -3.63038395018057
H            1.67331692880590       -1.71640417569163       -2.54625031893103
H            1.72478823868023       -0.86140396142067       -4.11822126537305
H            1.24811165542951        0.92453358632505       -2.24971441154732
H            4.94711001598662       -1.13345954475023       -1.23608806746341
18
 energy: -24.499459598216 gnorm: 0.006974069119 xtb: 6.7.1 (edcfbbe)
C            5.41077574738230        1.78259039382601       -1.68037188873915
C            4.31290175717856        0.86891106685997       -2.10863971393670
C            4.15129708266935        0.28211217528404       -3.57010398179003
C            3.68247288015246       -1.10238229932434       -3.15756303147613
C            2.16770392926958       -0.93241271805809       -3.13328309220048
C            2.19268863591970        0.39326063301063       -2.38451998692829
N            3.22575535985850        1.21346242239204       -3.05681226401417
C            3.15008863551427        0.23130672487946       -1.17752536013837
C            4.09035111641876       -0.71601533595090       -1.72918606090097
H            5.75984474007572        2.36377942332489       -2.53322069104250
H            6.24310236795304        1.20923793165250       -1.27751596301387
H            5.05443998021850        2.46726211155610       -0.91181418531963
H            4.86198194983903        0.56584371595823       -4.32034401359259
H            4.11881701229016       -1.97194543829592       -3.63183984438574
H            1.66637450394240       -1.71077051068723       -2.56081492610010
H            1.72998365536938       -0.85135535545657       -4.12819584993828
H            1.25856558390873        0.92574456867946       -2.24469489247089
H            4.94242506203978       -1.14038950965049       -1.22738425401195
18
 energy: -24.499569620144 gnorm: 0.005404357786 xtb: 6.7.1 (edcfbbe)
C            5.41112736788148        1.78495855054269       -1.68082291619665
C            4.32064581267895        0.86028185326838       -2.10864072332016
C            4.15686663210130        0.28116842566121       -3.56730358523949
C            3.68347677260167       -1.10209685158649       -3.15832419867951
C            2.16890189339750       -0.93078299814527       -3.13344693277023
C            2.19589855657382        0.39598507653080       -2.38516218597557
N            3.23186455974148        1.21096475417287       -3.05078348783779
C            3.14711081015428        0.22534007470205       -1.17356768683813
C            4.08568694588188       -0.72054951633957       -1.72784845970425
H            5.73698018172476        2.38051325599296       -2.53432344584300
H            6.26015474797450        1.22403674665547       -1.29087892587602
H            5.05059448506188        2.45803967336199       -0.90336952949928
H            4.86087377646984        0.55962174948668       -4.32845581092326
H            4.11899562004832       -1.97177656536185       -3.63562022567166
H            1.66488779338123       -1.70909678758835       -2.56239322807863
H            1.73339429179314       -0.84781709971623       -4.12925555087201
H            1.26427322296372        0.93256598709899       -2.24768018365049
H            4.92783652957044       -1.15311632873655       -1.21595292302373
18
 energy: -24.499639629570 gnorm: 0.005141124223 xtb: 6.7.1 (edcfbbe)
C            5.41274161352104        1.78521145309744       -1.68177886750264
C            4.32818934233103        0.85325611325621       -2.11244753610990
C            4.15886522366847        0.28280396085906       -3.56729947037747
C            3.68606311374220       -1.10156225106183       -3.15686651140404
C            2.17114702619196       -0.92945150022860       -3.13535591185097
C            2.19682451550143        0.39635560791184       -2.38524953865198
N            3.23419600434075        1.21089754359748       -3.04638542440952
C            3.14410351453686        0.22455514450642       -1.17254247693217
C            4.08367979301935       -0.71967822319335       -1.72418457341736
H            5.72183184665038        2.39544948435774       -2.53114997687582
H            6.27367783691328        1.23054296692653       -1.30723957868429
H            5.05141617606298        2.44453685202808       -0.89261861276500
H            4.85433398931164        0.55944599802641       -4.33765653983491
H            4.12051204508467       -1.97267783005932       -3.63288318926771
H            1.66533262598459       -1.70833359609578       -2.56648404746301
H            1.73749959149876       -0.84507511342523       -4.13232598817159
H            1.26431063014370        0.93254043007601       -2.25053831533408
H            4.91484511149716       -1.16057704057931       -1.20082344094737
18
 energy: -24.499725699539 gnorm: 0.004590372427 xtb: 6.7.1 (edcfbbe)
C            5.41493929548579        1.78501385149875       -1.68261077394858
C            4.34003477907561        0.84347724976947       -2.12116805898643
C            4.16387571804957        0.28463930263995       -3.56670737121866
C            3.68929352750480       -1.10104540864828       -3.15373401733441
C            2.17371787908114       -0.92841998991408       -3.13632807755278
C            2.19656259694052        0.39782146920931       -2.38648478110590
N            3.23758988517795        1.21092592296723       -3.04340444179977
C            3.13847933538445        0.22668156765034       -1.17368150176632
C            4.08111579927364       -0.71784552321547       -1.71828034930872
H            5.70093347020061        2.41897833205050       -2.52206579040709
H            6.29132872015327        1.23742863583930       -1.33371424015699
H            5.05286777798762        2.41987761286351       -0.87392832284499
H            4.84523459770443        0.55924519631454       -4.35134355173754
H            4.12240124675661       -1.97438894519140       -3.62571268354126
H            1.66491653094202       -1.70829757685475       -2.57066352291062
H            1.74342120045479       -0.84217366000125       -4.13536421128580
H            1.26259564623706        0.93289760523552       -2.25472901289674
H            4.90026199359032       -1.16657564221339       -1.18390929119725
18
 energy: -24.499776114430 gnorm: 0.004186105758 xtb: 6.7.1 (edcfbbe)
C            5.41743664422180        1.78230146658719       -1.68279019233610
C            4.34739960546062        0.83838993868169       -2.12852967166462
C            4.16473575078663        0.28668945376620       -3.56743908070537
C            3.69146312493352       -1.10010458427353       -3.15032012687989
C            2.17580626185846       -0.92886922337230       -3.13752885174499
C            2.19454050278414        0.39783048951518       -2.38797973637997
N            3.23645887777690        1.21200083323572       -3.04294573369026
C            3.13344047309471        0.23230442613206       -1.17451316507301
C            4.07989239289859       -0.71246879645501       -1.71336443425945
H            5.68947641220361        2.43310083882855       -2.51323390323418
H            6.30110545503174        1.23513820894629       -1.35399100649433
H            5.05854121907814        2.39867932178459       -0.85888532867952
H            4.83573034577197        0.56264652426227       -4.36024266997269
H            4.12637205638759       -1.97485159969501       -3.61696258751440
H            1.66573295817754       -1.70916790367974       -2.57350774936167
H            1.74848807049437       -0.84306667055371       -4.13804348645236
H            1.25842794941518        0.93164281725447       -2.25958610129977
H            4.89452189962471       -1.16395554096510       -1.17396617425729
18
 energy: -24.499805564444 gnorm: 0.002610238606 xtb: 6.7.1 (edcfbbe)
C            5.41895662652567        1.78059845161770       -1.68203473669786
C            4.35189865878238        0.83726489327583       -2.13329243488445
C            4.16598644812085        0.28653693670923       -3.56737845512360
C            3.69143983019557       -1.10013249945176       -3.14774482991538
C            2.17620925332245       -0.92991582352396       -3.13796725822877
C            2.19265748649601        0.39826483748581       -2.39022391959924
N            3.23522377223535        1.21215399832336       -3.04475503890554
C            3.12997628351171        0.23727644554251       -1.17576077398401
C            4.07904728772922       -0.70902091550991       -1.71055217659539
H            5.68189602526313        2.44382268861301       -2.50503383273296
H            6.30653609710611        1.23271399856303       -1.36830355913221
H            5.06366339611780        2.38302974568887       -0.84727647941457
H            4.83060599464078        0.56352208818283       -4.36467115979760
H            4.12866190084808       -1.97536904803772       -3.61064189091305
H            1.66532356039043       -1.70959326270797       -2.57383534297012
H            1.75088002851462       -0.84558863649345       -4.13920187469405
H            1.25619958270861        0.93182626435177       -2.26355922084853
H            4.89440776749143       -1.15915016262941       -1.17159701556254
18
 energy: -24.499820124061 gnorm: 0.001310410568 xtb: 6.7.1 (edcfbbe)
C            5.41927391489433        1.78017832845197       -1.68158103155145
C            4.35130791595723        0.83887567963533       -2.13331162112163
C            4.16566597533386        0.28572057955043       -3.56760100540518
C            3.69123855609090       -1.10018737076523       -3.14682879917663
C            2.17619462025743       -0.93035015038814       -3.13805961154716
C            2.19234383577618        0.39854111478732       -2.39143776293845
N            3.23438970338705        1.21186793860381       -3.04617167416186
C            3.12915106981330        0.23877573077235       -1.17576673324548
C            4.07855929916768       -0.70747635260484       -1.71019063901088
H            5.67774803325392        2.44884223776703       -2.50134275313363
H            6.30876331636328        1.23141852678693       -1.37572797443912
H            5.06777722308623        2.37642556667857       -0.84155387590834
H            4.83053138758996        0.56218123797150       -4.36489889003882
H            4.12925029043703       -1.97551227681882       -3.60919769089773
H            1.66529737814910       -1.70920498802501       -2.57310096280731
H            1.75135311084749       -0.84758341301536       -4.13934830712769
H            1.25626357501349        0.93233486024598       -2.26648984059277
H            4.89446079458174       -1.15660724963404       -1.17122082689572
18
 energy: -24.499843077722 gnorm: 0.001801820026 xtb: 6.7.1 (edcfbbe)
C            5.41943637266420        1.77931633045047       -1.68015825928109
C            4.34962476671400        0.84269799720293       -2.13376274940631
C            4.16622715994014        0.28325799695659       -3.56875356049847
C            3.69102433256927       -1.10052400486543       -3.14523394075802
C            2.17616245039713       -0.93154741100080       -3.13726695155783
C            2.19193057366551        0.40035886419413       -2.39569213775008
N            3.23370345725950        1.21118095168249       -3.05144249488362
C            3.12690872300333        0.24234535298631       -1.17709211063915
C            4.07711295202040       -0.70427296667716       -1.70982447872693
H            5.66453669563528        2.46399538162907       -2.49088339960291
H            6.31518176773297        1.22840222517154       -1.39680862911611
H            5.07732518793302        2.35820544163325       -0.82476306862158
H            4.83285494055442        0.55853679828319       -4.36503997335587
H            4.13047045048750       -1.97648838898948       -3.60577744420649
H            1.66563606181153       -1.70789360377645       -2.56876350331335
H            1.75092486139720       -0.85289809739657       -4.13823889229051
H            1.25647205148470        0.93493921200780       -2.27380871334031
H            4.89403719473012       -1.15137207949208       -1.17051969265124
18
 energy: -24.499859953549 gnorm: 0.002121825205 xtb: 6.7.1 (edcfbbe)
C            5.41962000021413        1.77905855001753       -1.68046881475227
C            4.34828582450389        0.84403436475337       -2.13332118912230
C            4.16677115820262        0.28171300603000       -3.56838911452188
C            3.69102435437219       -1.10119660600291       -3.14349872175046
C            2.17621803544843       -0.93154938193461       -3.13817899994943
C            2.19171676508134        0.40113310224788       -2.39781920847269
N            3.23416152307022        1.21095979364849       -3.05359374457376
C            3.12548984423401        0.24468509242073       -1.17770476232048
C            4.07545666830209       -0.70330931038983       -1.70824478013629
H            5.65248200614247        2.47524690254973       -2.48524405662261
H            6.32134229682183        1.22844630583097       -1.41483418713104
H            5.08522143326694        2.34574072842789       -0.81360154008612
H            4.83543895723865        0.55637782411389       -4.36312341784508
H            4.13069880696031       -1.97793679780025       -3.60233060830114
H            1.66547501884927       -1.70696025940059       -2.56862736334322
H            1.75168006697033       -0.85475037912193       -4.13972055673486
H            1.25613542624650        0.93596006646876       -2.27712748624444
H            4.89235181407500       -1.14941300185934       -1.16800144809178
18
 energy: -24.499872970419 gnorm: 0.001538525371 xtb: 6.7.1 (edcfbbe)
C            5.41942806891971        1.77913443789087       -1.68087424279997
C            4.34746692242319        0.84411499107866       -2.13283245801179
C            4.16787497243530        0.28078965952363       -3.56782450561873
C            3.69103885552731       -1.10177756086918       -3.14278773300431
C            2.17615708520387       -0.93140543501368       -3.13834309495572
C            2.19175135889466        0.40179051816818       -2.39908205547748
N            3.23539120757741        1.21083167874139       -3.05476844109484
C            3.12473830714675        0.24563181312611       -1.17850898870017
C            4.07442542849490       -0.70353068074529       -1.70733589776857
H            5.64353301672318        2.48215330668850       -2.48213525260203
H            6.32524214752588        1.22992799120043       -1.42633230959617
H            5.08971408762055        2.33829805715213       -0.80724170187174
H            4.83840892967815        0.55502865432987       -4.36111003504220
H            4.13029697914328       -1.97908372009144       -3.60071269533840
H            1.66480598532303       -1.70627309717042       -2.56842813445871
H            1.75210977933235       -0.85516546252003       -4.14023627909149
H            1.25606356830144        0.93695642412947       -2.27885017085132
H            4.89112329972926       -1.14918157561941       -1.16642600371623
18
 energy: -24.499895879899 gnorm: 0.000677486992 xtb: 6.7.1 (edcfbbe)
C            5.41892953044727        1.77950745449175       -1.68195139513121
C            4.34573725619438        0.84378379368323       -2.13130763643405
C            4.17014496463580        0.27880576352510       -3.56603069596157
C            3.69107949208055       -1.10321825573506       -3.14097291474070
C            2.17617951484750       -0.93063192925227       -3.13902945361243
C            2.19193405483169        0.40287880860649       -2.40092801414514
N            3.23809909816879        1.21045126311132       -3.05645121001819
C            3.12353404081082        0.24744071177935       -1.17970971629894
C            4.07242100162771       -0.70435690016228       -1.70500343134106
H            5.62343586800832        2.49586086849678       -2.47660795847189
H            6.33326320013887        1.23378668909440       -1.45076195553498
H            5.09905691666384        2.32322036524318       -0.79473277301392
H            4.84449304272050        0.55148519669814       -4.35658873115988
H            4.12933160376154       -1.98158736633659       -3.59740330566203
H            1.66288003678593       -1.70469155298428       -2.56959559001905
H            1.75399683283370       -0.85453283725641       -4.14189856778165
H            1.25633995591636        0.93902619889852       -2.28210137933102
H            4.88871358952666       -1.14898827190157       -1.16275527134216
18
 energy: -24.499912318567 gnorm: 0.001303408321 xtb: 6.7.1 (edcfbbe)
C            5.41881673536837        1.77969951623127       -1.68255865234979
C            4.34418196224342        0.84408458760610       -2.12993798623052
C            4.17181419397363        0.27713484281296       -3.56465642617993
C            3.69095733352408       -1.10421629960807       -3.13923314979330
C            2.17610118111360       -0.93047187999285       -3.13943786628856
C            2.19184232932845        0.40377837249740       -2.40297782324953
N            3.23985472428274        1.21012135344280       -3.05825288018357
C            3.12209936758738        0.24938911790931       -1.18070801882963
C            4.07050278361591       -0.70440791520666       -1.70308347740357
H            5.60603364189578        2.50857476411676       -2.47018809373224
H            6.34052315162013        1.23705727977023       -1.47337609841579
H            5.10886779391245        2.30880944781958       -0.78281991368363
H            4.84926365617370        0.54788334429882       -4.35320204839771
H            4.12892204964115       -1.98339423568751       -3.59420785203244
H            1.66110255727039       -1.70375985150941       -2.57038640037160
H            1.75577094575305       -0.85473677349974       -4.14317975597505
H            1.25643495549792        0.94076733307404       -2.28599313666550
H            4.88648063719806       -1.14807300407523       -1.15963042021750
18
 energy: -24.499927199121 gnorm: 0.001394683291 xtb: 6.7.1 (edcfbbe)
C            5.41876129721604        1.77958963701254       -1.68313721739977
C            4.34282801758430        0.84470083963513       -2.12891006364342
C            4.17292150000845        0.27558619754070       -3.56368255070224
C            3.69104217786973       -1.10505963927181       -3.13733075452864
C            2.17630242917810       -0.93024292334160       -3.13996917030029
C            2.19155410324068        0.40469611439746       -2.40488124327761
N            3.24082779341529        1.20970581391042       -3.06013545918397
C            3.12055422293754        0.25137366902540       -1.18142659532655
C            4.06894740103320       -0.70383912671883       -1.70123889742633
H            5.59051652795544        2.52026204147456       -2.46309901462523
H            6.34635047663101        1.23948008181127       -1.49473125141443
H            5.11854549100003        2.29439721538051       -0.77199595131433
H            4.85278524838762        0.54443485410376       -4.35074991268918
H            4.12928350162774       -1.98492496756501       -3.59073472026620
H            1.65984615678074       -1.70264088052357       -2.57112012147993
H            1.75763170525830       -0.85506720824336       -4.14448613639842
H            1.25628084809583        0.94232615816894       -2.28971311496654
H            4.88459110178019       -1.14653787679672       -1.15648782505678
18
 energy: -24.499945816795 gnorm: 0.001312834855 xtb: 6.7.1 (edcfbbe)
C            5.41923193657198        1.77936023310172       -1.68342157061546
C            4.34166555064789        0.84599773283353       -2.12825327441372
C            4.17413510546316        0.27392333255506       -3.56304474093679
C            3.69087692853270       -1.10569594775211       -3.13517732073620
C            2.17625561842750       -0.93079058641493       -3.14023128524278
C            2.19124853758648        0.40578981068689       -2.40802192899009
N            3.24178058689509        1.20938011967095       -3.06290011851871
C            3.11829647544713        0.25470880921542       -1.18255023571882
C            4.06678004877232       -0.70216256683123       -1.69931344121818
H            5.57233821178433        2.53556492088308       -2.45245385584127
H            6.35369648074727        1.24215177547264       -1.52139160707915
H            5.13144391424686        2.27503843907731       -0.75762170740373
H            4.85657291731492        0.54066960309333       -4.34856600003155
H            4.12960783357612       -1.98645948213778       -3.58640666801448
H            1.65851650936855       -1.70187921016045       -2.57076566244796
H            1.75936509073674       -0.85741676841403       -4.14558948493872
H            1.25609696611613        0.94396591575724       -2.29545180649521
H            4.88166128776504       -1.14390613063685       -1.15266929135704
18
 energy: -24.499972109266 gnorm: 0.002536190166 xtb: 6.7.1 (edcfbbe)
C            5.41988831907301        1.77840331927637       -1.68442185304215
C            4.33949769187341        0.84791393209312       -2.12759418862986
C            4.17609226923481        0.27007043586842       -3.56202214629243
C            3.69124603689034       -1.10743339964033       -3.13014159864868
C            2.17691772374122       -0.93081623837414       -3.14134095375578
C            2.19010009847278        0.40842899699879       -2.41385589022262
N            3.24314788476232        1.20822691476179       -3.06844072938589
C            3.11329012468718        0.26067485662637       -1.18462686104476
C            4.06303283903877       -0.69875357003697       -1.69485414370341
H            5.53555045361337        2.56619186436883       -2.42980729048368
H            6.36797606184788        1.24833112516961       -1.57586294750517
H            5.15739206526500        2.23442804337122       -0.72973863908814
H            4.86277926066947        0.53316741084886       -4.34502320358869
H            4.13140409287100       -1.99002942075953       -3.57664361645902
H            1.65660850120028       -1.69907981225690       -2.57064675045832
H            1.76338275083014       -0.86085861924825       -4.14829795129196
H            1.25509646752188        0.94791219527290       -2.30659874990980
H            4.87616735840738       -1.13853803434035       -1.14391248648952
18
 energy: -24.499987330517 gnorm: 0.002250156496 xtb: 6.7.1 (edcfbbe)
C            5.42097321511680        1.77753795823404       -1.68533611862921
C            4.33858349410168        0.84904787907814       -2.12735439999428
C            4.17672416126057        0.26905945613345       -3.56136568850026
C            3.69147595307535       -1.10759360789232       -3.12751959212787
C            2.17722076705566       -0.93151064364696       -3.14211147347553
C            2.18924605501699        0.40915388416391       -2.41686531763746
N            3.24333622311525        1.20807788415690       -3.07053123489146
C            3.11009961700345        0.26457059267947       -1.18534975709566
C            4.06032906190449       -0.69628786042525       -1.69217720005683
H            5.51906145377592        2.57991738302906       -2.41688498874856
H            6.37412117257501        1.25202871169442       -1.60373660063271
H            5.17313303444919        2.21365229441091       -0.71785920308603
H            4.86493861302324        0.53117569939468       -4.34328218948967
H            4.13271639325271       -1.99092899303205       -3.57144794035912
H            1.65604156449995       -1.69901374678704       -2.57116712045937
H            1.76584469296244       -0.86354224021259       -4.15015260529032
H            1.25384803753242        0.94843051584678       -2.31220264954824
H            4.87187649027911       -1.13553516682577       -1.13848591997731
18
 energy: -24.500003732466 gnorm: 0.001269395165 xtb: 6.7.1 (edcfbbe)
C            5.42179452448643        1.77692938711542       -1.68602052755254
C            4.33877285458094        0.84957682821742       -2.12809885315142
C            4.17787208626930        0.26738158061133       -3.56115845401054
C            3.69163022896562       -1.10818901717333       -3.12490109528619
C            2.17748019176379       -0.93193596361425       -3.14252254745278
C            2.18876625539543        0.41036809910504       -2.42004976750765
N            3.24413912967768        1.20757030350309       -3.07307593861426
C            3.10719770597469        0.26803609593350       -1.18650948367311
C            4.05855886394553       -0.69369408081215       -1.68984813404953
H            5.50180364681107        2.59490281093289       -2.40100827632789
H            6.37894397443414        1.25759815280435       -1.63195901757500
H            5.18803256788540        2.19047863186117       -0.70650008528166
H            4.86677779767979        0.52860959612925       -4.34273355756688
H            4.13348161106766       -1.99268188397034       -3.56590396134550
H            1.65506623566152       -1.69802944945384       -2.57078847768424
H            1.76780029392963       -0.86598094449181       -4.15137690471901
H            1.25322317164043        0.94993813926913       -2.31821082009399
H            4.86822885983115       -1.13263828596709       -1.13316409810770
18
 energy: -24.499994001724 gnorm: 0.004848241130 xtb: 6.7.1 (edcfbbe)
C            5.42283232043203        1.77609039010898       -1.68650516047280
C            4.33992896927431        0.84995436073264       -2.13068021595357
C            4.18185598337019        0.26204393066704       -3.56129828794292
C            3.69194553498622       -1.11042487090488       -3.11921321982786
C            2.17816895006705       -0.93230941951269       -3.14259419340032
C            2.18852399076559        0.41429399149347       -2.42788715304596
N            3.24762416526221        1.20581568483079       -3.08051274931836
C            3.10126303988133        0.27679234710972       -1.18987523114053
C            4.05422715512998       -0.68829653730443       -1.68481122335844
H            5.45484410763099        2.63408208869331       -2.36266980111239
H            6.39367848223791        1.27275884549103       -1.70128788881231
H            5.22039860275953        2.13257261607667       -0.67481402593115
H            4.87271094082950        0.51957929233926       -4.34251368871531
H            4.13415837718058       -1.99817872834919       -3.55352686086797
H            1.65250297736099       -1.69401635408981       -2.56797643691218
H            1.77191165931117       -0.87167439438554       -4.15302818331365
H            1.25359162257046        0.95608188711886       -2.33321207380833
H            4.85940312095019       -1.12692513011543       -1.12142360606585
18
 energy: -24.500022661024 gnorm: 0.001006193402 xtb: 6.7.1 (edcfbbe)
C            5.42266373950200        1.77628355505215       -1.68588135018547
C            4.34140050590187        0.84875079438943       -2.13182543126850
C            4.18148954434332        0.26282743561506       -3.56200497368804
C            3.69205669409834       -1.11006613313376       -3.12053276629484
C            2.17825560970029       -0.93206970417491       -3.14201931439079
C            2.18886051365258        0.41392335676822       -2.42633129117537
N            3.24740893317354        1.20591920469437       -3.07921176959087
C            3.10247861207436        0.27549400779485       -1.18943758123795
C            4.05524716266202       -0.68892798141722       -1.68594006013359
H            5.46363710821934        2.62577220816214       -2.36630173697527
H            6.38993890711640        1.27333734700286       -1.68746533192127
H            5.21347166395610        2.14115814068460       -0.68248357977421
H            4.87010286905219        0.52119776374046       -4.34496893052217
H            4.13380169437477       -1.99745496805046       -3.55599338251401
H            1.65329195657869       -1.69430797436773       -2.56752009737686
H            1.77100026426223       -0.87076382814305       -4.15191084215342
H            1.25411195090250        0.95572630168603       -2.33063864085653
H            4.86035227042967       -1.12855952630324       -1.12336291994072
18
 energy: -24.500026771556 gnorm: 0.000629789251 xtb: 6.7.1 (edcfbbe)
C            5.42331756285136        1.77622226207538       -1.68600510927604
C            4.34300862622363        0.84783284087707       -2.13342196942400
C            4.18227386370855        0.26169996096720       -3.56223532873584
C            3.69191936380240       -1.11046907427867       -3.11894453111431
C            2.17812183000533       -0.93207618193697       -3.14232344968998
C            2.18884082776046        0.41461062376074       -2.42801513393254
N            3.24841875320254        1.20561068489963       -3.08034844959212
C            3.10133580640963        0.27748466895990       -1.19034796044575
C            4.05458742697486       -0.68762200944745       -1.68448799319206
H            5.45360212453040        2.63364603951401       -2.35599353077657
H            6.39330089227618        1.27988122435429       -1.70114640949957
H            5.22080699047968        2.12742110339452       -0.67664580033710
H            4.86972029794618        0.51856721894350       -4.34672998990907
H            4.13344825095988       -1.99863793347469       -3.55288408761581
H            1.65263045661535       -1.69370304517814       -2.56748706848642
H            1.77153147153911       -0.87168282213052       -4.15259039661679
H            1.25428254336560        0.95697878218334       -2.33398833414756
H            4.85842291134911       -1.12752434348335       -1.12023445720836
18
 energy: -24.500029045476 gnorm: 0.000828544370 xtb: 6.7.1 (edcfbbe)
C            5.42405087319650        1.77593045233978       -1.68641865280656
C            4.34550191425604        0.84639293051885       -2.13593729823727
C            4.18422861074110        0.25963646029933       -3.56258008192257
C            3.69217620879177       -1.11132105146203       -3.11638633354082
C            2.17854292842605       -0.93191167314282       -3.14246604301372
C            2.18885937842406        0.41633167375754       -2.43102728017500
N            3.25038393347639        1.20493432196111       -3.08288812618966
C            3.09899036159810        0.28176039562371       -1.19179028476014
C            4.05237803291863       -0.68536129127953       -1.68183107778603
H            5.43270705442057        2.64981542460672       -2.33666803912984
H            6.39986483278269        1.29042408691220       -1.72984556676766
H            5.23471352307858        2.10117581721901       -0.66508879233146
H            4.87034885852189        0.51372335971363       -4.34916916074564
H            4.13355380423051       -2.00104026374334       -3.54736876664948
H            1.65171334044384       -1.69202114125265       -2.56676992609276
H            1.77369051946354       -0.87365049064397       -4.15361324198840
H            1.25459700631907        0.95976967228436       -2.33970738880239
H            4.85326881891090       -1.12634868371213       -1.11427393906049
18
 energy: -24.500029783519 gnorm: 0.000160093259 xtb: 6.7.1 (edcfbbe)
C            5.42379600066510        1.77610745388598       -1.68638340474500
C            4.34553552795452        0.84634219719788       -2.13573624297845
C            4.18408765548064        0.26008158246896       -3.56253005138609
C            3.69216609221520       -1.11120704172630       -3.11691231267384
C            2.17851475149233       -0.93184568291382       -3.14240659635326
C            2.18895383403925        0.41608898254096       -2.43040994444908
N            3.25019438467692        1.20505938678699       -3.08232852952392
C            3.09948693622362        0.28082483844191       -1.19158817692918
C            4.05293478599705       -0.68582785475291       -1.68234687948596
H            5.43630611882759        2.64656606509483       -2.33975953692610
H            6.39828234126285        1.28897377138923       -1.72418688976951
H            5.23196755912299        2.10615031197434       -0.66772650633999
H            4.87001252000682        0.51437609418878       -4.34920398772557
H            4.13348947910272       -2.00071424177635       -3.54836261571864
H            1.65174297256639       -1.69216896196985       -2.56690896424399
H            1.77334761985870       -0.87303348993033       -4.15339012092945
H            1.25461259510525        0.95933828219413       -2.33834284951947
H            4.85413882540229       -1.12687169309465       -1.11530639030239
18
 energy: -24.500029935574 gnorm: 0.000080738764 xtb: 6.7.1 (edcfbbe)
C            5.42399581518964        1.77607557852941       -1.68650552642128
C            4.34589685294695        0.84613626069065       -2.13599656314203
C            4.18432583805032        0.25979799930089       -3.56246656982827
C            3.69212941749829       -1.11135172538015       -3.11643954909515
C            2.17849714625703       -0.93186384938237       -3.14252185138449
C            2.18893218575355        0.41627322610872       -2.43090588336682
N            3.25044567377786        1.20496994550720       -3.08260736367456
C            3.09904332719611        0.28123508094375       -1.19181223826775
C            4.05277370076306       -0.68549290167293       -1.68191514870569
H            5.43325868806666        2.64881095570157       -2.33703278896361
H            6.39924785185117        1.29068802349905       -1.72835058157824
H            5.23427464336491        2.10238523041258       -0.66606631476114
H            4.87004464072991        0.51367998025048       -4.34945180248490
H            4.13347016381117       -2.00103298916169       -3.54745312386992
H            1.65141594652309       -1.69198654725003       -2.56704624103423
H            1.77360300008159       -0.87316253056247       -4.15362312007543
H            1.25460747697950        0.95963935915553       -2.33928635417142
H            4.85360763115943       -1.12656109669036       -1.11434897917495
18
 energy: -24.500029964073 gnorm: 0.000094477478 xtb: 6.7.1 (edcfbbe)
C            5.42413801733511        1.77600534225345       -1.68657715353794
C            4.34612832007052        0.84596059590794       -2.13615790660384
C            4.18447612433472        0.25963150635429       -3.56245684504752
C            3.69216766473197       -1.11141870381286       -3.11618517679121
C            2.17857039153194       -0.93186619178977       -3.14254856037813
C            2.18891744920312        0.41640606885706       -2.43115354966699
N            3.25058998660581        1.20489054276732       -3.08277027204432
C            3.09873240525420        0.28166536285840       -1.19186326361411
C            4.05247096453315       -0.68527335043384       -1.68161446981109
H            5.43117885360242        2.65024134029196       -2.33515353759730
H            6.39992621084219        1.29186810206867       -1.73129494807906
H            5.23583225724693        2.09985508511106       -0.66510805829899
H            4.87007071865807        0.51330622605469       -4.34962537410961
H            4.13355941293304       -2.00119462653329       -3.54694965436657
H            1.65131956833485       -1.69187993830940       -2.56710089388968
H            1.77394457068015       -0.87331467173640       -4.15376851813895
H            1.25461979676770        0.95985688311532       -2.33984764800438
H            4.85292728733437       -1.12649957302480       -1.11365417002018
