  15
 Etot=          -2.4515879148
 C          2.8892941481       -0.5419467115        0.0804096910
 C          1.3849694292       -0.7940917602       -0.0024551757
 C          0.6661812962        0.4437893975       -0.4861254182
 O          0.1507943720        1.3492721971        0.4365055892
 C         -0.7970833000        0.6619728373       -0.3356123118
 C         -1.6563127528       -0.3289502240        0.3496966218
 O         -2.6797248865       -0.7647807650       -0.1068157659
 H          3.3970306538       -1.4306019555        0.4458366197
 H          3.0945629682        0.2814843684        0.7603849266
 H          3.2911087202       -0.2918228998       -0.8989257026
 H          1.0081928209       -1.0766977384        0.9811814959
 H          1.1815982340       -1.6110292362       -0.6991408651
 H          1.1176426227        0.9062968784       -1.3645993454
 H         -1.2987566953        1.2447755984       -1.1061608188
 H         -1.2847133727       -0.6364413707        1.3441192966
  15
 Etot=          -2.4548988939
 C          2.8948839158       -0.5539458958        0.0875344162
 C          1.3929658868       -0.7881666743       -0.0152120349
 C          0.6759943199        0.4557510762       -0.5124482108
 O          0.1608505890        1.3619697286        0.4264235322
 C         -0.8122178001        0.6678372464       -0.3349270749
 C         -1.6674404002       -0.3307569988        0.3662875503
 O         -2.6743118693       -0.7862551651       -0.0937876845
 H          3.4171192477       -1.4359943023        0.4582179153
 H          3.1084047715        0.2746407173        0.7629479997
 H          3.3144514302       -0.3008245224       -0.8863836320
 H          0.9909986875       -1.0670203141        0.9639227557
 H          1.1789531194       -1.6221229053       -0.6932791963
 H          1.1389947140        0.9242841254       -1.3873063119
 H         -1.3369143174        1.2624629210       -1.0898153405
 H         -1.3179480369       -0.6506304210        1.3461241541
  15
 Etot=          -2.4558570960
 C          2.8992304698       -0.5620095341        0.0941511279
 C          1.4009209755       -0.7820192230       -0.0316058466
 C          0.6829200645        0.4632757672       -0.5413024073
 O          0.1741037692        1.3693180620        0.4130557345
 C         -0.8235336037        0.6730699012       -0.3344900022
 C         -1.6704887539       -0.3336433529        0.3800046520
 O         -2.6598085980       -0.8169792984       -0.0849728644
 H          3.4186121861       -1.4442266493        0.4734703305
 H          3.1154978829        0.2673476915        0.7699053323
 H          3.3406251908       -0.3101562247       -0.8722351236
 H          0.9783818177       -1.0567607770        0.9422772999
 H          1.1834076619       -1.6271639038       -0.6967675436
 H          1.1504557213        0.9387894671       -1.4116367377
 H         -1.3697468257        1.2828974004       -1.0652375998
 H         -1.3557937003       -0.6505107104        1.3636824855
  15
 Etot=          -2.4560407586
 C          2.8992085562       -0.5635969171        0.0966425964
 C          1.4024274666       -0.7811812786       -0.0407584490
 C          0.6834938849        0.4636442305       -0.5516957291
 O          0.1806882360        1.3698918956        0.4068818186
 C         -0.8251784645        0.6754976642       -0.3332809453
 C         -1.6681784371       -0.3320855622        0.3857828683
 O         -2.6421146797       -0.8415043439       -0.0866341257
 H          3.4123050651       -1.4478035002        0.4804280780
 H          3.1125873104        0.2645152062        0.7747692304
 H          3.3499783919       -0.3134441388       -0.8657650594
 H          0.9731872234       -1.0567265482        0.9296528035
 H          1.1886353903       -1.6257777513       -0.7070715661
 H          1.1501083477        0.9411778631       -1.4210268941
 H         -1.3777720095        1.2923633072       -1.0517682022
 H         -1.3745920237       -0.6337415107        1.3821424132
  15
 Etot=          -2.4563288539
 C          2.8957479341       -0.5655187020        0.1022607444
 C          1.4028027318       -0.7840268590       -0.0644459757
 C          0.6829087892        0.4605587540       -0.5732907709
 O          0.1985514508        1.3670367263        0.3943345207
 C         -0.8250515888        0.6814617176       -0.3284493367
 C         -1.6589025577       -0.3260733689        0.3992778996
 O         -2.5846381543       -0.9123738865       -0.0960308070
 H          3.3960626587       -1.4527976648        0.4963611852
 H          3.0967853282        0.2598281037        0.7871311735
 H          3.3673802841       -0.3175469942       -0.8501654930
 H          0.9582152698       -1.0670215837        0.8960062685
 H          1.2029621383       -1.6226348966       -0.7409908955
 H          1.1453156310        0.9419473136       -1.4416867023
 H         -1.3899722909        1.3170164373       -1.0172910059
 H         -1.4233833663       -0.5686264809        1.4352780325
  15
 Etot=          -2.4565336479
 C          2.8919146779       -0.5633716423        0.1067167747
 C          1.4015868988       -0.7898597089       -0.0763372467
 C          0.6809356838        0.4540832605       -0.5831331659
 O          0.2091980783        1.3609407246        0.3887664166
 C         -0.8229093000        0.6830081141       -0.3261191151
 C         -1.6537225492       -0.3225492616        0.4049138583
 O         -2.5625570446       -0.9294148164       -0.0906463384
 H          3.3907338389       -1.4485844143        0.5068651938
 H          3.0805810430        0.2624788141        0.7944921913
 H          3.3729896576       -0.3139677679       -0.8403509754
 H          0.9501072817       -1.0794715607        0.8787185877
 H          1.2129171748       -1.6247571720       -0.7605132823
 H          1.1400597765        0.9356715373       -1.4528353435
 H         -1.3918405191        1.3285465062       -1.0016196418
 H         -1.4352104405       -0.5415239969        1.4493809241
  15
 Etot=          -2.4569757726
 C          2.8763266021       -0.5583614382        0.1201807455
 C          1.3936760619       -0.8084312771       -0.1077644464
 C          0.6731650585        0.4368564961       -0.6062132673
 O          0.2417315473        1.3499623332        0.3751447260
 C         -0.8159244804        0.6937326557       -0.3158643795
 C         -1.6423829497       -0.3011111086        0.4285169034
 O         -2.4876818724       -0.9892632771       -0.0791879779
 H          3.3772302583       -1.4349996775        0.5348974347
 H          3.0288044115        0.2702632823        0.8146767208
 H          3.3811161341       -0.3006092870       -0.8119173229
 H          0.9219237746       -1.1241337704        0.8298843165
 H          1.2382501870       -1.6313217793       -0.8165504019
 H          1.1221871358        0.9127921680       -1.4843936495
 H         -1.3905307810        1.3596855774       -0.9647178054
 H         -1.4531068298       -0.4638322817        1.4816072414
  15
 Etot=          -2.4573341393
 C          2.8595654184       -0.5505339970        0.1357270473
 C          1.3882094080       -0.8336487663       -0.1450630346
 C          0.6662587618        0.4146972257       -0.6297672957
 O          0.2779017321        1.3309168533        0.3654424921
 C         -0.8052325151        0.6983583879       -0.3043340842
 C         -1.6258729629       -0.2935110570        0.4470870073
 O         -2.4203157093       -1.0292924917       -0.0569013544
 H          3.3714980390       -1.4148965885        0.5612569439
 H          2.9659021726        0.2796983716        0.8400985574
 H          3.3883145461       -0.2714650390       -0.7777838848
 H          0.8926244196       -1.1885145491        0.7693731374
 H          1.2737973683       -1.6401522954       -0.8846479193
 H          1.1025519383        0.8859680881       -1.5182238352
 H         -1.3833626268        1.3818605739       -0.9328158334
 H         -1.4870557320       -0.3582561006        1.5288508939
  15
 Etot=          -2.4576094336
 C          2.8458180845       -0.5479419054        0.1480973689
 C          1.3839611934       -0.8452830174       -0.1683107606
 C          0.6606679058        0.4047092516       -0.6482010917
 O          0.3044168369        1.3287863739        0.3542199649
 C         -0.8012425424        0.7083560942       -0.2946715841
 C         -1.6199628895       -0.2770668556        0.4696722965
 O         -2.3710602710       -1.0590011593       -0.0375836775
 H          3.3603818688       -1.4080088218        0.5791365536
 H          2.9257352031        0.2789045787        0.8601967441
 H          3.3915758685       -0.2522599833       -0.7513060918
 H          0.8746512739       -1.2216508161        0.7300726808
 H          1.2929805015       -1.6422892391       -0.9212207613
 H          1.0875506528        0.8684549421       -1.5457678384
 H         -1.3808259819        1.3936323971       -0.9193805454
 H         -1.4898634463       -0.3181132236        1.5433455793
  15
 Etot=          -2.4575696050
 C          2.8290356736       -0.5481350692        0.1629854208
 C          1.3820111506       -0.8553103485       -0.2017345668
 C          0.6560330290        0.3971000974       -0.6742501385
 O          0.3358324522        1.3277671012        0.3376707384
 C         -0.7958250646        0.7185038619       -0.2828356011
 C         -1.6061698669       -0.2645605006        0.4980333853
 O         -2.2929095163       -1.1175024397       -0.0167250187
 H          3.3399528652       -1.4096070189        0.5948054435
 H          2.8793631254        0.2661891315        0.8905214263
 H          3.3969196388       -0.2271113023       -0.7149313941
 H          0.8530717181       -1.2585495126        0.6724372970
 H          1.3205238600       -1.6371025805       -0.9713835085
 H          1.0705737779        0.8563019744       -1.5797863045
 H         -1.3811008881        1.4033053754       -0.9025495813
 H         -1.5225276967       -0.2400601537        1.5860412398
  15
 Etot=          -2.4578682975
 C          2.8121925721       -0.5515182687        0.1762784077
 C          1.3860122491       -0.8533661821       -0.2203134674
 C          0.6535920266        0.4002142451       -0.6899883643
 O          0.3542922129        1.3386713173        0.3225945152
 C         -0.7913807783        0.7248877208       -0.2730744247
 C         -1.5962658750       -0.2600826347        0.5243184290
 O         -2.2498982890       -1.1230801568        0.0245133710
 H          3.3189631005       -1.4234823608        0.5898968302
 H          2.8477182766        0.2363924364        0.9222093535
 H          3.3859338409       -0.1908227761       -0.6795925120
 H          0.8489305253       -1.2750853281        0.6288784208
 H          1.3433333440       -1.6207744593       -0.9907622968
 H          1.0558117445        0.8531024687       -1.6030797003
 H         -1.3747629113        1.3767049887       -0.9270446406
 H         -1.5296877808       -0.2205323945        1.5934649162
  15
 Etot=          -2.4582624708
 C          2.8059256708       -0.5483230587        0.1849098527
 C          1.3822565233       -0.8635917145       -0.2383798734
 C          0.6529492190        0.3931350548       -0.7010815083
 O          0.3647334972        1.3334789515        0.3118184572
 C         -0.7858552485        0.7241274725       -0.2731593435
 C         -1.5831252262       -0.2554404989        0.5345762588
 O         -2.2217570487       -1.1385363645        0.0469534525
 H          3.3168387106       -1.4178204325        0.6003989528
 H          2.8169951481        0.2387053468        0.9422678916
 H          3.3944518789       -0.1808650317       -0.6612920302
 H          0.8258850612       -1.3027809789        0.6000144553
 H          1.3623926327       -1.6221367706       -1.0311780282
 H          1.0504780257        0.8449724064       -1.6174252455
 H         -1.3787156683        1.3821328181       -0.9150929500
 H         -1.5386689178       -0.1758285840        1.6149684956
  15
 Etot=          -2.4584171090
 C          2.7936808003       -0.5506939792        0.1956342832
 C          1.3784304158       -0.8652227765       -0.2564191416
 C          0.6520239428        0.3948441232       -0.7138673738
 O          0.3734586165        1.3390597649        0.2959237821
 C         -0.7809429178        0.7278681347       -0.2722521060
 C         -1.5647202458       -0.2493410749        0.5500571923
 O         -2.1712358957       -1.1699759869        0.0747348701
 H          3.3019558630       -1.4260947182        0.6032853985
 H          2.7887799737        0.2229984188        0.9676784457
 H          3.3931583545       -0.1691408770       -0.6351172726
 H          0.8092271542       -1.3172227818        0.5663465578
 H          1.3765228301       -1.6124050635       -1.0618976186
 H          1.0430806649        0.8454277237       -1.6334398821
 H         -1.3841851520        1.3789914541       -0.9143340220
 H         -1.5444501464       -0.1378637454        1.6319657244
  15
 Etot=          -2.4585748588
 C          2.7871016177       -0.5548614742        0.2018671662
 C          1.3747736548       -0.8602550020       -0.2637478164
 C          0.6546239447        0.4028487635       -0.7189936102
 O          0.3668751910        1.3484439144        0.2813074081
 C         -0.7781492820        0.7264089309       -0.2787356039
 C         -1.5446710706       -0.2496089840        0.5546137278
 O         -2.1437190431       -1.1832453212        0.1018441058
 H          3.2927860101       -1.4391063186        0.5967696474
 H          2.7776258847        0.2049912680        0.9875187907
 H          3.3921300240       -0.1679765121       -0.6177030400
 H          0.7984748601       -1.3118709552        0.5514695048
 H          1.3787317609       -1.6009098557       -1.0751434544
 H          1.0439617389        0.8560191834       -1.6374363351
 H         -1.3958612601        1.3687968191       -0.9204682722
 H         -1.5398997730       -0.1284458403        1.6351366188
  15
 Etot=          -2.4587334132
 C          2.7663526498       -0.5563275504        0.2220253768
 C          1.3706522470       -0.8660420133       -0.2983780902
 C          0.6516460403        0.3998989328       -0.7478059018
 O          0.3910469003        1.3558499094        0.2529171628
 C         -0.7721705558        0.7327179156       -0.2734844999
 C         -1.5182613781       -0.2386655224        0.5837982269
 O         -2.0692827124       -1.2166607890        0.1578559807
 H          3.2700288202       -1.4484203403        0.6026043513
 H          2.7243301797        0.1773200472        1.0357819222
 H          3.3979826220       -0.1316070327       -0.5659716920
 H          0.7721308865       -1.3423396525        0.4893535143
 H          1.4048465234       -1.5894194025       -1.1255392964
 H          1.0273186861        0.8479967594       -1.6754040949
 H         -1.4020011883        1.3603760303       -0.9181514174
 H         -1.5498354629       -0.0734486756        1.6586972950
  15
 Etot=          -2.4589134949
 C          2.7567229424       -0.5578249935        0.2299451004
 C          1.3703015602       -0.8654187835       -0.3086646443
 C          0.6502436603        0.4000167174       -0.7580057134
 O          0.3998779931        1.3613932329        0.2429305298
 C         -0.7708748227        0.7352534059       -0.2701005002
 C         -1.5078446765       -0.2350690284        0.5939077759
 O         -2.0344090540       -1.2272277902        0.1795356301
 H          3.2607644226       -1.4531462235        0.6001354370
 H          2.7067314479        0.1617837565        1.0503592419
 H          3.3909185170       -0.1155288995       -0.5435998834
 H          0.7659419584       -1.3529654387        0.4664626821
 H          1.4152406967       -1.5823165600       -1.1372673122
 H          1.0199001142        0.8450232339       -1.6902293298
 H         -1.4007936876        1.3527957545       -0.9188977672
 H         -1.5579368140       -0.0555397676        1.6617875907
  15
 Etot=          -2.4590847884
 C          2.7334948644       -0.5605644270        0.2477796730
 C          1.3678008910       -0.8704188518       -0.3372288660
 C          0.6472584322        0.3969136243       -0.7805086680
 O          0.4192644790        1.3666190002        0.2194959739
 C         -0.7629188408        0.7391044796       -0.2663373301
 C         -1.4804704972       -0.2251145343        0.6181888045
 O         -1.9454754497       -1.2620644304        0.2317246902
 H          3.2413829455       -1.4594831236        0.6017184269
 H          2.6497994882        0.1324445945        1.0873994476
 H          3.3769851846       -0.0831259016       -0.4934937516
 H          0.7471338205       -1.3861600833        0.4071940236
 H          1.4473134715       -1.5690381615       -1.1803431162
 H          1.0033936366        0.8358398561       -1.7215539683
 H         -1.4021049239        1.3462461089       -0.9133019587
 H         -1.5780732436        0.0100304659        1.6775654567
  15
 Etot=          -2.4593526040
 C          2.7150229622       -0.5632096541        0.2592934456
 C          1.3665040714       -0.8767155628       -0.3578263285
 C          0.6450148384        0.3914610024       -0.7969085520
 O          0.4303426004        1.3665604529        0.2006417451
 C         -0.7555831797        0.7385352145       -0.2691210597
 C         -1.4603641461       -0.2143204877        0.6348283291
 O         -1.8728957305       -1.2810851812        0.2774046588
 H          3.2314566129       -1.4596927774        0.6034173810
 H          2.5945920050        0.1083383202        1.1137243606
 H          3.3649876966       -0.0570239139       -0.4534067732
 H          0.7373537168       -1.4101124809        0.3634569201
 H          1.4744639429       -1.5629148620       -1.2091946553
 H          0.9907049756        0.8237629408       -1.7445549729
 H         -1.4064029110        1.3495874798       -0.9012059871
 H         -1.5904131967        0.0580581252        1.6777503257
  15
 Etot=          -2.4595684764
 C          2.6916251781       -0.5657442529        0.2801134342
 C          1.3668865794       -0.8839670942       -0.3921777785
 C          0.6425224908        0.3849008255       -0.8269971025
 O          0.4473354032        1.3653080238        0.1694683411
 C         -0.7474336672        0.7364294741       -0.2741091215
 C         -1.4329033576       -0.2038428406        0.6607768540
 O         -1.7766567891       -1.3101728448        0.3477457366
 H          3.2138510224       -1.4640361417        0.6120270848
 H          2.5323235733        0.0730355354        1.1526940377
 H          3.3583720564       -0.0206471405       -0.3927826425
 H          0.7166242937       -1.4401924713        0.2958012453
 H          1.5100610386       -1.5507835320       -1.2537014681
 H          0.9722729765        0.8122736162       -1.7817303125
 H         -1.4170875739        1.3562332711       -0.8830129105
 H         -1.6130089664        0.1224341879        1.6841834397
  15
 Etot=          -2.4593952266
 C          2.6821151252       -0.5660622195        0.2909379426
 C          1.3741065080       -0.8886090137       -0.4091303742
 C          0.6424198639        0.3778352478       -0.8455556588
 O          0.4464208031        1.3531117483        0.1504705472
 C         -0.7445409953        0.7247236034       -0.2894103751
 C         -1.4244675356       -0.2026930958        0.6690586581
 O         -1.7210299046       -1.3152242394        0.3985511591
 H          3.2107615352       -1.4615784669        0.6239569429
 H          2.5057139589        0.0507282969        1.1603803288
 H          3.3519460050       -0.0068310526       -0.3580333262
 H          0.7129996064       -1.4474467010        0.2612320748
 H          1.5327105398       -1.5448043639       -1.2669206271
 H          0.9620405089        0.8064158357       -1.7995555690
 H         -1.4267407397        1.3804930813       -0.8559433279
 H         -1.6396710210        0.1511699553        1.6682604422
  15
 Etot=          -2.4598404455
 C          2.6608384435       -0.5676244838        0.3052667784
 C          1.3714347338       -0.8927076904       -0.4311111047
 C          0.6387480763        0.3754147795       -0.8641677125
 O          0.4613138674        1.3601249860        0.1275204336
 C         -0.7398759633        0.7305348791       -0.2874839423
 C         -1.4047581061       -0.1887539020        0.6912155023
 O         -1.6426456021       -1.3423361885        0.4516196030
 H          3.1926629868       -1.4672967264        0.6247903116
 H          2.4522456935        0.0246496234        1.1948010705
 H          3.3370869790        0.0188844499       -0.3168441247
 H          0.6997049516       -1.4712827437        0.2154126561
 H          1.5603856242       -1.5333300850       -1.3007534358
 H          0.9459770646        0.7976142947       -1.8270194886
 H         -1.4202337692        1.3778255097       -0.8548878513
 H         -1.6481007216        0.1895119133        1.6699401420
  15
 Etot=          -2.4600985590
 C          2.6586717661       -0.5712065113        0.3044729135
 C          1.3687894492       -0.8909658273       -0.4299591468
 C          0.6384237528        0.3790278024       -0.8604014299
 O          0.4597641672        1.3638504640        0.1316222707
 C         -0.7417005853        0.7335108348       -0.2841315747
 C         -1.4076834511       -0.1879977641        0.6884353245
 O         -1.6133786531       -1.3442323083        0.4608373233
 H          3.1877895327       -1.4721002604        0.6218742247
 H          2.4549329935        0.0263572686        1.1938867954
 H          3.3344134853        0.0106999962       -0.3235563217
 H          0.7019926299       -1.4741644278        0.2166934438
 H          1.5593036155       -1.5291799179       -1.3013374764
 H          0.9477963328        0.8022087638       -1.8234933073
 H         -1.4168868114        1.3730530309       -0.8636106741
 H         -1.6674439661        0.1923674722        1.6669664724
  15
 Etot=          -2.4602814261
 C          2.6574004369       -0.5762338310        0.3011806756
 C          1.3655740041       -0.8888233583       -0.4290106130
 C          0.6391005843        0.3844057988       -0.8546980913
 O          0.4609832828        1.3686999954        0.1384869804
 C         -0.7417710953        0.7387003736       -0.2772263348
 C         -1.4057718933       -0.1884588000        0.6878809062
 O         -1.5630909104       -1.3530196809        0.4782077879
 H          3.1811011055       -1.4793254754        0.6189799300
 H          2.4608090507        0.0290552426        1.1888226824
 H          3.3348635990       -0.0025459756       -0.3334532801
 H          0.7010523739       -1.4739503416        0.2176495742
 H          1.5533361909       -1.5241384453       -1.3034387016
 H          0.9501599122        0.8092799037       -1.8174644031
 H         -1.4135549815        1.3665269547       -0.8717048768
 H         -1.7154074017        0.2010562550        1.6540866014
  15
 Etot=          -2.4604133139
 C          2.6568854575       -0.5831697145        0.2955796028
 C          1.3611915648       -0.8861852677       -0.4285464380
 C          0.6390407909        0.3914256525       -0.8470911019
 O          0.4620788260        1.3729958560        0.1491588843
 C         -0.7427458826        0.7469576046       -0.2695416167
 C         -1.4089508583       -0.1866167468        0.6851200439
 O         -1.4820146831       -1.3693034272        0.5080904507
 H          3.1718240874       -1.4897795185        0.6168738855
 H          2.4692691937        0.0313350993        1.1798252194
 H          3.3387653205       -0.0212987616       -0.3455087306
 H          0.6977053682       -1.4713074834        0.2188821232
 H          1.5422475162       -1.5188575215       -1.3065979752
 H          0.9533100611        0.8198762866       -1.8076817529
 H         -1.4108757270        1.3621738333       -0.8805925442
 H         -1.7829467773        0.2129827245        1.6303287872
  15
 Etot=          -2.4605231710
 C          2.6588626637       -0.5831705228        0.2929134360
 C          1.3616089458       -0.8865385773       -0.4289853973
 C          0.6384120871        0.3908547164       -0.8462708076
 O          0.4641202756        1.3695661317        0.1526068153
 C         -0.7424991771        0.7483961789       -0.2675237256
 C         -1.4101232627       -0.1873551537        0.6846738911
 O         -1.4699541614       -1.3694220788        0.5146650635
 H          3.1712549526       -1.4898949505        0.6190188189
 H          2.4725957534        0.0342789002        1.1745172552
 H          3.3427275175       -0.0253531572       -0.3491332454
 H          0.6980338357       -1.4692842426        0.2207083258
 H          1.5389762502       -1.5205031757       -1.3066831256
 H          0.9535368074        0.8215438697       -1.8050917924
 H         -1.4108571917        1.3656124681       -0.8761819406
 H         -1.8019110379        0.2124982097        1.6190652662
  15
 Etot=          -2.4607102200
 C          2.6659372471       -0.5868810229        0.2821018611
 C          1.3613436938       -0.8867000414       -0.4300527242
 C          0.6367937283        0.3922197461       -0.8405479543
 O          0.4677792165        1.3599278170        0.1681717266
 C         -0.7430831376        0.7542556610       -0.2605921408
 C         -1.4191123825       -0.1878516396        0.6816884231
 O         -1.3956580095       -1.3788459748        0.5527738361
 H          3.1677133644       -1.4952567471        0.6224821303
 H          2.4884909289        0.0431525065        1.1550364057
 H          3.3557528465       -0.0461399192       -0.3675312814
 H          0.7002278487       -1.4638363106        0.2275619612
 H          1.5261540780       -1.5235981754       -1.3077776107
 H          0.9574137381        0.8323658835       -1.7923659713
 H         -1.4088853099        1.3794706540       -0.8640232882
 H         -1.8960835927        0.2189461788        1.5713734641
  15
 Etot=          -2.4608505348
 C          2.6755161540       -0.5852768542        0.2744036612
 C          1.3656911206       -0.8899653885       -0.4301964752
 C          0.6361790998        0.3872004080       -0.8387367457
 O          0.4688388765        1.3454037137        0.1779629753
 C         -0.7431060468        0.7512547854       -0.2594740088
 C         -1.4303907096       -0.1892170721        0.6805385500
 O         -1.3915356328       -1.3747542233        0.5700270016
 H          3.1756550537       -1.4911865985        0.6243846160
 H          2.5021250617        0.0525801821        1.1412698133
 H          3.3644658729       -0.0530831817       -0.3823231537
 H          0.7097553504       -1.4640026943        0.2355205358
 H          1.5246736722       -1.5309424974       -1.3055614497
 H          0.9612111294        0.8348981929       -1.7850013523
 H         -1.4056438923        1.4007218309       -0.8428577739
 H         -1.9486508515        0.2175980129        1.5383426434
  15
 Etot=          -2.4609007304
 C          2.6871226300       -0.5885766808        0.2612556862
 C          1.3683515295       -0.8924789421       -0.4288604969
 C          0.6366360773        0.3859170005       -0.8297995825
 O          0.4681154763        1.3316396913        0.1977359890
 C         -0.7442157606        0.7506713375       -0.2538715106
 C         -1.4457790797       -0.1897906635        0.6775939598
 O         -1.3350827352       -1.3798003066        0.6136153828
 H          3.1819435666       -1.4934840855        0.6207110744
 H          2.5257146977        0.0637964690        1.1201920648
 H          3.3755114823       -0.0723379860       -0.4091430059
 H          0.7194372422       -1.4637133998        0.2458924699
 H          1.5163309349       -1.5349399878       -1.3050696891
 H          0.9694602213        0.8446366617       -1.7683001804
 H         -1.3980057649        1.4226070818       -0.8237752736
 H         -2.0607562594        0.2270824262        1.4801219494
  15
 Etot=          -2.4609365029
 C          2.6858082736       -0.5887813313        0.2628420146
 C          1.3669479581       -0.8926278822       -0.4255053492
 C          0.6362521273        0.3858359985       -0.8276084849
 O          0.4613565012        1.3327987921        0.1983859016
 C         -0.7480918870        0.7495430392       -0.2586328904
 C         -1.4547189516       -0.1866495688        0.6716060935
 O         -1.3419124016       -1.3791347616        0.6122638630
 H          3.1839641140       -1.4929339224        0.6173830788
 H          2.5259337436        0.0630229477        1.1233620878
 H          3.3711003753       -0.0703426260       -0.4091587101
 H          0.7185161707       -1.4652528526        0.2478391434
 H          1.5168061810       -1.5336803482       -1.3025657402
 H          0.9723763826        0.8436661590       -1.7658046355
 H         -1.3960037892        1.4247550052       -0.8300284780
 H         -2.0335505402        0.2210099673        1.4839209431
  15
 Etot=          -2.4609731503
 C          2.6859751694       -0.5877091140        0.2636828883
 C          1.3678686153       -0.8926993762       -0.4232617454
 C          0.6388059191        0.3857767418       -0.8267065129
 O          0.4614132131        1.3368168513        0.1958894079
 C         -0.7459557318        0.7467689777       -0.2578774403
 C         -1.4462546119       -0.1892456226        0.6744912946
 O         -1.3702362564       -1.3745640666        0.5997610678
 H          3.1891366146       -1.4912154740        0.6116548914
 H          2.5256357188        0.0603499201        1.1272240365
 H          3.3670736574       -0.0633754461       -0.4078801263
 H          0.7191992154       -1.4656466510        0.2493585198
 H          1.5187540829       -1.5334223366       -1.3005937438
 H          0.9718040599        0.8397701955       -1.7677406288
 H         -1.3945380107        1.4173998766       -0.8313020609
 H         -2.0238973971        0.2222241400        1.4915989896
  15
 Etot=          -2.4610553968
 C          2.6930726919       -0.5897338928        0.2559032100
 C          1.3689893166       -0.8934609055       -0.4208807929
 C          0.6391793164        0.3856998651       -0.8204517262
 O          0.4589971351        1.3297815743        0.2079630193
 C         -0.7477462932        0.7466627917       -0.2562079662
 C         -1.4575340582       -0.1889694783        0.6702256079
 O         -1.3399187341       -1.3769976768        0.6241177449
 H          3.1940286777       -1.4933866233        0.6070812502
 H          2.5405265142        0.0644831566        1.1162197984
 H          3.3727461502       -0.0728695472       -0.4230702683
 H          0.7244645446       -1.4636943972        0.2581686065
 H          1.5117674483       -1.5359778938       -1.2983719918
 H          0.9773341101        0.8456333762       -1.7568220000
 H         -1.3906883828        1.4287815732       -0.8237180960
 H         -2.0804341788        0.2252766937        1.4581424416
  15
 Etot=          -2.4610881333
 C          2.6992318990       -0.5911638186        0.2497671263
 C          1.3694741564       -0.8935612523       -0.4163050581
 C          0.6401165628        0.3861732383       -0.8139208529
 O          0.4548674925        1.3259458203        0.2177273477
 C         -0.7499126963        0.7461639998       -0.2562752117
 C         -1.4674074807       -0.1888541229        0.6646217723
 O         -1.3258690333       -1.3770761697        0.6387368563
 H          3.2008378670       -1.4951360113        0.5994274021
 H          2.5544502391        0.0656789812        1.1095163575
 H          3.3751252200       -0.0775727505       -0.4356225659
 H          0.7285466172       -1.4604928538        0.2690072024
 H          1.5044477840       -1.5384877438       -1.2934372359
 H          0.9827312574        0.8494996484       -1.7470295084
 H         -1.3874764903        1.4356115785       -0.8211351194
 H         -2.1143791368        0.2245000724        1.4332203252
  15
 Etot=          -2.4611533436
 C          2.7089631273       -0.5932582364        0.2408617575
 C          1.3695208945       -0.8923784049       -0.4061854337
 C          0.6425117396        0.3884107704       -0.8025325401
 O          0.4469263868        1.3239171294        0.2315630860
 C         -0.7533605921        0.7455987049       -0.2574327743
 C         -1.4808845935       -0.1893789482        0.6543828341
 O         -1.3176026071       -1.3754446672        0.6521753245
 H          3.2141595781       -1.4986692360        0.5823168401
 H          2.5777541712        0.0631850709        1.1031396070
 H          3.3760442607       -0.0803714384       -0.4538458852
 H          0.7340963447       -1.4522395666        0.2903437189
 H          1.4902631565       -1.5427680819       -1.2817440053
 H          0.9912836633        0.8545247377       -1.7318874710
 H         -1.3837082064        1.4399111133       -0.8234210981
 H         -2.1511830655        0.2201896689        1.4005648770
  15
 Etot=          -2.4612493804
 C          2.7300334684       -0.5975757014        0.2217497624
 C          1.3697084578       -0.8894044526       -0.3847337249
 C          0.6476827238        0.3936685792       -0.7789620213
 O          0.4329349246        1.3205575687        0.2595947099
 C         -0.7587284367        0.7453488974       -0.2574308686
 C         -1.5044359424       -0.1924547637        0.6353845959
 O         -1.3028178953       -1.3714310753        0.6759236272
 H          3.2420374779       -1.5062325828        0.5457281004
 H          2.6285064919        0.0577801646        1.0896032350
 H          3.3783412029       -0.0864476071       -0.4927419633
 H          0.7461719576       -1.4327316418        0.3365072061
 H          1.4590063814       -1.5525112428       -1.2556681175
 H          1.0083069206        0.8652375955       -1.7009130425
 H         -1.3769624285        1.4459429484       -0.8280142250
 H         -2.2350010458        0.2114819296        1.3322715636
  15
 Etot=          -2.4613047610
 C          2.7484813039       -0.6018414908        0.2058681229
 C          1.3674687476       -0.8830813071       -0.3589289430
 C          0.6529422578        0.4023966704       -0.7555962029
 O          0.4171761160        1.3257883378        0.2813039992
 C         -0.7640888426        0.7474770728       -0.2594972019
 C         -1.5221788863       -0.1969452123        0.6143205102
 O         -1.3088043874       -1.3657656688        0.6784948921
 H          3.2690736827       -1.5160421195        0.5030265390
 H          2.6782109500        0.0437642225        1.0848110580
 H          3.3746530132       -0.0851727987       -0.5247254613
 H          0.7552105884       -1.4059503287        0.3879150989
 H          1.4231282401       -1.5617203812       -1.2216977751
 H          1.0242142544        0.8746526948       -1.6725658604
 H         -1.3753039865        1.4385933793       -0.8473731670
 H         -2.2753987930        0.1950755453        1.2829432286
  15
 Etot=          -2.4613650780
 C          2.7655507617       -0.6063721000        0.1891012268
 C          1.3669543753       -0.8794829116       -0.3402802456
 C          0.6555312850        0.4077378697       -0.7358254720
 O          0.4048924341        1.3222178033        0.3045717884
 C         -0.7690455941        0.7491086483       -0.2590185871
 C         -1.5423827181       -0.2004881815        0.5975590563
 O         -1.2863655015       -1.3634334376        0.7009811112
 H          3.2873568822       -1.5238063513        0.4732617698
 H          2.7228425112        0.0397007943        1.0702865752
 H          3.3767432133       -0.0946624036       -0.5579583804
 H          0.7666496550       -1.3863687941        0.4276319356
 H          1.3947149368       -1.5689782986       -1.1962112714
 H          1.0395458937        0.8866373510       -1.6444433131
 H         -1.3714380599        1.4443251238       -0.8528985515
 H         -2.3467658167        0.1850935038        1.2215411955
  15
 Etot=          -2.4613973700
 C          2.7568391811       -0.6054108186        0.1956414139
 C          1.3672259605       -0.8801258126       -0.3483963842
 C          0.6529002008        0.4060878619       -0.7446033903
 O          0.4093885007        1.3227135423        0.2940219848
 C         -0.7669897096        0.7491802855       -0.2585183386
 C         -1.5328604480       -0.2002057632        0.6050374174
 O         -1.2861344426       -1.3653235138        0.6956639323
 H          3.2725627791       -1.5217078232        0.4883928509
 H          2.7041549191        0.0429358724        1.0717237131
 H          3.3758574365       -0.0959698747       -0.5439017204
 H          0.7641964348       -1.3927470582        0.4094132387
 H          1.4067710103       -1.5637170554       -1.2043445351
 H          1.0337332892        0.8845136907       -1.6545326944
 H         -1.3741066338        1.4428956963       -0.8503525854
 H         -2.3187542202        0.1881093866        1.2430539347
