     -2.461573385258     -2.461732046783         0.23821E-03
     -2.461556287602     -2.461712721589         0.33279E-03
     -2.461575975555     -2.461734222776         0.29969E-03
     -2.461540778905     -2.461709569007         0.27692E-03
     -2.461574133998     -2.461732513481         0.56386E-03
     -2.461510291880     -2.461678632256         0.67141E-03
     -2.461559442969     -2.461714787431         0.22956E-03
     -2.461577653981     -2.461735037284         0.18914E-03
     -2.461543444560     -2.461711110256         0.67938E-03
     -2.461547251103     -2.461717450352         0.98505E-03
     -2.461536583455     -2.461705104416         0.98095E-03
     -2.461536331100     -2.461706407088         0.96987E-03
     -2.461548237512     -2.461704177870         0.36693E-03
     -2.461557870698     -2.461716093756         0.66044E-03
     -2.461544886823     -2.461711965176         0.51991E-03
     -2.461563911304     -2.461720801651         0.98269E-03
     -2.461550948670     -2.461708133452         0.50250E-03
     -2.461535980034     -2.461703693157         0.50328E-03
     -2.461562521985     -2.461722049575         0.97551E-03
     -2.461569327501     -2.461728200922         0.68485E-03
     -2.461532716004     -2.461703113471         0.89206E-03
     -2.461566671088     -2.461724807385         0.37786E-03
     -2.461543191263     -2.461711438989         0.97339E-03
     -2.461553469447     -2.461722635376         0.31181E-03
     -2.461088766482     -2.461246065929         0.90522E-03
     -2.461530038122     -2.461699344625         0.57204E-03
     -2.461530469454     -2.461699349125         0.61039E-03
     -2.461554303011     -2.461713336167         0.83253E-03
     -2.461114869368     -2.461271759404         0.36487E-03
     -2.461109435577     -2.461266184839         0.35898E-03
     -2.461542500822     -2.461710624833         0.57342E-03
     -2.461565646693     -2.461722831870         0.66659E-03
     -2.461102743695     -2.461259773207         0.46158E-03
     -2.461568783245     -2.461726511170         0.70873E-03
     -2.461508516645     -2.461676428454         0.92418E-03
     -2.461558298345     -2.461716387875         0.32178E-03
     -2.461093363407     -2.461249691768         0.74460E-03
     -2.461106554368     -2.461262395972         0.76826E-03
     -2.461113512752     -2.461271643358         0.78207E-03
     -2.461111493277     -2.461267118103         0.61006E-03
     -2.461542646939     -2.461711095254         0.61041E-03
     -2.461106940833     -2.461263843934         0.49371E-03
     -2.461112963267     -2.461269783607         0.27906E-03
     -2.461562517181     -2.461720200500         0.39239E-03
     -2.461110727632     -2.461267304926         0.30799E-03
