15
 energy: -22.863525427822 gnorm: 0.052427136026 xtb: 6.7.1 (edcfbbe)
C            2.54308479120000       -0.50609200670000        0.29923982140000
C            1.20956827070000       -0.63056640770000       -0.41402636430000
C            0.50947391200000        0.71573722540000       -0.54485026590000
O           -0.01325170300000        1.26322318620000        0.63986685480000
C           -1.00103203380000        0.89712555410000       -0.31245844390000
C           -1.87682174880000       -0.26416434280000        0.03037854660000
O           -1.47656931440000       -1.37922609570000        0.16299772900000
H            2.41129073320000       -0.06647475910000        1.28903689580000
H            3.22561705510000        0.14145929200000       -0.25271528400000
H            3.03258399710000       -1.47356943380000        0.42648314550000
H            0.55119856500000       -1.30740867850000        0.14245847990000
H            1.33171908710000       -1.08282042400000       -1.40560890110000
H            1.03857781870000        1.45002733040000       -1.16282022320000
H           -1.50764151030000        1.74814947730000       -0.78037791020000
H           -2.93003836920000       -0.09469989940000        0.22098910280000
15
 energy: -22.869223759515 gnorm: 0.023596027527 xtb: 6.7.1 (edcfbbe)
C            2.55634210834013       -0.48644152546879        0.28939725548790
C            1.21542229116596       -0.63804526629544       -0.41089683133518
C            0.50889302339716        0.69878214091684       -0.50909375537292
O           -0.02091868515034        1.24324079021219        0.66852889974926
C           -0.97163956750857        0.86923734403764       -0.30667505391859
C           -1.87880225993292       -0.26538154905598        0.04875136494103
O           -1.54326774210799       -1.41227089718694        0.20611001634613
H            2.41268469212269       -0.06067370904687        1.28224484821698
H            3.22927562879624        0.16429329510063       -0.26866379895913
H            3.03147566635259       -1.45959491516124        0.40109461124109
H            0.58648071765752       -1.32707613721231        0.15420521115392
H            1.34335276523316       -1.05382498044019       -1.41545047301293
H            0.99065730239181        1.43305958469788       -1.15868193645288
H           -1.46225640725435        1.71617976002257       -0.78804775359949
H           -2.94993998290309       -0.01078391742001        0.14577057871480
15
 energy: -22.870441136685 gnorm: 0.024317317916 xtb: 6.7.1 (edcfbbe)
C            2.57222715952286       -0.47804695379335        0.28185682462651
C            1.21970228332868       -0.64330519088213       -0.40555711690091
C            0.50059608877886        0.68186772139664       -0.48250829477741
O           -0.03605682003047        1.22055442510386        0.68828840539670
C           -0.95883368356552        0.84623143028411       -0.30814184357682
C           -1.89423905447368       -0.27128154590090        0.02263194742779
O           -1.59820386321918       -1.41958006059811        0.26472924181433
H            2.42747358454332       -0.05817891366558        1.27509251696731
H            3.22644062911811        0.18183564109901       -0.28445310342268
H            3.05307162520058       -1.44791989157034        0.38050185210314
H            0.61489071554553       -1.34950914994079        0.16009719370464
H            1.35122411787541       -1.02676926434205       -1.42083594329354
H            0.96712752062022        1.42111764589221       -1.13388786582397
H           -1.43951441759440        1.69111468270502       -0.79776734450425
H           -2.95814633505031        0.06256944191240        0.09854671345914
15
 energy: -22.870872008384 gnorm: 0.014256677834 xtb: 6.7.1 (edcfbbe)
C            2.58085519310808       -0.47551214420811        0.27644782698792
C            1.22136602000388       -0.64839870270363       -0.40113833711404
C            0.49708988177809        0.67340270598405       -0.47551113616845
O           -0.03545436263484        1.21465616837423        0.69402461324143
C           -0.96027207826627        0.84217002493595       -0.29839623692660
C           -1.90296298643521       -0.26460923742526        0.04393216344336
O           -1.62182252117719       -1.41012553202294        0.27787439582095
H            2.44289769248890       -0.05243143535510        1.26861442149616
H            3.22314955746517        0.18798586936301       -0.29871539945258
H            3.07088434038033       -1.44058817352680        0.37292570011238
H            0.62625159901939       -1.36045889673793        0.16768319578031
H            1.34970140634256       -1.02770279128288       -1.41700491867708
H            0.96967576379158        1.41232295216753       -1.12307541281238
H           -1.43991763105559        1.68589934502049       -0.79195423002415
H           -2.97368232420888        0.07408986511739        0.04288653749274
15
 energy: -22.871207288372 gnorm: 0.006320520468 xtb: 6.7.1 (edcfbbe)
C            2.58627960760647       -0.47332352148937        0.27109316699028
C            1.22192289042184       -0.65427213507204       -0.39616367441697
C            0.49690543106535        0.66818541801223       -0.46718700213246
O           -0.04196246220964        1.20777123762564        0.70042976861262
C           -0.96602746264669        0.84276391487747       -0.29613874571110
C           -1.91547416125138       -0.26226040027829        0.03427607292066
O           -1.63463997224612       -1.39787275337650        0.29322822187024
H            2.45684072709754       -0.04851211805920        1.26380881133691
H            3.21857926380122        0.19355819640846       -0.31188936734725
H            3.08489459850905       -1.43433632891022        0.36443998836375
H            0.63284774988703       -1.36973903533402        0.17548952475001
H            1.34579205619773       -1.03474932898072       -1.41150586595871
H            0.97919450722078        1.40806031974782       -1.10813273052206
H           -1.43997697292559        1.68938749964568       -0.79254857342858
H           -2.97741624992759        0.07603905288304        0.01939358787263
15
 energy: -22.871631861541 gnorm: 0.006150999478 xtb: 6.7.1 (edcfbbe)
C            2.59838948036556       -0.46926214902219        0.25590062761572
C            1.22162742088362       -0.66390633095330       -0.38454644760501
C            0.49709326782195        0.65936339923095       -0.44475738887574
O           -0.05445893065012        1.19304107493179        0.71914803576288
C           -0.97133576871201        0.84021641015646       -0.28930891800872
C           -1.93603299905749       -0.25940576665372        0.02011797457645
O           -1.66256956339103       -1.37888055448669        0.35815960110580
H            2.48748688216297       -0.04414129910248        1.25105693412066
H            3.20849229792152        0.20579903893654       -0.34265148961692
H            3.11342481328532       -1.42289086795766        0.33865626287805
H            0.64555630901691       -1.38348775440176        0.19613820617201
H            1.33121549451447       -1.04406029647565       -1.40140123453943
H            0.99147444197239        1.40297351586438       -1.07512015905443
H           -1.43209989855808        1.69176063769765       -0.79244761089511
H           -2.99050369697597        0.08358095993565       -0.07035121043625
15
 energy: -22.871997851683 gnorm: 0.017187687257 xtb: 6.7.1 (edcfbbe)
C            2.61002747045621       -0.46605840625888        0.23439896625925
C            1.21631810217714       -0.67268873344218       -0.36546123005606
C            0.49557086625691        0.65204889841893       -0.41806132751752
O           -0.06350213202919        1.17950042684967        0.74318460473017
C           -0.97609104404213        0.84376624891285       -0.27540396379842
C           -1.94942327170611       -0.25605590587402        0.00330472984490
O           -1.67858555811520       -1.34963274297874        0.43671521213000
H            2.52606700495960       -0.03866353533123        1.23205612658698
H            3.19530243566866        0.21337075185453       -0.38475583386208
H            3.13854014704221       -1.41338631156252        0.30505159046468
H            0.65523391054641       -1.38629797496288        0.23776930987768
H            1.29824526829244       -1.06314540155301       -1.38169741546846
H            0.99743024123045        1.39763463732061       -1.04264535524822
H           -1.41978504618442        1.70274344086337       -0.78132194820928
H           -2.99758884395298        0.06756462544349       -0.20454028253368
15
 energy: -22.872502512807 gnorm: 0.010154166529 xtb: 6.7.1 (edcfbbe)
C            2.61191067202590       -0.46448020686065        0.22056652473486
C            1.20766276052450       -0.67579869168295       -0.34906681076689
C            0.49356363990013        0.65117442614403       -0.40620886799237
O           -0.06075340794768        1.17621529492689        0.75602956048474
C           -0.97725493340436        0.85336120941140       -0.26261481188955
C           -1.94499758668091       -0.25505229748776       -0.00974168524756
O           -1.67448089809043       -1.33168199515652        0.45530060749700
H            2.54715658433048       -0.02960759775968        1.21701102568198
H            3.18597973154941        0.20972188168627       -0.41349802361103
H            3.14143009243141       -1.41064835672741        0.28940011005196
H            0.65328323969798       -1.37318453645566        0.27981779124124
H            1.26501905689908       -1.08698627786541       -1.36030618865212
H            0.99451249342605        1.39457005069406       -1.03396252601928
H           -1.41099833417340        1.71929449093791       -0.76233659673214
H           -2.98427355988819        0.03380262389547       -0.28179692558093
15
 energy: -22.873025143363 gnorm: 0.009841626849 xtb: 6.7.1 (edcfbbe)
C            2.61255742085660       -0.46803553071463        0.20100661735978
C            1.19393749166352       -0.67110381765204       -0.32711221141633
C            0.49301057895786        0.66196301153127       -0.39014118514436
O           -0.06120594497601        1.18303959981529        0.77105752041738
C           -0.97732033420018        0.86416403301569       -0.24775385512867
C           -1.92869388860741       -0.25744225518223       -0.02286037795718
O           -1.66614594588489       -1.30962902256689        0.50028180514263
H            2.57565275815053       -0.02241578089315        1.19414206013349
H            3.17646040514827        0.19313343494316       -0.45275772757639
H            3.13244797995483       -1.41919347553626        0.26511674007500
H            0.64576320892275       -1.34198571586218        0.33618564933517
H            1.21832664449868       -1.11261279754850       -1.32875781509484
H            0.99344492766543        1.40275515244620       -1.01841990759142
H           -1.40622044215045        1.73294651342174       -0.74161178277261
H           -2.95425530939959       -0.02488333151748       -0.39978234658176
15
 energy: -22.873088792937 gnorm: 0.013245113044 xtb: 6.7.1 (edcfbbe)
C            2.60713720985040       -0.47696344970809        0.19373944308795
C            1.18132404063421       -0.65639904891386       -0.31259012326637
C            0.49320128884158        0.68283415839379       -0.38866751195408
O           -0.06342617661025        1.20028818697964        0.77169351447622
C           -0.97571801758271        0.87244662503722       -0.24632294901007
C           -1.90065521190937       -0.26480038567402       -0.03210741782590
O           -1.65297717914601       -1.30475664565770        0.50630418795936
H            2.58847459210517       -0.02191521189495        1.18154039683990
H            3.17635924646863        0.16516361431735       -0.47121663279553
H            3.10421827507067       -1.44043321279091        0.25911241901972
H            0.62919130894551       -1.30107240678486        0.37117606423523
H            1.18634023692443       -1.11984258079948       -1.30395340634599
H            0.99089362128894        1.42069682232074       -1.01725820866352
H           -1.41330607757182        1.73752352779598       -0.73487822334379
H           -2.90329760670943       -0.08206997492086       -0.43797836921323
15
 energy: -22.873404697677 gnorm: 0.022286383536 xtb: 6.7.1 (edcfbbe)
C            2.61547621516154       -0.48234778800246        0.17383016813406
C            1.16978364543849       -0.65189054808260       -0.28886989380159
C            0.49217641365202        0.69281481396357       -0.36465625061027
O           -0.07516898255718        1.20578606388444        0.79125951292729
C           -0.97985067144561        0.87931384130610       -0.23426517454263
C           -1.89519896321156       -0.26779242274555       -0.04768076179319
O           -1.66152301976765       -1.27725588776109        0.57900951800030
H            2.63346646844768       -0.01954146004740        1.16014674698185
H            3.17098029013216        0.14860756650611       -0.51684194880084
H            3.10506137768432       -1.45075001773892        0.23116276958368
H            0.62689983591422       -1.27947227389808        0.41974525269074
H            1.14211742153749       -1.12853549022378       -1.27510484063162
H            0.99527317805489        1.42960134040733       -0.98969272816842
H           -1.41431613643743        1.74263091443773       -0.72990887923817
H           -2.87741752200347       -0.13046863430541       -0.56954030753131
15
 energy: -22.873584124830 gnorm: 0.004935934654 xtb: 6.7.1 (edcfbbe)
C            2.61751717804282       -0.47994794120103        0.18246293236511
C            1.17777752124242       -0.65556153976584       -0.29864544013434
C            0.49237407742552        0.68594101580376       -0.36848547686698
O           -0.07555721897456        1.20497428995139        0.78648569417591
C           -0.98045088175171        0.87353710833518       -0.23776702539020
C           -1.90713999931792       -0.26639672636844       -0.03783623526943
O           -1.67254805191106       -1.28743160062961        0.55158275284516
H            2.62505071954315       -0.01921473219393        1.16848932504877
H            3.17680535192290        0.15505120816476       -0.50231760571091
H            3.11188604221454       -1.44512568956792        0.24499490887251
H            0.63535106400027       -1.29890825899014        0.39344391337172
H            1.16497768711493       -1.11520298859040       -1.28968109181978
H            0.99624876427315        1.42304880102615       -0.99552925661076
H           -1.41845553006961        1.73289515806566       -0.74125798656493
H           -2.89607717315492       -0.09695808633959       -0.51734622511196
15
 energy: -22.873697975866 gnorm: 0.005613138709 xtb: 6.7.1 (edcfbbe)
C            2.62021934420983       -0.48248662416783        0.17686081140426
C            1.17555243583044       -0.65207988964433       -0.29189165517410
C            0.49214297873773        0.69076274088754       -0.36060149019540
O           -0.08270465059894        1.20888940380446        0.79161769608296
C           -0.98221063184902        0.87478498232695       -0.23641098680531
C           -1.90601907507566       -0.26916017348116       -0.04369160494365
O           -1.68000304646159       -1.27936093857931        0.57008696161275
H            2.63955682358889       -0.01681612181453        1.15992141205145
H            3.17858717438994        0.14462604033208       -0.51544456621386
H            3.10799860650299       -1.45106114306900        0.24011307382391
H            0.63689583665065       -1.29188431972995        0.40688298676837
H            1.15253763068122       -1.11361561711392       -1.28167164992053
H            0.99825700262295        1.42835695802771       -0.98533379598691
H           -1.42173215628110        1.73150776033502       -0.74366740418685
H           -2.88131872234840       -0.11176304041371       -0.54817660511721
15
 energy: -22.873766022315 gnorm: 0.014631970676 xtb: 6.7.1 (edcfbbe)
C            2.63038338594935       -0.49087190952905        0.15346273216342
C            1.16531080415715       -0.64099430790083       -0.26292724650360
C            0.49079546660996        0.70751852941782       -0.32874469636471
O           -0.10397596327378        1.22517765895918        0.81411085840157
C           -0.98762253594116        0.88176277130400       -0.22330531345288
C           -1.89995665188453       -0.27772297604979       -0.05889665279776
O           -1.71078246074222       -1.24538711218650        0.63623240450543
H            2.69686273730406       -0.00196518561565        1.12378216207722
H            3.18153025074720        0.10491687015310       -0.57413645711330
H            3.09542637622046       -1.47114513312908        0.22252382728451
H            0.64160127441094       -1.26595671792712        0.46272992097011
H            1.10164768990721       -1.11344364451817       -1.24653712640299
H            1.00425901903265        1.44484967148459       -0.94802749000468
H           -1.43165809385831        1.72844537003645       -0.74556861264383
H           -2.82606174803906       -0.17448386679894       -0.68610512691869
15
 energy: -22.873914542426 gnorm: 0.004079502076 xtb: 6.7.1 (edcfbbe)
C            2.62702662513351       -0.48842540430866        0.16069568474701
C            1.17023277028037       -0.64333946297925       -0.27268283385118
C            0.49102961103386        0.70243871052036       -0.33824229669992
O           -0.10098418739976        1.21845200097824        0.80691626920676
C           -0.98606600855773        0.87828573067433       -0.23036463320922
C           -1.90347845011475       -0.27624589903599       -0.05522174813435
O           -1.70762781276228       -1.25368217366823        0.61773596336205
H            2.67827320497751       -0.00412137651274        1.13227791328314
H            3.18189150869942        0.11342566589835       -0.55633279662504
H            3.09755955472246       -1.46546402815209        0.23232862514582
H            0.64242263732576       -1.27606931648534        0.44143107028964
H            1.11976377777330       -1.10973248104884       -1.25906160403066
H            1.00334252559532        1.44208178971989       -0.95563682806966
H           -1.42863744203547        1.72785682285360       -0.74775468552215
H           -2.83698876407160       -0.15476056075364       -0.63749491669238
15
 energy: -22.873958295276 gnorm: 0.003439574940 xtb: 6.7.1 (edcfbbe)
C            2.62778860196487       -0.48924667465867        0.15575898847492
C            1.16807075989922       -0.64224692918964       -0.26730686865409
C            0.49045982012267        0.70437146439282       -0.33243979696561
O           -0.10466678809627        1.21852684633501        0.81186803397585
C           -0.98656085107299        0.87982173526950       -0.22819986816295
C           -1.90198319095040       -0.27730528009862       -0.05876347419095
O           -1.71510980922432       -1.24490329383089        0.63034568978186
H            2.68742966021729        0.00107841323267        1.12411422986405
H            3.17998425930243        0.10599016284093       -0.56913946172737
H            3.09584704437890       -1.46719516408962        0.23085752443717
H            0.64265871526678       -1.27205178004075        0.45139322936453
H            1.11048756280677       -1.11162745730341       -1.25228418561946
H            1.00434705390467        1.44483513961691       -0.94732565295424
H           -1.42773036125163        1.72945292305133       -0.74621669578357
H           -2.82326292666808       -0.16880008782756       -0.66406850864030
15
 energy: -22.874004978218 gnorm: 0.005405331471 xtb: 6.7.1 (edcfbbe)
C            2.62957082552722       -0.49084673664261        0.14264399770709
C            1.16304792820150       -0.64088098796615       -0.25471157869867
C            0.48883951102880        0.70769625573288       -0.31690660851523
O           -0.11457854298515        1.21714184560597        0.82528605684924
C           -0.98799361527943        0.88326514944084       -0.22272220243388
C           -1.89912845145981       -0.27890359404578       -0.06698988097305
O           -1.73834671674167       -1.21905780580661        0.66646638952580
H            2.70832384576920        0.01446089312667        1.10220583821365
H            3.17321879010307        0.08892491205379       -0.60089588042169
H            3.09389403399396       -1.46989469978477        0.22670529517064
H            0.64465007143100       -1.26463552956001        0.47469356311162
H            1.08891330430294       -1.11622674757036       -1.23629053028592
H            1.00774873303452        1.45063293746542       -0.92444717421911
H           -1.42444112515698        1.73372073397873       -0.74272521752643
H           -2.78595904116927       -0.20469660832799       -0.73371888430422
15
 energy: -22.874023521728 gnorm: 0.001397579604 xtb: 6.7.1 (edcfbbe)
C            2.62899690523002       -0.48971386704664        0.14423265333923
C            1.16371754980834       -0.64250601503253       -0.25671612696108
C            0.48889804190568        0.70574308746211       -0.31859895937500
O           -0.11292481744141        1.21549230214640        0.82432381657497
C           -0.98749630136443        0.88276570857189       -0.22324266181057
C           -1.90016927500822       -0.27783931940031       -0.06585369367154
O           -1.73886681272889       -1.21985529792372        0.66085811507288
H            2.70457711379175        0.01500197360503        1.10444600612799
H            3.17238862417120        0.09184311563912       -0.59787017879099
H            3.09582995893771       -1.46751922995404        0.22840637240949
H            0.64450500452959       -1.26781526695878        0.47080150606466
H            1.09249694815924       -1.11665141196597       -1.23908496798150
H            1.00770551182405        1.44867927290377       -0.92626451620885
H           -1.42302741533703        1.73417813715744       -0.74248018588243
H           -2.78887148587772       -0.20110317150376       -0.72436399570744
15
 energy: -22.874030712736 gnorm: 0.002686427265 xtb: 6.7.1 (edcfbbe)
C            2.62924373281420       -0.48950791627355        0.14238903211283
C            1.16381930863778       -0.64314388913402       -0.25613485746988
C            0.48862660465875        0.70492320792404       -0.31611454155823
O           -0.11543091734467        1.21316541605927        0.82642937645012
C           -0.98773757772134        0.88229279362804       -0.22372530080325
C           -1.90093062013213       -0.27737182274125       -0.06730916683461
O           -1.74852148874692       -1.21163883455618        0.67317399187939
H            2.70524989920641        0.01596622103857        1.10149833720344
H            3.16988972172583        0.09160555109498       -0.60097717631712
H            3.09749387256747       -1.46667078342091        0.22657413688353
H            0.64629125759447       -1.26955707386232        0.47089899959457
H            1.09173201258079       -1.11585224243653       -1.23869407677172
H            1.00909567358544        1.44913245705263       -0.92091114641147
H           -1.42147391658902        1.73454282774857       -0.74300248349200
H           -2.77958801223713       -0.20718589442134       -0.73550194126575
15
 energy: -22.874036441466 gnorm: 0.001495689354 xtb: 6.7.1 (edcfbbe)
C            2.62965873292319       -0.48953183684085        0.14078906226591
C            1.16306218237702       -0.64343779590001       -0.25480694666428
C            0.48847828690941        0.70505371664599       -0.31404493116574
O           -0.11590084941239        1.21344388242475        0.82828140455051
C           -0.98787599742217        0.88286530766791       -0.22224929719211
C           -1.90060803290535       -0.27708824013834       -0.06783719133589
O           -1.75415788972006       -1.20609024955903        0.67975000177287
H            2.70752034111493        0.01689382663357        1.09945681112544
H            3.16862302133620        0.09090129179900       -0.60430692905645
H            3.09805815234114       -1.46671848449474        0.22449658808994
H            0.64672844426031       -1.26924903045686        0.47390585495102
H            1.08896861559781       -1.11665509198623       -1.23713954581268
H            1.00956112431121        1.44909918812029       -0.91852006163876
H           -1.42101360595623        1.73506673290405       -0.74225910833732
H           -2.77334297515511       -0.21385319911949       -0.74692252835263
15
 energy: -22.874042220461 gnorm: 0.000933544135 xtb: 6.7.1 (edcfbbe)
C            2.62974581041169       -0.48962195556535        0.14144610262648
C            1.16305446706608       -0.64357212966938       -0.25586530854115
C            0.48864250954639        0.70508340690154       -0.31478387968105
O           -0.11429297630737        1.21458180368515        0.82776324683774
C           -0.98773392872450        0.88292821448860       -0.22124545963509
C           -1.90039774582341       -0.27665314594336       -0.06640958802313
O           -1.75893903832786       -1.20170081751024        0.68595474911855
H            2.70629721495563        0.01315909594929        1.10237814489492
H            3.16847774467662        0.09443229511177       -0.60119241728974
H            3.09878206847881       -1.46682195701972        0.22098691389123
H            0.64661114759013       -1.26997258015319        0.47231371517492
H            1.08991807681134       -1.11600400933821       -1.23866590112137
H            1.00905141907148        1.44834451339069       -0.92077100007347
H           -1.42141137525487        1.73448069103053       -0.74208003558366
H           -2.77004584357026       -0.21796340765809       -0.75123609939536
15
 energy: -22.874045872232 gnorm: 0.001089353714 xtb: 6.7.1 (edcfbbe)
C            2.62953087801709       -0.49012396845101        0.14288154934343
C            1.16374072369415       -0.64273172707768       -0.25829943132848
C            0.48914385536899        0.70574990689800       -0.31671983065571
O           -0.11436902365495        1.21443093898015        0.82590935091099
C           -0.98739214168770        0.88193843497529       -0.22321109367817
C           -1.89899824775981       -0.27866705140870       -0.06685722343212
O           -1.75922529078646       -1.19948214382809        0.69138811509813
H            2.70365192051739        0.00828841226436        1.10650452350777
H            3.17104041074590        0.09785824339664       -0.59551791942349
H            3.09827917737279       -1.46752633132431        0.21964020247945
H            0.64518862067263       -1.27046094174393        0.46751119207262
H            1.09283487696905       -1.11353388029558       -1.24219533448514
H            1.00899378590685        1.44961366912059       -0.92242415173826
H           -1.42211485594416        1.73303592423030       -0.74382816338881
H           -2.77254513883187       -0.21768946803601       -0.74618860208235
15
 energy: -22.874052390193 gnorm: 0.000765011194 xtb: 6.7.1 (edcfbbe)
C            2.62906198078972       -0.49068086079939        0.14421011712492
C            1.16419946717198       -0.64218507864880       -0.26070489872859
C            0.48922354386468        0.70605925604421       -0.31894611649293
O           -0.11349156628964        1.21446837248708        0.82423521200642
C           -0.98735092998463        0.88171398656152       -0.22409898733503
C           -1.90027155836592       -0.27768433788247       -0.06329149107341
O           -1.75949423350035       -1.19673163199475        0.69709255056001
H            2.70100659022221        0.00306700038851        1.11062062421500
H            3.17254099545296        0.10170224606217       -0.58991603333540
H            3.09810782149088       -1.46811031204128        0.21731225215768
H            0.64392766124211       -1.27109934650515        0.46307423242085
H            1.09555858174248       -1.11162700525579       -1.24554172600065
H            1.00851433588072        1.45017933376181       -0.92478163112967
H           -1.42280118468378        1.73252049397339       -0.74443549936897
H           -2.77097195443352       -0.22089209845105       -0.74623542182039
15
 energy: -22.874057247884 gnorm: 0.000588898792 xtb: 6.7.1 (edcfbbe)
C            2.62792204065807       -0.49109707095088        0.14637904508835
C            1.16454657137129       -0.64210514358084       -0.26346016025977
C            0.48933740700847        0.70609056447172       -0.32118407534567
O           -0.11155781019806        1.21561097963917        0.82254527632466
C           -0.98696021511025        0.88181145190626       -0.22428708385687
C           -1.90017763728758       -0.27699818685840       -0.06036216377720
O           -1.75894970286986       -1.19344443298242        0.70265467332226
H            2.69700843993138       -0.00274739900584        1.11568573191904
H            3.17157862354193        0.10624538629040       -0.58307016040083
H            3.09841014561129       -1.46831003224202        0.21415289467321
H            0.64280009134437       -1.27258856716766        0.45775603125092
H            1.09911362938216       -1.10963209254824       -1.24940331178195
H            1.00748394412538        1.44983183290553       -0.92844213674827
H           -1.42331441000039        1.73194157566538       -0.74503636476628
H           -2.76948156690829       -0.22390884784215       -0.74533501244176
15
 energy: -22.874061997034 gnorm: 0.000506381077 xtb: 6.7.1 (edcfbbe)
C            2.62669533356182       -0.49110858556936        0.14867439739466
C            1.16474703275096       -0.64251462566469       -0.26638645365563
C            0.48928114907912        0.70554486369646       -0.32407900031996
O           -0.10876753486178        1.21688554196971        0.82037753772074
C           -0.98657310800584        0.88212844000896       -0.22415312919291
C           -1.89950291599632       -0.27643584493858       -0.05736572008623
O           -1.75860688398235       -1.19010210877363        0.70897171110744
H            2.69165157054132       -0.00965448702641        1.12155121300871
H            3.17090459949708        0.11245807966830       -0.57489191974125
H            3.09920109852148       -1.46781646233323        0.21070997236106
H            0.64085282585899       -1.27498021101441        0.45144844602476
H            1.10328407453106       -1.10739117049022       -1.25373433593585
H            1.00628989760961        1.44844620977186       -0.93339703426261
H           -1.42376159926214        1.73166215315084       -0.74531959640821
H           -2.76793598924311       -0.22642177475559       -0.74381290481490
15
 energy: -22.874065923450 gnorm: 0.000233792493 xtb: 6.7.1 (edcfbbe)
C            2.62532309272289       -0.49114332256375        0.15121932593279
C            1.16504479312147       -0.64286884954074       -0.26992760514336
C            0.48928136438185        0.70503466536915       -0.32733405670177
O           -0.10571953646113        1.21792903245922        0.81805201261267
C           -0.98625029312374        0.88240683380553       -0.22378806039258
C           -1.89850030049823       -0.27614253363190       -0.05457714450608
O           -1.75838339309929       -1.18738512592763        0.71487357985191
H            2.68588225932098       -0.01593109574873        1.12740812444195
H            3.17036986989497        0.11836901352797       -0.56669072154144
H            3.09980158536489       -1.46718093487861        0.20850454224746
H            0.63930032665687       -1.27733767003023        0.44470215800790
H            1.10760364280744       -1.10552043743959       -1.25857493667220
H            1.00508386507758        1.44705433392102       -0.93881774219488
H           -1.42429996567338        1.73144759515737       -0.74502092386644
H           -2.76677775989328       -0.22803148677908       -0.74143536887611
15
 energy: -22.874068258310 gnorm: 0.000147401638 xtb: 6.7.1 (edcfbbe)
C            2.62422652072183       -0.49115450197741        0.15302761669789
C            1.16524724915788       -0.64302971991470       -0.27271356559999
C            0.48943075933237        0.70478356562533       -0.32994581476304
O           -0.10319748780053        1.21849065835199        0.81627775510631
C           -0.98592487268758        0.88249099391563       -0.22340486996307
C           -1.89768507959826       -0.27601573891826       -0.05236229727328
O           -1.75775788074520       -1.18586800259253        0.71877286444136
H            2.68098336606441       -0.01976872427621        1.13125081096215
H            3.17085273366489        0.12195865077894       -0.56061891989409
H            3.09971831234228       -1.46676379887980        0.20801162030057
H            0.63763724393714       -1.27907456352980        0.43919469815244
H            1.11106295333813       -1.10383742859489       -1.26237168599144
H            1.00414926786569        1.44625637284892       -0.94301551303675
H           -1.42477714201134        1.73121810400856       -0.74446381598803
H           -2.76620639298183       -0.22898584914577       -0.73904569995121
15
 energy: -22.874069757567 gnorm: 0.000174237984 xtb: 6.7.1 (edcfbbe)
C            2.62347716433097       -0.49126684602542        0.15447251404196
C            1.16552216036667       -0.64294578200734       -0.27492134174462
C            0.48952714640094        0.70476402660880       -0.33181480569278
O           -0.10152140488753        1.21871433323883        0.81509733850063
C           -0.98572535128716        0.88248894337551       -0.22317364760446
C           -1.89717456653016       -0.27600610856770       -0.05082501498972
O           -1.75683254463435       -1.18540304815541        0.72085398400879
H            2.67775756983683       -0.02144776043434        1.13357410791489
H            3.17142538425679        0.12323379069738       -0.55692654827556
H            3.09924060531810       -1.46675122042435        0.20901260660942
H            0.63664613833741       -1.28005606884317        0.43507699932454
H            1.11352918255667       -1.10244990568017       -1.26530284528330
H            1.00339514007821        1.44604027894149       -0.94580387168749
H           -1.42524994489831        1.73110212387647       -0.74387022486931
H           -2.76625712864521       -0.22931673890061       -0.73685606705318
15
 energy: -22.874071104318 gnorm: 0.000165146121 xtb: 6.7.1 (edcfbbe)
C            2.62279747112549       -0.49134288688723        0.15566476095659
C            1.16576917778180       -0.64285536290624       -0.27687965680111
C            0.48965085100045        0.70481064764164       -0.33332148481969
O           -0.10017159522440        1.21880666724690        0.81420231019033
C           -0.98551452138582        0.88242392194382       -0.22301575744748
C           -1.89679506925926       -0.27600610944204       -0.04950449146025
O           -1.75551045469236       -1.18542823768422        0.72196268921678
H            2.67483838581588       -0.02189028279414        1.13506472179926
H            3.17237608871787        0.12341137927528       -0.55426932591783
H            3.09836498549168       -1.46688109639458        0.21094995740199
H            0.63573006322491       -1.28099996117980        0.43132942045712
H            1.11586720763999       -1.10109978188506       -1.26794969969008
H            1.00277310661229        1.44606633388512       -0.94794992409598
H           -1.42566435407522        1.73097417603523       -0.74328440178632
H           -2.76675179217342       -0.22928938915471       -0.73440593480353
15
 energy: -22.874072554872 gnorm: 0.000124623873 xtb: 6.7.1 (edcfbbe)
C            2.62211513497721       -0.49146126989248        0.15709711454477
C            1.16614647943561       -0.64271548587264       -0.27914633424146
C            0.48973027762427        0.70479657720810       -0.33502795877535
O           -0.09877853550278        1.21870180178804        0.81321223055019
C           -0.98532379799409        0.88231265817701       -0.22299880751512
C           -1.89653063759714       -0.27599062905191       -0.04804251971023
O           -1.75369650021103       -1.18577409016871        0.72274018126802
H            2.67168462058851       -0.02172087634878        1.13650729025802
H            3.17368269496462        0.12298589969988       -0.55155596898105
H            3.09733371882874       -1.46710364121146        0.21388874269323
H            0.63477074466626       -1.28213931048695        0.42689458221928
H            1.11856594788342       -1.09933086805970       -1.27106454709150
H            1.00211681876536        1.44614754006540       -0.95014048102680
H           -1.42614783701477        1.73087351878418       -0.74269024677809
H           -2.76790957881430       -0.22888180692999       -0.73108009421409
15
 energy: -22.874073902355 gnorm: 0.000076364124 xtb: 6.7.1 (edcfbbe)
C            2.62127961025980       -0.49149282965199        0.15865435790909
C            1.16654613165155       -0.64268042531975       -0.28168481169198
C            0.48988242699457        0.70473423270786       -0.33679291187184
O           -0.09731281557508        1.21863417998388        0.81214638778029
C           -0.98504552922690        0.88216488758990       -0.22306052993541
C           -1.89623747270049       -0.27593608110182       -0.04641655167357
O           -1.75148346258401       -1.18627091542239        0.72336778471311
H            2.66799616173451       -0.02140975412218        1.13807451396606
H            3.17508036647370        0.12259818946302       -0.54861058641892
H            3.09605627820269       -1.46724839748915        0.21724711185001
H            0.63377839483725       -1.28361859500784        0.42192130293379
H            1.12174213626969       -1.09750409740146       -1.27456507200213
H            1.00146696829304        1.44618537205873       -0.95247633910537
H           -1.42653809121258        1.73071511097669       -0.74218751971598
H           -2.76945155281786       -0.22817085956351       -0.72702395353734
15
 energy: -22.874074876164 gnorm: 0.000070289926 xtb: 6.7.1 (edcfbbe)
C            2.62062588807064       -0.49159224282075        0.16015278480143
C            1.16698997554781       -0.64261655786724       -0.28392897045916
C            0.48993952693495        0.70458343907207       -0.33856315174319
O           -0.09595830889339        1.21850946447805        0.81101169803001
C           -0.98487532677441        0.88202739996509       -0.22322208990781
C           -1.89606755598048       -0.27584313829987       -0.04494012297027
O           -1.74948115563701       -1.18672202421658        0.72384611348376
H            2.66471061353184       -0.02147037395248        1.13968595213435
H            3.17630934099183        0.12252626899673       -0.54560987405574
H            3.09526004948936       -1.46735560991127        0.22001704852852
H            0.63291575142682       -1.28492067050417        0.41742449686614
H            1.12462688150030       -1.09576404181990       -1.27765511221254
H            1.00085765586348        1.44610432019450       -0.95472253487081
H           -1.42695855711343        1.73058091091263       -0.74183290713188
H           -2.77113522835843       -0.22734712652685       -0.72307014729300
15
 energy: -22.874075502909 gnorm: 0.000071607206 xtb: 6.7.1 (edcfbbe)
C            2.62003078139341       -0.49155974814048        0.16128652817961
C            1.16726149795332       -0.64267277539228       -0.28560173355976
C            0.49006595853635        0.70445874178894       -0.33983844863005
O           -0.09491209268494        1.21857332993650        0.81012501205394
C           -0.98466016812511        0.88191996355818       -0.22336363511482
C           -1.89587025108116       -0.27575307490640       -0.04378271975211
O           -1.74798226140814       -1.18701337233485        0.72433745713037
H            2.66216571619520       -0.02198012820677        1.14118290293102
H            3.17697228496631        0.12303039806359       -0.54308419313285
H            3.09464944843267       -1.46729995045249        0.22151836266466
H            0.63224801690761       -1.28594587069822        0.41413378783908
H            1.12678421825395       -1.09467201512747       -1.27993091139960
H            1.00042740692831        1.44593553477543       -0.95653443646009
H           -1.42712717244897        1.73041244534724       -0.74174266333166
H           -2.77229383321893       -0.22673346051094       -0.72011212621792
15
 energy: -22.874075953797 gnorm: 0.000067788576 xtb: 6.7.1 (edcfbbe)
C            2.61966288786399       -0.49163004369288        0.16213549137474
C            1.16749785738327       -0.64266371749405       -0.28672970359893
C            0.49010137764567        0.70435876644875       -0.34088500862638
O           -0.09414270441328        1.21870666152885        0.80933211972051
C           -0.98456604370176        0.88186425665160       -0.22352582348461
C           -1.89575331248992       -0.27565372799872       -0.04292449256962
O           -1.74695283866113       -1.18709934455007        0.72479240013631
H            2.66030424595837       -0.02297172495247        1.14253063848524
H            3.17731527271598        0.12385570163215       -0.54089411327198
H            3.09452429537024       -1.46727538775382        0.22207282526111
H            0.63180204179815       -1.28659807529737        0.41186391459693
H            1.12838918804324       -1.09389753815741       -1.28144772149488
H            1.00007281680032        1.44574488329162       -0.95801907606311
H           -1.42733703195101        1.73027533996296       -0.74177410112341
H           -2.77315850176223       -0.22631603191916       -0.71793416614211
15
 energy: -22.874076342757 gnorm: 0.000056650578 xtb: 6.7.1 (edcfbbe)
C            2.61931304635617       -0.49163090274480        0.16287555279608
C            1.16764368345206       -0.64270511253371       -0.28763249745573
C            0.49017058062254        0.70426401298799       -0.34177133561100
O           -0.09346697260876        1.21891773905466        0.80860682761252
C           -0.98444496560976        0.88181885918376       -0.22369313202764
C           -1.89561288360286       -0.27556109978577       -0.04217222086934
O           -1.74616259926800       -1.18703415009119        0.72539741904041
H            2.65882515063127       -0.02430784826372        1.14395056230907
H            3.17740885339113        0.12504299962781       -0.53874594181816
H            3.09451290306668       -1.46716046299407        0.22191593819377
H            0.63135778462188       -1.28711183653177        0.41007097975699
H            1.12958440743657       -1.09334740921753       -1.28265537079498
H            0.99980853186039        1.44550278237881       -0.95936461189347
H           -1.42744909027874        1.73010659455118       -0.74194616647492
H           -2.77372887947071       -0.22609414792168       -0.71624281956380
15
 energy: -22.874076703106 gnorm: 0.000053521238 xtb: 6.7.1 (edcfbbe)
C            2.61899489572712       -0.49170508788793        0.16354976789987
C            1.16778931484070       -0.64270129274972       -0.28843338363728
C            0.49021910522103        0.70421690049799       -0.34262226472280
O           -0.09286207478614        1.21923991413265        0.80786632758001
C           -0.98434974235053        0.88180801089834       -0.22388210994679
C           -1.89545915217931       -0.27546051251312       -0.04143323989878
O           -1.74549040392023       -1.18679362798902        0.72621801727044
H            2.65733810689886       -0.02607174507065        1.14546997126298
H            3.17735098257967        0.12651078290476       -0.53650485811962
H            3.09465272957824       -1.46709171727009        0.22131570813963
H            0.63098541844933       -1.28754051356169        0.40846618952882
H            1.13078014859966       -1.09286262514348       -1.28371383998068
H            0.99953161950239        1.44527343512695       -0.96070788320220
H           -1.42759360831499        1.72992907568859       -0.74220586544805
H           -2.77412778924593       -0.22605097936359       -0.71478935352573
15
 energy: -22.874077004188 gnorm: 0.000039259879 xtb: 6.7.1 (edcfbbe)
C            2.61867569283780       -0.49175054420958        0.16422288200733
C            1.16789791302755       -0.64271153838000       -0.28921481406876
C            0.49027065840183        0.70416079553546       -0.34345911251594
O           -0.09225881354387        1.21954526673077        0.80713777191220
C           -0.98425090756128        0.88179573603776       -0.22406688890088
C           -1.89528803173441       -0.27537064328734       -0.04071052026572
O           -1.74490974529531       -1.18642607327262        0.72717914927170
H            2.65602750497621       -0.02789870680384        1.14700819815252
H            3.17727966155419        0.12802531895497       -0.53423313701843
H            3.09479736715491       -1.46698528811397        0.22057685559246
H            0.63054960557161       -1.28793979643038        0.40690710637093
H            1.13178372276679       -1.09235981832799       -1.28475787481291
H            0.99929744294778        1.44504098812670       -0.96199567193100
H           -1.42773857392134        1.72974080051077       -0.74247008537834
H           -2.77437394658258       -0.22616647937070       -0.71353067521535
15
 energy: -22.874077218795 gnorm: 0.000038239396 xtb: 6.7.1 (edcfbbe)
C            2.61838800954993       -0.49182907923777        0.16476839129967
C            1.16799496335928       -0.64268782917763       -0.28989670184291
C            0.49031196067514        0.70415633540083       -0.34414245162777
O           -0.09176323951010        1.21983392045139        0.80655199130561
C           -0.98416608008475        0.88180769293237       -0.22420220830245
C           -1.89511537412778       -0.27530395620495       -0.04007537689228
O           -1.74444524596579       -1.18604084097828        0.72815567495995
H            2.65479329505577       -0.02945327771586        1.14828213197251
H            3.17720450077613        0.12925391709492       -0.53234194727104
H            3.09487382766211       -1.46695508334960        0.21997223985223
H            0.63020743623298       -1.28829176803821        0.40553491038801
H            1.13273254374648       -1.09189001274810       -1.28567242383767
H            0.99907205513653        1.44489520481725       -0.96307251985551
H           -1.42787001633334        1.72959489666301       -0.74268211529963
H           -2.77445908557272       -0.22639010220940       -0.71258641164894
15
 energy: -22.874077362291 gnorm: 0.000034122450 xtb: 6.7.1 (edcfbbe)
C            2.61815661525273       -0.49188232599693        0.16520185114530
C            1.16806676699685       -0.64266813468343       -0.29048588656584
C            0.49033744798192        0.70414926185446       -0.34468562842100
O           -0.09135140819663        1.22001512284841        0.80611890849306
C           -0.98410400753168        0.88181379261334       -0.22427037644777
C           -1.89497378091213       -0.27526198529187       -0.03957524556564
O           -1.74410598401863       -1.18570631469346        0.72895273183077
H            2.65385432167677       -0.03050212895780        1.14919790944988
H            3.17723608300676        0.13005253889608       -0.53092849665251
H            3.09486257476795       -1.46693395164655        0.21971431405240
H            0.62990644503575       -1.28858129623939        0.40436809519513
H            1.13344821703846       -1.09146569325770       -1.28646584401230
H            0.99889486740213        1.44480305585030       -0.96388637656291
H           -1.42800051623344        1.72949426216854       -0.74275861674853
H           -2.77446809166694       -0.22662618576402       -0.71190415599022
15
 energy: -22.874077466156 gnorm: 0.000032868814 xtb: 6.7.1 (edcfbbe)
C            2.61795941696006       -0.49192903891139        0.16553798971399
C            1.16812677787411       -0.64264119676374       -0.29098490542456
C            0.49035948223223        0.70415849789581       -0.34510511610808
O           -0.09101178602640        1.22012233366697        0.80581738677889
C           -0.98404919281012        0.88182181646276       -0.22428772089928
C           -1.89484998771069       -0.27524272714283       -0.03917515459027
O           -1.74384879701109       -1.18545231519405        0.72961213740354
H            2.65305314565651       -0.03113079367749        1.14982892464835
H            3.17731010498713        0.13050269056443       -0.52992146118032
H            3.09476725578826       -1.46695224319708        0.21971055978610
H            0.62967220986215       -1.28884218475048        0.40337400860150
H            1.13406028345441       -1.09107767366643       -1.28714505076498
H            0.99874059803022        1.44477092807665       -0.96450265975739
H           -1.42810393195706        1.72943568520459       -0.74275087156056
H           -2.77442602872983       -0.22684376086775       -0.71141488344713
15
 energy: -22.874077552636 gnorm: 0.000031443611 xtb: 6.7.1 (edcfbbe)
C            2.61778062557181       -0.49196868826923        0.16583162463539
C            1.16818301273050       -0.64261293891112       -0.29147271259097
C            0.49037237433308        0.70416852388220       -0.34547515132394
O           -0.09069475859159        1.22018278826633        0.80558295653188
C           -0.98400390334225        0.88182767093366       -0.22426249726113
C           -1.89473788609112       -0.27523459322295       -0.03882261379115
O           -1.74362102025697       -1.18525222530618        0.73016632284871
H            2.65233216715762       -0.03149256421953        1.15029029651183
H            3.17745862661333        0.13072603701069       -0.52912921703068
H            3.09461328443339       -1.46698164537197        0.21994279672895
H            0.62945051863158       -1.28907871038698        0.40242066634538
H            1.13462134564172       -1.09071100751442       -1.28780067709514
H            0.99859233582085        1.44476329880319       -0.96502559350833
H           -1.42821261214579        1.72940229869932       -0.74265816619231
H           -2.77437455990629       -0.22703822669305       -0.71099485160869
