  15
 Etot=          -2.4515467308
 C          1.7750097911       -1.5463782101       -0.2031431611
 C          1.6829204758       -0.1669172338        0.4446648207
 C          0.8348477512        0.7688829290       -0.3842070390
 O          0.0240369507        1.7095330026        0.2409428808
 C         -0.6496818058        0.6820456312       -0.4367961666
 C         -1.3897216733       -0.3107828187        0.3727631920
 O         -2.2459486901       -1.0338103697       -0.0642400461
 H          2.4175190073       -2.1941546247        0.3871185193
 H          2.1890498221       -1.4698765045       -1.2059763360
 H          0.7897796893       -2.0040713910       -0.2717302349
 H          2.6816544515        0.2676216570        0.5312661110
 H          1.2659522102       -0.2472438824        1.4494576614
 H          1.3088736683        1.1180705139       -1.3017608787
 H         -1.1361093430        0.9646490018       -1.3686218829
 H         -1.0989834992       -0.3312657680        1.4386588605
  15
 Etot=          -2.4548591352
 C          1.7823515471       -1.5506610496       -0.1976396011
 C          1.6893420480       -0.1667364002        0.4329263083
 C          0.8491229474        0.7844547390       -0.4036367985
 O          0.0298779154        1.7262177751        0.2357506693
 C         -0.6622482562        0.6891040180       -0.4374244680
 C         -1.4013752195       -0.3075607754        0.3872705834
 O         -2.2286454060       -1.0539437212       -0.0515744267
 H          2.4152248918       -2.2180149650        0.3876430134
 H          2.1983664893       -1.4902988069       -1.2033550314
 H          0.7963921082       -2.0093337362       -0.2784982134
 H          2.6899421385        0.2632532938        0.5589023496
 H          1.2605512786       -0.2341406341        1.4376314025
 H          1.3334726756        1.1407900652       -1.3191632647
 H         -1.1727055814        0.9804205946       -1.3610060605
 H         -1.1304707708       -0.3472484643        1.4405698381
  15
 Etot=          -2.4558134663
 C          1.7872332052       -1.5545041014       -0.1967800681
 C          1.6940976077       -0.1689371501        0.4216037461
 C          0.8615610712        0.7927108472       -0.4220297948
 O          0.0399982761        1.7356248432        0.2320285712
 C         -0.6707183895        0.6958281386       -0.4376948945
 C         -1.4045350350       -0.3063109455        0.3976241345
 O         -2.1988762888       -1.0839759782       -0.0442108639
 H          2.4094645223       -2.2301068531        0.3939713379
 H          2.2119377401       -1.5076036524       -1.2010106439
 H          0.8004952792       -2.0119794548       -0.2886805628
 H          2.6946032984        0.2567416642        0.5756217348
 H          1.2536243973       -0.2259985247        1.4239825450
 H          1.3510113653        1.1570405199       -1.3336280023
 H         -1.2041078605        1.0030821648       -1.3457898113
 H         -1.1765903828       -0.3453095848        1.4533888725
  15
 Etot=          -2.4560515616
 C          1.7883561805       -1.5569612961       -0.1988606100
 C          1.6953848613       -0.1710843321        0.4162890689
 C          0.8645382865        0.7925469627       -0.4281090930
 O          0.0463587141        1.7367333674        0.2319355707
 C         -0.6729056627        0.6999614702       -0.4360136244
 C         -1.4040548539       -0.3037628827        0.4010796097
 O         -2.1680124736       -1.1111910502       -0.0453670256
 H          2.4040640497       -2.2331751779        0.3982638334
 H          2.2208434930       -1.5142442197       -1.1999761490
 H          0.8008769000       -2.0117686709       -0.2968225058
 H          2.6949288629        0.2532579498        0.5752887137
 H          1.2509736863       -0.2260209868        1.4169857703
 H          1.3544229139        1.1600357123       -1.3378789566
 H         -1.2148902702        1.0178255300       -1.3344430182
 H         -1.2116858817       -0.3258504433        1.4660247162
  15
 Etot=          -2.4563670652
 C          1.7908296663       -1.5629643526       -0.2060083967
 C          1.6968692183       -0.1770731978        0.4055237514
 C          0.8672293778        0.7872277608       -0.4386913500
 O          0.0615052819        1.7346177654        0.2342496360
 C         -0.6760958994        0.7088706833       -0.4300694711
 C         -1.4006992893       -0.2978963777        0.4073781351
 O         -2.0823214743       -1.1817342736       -0.0487841649
 H          2.3904075222       -2.2399507869        0.4065810746
 H          2.2438441305       -1.5260771520       -1.1981024358
 H          0.8016163444       -2.0103554076       -0.3201227913
 H          2.6940456686        0.2465798648        0.5692620092
 H          1.2455886019       -0.2309646366        1.4026218702
 H          1.3559383953        1.1608545139       -1.3454659547
 H         -1.2354880104        1.0533691301       -1.3058974893
 H         -1.3040707278       -0.2582016009        1.4959218777
  15
 Etot=          -2.4566344930
 C          1.7943940578       -1.5648657548       -0.2065062574
 C          1.6954770665       -0.1787208131        0.4038126756
 C          0.8640334043        0.7813526483       -0.4415116640
 O          0.0657724487        1.7303226289        0.2352435069
 C         -0.6778872597        0.7109468390       -0.4286412445
 C         -1.4016562036       -0.2958027955        0.4068566474
 O         -2.0723898453       -1.1824315490       -0.0439052831
 H          2.3894996826       -2.2393998301        0.4125044306
 H          2.2557972278       -1.5278271758       -1.1945066148
 H          0.8058835008       -2.0117388883       -0.3271469676
 H          2.6910476938        0.2482572488        0.5663098117
 H          1.2427478660       -0.2333128204        1.3999713287
 H          1.3515358593        1.1557094912       -1.3481950364
 H         -1.2416236825        1.0658565341       -1.2970124967
 H         -1.3134330104       -0.2520438306        1.4911234640
  15
 Etot=          -2.4570445143
 C          1.8000453707       -1.5718901857       -0.2122205755
 C          1.6893512775       -0.1856148788        0.3971398049
 C          0.8550406266        0.7680506395       -0.4492960082
 O          0.0815612933        1.7257398472        0.2379408255
 C         -0.6837097642        0.7242239515       -0.4205981044
 C         -1.4056658754       -0.2801699103        0.4129635944
 O         -1.9849448804       -1.2364128512       -0.0345052668
 H          2.3763559508       -2.2462890214        0.4241426223
 H          2.2891733894       -1.5355368250       -1.1868444780
 H          0.8126896891       -2.0140910023       -0.3578863389
 H          2.6819408844        0.2481779137        0.5601709845
 H          1.2319301479       -0.2445585588        1.3905503588
 H          1.3393095287        1.1410625973       -1.3576812494
 H         -1.2591026455        1.1066627676       -1.2679831306
 H         -1.3747761870       -0.1930525505        1.4925032617
  15
 Etot=          -2.4572183594
 C          1.8106578952       -1.5780300728       -0.2215720358
 C          1.6852434259       -0.1935239560        0.3915665767
 C          0.8466407456        0.7554464916       -0.4543341398
 O          0.0944003724        1.7186799802        0.2435879842
 C         -0.6863553545        0.7307833818       -0.4112164819
 C         -1.4012354276       -0.2802470720        0.4169759777
 O         -1.9096787893       -1.2758086519       -0.0200799015
 H          2.3708385937       -2.2559399541        0.4249860088
 H          2.3229483586       -1.5378638041       -1.1839933697
 H          0.8263774988       -2.0187623916       -0.3926145337
 H          2.6743847949        0.2503287249        0.5591665142
 H          1.2236269368       -0.2610865706        1.3828757719
 H          1.3257465836        1.1260156014       -1.3671639820
 H         -1.2701664289        1.1329488416       -1.2434467017
 H         -1.4642303993       -0.1066386157        1.5036586130
  15
 Etot=          -2.4574686887
 C          1.8133210195       -1.5782843450       -0.2226094336
 C          1.6778179411       -0.1953089310        0.3956476038
 C          0.8380510190        0.7545249787       -0.4507307966
 O          0.0948470837        1.7258952153        0.2428023524
 C         -0.6892362227        0.7374662400       -0.4069860240
 C         -1.4092587913       -0.2711887651        0.4221126592
 O         -1.8984901527       -1.2667206165       -0.0071125110
 H          2.3724550769       -2.2603909174        0.4190282563
 H          2.3277805075       -1.5320566737       -1.1823779487
 H          0.8333354776       -2.0237796792       -0.4017568371
 H          2.6663578731        0.2542671370        0.5678309435
 H          1.2172008855       -0.2693221155        1.3879057093
 H          1.3151856505        1.1119215630       -1.3716825615
 H         -1.2616485129        1.1253701566       -1.2509055040
 H         -1.4485200487       -0.1060913145        1.4872303921
  15
 Etot=          -2.4575498168
 C          1.8151937827       -1.5820385337       -0.2297654271
 C          1.6710099571       -0.2023314401        0.3922820901
 C          0.8347679228        0.7515736647       -0.4559086232
 O          0.1073701602        1.7350907989        0.2413000946
 C         -0.6953366254        0.7516894145       -0.3992997503
 C         -1.4165389402       -0.2535354671        0.4357091893
 O         -1.8163290928       -1.3130687954        0.0079413920
 H          2.3628042295       -2.2677616856        0.4189834551
 H          2.3465741217       -1.5325974077       -1.1808853605
 H          0.8374229542       -2.0256441834       -0.4271180514
 H          2.6565759720        0.2486909630        0.5757692836
 H          1.2032725284       -0.2803684086        1.3813042396
 H          1.3106576976        1.0995244670       -1.3813041424
 H         -1.2699684188        1.1407156504       -1.2416876397
 H         -1.4982774429       -0.0636371043        1.4910755505
  15
 Etot=          -2.4579322885
 C          1.8160353611       -1.5795825106       -0.2318251793
 C          1.6748419677       -0.2021980434        0.3928687018
 C          0.8413170198        0.7545243113       -0.4550762285
 O          0.1047457661        1.7347193415        0.2400118104
 C         -0.6922847698        0.7447440299       -0.4011811668
 C         -1.4110048649       -0.2625529448        0.4360298978
 O         -1.8379293458       -1.2980325296        0.0103317314
 H          2.3689414324       -2.2642189967        0.4138623370
 H          2.3417320976       -1.5276524617       -1.1859342357
 H          0.8377000029       -2.0235663994       -0.4229398102
 H          2.6594515545        0.2455020063        0.5793972023
 H          1.2043481199       -0.2799447832        1.3802360230
 H          1.3177338984        1.1043599938       -1.3784837432
 H         -1.2674754032        1.1259232006       -1.2494189888
 H         -1.5089540307       -0.0657222815        1.5005179492
  15
 Etot=          -2.4581367316
 C          1.8179410722       -1.5796198734       -0.2389296423
 C          1.6699974926       -0.2065668235        0.3936368833
 C          0.8401699520        0.7538456050       -0.4542638541
 O          0.1085588482        1.7406797141        0.2374008877
 C         -0.6928958791        0.7489349697       -0.3969066786
 C         -1.4096223654       -0.2572475376        0.4449432810
 O         -1.7965675593       -1.3111934441        0.0293705819
 H          2.3676366202       -2.2676584187        0.4058015991
 H          2.3499250868       -1.5207135750       -1.1891078102
 H          0.8417455718       -2.0240836650       -0.4393997770
 H          2.6521892739        0.2420444104        0.5897508062
 H          1.1929493646       -0.2917240808        1.3773372921
 H          1.3155387205        1.0952331794       -1.3814682611
 H         -1.2643494040        1.1188799731       -1.2529276901
 H         -1.5440179891       -0.0345085009        1.5031586824
  15
 Etot=          -2.4585986121
 C          1.8165457031       -1.5773308710       -0.2595725106
 C          1.6527416932       -0.2181628246        0.3986997214
 C          0.8395634135        0.7570005802       -0.4491041160
 O          0.1167210144        1.7646217838        0.2253948013
 C         -0.6933593953        0.7629106774       -0.3866425935
 C         -1.4027048240       -0.2371758882        0.4730649303
 O         -1.6636734934       -1.3491954130        0.0955154347
 H          2.3610791348       -2.2764931669        0.3777080073
 H          2.3606374200       -1.4964332500       -1.2012603172
 H          0.8455641848       -2.0220738230       -0.4814571328
 H          2.6283444461        0.2279940473        0.6262537366
 H          1.1533431746       -0.3258678657        1.3693232309
 H          1.3141026998        1.0713264438       -1.3864635637
 H         -1.2500233391        1.0867318659       -1.2756435885
 H         -1.6296830265        0.0384496369        1.5025802600
  15
 Etot=          -2.4587668775
 C          1.8091304626       -1.5726249110       -0.2655174879
 C          1.6460537182       -0.2191245686        0.4044683012
 C          0.8435848849        0.7644288937       -0.4424038852
 O          0.1120462504        1.7761848972        0.2175390347
 C         -0.6897546864        0.7636693934       -0.3875048995
 C         -1.3936092258       -0.2329403506        0.4811723011
 O         -1.6315247791       -1.3465623162        0.1259875853
 H          2.3599211217       -2.2763185177        0.3614747962
 H          2.3459924953       -1.4824103238       -1.2100459737
 H          0.8380296119       -2.0172262787       -0.4844077143
 H          2.6207316469        0.2205051700        0.6438173926
 H          1.1377516847       -0.3349060231        1.3688924553
 H          1.3200753331        1.0698150744       -1.3812149496
 H         -1.2347780408        1.0547559795       -1.2985428308
 H         -1.6344516716        0.0390558141        1.4946821748
  15
 Etot=          -2.4590505968
 C          1.8058094500       -1.5721516793       -0.2753661685
 C          1.6368594519       -0.2242903087        0.4058719867
 C          0.8436877784        0.7635658091       -0.4413722771
 O          0.1164048982        1.7810411833        0.2129587275
 C         -0.6882562450        0.7690668724       -0.3848526460
 C         -1.3809060680       -0.2273003175        0.4893946713
 O         -1.5437736043       -1.3728100324        0.1701213023
 H          2.3525226098       -2.2816549053        0.3490675257
 H          2.3493751640       -1.4725137843       -1.2157470856
 H          0.8350998577       -2.0140453530       -0.5054958758
 H          2.6090156249        0.2133149123        0.6592913362
 H          1.1168560841       -0.3497212121        1.3625093477
 H          1.3204408986        1.0633500861       -1.3812751977
 H         -1.2303502512        1.0458727997       -1.3007925136
 H         -1.6935868430        0.0845778623        1.4840831673
  15
 Etot=          -2.4592273294
 C          1.8041736237       -1.5737777609       -0.2735296499
 C          1.6382612918       -0.2236691534        0.4032918488
 C          0.8444908690        0.7604401546       -0.4449104959
 O          0.1184261464        1.7726632821        0.2156549319
 C         -0.6875891173        0.7675662158       -0.3871440345
 C         -1.3761762882       -0.2308269274        0.4826188240
 O         -1.5218550182       -1.3802612315        0.1789108463
 H          2.3494817367       -2.2818715810        0.3533835891
 H          2.3477682515       -1.4779847762       -1.2143751153
 H          0.8313327023       -2.0131226276       -0.5022226821
 H          2.6112120094        0.2135526066        0.6534634816
 H          1.1192517387       -0.3446629131        1.3598783791
 H          1.3222985153        1.0699698825       -1.3804825019
 H         -1.2371700826        1.0599813760       -1.2868352049
 H         -1.7147075726        0.0883053864        1.4706940840
  15
 Etot=          -2.4594618850
 C          1.7987164831       -1.5758330531       -0.2731115137
 C          1.6382428375       -0.2241626653        0.4005842736
 C          0.8468663826        0.7590091063       -0.4492832052
 O          0.1224021113        1.7669260675        0.2171806786
 C         -0.6869184338        0.7683575630       -0.3895268456
 C         -1.3723583373       -0.2304505845        0.4771392543
 O         -1.4556592958       -1.3991635632        0.2088068882
 H          2.3433454323       -2.2833347312        0.3544443061
 H          2.3398659803       -1.4834907550       -1.2154997909
 H          0.8234125824       -2.0118759274       -0.4978683490
 H          2.6123075796        0.2104083737        0.6508129792
 H          1.1177628561       -0.3406706513        1.3562995341
 H          1.3281142704        1.0788030324       -1.3798189458
 H         -1.2460770096        1.0778162500       -1.2732976555
 H         -1.7608246330        0.0939634708        1.4415346920
  15
 Etot=          -2.4596467829
 C          1.7928064469       -1.5796712703       -0.2639709576
 C          1.6504490753       -0.2195015207        0.3945605592
 C          0.8523415362        0.7598007819       -0.4547635116
 O          0.1220645750        1.7524033058        0.2263253181
 C         -0.6849177490        0.7609191978       -0.3954137490
 C         -1.3768398246       -0.2405491504        0.4603590625
 O         -1.4292972064       -1.4060540447        0.2158790883
 H          2.3426252142       -2.2812145710        0.3647820796
 H          2.3192794454       -1.5024530911       -1.2154145204
 H          0.8123181538       -2.0134388080       -0.4670299004
 H          2.6300859044        0.2118838658        0.6279777571
 H          1.1413419510       -0.3199651207        1.3584504534
 H          1.3384221006        1.1027321956       -1.3760082361
 H         -1.2624174947        1.1129223427       -1.2519283256
 H         -1.7990633220        0.0684878200        1.4045911825
  15
 Etot=          -2.4597350957
 C          1.7825390703       -1.5822901033       -0.2673364430
 C          1.6551321402       -0.2206299743        0.3912492205
 C          0.8588589883        0.7660004496       -0.4529943036
 O          0.1222506331        1.7503489461        0.2326619537
 C         -0.6801764612        0.7587719739       -0.3960865032
 C         -1.3719616011       -0.2460254514        0.4569552433
 O         -1.2987057990       -1.4369103498        0.2776720461
 H          2.3390442536       -2.2850835530        0.3538345649
 H          2.2932886289       -1.5086520624       -1.2273656867
 H          0.7979216126       -2.0133942567       -0.4528393067
 H          2.6386490116        0.2032547104        0.6207275702
 H          1.1487823681       -0.3180300641        1.3577568396
 H          1.3489172827        1.1192149485       -1.3694805720
 H         -1.2647406241        1.1268587999       -1.2463886714
 H         -1.9206006979        0.0928679193        1.3500303486
  15
 Etot=          -2.4600382880
 C          1.7855086335       -1.5805322385       -0.2664268637
 C          1.6527931105       -0.2194587663        0.3947219457
 C          0.8527237096        0.7679795320       -0.4466169340
 O          0.1163622433        1.7573151649        0.2331239583
 C         -0.6824289902        0.7616049083       -0.3942308469
 C         -1.3753337100       -0.2457418108        0.4603949028
 O         -1.3611921616       -1.4211929950        0.2460443077
 H          2.3419469198       -2.2843863495        0.3546353927
 H          2.2996271445       -1.5043259859       -1.2247783434
 H          0.8026946921       -2.0143950092       -0.4568864849
 H          2.6365322246        0.2067932971        0.6208814517
 H          1.1512535529       -0.3212160676        1.3634864172
 H          1.3384686656        1.1089660561       -1.3686411155
 H         -1.2510615247        1.1099540459       -1.2611435038
 H         -1.8586957039        0.0849381512        1.3738320165
  15
 Etot=          -2.4601758661
 C          1.7799002069       -1.5808430485       -0.2660725070
 C          1.6559183324       -0.2182535445        0.3949059717
 C          0.8533496653        0.7721210729       -0.4420107693
 O          0.1129040266        1.7578113594        0.2391809165
 C         -0.6809671072        0.7612130961       -0.3942652512
 C         -1.3758178196       -0.2495126550        0.4576684480
 O         -1.3261928853       -1.4281511420        0.2599170730
 H          2.3410090221       -2.2851528347        0.3507807614
 H          2.2852054126       -1.5070462384       -1.2297498039
 H          0.7942751513       -2.0137203117       -0.4466221072
 H          2.6433118024        0.2045452814        0.6128913945
 H          1.1614785620       -0.3174897892        1.3679847932
 H          1.3383546797        1.1144873451       -1.3637105986
 H         -1.2446339685        1.1097158519       -1.2648140869
 H         -1.8888962747        0.0865774899        1.3523120661
  15
 Etot=          -2.4602760154
 C          1.7781392690       -1.5802443844       -0.2683248271
 C          1.6596662408       -0.2181522222        0.3948385089
 C          0.8558628193        0.7738625140       -0.4387975313
 O          0.1140060311        1.7589746917        0.2431137279
 C         -0.6782672204        0.7603511478       -0.3900859114
 C         -1.3718293240       -0.2503765597        0.4633840521
 O         -1.3125271072       -1.4284889666        0.2731236737
 H          2.3401842411       -2.2862784639        0.3457860100
 H          2.2798504326       -1.5067352018       -1.2340310972
 H          0.7906298142       -2.0107333860       -0.4454107746
 H          2.6492516580        0.2027636660        0.6082902183
 H          1.1690003008       -0.3169782560        1.3700553419
 H          1.3377605137        1.1154511131       -1.3621632923
 H         -1.2405299012        1.1025799323       -1.2650930742
 H         -1.9219989618        0.0903063084        1.3337112755
  15
 Etot=          -2.4603962375
 C          1.7753972489       -1.5806627975       -0.2713458219
 C          1.6636216532       -0.2188817670        0.3938175957
 C          0.8576976690        0.7763505826       -0.4338177962
 O          0.1146063935        1.7600820331        0.2509869645
 C         -0.6763876976        0.7613358325       -0.3849413665
 C         -1.3725539722       -0.2501048542        0.4663424618
 O         -1.2809645083       -1.4288142847        0.2971439339
 H          2.3388934538       -2.2883270730        0.3396560218
 H          2.2727299655       -1.5078769585       -1.2395225666
 H          0.7857948012       -2.0086579653       -0.4437772569
 H          2.6563582487        0.1991327324        0.6004644710
 H          1.1789021795       -0.3170302880        1.3722841865
 H          1.3358178384        1.1177193228       -1.3589780569
 H         -1.2344477644        1.0964496433       -1.2664784820
 H         -1.9662667032        0.0955877741        1.3065620120
  15
 Etot=          -2.4605115626
 C          1.7712524363       -1.5818185831       -0.2757564697
 C          1.6683019548       -0.2205416535        0.3921089419
 C          0.8591650033        0.7784810161       -0.4276933201
 O          0.1156374191        1.7596455945        0.2623671011
 C         -0.6750547681        0.7636071461       -0.3790633874
 C         -1.3760663282       -0.2486825874        0.4681938077
 O         -1.2250762807       -1.4291954373        0.3393264819
 H          2.3370998511       -2.2918866694        0.3303149995
 H          2.2616631830       -1.5096087189       -1.2475939439
 H          0.7790695863       -2.0066645243       -0.4411124878
 H          2.6646809589        0.1937251553        0.5899999650
 H          1.1916286920       -0.3180616084        1.3746990356
 H          1.3340760132        1.1215007610       -1.3537338061
 H         -1.2268527694        1.0929675889       -1.2670322020
 H         -2.0303261456        0.1028344531        1.2633715845
  15
 Etot=          -2.4605780449
 C          1.7706015345       -1.5824357606       -0.2773859220
 C          1.6708270869       -0.2215295141        0.3914877868
 C          0.8593037594        0.7772512057       -0.4260198158
 O          0.1165605772        1.7565029570        0.2671204049
 C         -0.6752780300        0.7637943999       -0.3775786268
 C         -1.3805025872       -0.2475534868        0.4675377914
 O         -1.2031290534       -1.4267623071        0.3613175180
 H          2.3388872509       -2.2932658876        0.3253965180
 H          2.2558372328       -1.5095579208       -1.2517151622
 H          0.7775237579       -2.0065967684       -0.4379493509
 H          2.6679672082        0.1921583613        0.5858286151
 H          1.1975289577       -0.3188390511        1.3756277431
 H          1.3346364299        1.1232656843       -1.3507932532
 H         -1.2248497599        1.0952061794       -1.2654461142
 H         -2.0567155589        0.1046638416        1.2409681681
  15
 Etot=          -2.4607022567
 C          1.7733073301       -1.5845457083       -0.2798719551
 C          1.6754660325       -0.2240457817        0.3892654105
 C          0.8596724079        0.7725381695       -0.4261564515
 O          0.1208896139        1.7481333498        0.2731827855
 C         -0.6756306375        0.7632529695       -0.3754569936
 C         -1.3867970253       -0.2449854472        0.4684807517
 O         -1.1765153892       -1.4190018857        0.4019934561
 H          2.3485712717       -2.2945053973        0.3170090043
 H          2.2477655683       -1.5094138365       -1.2591405574
 H          0.7800151405       -2.0107329908       -0.4306010427
 H          2.6721670074        0.1906687643        0.5799465093
 H          1.2058950117       -0.3214622420        1.3748165969
 H          1.3373485189        1.1265290683       -1.3470673369
 H         -1.2262463811        1.1068988554       -1.2561070814
 H         -2.1067096636        0.1069740454        1.1981032046
  15
 Etot=          -2.4606902267
 C          1.7768344445       -1.5887419257       -0.2859281014
 C          1.6797320190       -0.2295105075        0.3855886826
 C          0.8607120474        0.7684668283       -0.4251382504
 O          0.1265410490        1.7401562369        0.2816929838
 C         -0.6754215120        0.7643342428       -0.3721833648
 C         -1.3940602300       -0.2394437504        0.4714307909
 O         -1.1224015105       -1.4089364333        0.4745441419
 H          2.3627957346       -2.2964789742        0.3033182465
 H          2.2382966202       -1.5100535536       -1.2711517372
 H          0.7838127019       -2.0196894191       -0.4245706635
 H          2.6766779285        0.1855362591        0.5737372545
 H          1.2131536760       -0.3291903801        1.3722931298
 H          1.3399682028        1.1320811176       -1.3416593651
 H         -1.2283611190        1.1242050726       -1.2452053577
 H         -2.1890812465        0.1135671193        1.1316279106
  15
 Etot=          -2.4608216441
 C          1.7812171847       -1.5901308200       -0.2854036907
 C          1.6766104475       -0.2312124479        0.3856223821
 C          0.8594688253        0.7659746094       -0.4285700018
 O          0.1271562245        1.7387466307        0.2770798041
 C         -0.6769519328        0.7644618442       -0.3759739740
 C         -1.3969163458       -0.2370299291        0.4690548409
 O         -1.1390661900       -1.4036162545        0.4751940892
 H          2.3709808784       -2.2940324428        0.3047427639
 H          2.2432269636       -1.5095863614       -1.2700296630
 H          0.7905826160       -2.0268003651       -0.4244874514
 H          2.6714688852        0.1866812996        0.5799219847
 H          1.2045374252       -0.3328923419        1.3696374663
 H          1.3409964223        1.1311620093       -1.3431521603
 H         -1.2347678332        1.1352534609       -1.2429576672
 H         -2.1693447648        0.1093230412        1.1377175775
  15
 Etot=          -2.4608639069
 C          1.7847863251       -1.5920041450       -0.2879689088
 C          1.6773194039       -0.2336735688        0.3839819521
 C          0.8597792032        0.7641436397       -0.4292359738
 O          0.1307159104        1.7374649357        0.2788670010
 C         -0.6764850789        0.7656086119       -0.3737788146
 C         -1.3974626150       -0.2339583287        0.4723530382
 O         -1.1282026750       -1.3968657634        0.4989397025
 H          2.3789168027       -2.2937004126        0.3004214369
 H          2.2440791411       -1.5096606039       -1.2736745382
 H          0.7954825666       -2.0325534317       -0.4243002265
 H          2.6713611008        0.1854139339        0.5800470344
 H          1.2038504082       -0.3370837397        1.3672353061
 H          1.3402863633        1.1297650274       -1.3440707866
 H         -1.2370385552        1.1423652452       -1.2362925053
 H         -2.1981894952        0.1110405327        1.1158725829
