     -2.461559298290     -2.461716125068         0.38150E-03
     -2.461576139070     -2.461734122130         0.10000E-02
     -2.461551194438     -2.461704314907         0.80571E-03
     -2.461582539472     -2.461739345243         0.87991E-03
     -2.461551015081     -2.461718003895         0.67170E-03
     -2.461545318142     -2.461711618098         0.61027E-03
     -2.461543596962     -2.461710280304         0.52235E-03
     -2.461538240545     -2.461704590573         0.41911E-03
     -2.461573219848     -2.461726992225         0.37160E-03
     -2.461543234693     -2.461696413908         0.96775E-03
     -2.461558013479     -2.461724765268         0.88039E-03
     -2.461557256502     -2.461714530675         0.64265E-03
     -2.461537920130     -2.461703487205         0.95659E-03
     -2.461541310066     -2.461709846873         0.97277E-03
     -2.461108239674     -2.461262761088         0.27956E-03
     -2.461566713165     -2.461723840002         0.50313E-03
     -2.461105889927     -2.461262182297         0.65414E-03
     -2.461550585469     -2.461704631742         0.83600E-03
     -2.461107736260     -2.461261370284         0.75531E-03
     -2.461572507557     -2.461728495045         0.61214E-03
     -2.461119091199     -2.461273180219         0.82355E-03
     -2.461549771267     -2.461716537909         0.31910E-03
     -2.461115769233     -2.461270365525         0.65168E-03
     -2.461090865625     -2.461243761707         0.80305E-03
     -2.461114419892     -2.461268128468         0.33764E-03
     -2.461118380797     -2.461272401234         0.33125E-03
     -2.461570375547     -2.461726421758         0.30783E-03
     -2.461117387974     -2.461272025177         0.35087E-03
     -2.461100076726     -2.461254266929         0.56855E-03
     -2.461094708410     -2.461247735402         0.68757E-03
     -2.461115197818     -2.461268799521         0.42034E-03
     -2.461119435972     -2.461274404111         0.37798E-03
     -2.461096001167     -2.461249445641         0.99320E-03
     -2.461115279486     -2.461269697923         0.21068E-03
     -2.461119386426     -2.461274376444         0.74199E-03
     -2.461110589333     -2.461264058869         0.45793E-03
     -2.461558110414     -2.461712161549         0.33469E-03
     -2.461116816179     -2.461271356792         0.87957E-03
