15
 energy: -22.862955968197 gnorm: 0.053313120148 xtb: 6.7.0 (08769fc)
C            2.53850761030000       -0.51237546160000        0.31080755810000
C            1.20329140790000       -0.64734799610000       -0.39705630240000
C            0.51030530930000        0.69903072850000       -0.56091538700000
O            0.00872008290000        1.28671864590000        0.61360415190000
C           -0.99568784030000        0.89716145720000       -0.31210056470000
C           -1.87208914470000       -0.24893277460000        0.07789492140000
O           -1.49885694550000       -1.38042783440000        0.13182448340000
H            3.22275009490000        0.12002030750000       -0.25662938200000
H            3.02429103620000       -1.47876540210000        0.45920921480000
H            2.40984676430000       -0.04975784160000        1.29085281460000
H            0.54186576470000       -1.30632771480000        0.17721409040000
H            1.32084648110000       -1.12552395070000       -1.37676541780000
H            1.03530335330000        1.41016002160000       -1.20882075980000
H           -1.50467617490000        1.73539232810000       -0.80011624200000
H           -2.89255169140000       -0.05241781520000        0.38510153220000
15
 energy: -22.868579309848 gnorm: 0.024869633215 xtb: 6.7.0 (08769fc)
C            2.55250734177698       -0.49289795054877        0.30099521865092
C            1.20950510843878       -0.65491074320764       -0.39251168328487
C            0.50979380831063        0.68290539037271       -0.52566764009258
O            0.00048323302214        1.26714675389621        0.64295189313929
C           -0.96524817970518        0.86907138728972       -0.30757698313854
C           -1.87270609158221       -0.25044954370318        0.09678600496096
O           -1.56658929166487       -1.41399739353672        0.16155973324377
H            3.22658452759792        0.14216179683195       -0.27345320568961
H            3.02406405054911       -1.46509320206779        0.43422357889753
H            2.41261143398962       -0.04335448340280        1.28395111500514
H            0.57908869220988       -1.32660468130871        0.19150247098597
H            1.33253245681118       -1.09797099319025       -1.38573274728699
H            0.98890758294694        1.39348557512752       -1.20271196681681
H           -1.46075157242911        1.70450333461495       -0.80391132986405
H           -2.91891699217179        0.03261145053281        0.31370025238986
15
 energy: -22.869785370266 gnorm: 0.023453669853 xtb: 6.7.0 (08769fc)
C            2.56952691829665       -0.48358982880926        0.29343074036169
C            1.21467477490593       -0.66059158375750       -0.38616949417619
C            0.50134330937716        0.66577702364510       -0.49722072227250
O           -0.01921753198485        1.24207236161157        0.66531672260942
C           -0.95155175160904        0.84425027013698       -0.31303303625499
C           -1.89454957629947       -0.25656698167670        0.06231871054813
O           -1.62325964000798       -1.42528041575248        0.21033916361744
H            3.22475853402619        0.16017084846071       -0.28987075529275
H            3.04608622050235       -1.45308534531333        0.41332466754133
H            2.42832053394474       -0.04021346981934        1.27688031251102
H            0.60976787047313       -1.34989024356506        0.19932007871078
H            1.34174923298470       -1.07095559246772       -1.39133759480407
H            0.96691249440996        1.38247330572122       -1.17329209609355
H           -1.43621471972393        1.67924092694320       -0.81558008122756
H           -2.92648056119556        0.11279542234263        0.27967809532181
15
 energy: -22.870273334196 gnorm: 0.012652128602 xtb: 6.7.0 (08769fc)
C            2.57923153117203       -0.48167836525311        0.28797158885685
C            1.21736558859914       -0.66493938885658       -0.38148217659919
C            0.49843356698759        0.65819587280188       -0.49016268629259
O           -0.02100542507103        1.23502894704608        0.67147471621217
C           -0.95367395113806        0.83950301926789       -0.30479925378194
C           -1.90302645126650       -0.25098014289431        0.08218403377406
O           -1.64809053171084       -1.41741677172710        0.21830985550768
H            3.22268169441999        0.16533986045689       -0.30437977295420
H            3.06571285073607       -1.44621150145528        0.40607778160596
H            2.44580369626877       -0.03446418782845        1.27014510786037
H            0.62080642362285       -1.35965770631627        0.20663055911644
H            1.34074611040616       -1.07202049472071       -1.38714172678321
H            0.97361331412454        1.37648935379502       -1.15819583974245
H           -1.43815144787472        1.67349209910910       -0.81096443498158
H           -2.94858086117600        0.12592610427496        0.22843695930164
15
 energy: -22.870543437791 gnorm: 0.005561399607 xtb: 6.7.0 (08769fc)
C            2.58549528742898       -0.47958477705326        0.28215364757135
C            1.21827918785079       -0.67048201848260       -0.37549123160919
C            0.49869479452055        0.65344493696588       -0.48051101269505
O           -0.02922510646180        1.22763424537269        0.67934594959738
C           -0.95944403862039        0.83952165240336       -0.30290682408340
C           -1.91634347195235       -0.24852262283891        0.07362390012284
O           -1.66096410227205       -1.40822603950362        0.22894354504631
H            3.21873969325816        0.17021993640075       -0.31892209872331
H            3.08068332926173       -1.44014508954329        0.39720904860731
H            2.46167661459461       -0.03003462223744        1.26474753012174
H            0.62735484212770       -1.36805545412801        0.21588144340496
H            1.33622199214931       -1.07916507178634       -1.38060750693401
H            0.98464716004322        1.37409326752929       -1.14028947030449
H           -1.43810186618496        1.67609272334762       -0.81302245497051
H           -2.95584820764352        0.12981563125389        0.20395024594806
15
 energy: -22.870863207068 gnorm: 0.004616171982 xtb: 6.7.0 (08769fc)
C            2.59814007195794       -0.47555851388827        0.26819314342287
C            1.21906337266641       -0.67892365302544       -0.36296239905018
C            0.49897632491422        0.64522236635724       -0.45806887321348
O           -0.04378683181133        1.21226016862561        0.69861914590812
C           -0.96397065293476        0.83584549524476       -0.29826427307320
C           -1.93696994920173       -0.24610688857963        0.05926442263176
O           -1.68558107418355       -1.39813738374542        0.27264413278709
H            3.21045272740558        0.18125668757025       -0.34815978020179
H            3.10867343636932       -1.42947079789184        0.37358393927984
H            2.49210275188070       -0.02522361925235        1.25288419050471
H            0.64037183569441       -1.37976913240054        0.23757316538932
H            1.32277510689729       -1.08753784130283       -1.36955839638195
H            0.99715548264654        1.37158525055835       -1.10529143470050
H           -1.43011591353160        1.67697301435801       -0.81500808138623
H           -2.97542058066948        0.14419154507213        0.12865580918364
15
 energy: -22.871236426281 gnorm: 0.012888526376 xtb: 6.7.0 (08769fc)
C            2.61411048921625       -0.47188401564028        0.24515830250837
C            1.21650947952532       -0.68742607237204       -0.34097392463490
C            0.49809226965766        0.63723936670092       -0.42517596216314
O           -0.06097626993601        1.19371975763414        0.72766490479446
C           -0.96902658483095        0.83581526368497       -0.28781012520459
C           -1.95686828035980       -0.24351081746270        0.03671383238587
O           -1.70111170630486       -1.37899306061901        0.34432200437147
H            3.19827154275344        0.19081457093612       -0.39318724446319
H            3.14035985300698       -1.41905857025414        0.33533641529642
H            2.53757064641949       -0.02066702998095        1.23315844223328
H            0.65518772823016       -1.38378992082002        0.28197977417939
H            1.29029780338118       -1.10424582031178       -1.34768564232845
H            1.00670978000495        1.37005188763017       -1.05951406755792
H           -1.41593125992149        1.68505627717067       -0.80877916132139
H           -3.00132938274235        0.14348488140399       -0.00710283699567
15
 energy: -22.871665315586 gnorm: 0.014472330268 xtb: 6.7.0 (08769fc)
C            2.62235772106852       -0.46950972205135        0.22577573126674
C            1.20921985869467       -0.69173425184706       -0.31845000396807
C            0.49579000563273        0.63431005191320       -0.40154237474771
O           -0.06718338174935        1.18382194498329        0.74976187551743
C           -0.97187031254218        0.84357928619544       -0.27441411413750
C           -1.96092822931332       -0.24280376780470        0.01447903089544
O           -1.69734164990228       -1.36101041350870        0.37800853840605
H            3.18767877798808        0.18972775436723       -0.43258982412258
H            3.15325140302796       -1.41411860627581        0.30855731999364
H            2.57305855352146       -0.01181909068391        1.21351612902795
H            0.66087808407747       -1.37325329036412        0.33335029570810
H            1.25144905271747       -1.12775910606188       -1.32051338848591
H            1.00686577808873        1.36844074272309       -1.03225346526168
H           -1.40334073604076        1.70191733911854       -0.79113217605647
H           -3.00801881716922        0.11681782699678       -0.11844886293542
15
 energy: -22.872190638578 gnorm: 0.011438882170 xtb: 6.7.0 (08769fc)
C            2.62185412346914       -0.46998415772670        0.20689065930225
C            1.19521900208157       -0.68849925739769       -0.29165393396873
C            0.49284730525128        0.64126903234600       -0.38520885868238
O           -0.06332050008457        1.18489691005916        0.76644535005074
C           -0.97198182333547        0.85985179330711       -0.25664603210808
C           -1.94377403760287       -0.24567082079896       -0.00986032135582
O           -1.67428113411139       -1.34461520155869        0.37816894387599
H            3.17703677792559        0.17201892146699       -0.47256113350862
H            3.14181258404880       -1.41865727897719        0.29033313562448
H            2.60130481954382        0.00310806359580        1.18828211775300
H            0.65621368413360       -1.33824465438631        0.40087441418847
H            1.20007352817835       -1.16140123858782       -1.28046518007412
H            0.99849507059082        1.37157399495689       -1.02039483561089
H           -1.39274985426192        1.72828253598631       -0.75795436296060
H           -2.98688343772680        0.05267805541516       -0.22214525142563
15
 energy: -22.872189565035 gnorm: 0.025180692762 xtb: 6.7.0 (08769fc)
C            2.62988893119110       -0.47494917416234        0.17946111586132
C            1.18284534653490       -0.68227146557472       -0.26165582377861
C            0.49350044238866        0.65458645685049       -0.35336884787667
O           -0.07658267391589        1.18646193090954        0.79365395633716
C           -0.97560952747894        0.86793377471925       -0.23953430426593
C           -1.93579767482028       -0.24942165814143       -0.03185820190797
O           -1.66375633357122       -1.32267147465064        0.45454610710920
H            3.16580659976521        0.15245084867840       -0.52876698560258
H            3.14103969005885       -1.42930931294181        0.25247601165184
H            2.64997152371327        0.01033390025411        1.15603382202241
H            0.65843705271259       -1.30607843671550        0.46677965055559
H            1.14740953653758       -1.18288184934049       -1.23853524127163
H            1.00572573812418        1.38650010678225       -0.97984524923240
H           -1.38704551623908        1.74017098237443       -0.73857821264091
H           -2.98396702690097       -0.00424793134149       -0.39670308586078
15
 energy: -22.872689086079 gnorm: 0.012461673341 xtb: 6.7.0 (08769fc)
C            2.62556454373708       -0.47856355946616        0.19153337330063
C            1.18601411026478       -0.67661706696829       -0.27231549543703
C            0.49455688365037        0.65985211476178       -0.36673983478686
O           -0.08075011152656        1.19227630112255        0.78009142556871
C           -0.97578817384363        0.86200565039046       -0.25415856204753
C           -1.93219095941319       -0.25223507666019       -0.02529738009363
O           -1.66954201668538       -1.33573927673809        0.43487720062712
H            3.17250911939484        0.14810324865410       -0.50855794747517
H            3.13111179158829       -1.43662923631582        0.26908325874019
H            2.63407788486552        0.00356097192898        1.16725011167791
H            0.65371081450494       -1.30807134015518        0.43698757456555
H            1.16885875407331       -1.16277558622146       -1.25087840758185
H            1.00907843777601        1.39245901298319       -0.99069765009735
H           -1.39835635306424        1.72830536474887       -0.75642796469599
H           -2.96698861722218        0.01067517563533       -0.32064499116466
15
 energy: -22.872876683467 gnorm: 0.004541578918 xtb: 6.7.0 (08769fc)
C            2.63046271390032       -0.47993255512039        0.18508820379786
C            1.18203321112253       -0.67418828449011       -0.26184141904565
C            0.49441774838775        0.66470512543500       -0.35562015690605
O           -0.08528521706921        1.19641540592646        0.78917740860474
C           -0.97685868318256        0.86368930613810       -0.24760334894079
C           -1.93002936987724       -0.25518261499771       -0.03010086428838
O           -1.67703931683517       -1.33217980342881        0.43833286611718
H            3.17395268577679        0.13688354114067       -0.52892506773899
H            3.13019416158134       -1.44102148068077        0.26573137178253
H            2.65586134610622        0.01018835768150        1.15720071433496
H            0.65427806244086       -1.29911690731912        0.45761156176152
H            1.15090544236394       -1.16291598547382       -1.23868875167150
H            1.01095853378636        1.39629143699570       -0.97936172657142
H           -1.40134925772271        1.72692494683478       -0.75561061763676
H           -2.96063595267925       -0.00395379094145       -0.36128546249920
15
 energy: -22.873198533969 gnorm: 0.012913817376 xtb: 6.7.0 (08769fc)
C            2.64180537307928       -0.48786181217964        0.16300219264444
C            1.17155157042557       -0.66142570943579       -0.23278729563620
C            0.49422740286057        0.68421497303762       -0.32302517107795
O           -0.10722654649131        1.20706369373186        0.81415610893037
C           -0.98218423869682        0.86851839583360       -0.23587920146474
C           -1.92193343047314       -0.26575633836420       -0.05368585954112
O           -1.68916906472943       -1.31653084638900        0.48832665315292
H            3.17758469282069        0.09862564377708       -0.58426663991384
H            3.11942228859931       -1.46058278266226        0.24873777474081
H            2.71417125934154        0.02253714482533        1.12332721295978
H            0.65795601620682       -1.26580341912346        0.51610719354025
H            1.09832512220793       -1.16145624094692       -1.20218999534221
H            1.01814129699347        1.41715559773242       -0.93862681568464
H           -1.41063541791685        1.72537630339133       -0.75448670345693
H           -2.93017021612769       -0.05746790552791       -0.49460474275088
15
 energy: -22.873383959698 gnorm: 0.009944475454 xtb: 6.7.0 (08769fc)
C            2.64329224398619       -0.49155716572891        0.15606925877530
C            1.17036908706168       -0.65519329487562       -0.22563062377459
C            0.49387080170369        0.69158259255914       -0.31317732638909
O           -0.11556923880348        1.21238659527981        0.82055873751966
C           -0.98387746840056        0.86999684933480       -0.23278820280041
C           -1.91839919391216       -0.27064090964940       -0.06053610196955
O           -1.69590731358459       -1.30934458245665        0.50710109481241
H            3.17919133692957        0.08105479807677       -0.59968173954157
H            3.11099095976209       -1.46847521814434        0.24903278234232
H            2.72747347848244        0.02748100981874        1.10826203783602
H            0.66254700509990       -1.25609571252824        0.52946236376776
H            1.08509045816105       -1.15777230692899       -1.19168489834978
H            1.01903944248406        1.42625054001493       -0.92539512393738
H           -1.41592869502458        1.72350455335266       -0.75436941264878
H           -2.91031679584537       -0.07657105042463       -0.53311813454225
15
 energy: -22.873606920290 gnorm: 0.005448395028 xtb: 6.7.0 (08769fc)
C            2.64430457815998       -0.49423467615605        0.14362841075716
C            1.16684575709915       -0.65012111301436       -0.21036907485559
C            0.49216302616346        0.69747704392889       -0.29556284300198
O           -0.12807569444450        1.21238339023925        0.83434606881369
C           -0.98664765638260        0.87446016235127       -0.22649334090823
C           -1.91539653789695       -0.27648588142974       -0.07522279432255
O           -1.70799418049825       -1.29178130447709        0.53602634857521
H            3.17329644001776        0.05665829384358       -0.63320073163691
H            3.10356229235733       -1.47367258669736        0.24820299573160
H            2.75234211088797        0.04174744957562        1.08377276498491
H            0.66867613739565       -1.24707959569545        0.55372287631265
H            1.06175977072874       -1.15842735660546       -1.17153846224100
H            1.02061778157491        1.43664756159793       -0.89982459701737
H           -1.41660769788304        1.72819830113007       -0.74836374677829
H           -2.87698001917968       -0.10916299089105       -0.60501916331323
15
 energy: -22.873719311770 gnorm: 0.007076053001 xtb: 6.7.0 (08769fc)
C            2.64439807981569       -0.49656619961394        0.12960228143620
C            1.16236435559538       -0.64703516875116       -0.19701090662346
C            0.49059116046949        0.70226036511756       -0.27766636684818
O           -0.14037901386164        1.21123434430443        0.84908616463275
C           -0.98884345366517        0.87824070173369       -0.21989236801904
C           -1.91030583406910       -0.28007807403935       -0.08436594459752
O           -1.72236962589345       -1.27079626020881        0.57237901246920
H            3.16437206645233        0.03683653909238       -0.66289413308110
H            3.09960668250259       -1.47681152295468        0.24483102736010
H            2.77086536911279        0.05408169579980        1.05745385890913
H            0.67262893630762       -1.23964295249188        0.57560193194392
H            1.04078850598205       -1.16006245196955       -1.15352010198584
H            1.02340489268408        1.44542247032250       -0.87324793900498
H           -1.41474507907503        1.73228761719690       -0.74328154000584
H           -2.84051093425771       -0.14276440583782       -0.68297026548527
15
 energy: -22.873671053057 gnorm: 0.013924567115 xtb: 6.7.0 (08769fc)
C            2.63993214376822       -0.49473212938911        0.12367782693797
C            1.16102935119714       -0.65081908278991       -0.19471150462062
C            0.48879728753648        0.69804451973193       -0.27011632324183
O           -0.14698207844161        1.20309794816847        0.85677880927096
C           -0.98899864670146        0.87964854054772       -0.21902857162886
C           -1.90938619095320       -0.27881966313074       -0.08515775158376
O           -1.74123921156778       -1.25096999226479        0.59051245231147
H            3.15100259559480        0.03095379750388       -0.67453105621408
H            3.10270560738333       -1.46977396520217        0.24990749943136
H            2.76801426453811        0.06590831127149        1.04231040911514
H            0.67351744189348       -1.24852975558981        0.57431713986124
H            1.03962776867138       -1.16112551605293       -1.15156443301044
H            1.02572925493172        1.44559528800967       -0.85669188955448
H           -1.40667684553035        1.73694259898422       -0.74169657005184
H           -2.80520663422033       -0.15881420209787       -0.70990132592215
15
 energy: -22.873816174554 gnorm: 0.004591341913 xtb: 6.7.0 (08769fc)
C            2.64455126477523       -0.49611758149346        0.11483896254592
C            1.15566406584563       -0.64838862141867       -0.18108806886880
C            0.48804078866663        0.70310026797003       -0.25526174386984
O           -0.15598866157074        1.20317748299355        0.86928757062123
C           -0.99102121078740        0.88255965105756       -0.21432153751126
C           -1.90796835354663       -0.28167375251210       -0.09948570562888
O           -1.75176012575701       -1.24039935501692        0.60888786792978
H            3.14744161723485        0.01757840515625       -0.70282996269577
H            3.10191984937266       -1.47420069548840        0.24166128452820
H            2.79396501757521        0.07527948316439        1.02920773796945
H            0.67423525146978       -1.23741146888793        0.60158428754765
H            1.01631932651334       -1.16416619764437       -1.13582076994951
H            1.02944059574952        1.45146301633916       -0.83644797422525
H           -1.40577656502803        1.74026121007239       -0.73946847013943
H           -2.78719675241311       -0.18445514659143       -0.76663876715338
15
 energy: -22.873839881489 gnorm: 0.002187334364 xtb: 6.7.0 (08769fc)
C            2.64435897146366       -0.49647208552971        0.12009090510769
C            1.15773396597734       -0.64802258023850       -0.18730958158471
C            0.48860594144013        0.70299781591191       -0.26292824076613
O           -0.14924308469205        1.20797774975441        0.86209461884610
C           -0.98980203696637        0.88127531098374       -0.21473541168506
C           -1.90750295489323       -0.27980629172010       -0.09170466490557
O           -1.74818881456999       -1.24658687641637        0.60250584901261
H            3.15156886273405        0.02536847597623       -0.68755990274430
H            3.10177325649636       -1.47523538236588        0.24081907515509
H            2.78307076979990        0.06646080650353        1.03879751347082
H            0.67364121082033       -1.23851985176183        0.59111270304549
H            1.02613721870163       -1.16186891526976       -1.14260602066981
H            1.02707381950902        1.44817173827151       -0.84979171303626
H           -1.40883799095097        1.73673428375219       -0.74049347991324
H           -2.79852302676987       -0.17586750015130       -0.74418693823264
15
 energy: -22.873852926232 gnorm: 0.002439089326 xtb: 6.7.0 (08769fc)
C            2.64433492744436       -0.49640670493181        0.12025146765139
C            1.15744771761096       -0.64829952480128       -0.18775594890054
C            0.48862479829357        0.70299023093948       -0.26297238375808
O           -0.14888942877455        1.20798308061583        0.86225107230099
C           -0.98969809317028        0.88114069888826       -0.21456816165944
C           -1.90734266278160       -0.27916973300848       -0.09149322013123
O           -1.75269712864319       -1.24339181387834        0.60855183976609
H            3.15047205450380        0.02729400501440       -0.68648736811876
H            3.10228651521710       -1.47506606702866        0.23852211575903
H            2.78273499476793        0.06467197949480        1.04002573531883
H            0.67357384531675       -1.23893354194386        0.59056396849652
H            1.02630276459818       -1.16139240882241       -1.14339479415170
H            1.02722915765468        1.44785127669262       -0.85011181284155
H           -1.40859182145584        1.73651645794725       -0.74077634239986
H           -2.79392153248192       -0.17918123747776       -0.74850145623160
15
 energy: -22.873886574090 gnorm: 0.004064500297 xtb: 6.7.0 (08769fc)
C            2.64412555584895       -0.49620534991706        0.11979129868547
C            1.15574015294558       -0.64950777300679       -0.18782193748998
C            0.48830908579234        0.70285090036158       -0.26182093357984
O           -0.14580531599317        1.20942457635472        0.86440363488139
C           -0.98962602653714        0.88258722614201       -0.21035548640331
C           -1.90626562106006       -0.27689089078049       -0.09076110608247
O           -1.77098136545024       -1.22721196225883        0.63330472021617
H            3.14542680670709        0.03416363245028       -0.68567538958253
H            3.10372286117229       -1.47472124538643        0.22861598454624
H            2.78334894996002        0.05914209914223        1.04365359081007
H            0.67342443613084       -1.23976763460992        0.59197012236182
H            1.02439150808702       -1.16204873337062       -1.14409271011886
H            1.02655206758835        1.44559029027367       -0.85208227590627
H           -1.40759041297331        1.73765134691748       -0.73830657081044
H           -2.77290657411862       -0.19844978461175       -0.77671823042737
15
 energy: -22.873911542537 gnorm: 0.001761285388 xtb: 6.7.0 (08769fc)
C            2.64389050657564       -0.49686270217375        0.12094776103543
C            1.15653921639036       -0.64882703315660       -0.19124076996563
C            0.48895051546428        0.70322622796827       -0.26457960500484
O           -0.14548615959538        1.20980985072274        0.86164731577470
C           -0.98940758762293        0.88140420549860       -0.21261667894078
C           -1.90515079729474       -0.27910067192770       -0.08950879816461
O           -1.77188871093375       -1.22195485938610        0.64283433214416
H            3.15030625497798        0.03933669221303       -0.67874951974141
H            3.10343294715800       -1.47587369623379        0.22689607200921
H            2.77886029555801        0.05298893431281        1.04913176904620
H            0.67109768336629       -1.24137311964171        0.58515708895392
H            1.02797701229631       -1.15911634623425       -1.14918209627449
H            1.02657584956693        1.44667461149847       -0.85476775224580
H           -1.40857399037177        1.73567505314516       -0.74075604196240
H           -2.77525692743529       -0.19940044890513       -0.77110836556358
15
 energy: -22.873940451157 gnorm: 0.003494013020 xtb: 6.7.0 (08769fc)
C            2.64264979121762       -0.49839274354623        0.12381606088349
C            1.15790208951533       -0.64785945286038       -0.19914931265720
C            0.48943225988732        0.70331592393837       -0.27142240103185
O           -0.14263884981325        1.21081213724171        0.85617181755702
C           -0.98949873759114        0.88044482420961       -0.21529262044080
C           -1.90805866052811       -0.27837229514550       -0.07844431943594
O           -1.77478286233309       -1.20911839273812        0.66629378193335
H            3.15783786947464        0.05184297671178       -0.66326132218432
H            3.10335409116577       -1.47814765558909        0.22046254180098
H            2.76971828211381        0.03841091283202        1.06182547873008
H            0.66671854497514       -1.24517950214336        0.57060137868174
H            1.03545278283777       -1.15361104973061       -1.16062580302939
H            1.02535551758400        1.44768879034472       -0.86241631337109
H           -1.41053951311590        1.73335488179293       -0.74373770544106
H           -2.77103649728997       -0.20858265761778       -0.77071655089494
15
 energy: -22.873959227107 gnorm: 0.002641389279 xtb: 6.7.0 (08769fc)
C            2.64140063385197       -0.49883473851390        0.12674708191828
C            1.15838912109514       -0.64777896607741       -0.20334926176399
C            0.48965270158059        0.70329125749383       -0.27466235186707
O           -0.14023793495299        1.21202837597184        0.85378349066336
C           -0.98888515510039        0.88038363186769       -0.21604005974119
C           -1.90719875787559       -0.27876351894274       -0.07536689349285
O           -1.77615569827824       -1.20363769853814        0.67776289380190
H            3.15725724894056        0.05745990723477       -0.65509611416198
H            3.10333889792529       -1.47861506425837        0.21679046850024
H            2.76564242431388        0.03164309308477        1.06875697585334
H            0.66520426499195       -1.24735458911287        0.56332943477178
H            1.03973623294498       -1.15093305846840       -1.16681883255108
H            1.02399829024870        1.44734660211055       -0.86738359537544
H           -1.41095143781293        1.73236551191632       -0.74519829618663
H           -2.76932472377297       -0.21199404806789       -0.76915022926859
15
 energy: -22.873984062967 gnorm: 0.001329985011 xtb: 6.7.0 (08769fc)
C            2.63914525178318       -0.49909832371884        0.13122279356338
C            1.15851732743171       -0.64838344623762       -0.20950732920218
C            0.48963507314220        0.70272788735417       -0.28017154815918
O           -0.13451740981513        1.21478311210443        0.85010433429658
C           -0.98783133092523        0.88111795349540       -0.21547227550129
C           -1.90538419291716       -0.27794741313666       -0.06975748552062
O           -1.77791239400908       -1.19522011201342        0.69458330197580
H            3.15530184105454        0.06673151295135       -0.64205936957156
H            3.10338428923642       -1.47853573149568        0.21104656940367
H            2.75755993043388        0.02094461501110        1.07924648374973
H            0.66153356475339       -1.25129080432935        0.55189004346548
H            1.04711171235432       -1.14704773707278       -1.17614518319954
H            1.02142652285571        1.44510640782947       -0.87712303578405
H           -1.41189715398893        1.73155816594375       -0.74564592861561
H           -2.76420692328988       -0.21883938898527       -0.76810665980053
15
 energy: -22.874011226795 gnorm: 0.002273657229 xtb: 6.7.0 (08769fc)
C            2.63513192681046       -0.49941178271160        0.13866227385344
C            1.15837502573158       -0.64971502634071       -0.22057343659126
C            0.48945829593551        0.70149937610668       -0.29098503634597
O           -0.12285897881684        1.21972043097311        0.84312716437424
C           -0.98637835810493        0.88285548295614       -0.21300849009408
C           -1.90212293335428       -0.27562786962703       -0.05879822428559
O           -1.77989697119762       -1.18187090764716        0.72081074471515
H            3.15394732276100        0.08310382222321       -0.61916289532276
H            3.10323778071236       -1.47805315967330        0.20341520836832
H            2.74126143785331        0.00294626487458        1.09716910107353
H            0.65418028589446       -1.25807081806766        0.53144798869170
H            1.05976601400721       -1.14112464769125       -1.19221036706455
H            1.01692427600554        1.44015834028606       -0.89637662961397
H           -1.41442443795804        1.73092718454098       -0.74405359563736
H           -2.75473457817976       -0.23072999250200       -0.76535909502076
15
 energy: -22.874021791426 gnorm: 0.001444210909 xtb: 6.7.0 (08769fc)
C            2.63348524686309       -0.49971434445146        0.14126557405763
C            1.15840608905503       -0.64995670022036       -0.22523576646829
C            0.48954380513027        0.70122113689430       -0.29573360029632
O           -0.11819107187718        1.22116839821429        0.84002298707937
C           -0.98605110698449        0.88336934280075       -0.21188480684360
C           -1.90102355239259       -0.27478367126666       -0.05404327521132
O           -1.77949304894551       -1.17823259092577        0.72835908276018
H            3.15538102265314        0.08824213781022       -0.61042585908148
H            3.10280791381224       -1.47783422352819        0.20305834076603
H            2.73388041632501       -0.00276619200799        1.10309169228948
H            0.65127954626466       -1.26036392256758        0.52310551292249
H            1.06455603554573       -1.13912298271231       -1.19835527432491
H            1.01529135169331        1.43855312888669       -0.90426991318030
H           -1.41577030257637        1.73086494711661       -0.74252756103738
H           -2.75223623646642       -0.23403776634249       -0.76232242233151
15
 energy: -22.874033662514 gnorm: 0.000586322974 xtb: 6.7.0 (08769fc)
C            2.63122946481936       -0.50004306580026        0.14468797151737
C            1.15875015955291       -0.65002973909174       -0.23213171919235
C            0.49001473941471        0.70103400933211       -0.30242423560246
O           -0.11193607389511        1.22239672226111        0.83558705448443
C           -0.98559335218072        0.88355890905589       -0.21047262193689
C           -1.89980992542547       -0.27391749728486       -0.04717474494398
O           -1.77781841677538       -1.17508056125115        0.73672461520108
H            3.15935450181820        0.09311811368299       -0.59920446445101
H            3.10140420036006       -1.47766543412643        0.20590442401231
H            2.72281665114528       -0.00819142296285        1.10997422374379
H            0.64705093281860       -1.26350795498700        0.51066935242139
H            1.07148227629820       -1.13597730940136       -1.20733095114885
H            1.01324229335493        1.43696971740708       -0.91479611496762
H           -1.41754049730394        1.73059255145178       -0.74001034592842
H           -2.75078084590167       -0.23665034058527       -0.75589773210872
15
 energy: -22.874040341929 gnorm: 0.000864683720 xtb: 6.7.0 (08769fc)
C            2.62995351432246       -0.50032256492272        0.14724821377432
C            1.15936194926827       -0.64982910500513       -0.23690422238309
C            0.49036874614676        0.70105558640390       -0.30637606089465
O           -0.10856645809170        1.22273656589469        0.83298606341686
C           -0.98524410423158        0.88329717508001       -0.21013085114114
C           -1.89928377896149       -0.27374115393737       -0.04317823692966
O           -1.77588488702182       -1.17387923076704        0.74149160653399
H            3.16219046525181        0.09412795655867       -0.59293852502555
H            3.10000503932841       -1.47802226021875        0.20977365008087
H            2.71626514310740       -0.00981047249163        1.11380507651495
H            0.64469577111842       -1.26570143407955        0.50194378832275
H            1.07650076869394       -1.13312132514423       -1.21385798235087
H            1.01184149614244        1.43671010085680       -0.92054143720174
H           -1.41855719130867        1.73008511383484       -0.73893450526326
H           -2.75178036566471       -0.23697825436246       -0.75028186635371
15
 energy: -22.874047348990 gnorm: 0.000843560246 xtb: 6.7.0 (08769fc)
C            2.62877421931074       -0.50047362740625        0.14983340736736
C            1.16009866480159       -0.64970143133847       -0.24135284258723
C            0.49067667182976        0.70098682752688       -0.30961889754650
O           -0.10587686446800        1.22265841260657        0.83094236477936
C           -0.98479497362509        0.88289179803140       -0.21022732266305
C           -1.89889424842874       -0.27372787997340       -0.04006613016888
O           -1.77238318878034       -1.17429277416346        0.74361787728719
H            3.16495489975720        0.09266903839903       -0.58837391173062
H            3.09799624646655       -1.47838777788051        0.21591201891003
H            2.71052297653937       -0.00883818974922        1.11617778905357
H            0.64281240036946       -1.26810437176355        0.49351191102743
H            1.08165221465658       -1.12999680256470       -1.22016333255058
H            1.01050929333845        1.43680867637829       -0.92494116518289
H           -1.41929833470350        1.72959404333153       -0.73820281909410
H           -2.75488386896408       -0.23547924373409       -0.74294423580101
15
 energy: -22.874055565369 gnorm: 0.000363410291 xtb: 6.7.0 (08769fc)
C            2.62731134025280       -0.50051444542503        0.15345776722762
C            1.16114184693231       -0.64991001854133       -0.24725248085605
C            0.49090295188272        0.70040042615866       -0.31402291665801
O           -0.10229420646761        1.22239376383347        0.82817612086864
C           -0.98418880264891        0.88248188426975       -0.21069788640797
C           -1.89861463321291       -0.27343603912046       -0.03608685951964
O           -1.76669892836634       -1.17580273206545        0.74500546744108
H            3.16867027953598        0.09068750434064       -0.58258419562400
H            3.09544948167448       -1.47870165953136        0.22491050607343
H            2.70262514438217       -0.00665100075789        1.11938108583419
H            0.64045626027744       -1.27181718520345        0.48217369180615
H            1.08895603350352       -1.12596932378296       -1.22860016056907
H            1.00887059736787        1.43636470276661       -0.93078794140227
H           -1.42011049027830        1.72920965566869       -0.73747710796123
H           -2.76061076673526       -0.23212883490987       -0.73149037915280
15
 energy: -22.874061682367 gnorm: 0.000188036545 xtb: 6.7.0 (08769fc)
C            2.62546676546968       -0.50045364123086        0.15759134116809
C            1.16212689574739       -0.65036902718591       -0.25347972901945
C            0.49114232231287        0.69955974627310       -0.31898853318111
O           -0.09813097097885        1.22231239000034        0.82494710863949
C           -0.98348941234772        0.88217875506208       -0.21116784801172
C           -1.89822926642490       -0.27282767048654       -0.03172793819107
O           -1.76009021422772       -1.17778217315762        0.74544576208464
H            3.17180968569113        0.08925805892738       -0.57570809203262
H            3.09299317275824       -1.47853551330821        0.23400852450567
H            2.69406266175839       -0.00476130354350        1.12303217589504
H            0.63799074469721       -1.27591968536280        0.47023692179320
H            1.09691363711215       -1.12226153731067       -1.23731032171623
H            1.00717749252057        1.43538120516287       -0.93763786925401
H           -1.42090257976107        1.72888482388945       -0.73670744251678
H           -2.76697482622740       -0.22805773002908       -0.71842934906307
15
 energy: -22.874064929885 gnorm: 0.000345790649 xtb: 6.7.0 (08769fc)
C            2.62422872868215       -0.50036124510840        0.16036623570480
C            1.16287657254252       -0.65078904181669       -0.25756947842467
C            0.49131989812634        0.69879446810569       -0.32272545073955
O           -0.09510132116405        1.22248939456398        0.82224882214383
C           -0.98297638375449        0.88196605749732       -0.21169186408319
C           -1.89797942730154       -0.27229309030675       -0.02849763070096
O           -1.75596485905853       -1.17876789186034        0.74647035011653
H            3.17382318630262        0.09025146295780       -0.56990878000073
H            3.09176194496808       -1.47831168299415        0.23847092943801
H            2.68760020148235       -0.00520348250792        1.12655982737515
H            0.63626393883401       -1.27871298659659        0.46222656110645
H            1.10254675491914       -1.12000632087722       -1.24290615760369
H            1.00597181035482        1.43422661466626       -0.94301713745932
H           -1.42129460835962        1.72855282348001       -0.73666012565884
H           -2.77121032847385       -0.22522838150298       -0.70926139011374
15
 energy: -22.874067078842 gnorm: 0.000228663230 xtb: 6.7.0 (08769fc)
C            2.62337450748693       -0.50036192119178        0.16228805199783
C            1.16328068219696       -0.65107499275762       -0.26007791641245
C            0.49144858340274        0.69832989236743       -0.32528574380868
O           -0.09306062576770        1.22300182082358        0.82020403561270
C           -0.98267204897029        0.88186530045841       -0.21205358851532
C           -1.89781225084065       -0.27180703562828       -0.02621824991813
O           -1.75369080552944       -1.17883922289302        0.74763515560919
H            3.17438648830366        0.09226495363899       -0.56520844774320
H            3.09156953172636       -1.47802840696861        0.23959177721020
H            2.68375753482749       -0.00713099578340        1.12959301859068
H            0.63518627514768       -1.28020789320298        0.45750377223343
H            1.10584924429399       -1.11894680601528       -1.24619425668635
H            1.00520044741266        1.43327469581522       -0.94692920556086
H           -1.42160219465191        1.72818686859312       -0.73692529273775
H           -2.77334926093850       -0.22391955955575       -0.70381839877121
15
 energy: -22.874069182653 gnorm: 0.000194012701 xtb: 6.7.0 (08769fc)
C            2.62264642386586       -0.50042048957209        0.16379468747670
C            1.16357220764227       -0.65129298595966       -0.26189999614193
C            0.49160678346294        0.69799945495750       -0.32758023758834
O           -0.09134711560646        1.22386277979078        0.81811244711528
C           -0.98238406037691        0.88181253768229       -0.21256679363391
C           -1.89756905319175       -0.27135333821737       -0.02410760066812
O           -1.75217430399654       -1.17811508990178        0.74982996355998
H            3.17447991820978        0.09579643821336       -0.56019976981838
H            3.09189061010364       -1.47778039287304        0.23832652450520
H            2.68025194949835       -0.01087525002383        1.13314186441391
H            0.63417276291195       -1.28133040993395        0.45394640340942
H            1.10857637288962       -1.11823892423029       -1.24857597431525
H            1.00455914946071        1.43230020993866       -0.95066021326605
H           -1.42182097003735        1.72769243624889       -0.73773336269801
H           -2.77459456673613       -0.22345027841945       -0.69972323125045
15
 energy: -22.874071160626 gnorm: 0.000103832069 xtb: 6.7.0 (08769fc)
C            2.62193499013115       -0.50059442901901        0.16546621732480
C            1.16383597803128       -0.65139445777506       -0.26382347898239
C            0.49174021183720        0.69777106763497       -0.33005941800691
O           -0.08960701276591        1.22500620667387        0.81577972625496
C           -0.98214980902337        0.88181084926433       -0.21317098032216
C           -1.89724192667681       -0.27088254391822       -0.02180408919609
O           -1.75074670147773       -1.17676540618109        0.75289664960653
H            3.17427655994750        0.10019177167025       -0.55434554526034
H            3.09253319473688       -1.47761286187245        0.23587695250773
H            2.67695179777064       -0.01598582797248        1.13740025105357
H            0.63306012721548       -1.28209486798486        0.45041274133841
H            1.11097916777375       -1.11753546566206       -1.25099540374038
H            1.00390111322599        1.43130086795207       -0.95469167426600
H           -1.42222108833292        1.72708749280274       -0.73879198351845
H           -2.77538049429318       -0.22369569791297       -0.69604525369324
15
 energy: -22.874072536144 gnorm: 0.000087395967 xtb: 6.7.0 (08769fc)
C            2.62113220108775       -0.50080332969960        0.16692523946231
C            1.16400976876042       -0.65144719239586       -0.26556749652276
C            0.49191849558066        0.69770411027772       -0.33223700590250
O           -0.08807145918160        1.22619504346221        0.81368482056155
C           -0.98185957047568        0.88184329473401       -0.21376325631982
C           -1.89676103318865       -0.27050891722320       -0.01964277913964
O           -1.74938845576942       -1.17521887304690        0.75625329628080
H            3.17397323334827        0.10421560352218       -0.54889777143257
H            3.09287198173649       -1.47752797010637        0.23342802401086
H            2.67362515599839       -0.02088441480760        1.14127916069112
H            0.63200132292624       -1.28298293459627        0.44706464395964
H            1.11341813683603       -1.11671033240334       -1.25332080969910
H            1.00327511482230        1.43057518181026       -0.95832835953917
H           -1.42255362519033        1.72648198236011       -0.73988523940977
H           -2.77572515919093       -0.22432455418732       -0.69288775590091
15
 energy: -22.874073292144 gnorm: 0.000070127954 xtb: 6.7.0 (08769fc)
C            2.62062727209714       -0.50098702313419        0.16805794719191
C            1.16421103734317       -0.65141151170464       -0.26705443930016
C            0.49197091710335        0.69762488306215       -0.33390032158062
O           -0.08692327699437        1.22688855876329        0.81220591176327
C           -0.98171051502358        0.88186382396645       -0.21415507764836
C           -1.89644230006731       -0.27028237782055       -0.01807285454874
O           -1.74841272900939       -1.17406043461075        0.75879716770394
H            3.17405967890070        0.10664755694490       -0.54504016390027
H            3.09302854954384       -1.47753138457829        0.23225234753150
H            2.67131655505397       -0.02407532829227        1.14394779066158
H            0.63117422453893       -1.28354365929972        0.44426004315547
H            1.11511168608972       -1.11584207887306       -1.25524193057787
H            1.00278425934767        1.43009722756216       -0.96087600942503
H           -1.42292940031215        1.72610237161107       -0.74048355648928
H           -2.77599985051174       -0.22488392589652       -0.69059214343728
15
 energy: -22.874073742297 gnorm: 0.000068625928 xtb: 6.7.0 (08769fc)
C            2.62016205747250       -0.50109405195156        0.16879803040475
C            1.16430416567334       -0.65142200028730       -0.26816882476803
C            0.49204944702208        0.69762415039686       -0.33491598438283
O           -0.08612406491279        1.22732794583753        0.81136255388583
C           -0.98154656405624        0.88188667609416       -0.21430868284751
C           -1.89615565235107       -0.27014720380474       -0.01698100145998
O           -1.74767654534722       -1.17330498489650        0.76052364358546
H            3.17414958392476        0.10780163379460       -0.54273899489976
H            3.09281742398040       -1.47757608333106        0.23204812149383
H            2.66951612743281       -0.02563986027339        1.14544964030871
H            0.63062324406190       -1.28416058489780        0.44212633844146
H            1.11649376866749       -1.11514563735119       -1.25678049837102
H            1.00243339415718        1.42990400609154       -0.96249405310438
H           -1.42313057221857        1.72587344911788       -0.74072719199833
H           -2.77604970540662       -0.22532075683901       -0.68908838518813
15
 energy: -22.874074095043 gnorm: 0.000066244788 xtb: 6.7.0 (08769fc)
C            2.61982417038381       -0.50119168700565        0.16939964029206
C            1.16442933387835       -0.65139508268350       -0.26917873967896
C            0.49206847923158        0.69759489775593       -0.33577145960424
O           -0.08543337433682        1.22748324113270        0.81076454583656
C           -0.98144894590246        0.88189745763624       -0.21434871541681
C           -1.89595178427485       -0.27007722439241       -0.01613990860380
O           -1.74710935384355       -1.17281283177941        0.76180110127646
H            3.17448611737683        0.10818601197247       -0.54117328753941
H            3.09252282023217       -1.47765291412479        0.23258255678215
H            2.66806108396566       -0.02630738829113        1.14637215393243
H            0.63015969326169       -1.28469207109743        0.44016824286326
H            1.11764613521798       -1.11440755531019       -1.25815569220108
H            1.00212276924550        1.42980577841688       -0.96369366800310
H           -1.42335683558602        1.72577683640229       -0.74066922863779
H           -2.77615420074990       -0.22560077093199       -0.68785283019767
15
 energy: -22.874074429715 gnorm: 0.000053816004 xtb: 6.7.0 (08769fc)
C            2.61943186990110       -0.50123562380585        0.16998705027918
C            1.16453985432430       -0.65140447460235       -0.27030023808383
C            0.49211199710214        0.69756284674028       -0.33657967382912
O           -0.08467844873163        1.22756234441095        0.81027946415683
C           -0.98131832764248        0.88189955052083       -0.21426203011404
C           -1.89572966710562       -0.27002359005297       -0.01528945524549
O           -1.74653245776062       -1.17244396516032        0.76295324068073
H            3.17495149558198        0.10820689338407       -0.53987608334853
H            3.09200837948209       -1.47773234058239        0.23363170326358
H            2.66650580558597       -0.02645057311237        1.14708625244502
H            0.62967661314994       -1.28529953516514        0.43804851045212
H            1.11886113453954       -1.11366876716361       -1.25967368450297
H            1.00179801187878        1.42973935181369       -0.96485058325057
H           -1.42354830078688        1.72571988719230       -0.74040486915811
H           -2.77621185141865       -0.22582530671711       -0.68664489264473
15
 energy: -22.874074750394 gnorm: 0.000044807184 xtb: 6.7.0 (08769fc)
C            2.61900414443518       -0.50134235871651        0.17065929530226
C            1.16469163175982       -0.65136590652031       -0.27156374251784
C            0.49213198864623        0.69754374413008       -0.33755087014963
O           -0.08378748053600        1.22758351580261        0.80973177652418
C           -0.98120378849079        0.88191074541307       -0.21411626431182
C           -1.89548830906792       -0.26997572214568       -0.01434313013635
O           -1.74586332759589       -1.17213617351425        0.76412351743786
H            3.17553291257402        0.10798069523346       -0.53851786089170
H            3.09143027420673       -1.47787035937199        0.23511478360479
H            2.66471973242963       -0.02639335607233        1.14774449957637
H            0.62914019857608       -1.28599861049112        0.43560755285868
H            1.12032672928578       -1.11275011816707       -1.26140223702485
H            1.00138585950597        1.42971670140735       -0.96617777013336
H           -1.42382964246868        1.72571046763316       -0.73996273173575
H           -2.77632481516020       -0.22600656692045       -0.68524210730279
15
 energy: -22.874074986675 gnorm: 0.000034275289 xtb: 6.7.0 (08769fc)
C            2.61857223044319       -0.50135425492713        0.17128504224678
C            1.16480952594069       -0.65138489219709       -0.27278965384317
C            0.49218748040381        0.69749684697600       -0.33844479356880
O           -0.08290995842709        1.22761821322876        0.80922383777499
C           -0.98105469454787        0.88190060448459       -0.21395298615975
C           -1.89524242691835       -0.26993479381542       -0.01343853540699
O           -1.74524745898116       -1.17187242091170        0.76521727746487
H            3.17612432016491        0.10787969743453       -0.53720633679974
H            3.09080010900268       -1.47792994771307        0.23644333846880
H            2.66304399195152       -0.02634898560516        1.14843063294253
H            0.62858956208515       -1.28663684806829        0.43330356807757
H            1.12160890208113       -1.11198105679948       -1.26302996843629
H            1.00101506716170        1.42963010672320       -0.96746210764696
H           -1.42403073160239        1.72567173356933       -0.73955094581018
H           -2.77639981065795       -0.22614730467906       -0.68392365820359
15
 energy: -22.874075059767 gnorm: 0.000029907307 xtb: 6.7.0 (08769fc)
C            2.61845735608138       -0.50145407510658        0.17148570212168
C            1.16485019668386       -0.65130254696868       -0.27312739233710
C            0.49221144345526        0.69757619200376       -0.33875460721710
O           -0.08274737877538        1.22776075909070        0.80894655495361
C           -0.98103392715515        0.88189453848558       -0.21404314754388
C           -1.89512731622191       -0.26994381128909       -0.01313185214379
O           -1.74491867730322       -1.17174031485717        0.76564413601176
H            3.17624339725572        0.10805532577842       -0.53657147795988
H            3.09069988759541       -1.47803832346869        0.23651576421598
H            2.66251219428513       -0.02677400231193        1.14880187023958
H            0.62843936123267       -1.28670330207398        0.43268918781433
H            1.12194932425234       -1.11171990269999       -1.26347168035022
H            1.00096131931397        1.42969441479853       -0.96785233936923
H           -1.42415833746082        1.72558260056619       -0.73965064898449
H           -2.77647273513929       -0.22628085424703       -0.68337535835119
