  13
 Etot=          -2.3859940255
 C         -1.3499268458        1.5542538904        0.4581272744
 C         -0.9831702081        0.1852630607       -0.0201242270
 O         -1.6045259760       -0.4517530622       -0.8365329193
 C          0.2965231017       -0.4155738646        0.5843943492
 O          0.3848973774       -1.7877069443        0.2924550488
 C          1.4164783821        0.3417570348        0.0229821299
 C          2.3342606850        0.9116001563       -0.4927539603
 H         -2.0936823523        1.9961046346       -0.2003647757
 H         -0.4668953225        2.1865133152        0.5156196685
 H         -1.7725552542        1.4699046037        1.4593574979
 H          0.2948755187       -0.2985547917        1.6768144946
 H         -0.1752760323       -1.9427896272       -0.4859161344
 H          3.1469502321        1.4251720927       -0.9143163406
  13
 Etot=          -2.3891097305
 C         -1.3646930530        1.5485790907        0.4658265454
 C         -0.9735844129        0.1904770129       -0.0074106571
 O         -1.5966550649       -0.4436107120       -0.8140859735
 C          0.3096406497       -0.4051553663        0.5676398321
 O          0.3523562354       -1.7950376610        0.3002268341
 C          1.4483175589        0.3111091246        0.0437815183
 C          2.3537340668        0.9130790760       -0.4924939316
 H         -2.1062189124        1.9842312573       -0.2013909966
 H         -0.4958405090        2.2049399040        0.5099971012
 H         -1.7936447319        1.4870980188        1.4658283598
 H          0.2967579846       -0.2979568212        1.6631022045
 H         -0.1733846588       -1.9580100900       -0.5110124820
 H          3.1711681529        1.4344476647       -0.9302662486
  13
 Etot=          -2.3893507413
 C         -1.3855630540        1.5459999319        0.4754116312
 C         -0.9685528606        0.1986233096        0.0053050374
 O         -1.5997769997       -0.4353030373       -0.7894624648
 C          0.3249618680       -0.3883302306        0.5460757124
 O          0.3252519439       -1.7955634858        0.3064944252
 C          1.4578279792        0.2998853586        0.0203959852
 C          2.4257118752        0.8408743680       -0.4743050397
 H         -2.1286760824        1.9686584537       -0.2002257554
 H         -0.5334711704        2.2279796471        0.5069225062
 H         -1.8199427634        1.4975866195        1.4737071293
 H          0.3216736667       -0.2835132728        1.6434548196
 H         -0.1698228963       -1.9686399489       -0.5289041084
 H          3.1783317993        1.4659327854       -0.9251277723
  13
 Etot=          -2.3899009656
 C         -1.3985566422        1.5449191183        0.4824615653
 C         -0.9624843207        0.2048075663        0.0100376083
 O         -1.5964548425       -0.4277667527       -0.7835263625
 C          0.3350006748       -0.3799687342        0.5377642859
 O          0.3202538370       -1.7932528369        0.3064434863
 C          1.4719074574        0.2994912173        0.0249070460
 C          2.3945595846        0.8876388048       -0.4894344550
 H         -2.1439196311        1.9571465089       -0.1980756073
 H         -0.5583428442        2.2423304973        0.5124846758
 H         -1.8384422484        1.4941616128        1.4779689835
 H          0.3356082312       -0.2805087141        1.6363608425
 H         -0.1591569529       -1.9691696042       -0.5380789700
 H          3.2279810025        1.3943618150       -0.9195709929
  13
 Etot=          -2.3901269747
 C         -1.4009736278        1.5471113697        0.4824823518
 C         -0.9678652157        0.2057243012        0.0056472764
 O         -1.6004164644       -0.4269291777       -0.7924382760
 C          0.3295550431       -0.3802889381        0.5408694824
 O          0.3310454884       -1.7876804032        0.3045026752
 C          1.4658075341        0.3050760040        0.0137352086
 C          2.4047084232        0.8786238931       -0.4913518446
 H         -2.1482256873        1.9592453416       -0.1949467860
 H         -0.5595885874        2.2395309105        0.5197986864
 H         -1.8407357322        1.4840621999        1.4772697436
 H          0.3395005772       -0.2752766706        1.6382759929
 H         -0.1601881384       -1.9644615734       -0.5264592476
 H          3.2353296931        1.3894532415       -0.9176431573
  13
 Etot=          -2.3902333118
 C         -1.4124047586        1.5470168790        0.4876427575
 C         -0.9697894950        0.2099615901        0.0057062560
 O         -1.6002735441       -0.4213604542       -0.7955843838
 C          0.3305963262       -0.3731944635        0.5370965485
 O          0.3289529636       -1.7821763021        0.3097677961
 C          1.4686705672        0.3042137405        0.0007043499
 C          2.4223246996        0.8638049345       -0.4943924382
 H         -2.1618296041        1.9552490832       -0.1896434290
 H         -0.5769684548        2.2457385323        0.5302842934
 H         -1.8554331899        1.4748761681        1.4804969456
 H          0.3481156780       -0.2616301207        1.6336907132
 H         -0.1509912710       -1.9603871112       -0.5277569963
 H          3.2569833885        1.3720780227       -0.9182703071
  13
 Etot=          -2.3903916542
 C         -1.4415619999        1.5449307393        0.5020558323
 C         -0.9712234452        0.2220536115        0.0028326177
 O         -1.5907024013       -0.4040507088       -0.8115674879
 C          0.3341088140       -0.3543287329        0.5286742920
 O          0.3210090213       -1.7672754330        0.3269103393
 C          1.4801722229        0.2981075273       -0.0278959047
 C          2.4569873255        0.8331235245       -0.5061267941
 H         -2.1946344516        1.9465899852       -0.1749382423
 H         -0.6216105720        2.2601336996        0.5627262479
 H         -1.8946696063        1.4473939894        1.4889548531
 H          0.3664272993       -0.2235820614        1.6228728045
 H         -0.1263134299       -1.9489165830       -0.5291176228
 H          3.3099645289        1.3200109408       -0.9256388292
  13
 Etot=          -2.3904759286
 C         -1.4584648802        1.5415994097        0.5118520052
 C         -0.9691983611        0.2304109093       -0.0017339695
 O         -1.5744675415       -0.3894913256       -0.8314695065
 C          0.3370533616       -0.3423727079        0.5249153060
 O          0.3154557830       -1.7569618513        0.3400335444
 C          1.4874669964        0.2932060936       -0.0433795037
 C          2.4720806964        0.8166994533       -0.5161587664
 H         -2.2109526515        1.9435033189       -0.1655445485
 H         -0.6477290325        2.2659019759        0.5891350591
 H         -1.9195165986        1.4258857655        1.4935501159
 H          0.3748316905       -0.1975185161        1.6171177832
 H         -0.1142764237       -1.9425680952       -0.5236441486
 H          3.3356702668        1.2858960684       -0.9349312647
  13
 Etot=          -2.3905870473
 C         -1.4720475960        1.5359786942        0.5216528266
 C         -0.9635161905        0.2401404130       -0.0111503500
 O         -1.5487903084       -0.3712155067       -0.8613363326
 C          0.3397235417       -0.3312137240        0.5230902518
 O          0.3086398149       -1.7467301979        0.3567270702
 C          1.4924642482        0.2882781238       -0.0551271072
 C          2.4794576490        0.8037338761       -0.5278835892
 H         -2.2222162724        1.9432593404       -0.1551194051
 H         -0.6692006305        2.2670097449        0.6184174022
 H         -1.9393098871        1.4000309931        1.4976863267
 H          0.3779809545       -0.1701774893        1.6127618055
 H         -0.1055995330       -1.9391765573       -0.5118619984
 H          3.3503675152        1.2542727883       -0.9481147947
  13
 Etot=          -2.3906964326
 C         -1.4842616582        1.5289310329        0.5317183478
 C         -0.9569952776        0.2509258381       -0.0227369845
 O         -1.5163114604       -0.3479594872       -0.8996548139
 C          0.3412557807       -0.3200468063        0.5230816779
 O          0.3001168859       -1.7363737285        0.3778667713
 C          1.4941459304        0.2850778048       -0.0654240812
 C          2.4839724645        0.7915058703       -0.5418118699
 H         -2.2315412830        1.9445389816       -0.1434331237
 H         -0.6886332223        2.2649571577        0.6505816633
 H         -1.9566457771        1.3693111975        1.5015501800
 H          0.3784274108       -0.1413473841        1.6099974732
 H         -0.0966773939       -1.9382095238       -0.4967034667
 H          3.3611009059        1.2228795456       -0.9652896678
  13
 Etot=          -2.3907799003
 C         -1.4932863549        1.5227242526        0.5390964327
 C         -0.9475841520        0.2624071282       -0.0360840720
 O         -1.4844476536       -0.3248681913       -0.9344784623
 C          0.3424864303       -0.3114737240        0.5249274216
 O          0.2901822765       -1.7283677492        0.3971006274
 C          1.4984786690        0.2805381658       -0.0686476453
 C          2.4875222861        0.7804601094       -0.5538577001
 H         -2.2400820270        1.9448940112       -0.1327898389
 H         -0.7049661291        2.2638145799        0.6774453435
 H         -1.9685730778        1.3392424962        1.5033193338
 H          0.3766327704       -0.1189529910        1.6094925499
 H         -0.0934297309       -1.9374356635       -0.4812402909
 H          3.3650199987        1.2012080744       -0.9845415936
  13
 Etot=          -2.3908476786
 C         -1.5010109980        1.5174500154        0.5449064884
 C         -0.9402151275        0.2714502728       -0.0434294959
 O         -1.4537346722       -0.3015105007       -0.9648844178
 C          0.3441809217       -0.3046908528        0.5280195996
 O          0.2814321941       -1.7214361315        0.4121129226
 C          1.5031388376        0.2770710875       -0.0685418744
 C          2.4910328778        0.7699906432       -0.5646898849
 H         -2.2466153311        1.9436484421       -0.1258728749
 H         -0.7197381031        2.2623222680        0.7010529833
 H         -1.9808965905        1.3143166738        1.5026825365
 H          0.3764303872       -0.1030522170        1.6107867143
 H         -0.0933270178       -1.9356990692       -0.4679305196
 H          3.3672759275        1.1843298669       -1.0044700713
  13
 Etot=          -2.3909175127
 C         -1.5105793823        1.5127420630        0.5510083705
 C         -0.9286017603        0.2843017980       -0.0532909921
 O         -1.4204661016       -0.2741624801       -0.9938516944
 C          0.3464944976       -0.2976897351        0.5322034272
 O          0.2694032708       -1.7147800177        0.4292041933
 C          1.5125428106        0.2700991762       -0.0650062386
 C          2.4985709445        0.7534626809       -0.5759020159
 H         -2.2575662688        1.9398442324       -0.1175359471
 H         -0.7401998018        2.2650741314        0.7253744111
 H         -1.9946362075        1.2863364533        1.5014157501
 H          0.3751865844       -0.0864066163        1.6131738525
 H         -0.0907466713       -1.9320234327       -0.4578012723
 H          3.3685513914        1.1673922454       -1.0292497384
  13
 Etot=          -2.3909687894
 C         -1.5230743460        1.5073330688        0.5582581253
 C         -0.9153251864        0.2979512957       -0.0608576119
 O         -1.3803194861       -0.2422616557       -1.0258904768
 C          0.3510851019       -0.2897588313        0.5376084110
 O          0.2599630746       -1.7055884803        0.4423269238
 C          1.5238862557        0.2637744182       -0.0613878086
 C          2.5085245884        0.7335363198       -0.5886753237
 H         -2.2704056252        1.9328031485       -0.1108074479
 H         -0.7669580290        2.2693371361        0.7538952792
 H         -2.0146562365        1.2563823579        1.4988510871
 H          0.3779170127       -0.0703823321        1.6169361316
 H         -0.0957270845       -1.9247547715       -0.4431273250
 H          3.3730432660        1.1458188244       -1.0573878582
  13
 Etot=          -2.3909928415
 C         -1.5342947199        1.5036294491        0.5646622205
 C         -0.9067842442        0.3089573940       -0.0640224685
 O         -1.3521024289       -0.2165847702       -1.0466296865
 C          0.3543814715       -0.2824556510        0.5412308915
 O          0.2527274590       -1.6982380477        0.4540135581
 C          1.5322748630        0.2583449269       -0.0605532473
 C          2.5172930284        0.7146695842       -0.5985500100
 H         -2.2811952699        1.9270636638       -0.1060481829
 H         -0.7904506445        2.2728252519        0.7762068780
 H         -2.0319184569        1.2351458549        1.4971142831
 H          0.3804934488       -0.0557218169        1.6192357889
 H         -0.0902029500       -1.9180684546       -0.4388433555
 H          3.3777317490        1.1246231141       -1.0780745636
