     -2.391149945411     -2.391241408069         0.55151E-03
     -2.391137403329     -2.391228295781         0.76983E-03
     -2.391149968491     -2.391241852585         0.66492E-03
     -2.391149922756     -2.391241512100         0.68487E-03
     -2.391056257041     -2.391148267897         0.59389E-03
     -2.391152496664     -2.391244115948         0.72639E-03
     -2.391097185249     -2.391188274214         0.26039E-03
     -2.391093082254     -2.391185288051         0.48231E-03
     -2.391035616891     -2.391128198928         0.96886E-03
     -2.391151745887     -2.391243417760         0.42297E-03
     -2.391041062765     -2.391132583666         0.38759E-03
     -2.391000218056     -2.391092570447         0.97436E-03
     -2.391036226156     -2.391128614342         0.64277E-03
     -2.391029977680     -2.391121289011         0.64848E-03
     -2.391150938219     -2.391242122311         0.30161E-03
     -2.391091833326     -2.391183208133         0.67517E-03
     -2.391107327022     -2.391199634269         0.50620E-03
     -2.391009014167     -2.391101158478         0.43834E-03
     -2.391065695117     -2.391157175849         0.41155E-03
     -2.391044287313     -2.391136616271         0.84621E-03
     -2.391125184597     -2.391215605284         0.70331E-03
     -2.391047908677     -2.391140236410         0.64389E-03
     -2.389280459405     -2.389368501486         0.34853E-03
     -2.389286939387     -2.389375115257         0.43536E-03
     -2.391021434043     -2.391112641231         0.46886E-03
     -2.389250372226     -2.389340604627         0.53859E-03
     -2.389296912541     -2.389385519267         0.42579E-03
     -2.389128158823     -2.389215973402         0.48151E-03
     -2.389093780824     -2.389181861037         0.16153E-03
     -2.389089851240     -2.389177448350         0.75676E-03
     -2.389224059390     -2.389313388610         0.63821E-03
     -2.389228103579     -2.389317228661         0.92421E-03
     -2.389257522400     -2.389346182732         0.75368E-03
     -2.390994518437     -2.391086024552         0.47660E-03
     -2.388001082865     -2.388102821959         0.54919E-03
     -2.387982242987     -2.388084571169         0.39506E-03
     -2.391051828489     -2.391143535397         0.56041E-03
     -2.387974564503     -2.388076594154         0.99102E-03
     -2.387999295220     -2.388101331216         0.84055E-03
     -2.388009689594     -2.388111737469         0.70453E-03
     -2.391000432881     -2.391092361492         0.82030E-03
     -2.387989916154     -2.388091905694         0.77624E-03
     -2.388007465101     -2.388108894962         0.90491E-03
     -2.391003411542     -2.391095710632         0.48998E-03
     -2.387995442854     -2.388097576128         0.74419E-03
     -2.387896943321     -2.387998742015         0.58342E-03
     -2.387944909658     -2.388046783013         0.73418E-03
     -2.391034942507     -2.391126849507         0.56908E-03
     -2.391020217401     -2.391111748912         0.71007E-03
     -2.387998294556     -2.388100014132         0.40322E-03
     -2.387906030493     -2.388008745929         0.78038E-03
     -2.391031797656     -2.391123322280         0.52105E-03
     -2.387970756193     -2.388073271500         0.66774E-03
     -2.389159445496     -2.389248045247         0.60061E-03
     -2.391009526031     -2.391102061299         0.94288E-03
     -2.391032069197     -2.391123650953         0.31674E-03
     -2.389151794362     -2.389238559723         0.77465E-03
     -2.389203811874     -2.389292833541         0.87115E-03
     -2.387972501533     -2.388074625407         0.47894E-03
     -2.389151931865     -2.389239658456         0.65193E-03
