  15
 Etot=          -2.5896261709
 C         -2.9768258428        0.1571667810        0.0021015204
 C         -1.6185075683        0.8474505131       -0.0010102268
 C         -0.4775816729       -0.1513883135       -0.0009765393
 O         -0.6103168687       -1.3520796494       -0.0005053636
 N          0.7634799662        0.4527352400       -0.0014750990
 C          1.9623015882       -0.2361488751       -0.0000635821
 N          3.1162320483        0.2507469602        0.0016967250
 H         -3.7761214674        0.8936964904        0.0012611538
 H         -3.0764393922       -0.4722822203        0.8829647224
 H         -3.0783850432       -0.4763445460       -0.8756241748
 H         -1.5167004128        1.4845953464        0.8819457065
 H         -1.5192584596        1.4814534065       -0.8865372583
 H          0.8080401110        1.4656127483       -0.0016501911
 H          1.8406237092       -1.3132381889        0.0001642322
 H          3.1585831777        1.2695168422        0.0018080579
  15
 Etot=          -2.5921348668
 C         -2.9792697556        0.1518067482        0.0020646982
 C         -1.6281344042        0.8471512559       -0.0010811679
 C         -0.4742369530       -0.1234151838       -0.0008735889
 O         -0.6221680262       -1.3250501780       -0.0004437973
 N          0.7770053968        0.4652580293       -0.0012822814
 C          1.9638819055       -0.2462685461        0.0000065970
 N          3.1204053190        0.2491142440        0.0015514708
 H         -3.8007141060        0.8694642221        0.0013255009
 H         -3.0813077833       -0.4842154964        0.8812052783
 H         -3.0832707191       -0.4882872401       -0.8738839528
 H         -1.5316421698        1.4957257877        0.8760844773
 H         -1.5340279957        1.4924949818       -0.8808877419
 H          0.8371629430        1.4778523382       -0.0015261548
 H          1.8536040106       -1.3209220085        0.0001020854
 H          3.1818362109        1.2407835806        0.0017382607
  15
 Etot=          -2.5928546603
 C         -2.9775801852        0.1412577204        0.0020327480
 C         -1.6390385734        0.8551972240       -0.0011488044
 C         -0.4732523913       -0.0918189437       -0.0007901660
 O         -0.6382016050       -1.2932894212       -0.0003721693
 N          0.7883244313        0.4793130969       -0.0009998314
 C          1.9607869732       -0.2594311869        0.0000955030
 N          3.1202970823        0.2382360597        0.0013991534
 H         -3.8192743170        0.8390772691        0.0014014783
 H         -3.0741598147       -0.4997751383        0.8800093302
 H         -3.0761475538       -0.5038193250       -0.8727526287
 H         -1.5537481788        1.5126485058        0.8720301558
 H         -1.5559982496        1.5091598243       -0.8771468612
 H          0.8679135817        1.4911481930       -0.0012883900
 H          1.8581588587       -1.3325332214        0.0000265848
 H          3.2110438142        1.2161218783        0.0016035807
  15
 Etot=          -2.5929547850
 C         -2.9759129759        0.1351774810        0.0020165058
 C         -1.6441827874        0.8623368566       -0.0011886075
 C         -0.4733749774       -0.0786620418       -0.0006915341
 O         -0.6418370995       -1.2797871848       -0.0003643024
 N          0.7906845036        0.4870787870       -0.0008073832
 C          1.9563809027       -0.2636586398        0.0001048181
 N          3.1187185096        0.2275632666        0.0012555563
 H         -3.8245823750        0.8240024151        0.0013856681
 H         -3.0648798656       -0.5072132048        0.8798566988
 H         -3.0668541125       -0.5113219355       -0.8725967311
 H         -1.5653082402        1.5209091273        0.8717842376
 H         -1.5674755222        1.5172279102       -0.8771081263
 H          0.8788883711        1.4981393602       -0.0010613672
 H          1.8510678697       -1.3364762606       -0.0000384280
 H          3.2277916718        1.2061765982        0.0015526784
  15
 Etot=          -2.5929880864
 C         -2.9744957376        0.1307632380        0.0020240411
 C         -1.6477174640        0.8680986735       -0.0012378941
 C         -0.4731086121       -0.0700665260       -0.0006895208
 O         -0.6408576283       -1.2710871938       -0.0004092886
 N          0.7910565425        0.4941152847       -0.0006146985
 C          1.9516629781       -0.2647507412        0.0001298300
 N          3.1170873708        0.2180638607        0.0011650513
 H         -3.8273990218        0.8128413942        0.0013772968
 H         -3.0562899750       -0.5123542981        0.8797717971
 H         -3.0582643826       -0.5165504859       -0.8724450713
 H         -1.5734885836        1.5261641324        0.8722142159
 H         -1.5756465891        1.5222937260       -0.8777716852
 H          0.8850106857        1.5043994645       -0.0008123997
 H          1.8408257991       -1.3374170114       -0.0001063216
 H          3.2407484905        1.1969790172        0.0015043309
