     -2.593382865753     -2.593441103492         0.62556E-03
     -2.593372892257     -2.593432700295         0.41339E-03
     -2.593399032512     -2.593458615625         0.42384E-03
     -2.593384973574     -2.593443476340         0.63995E-03
     -2.593367792811     -2.593426043323         0.57216E-03
     -2.593344562508     -2.593402489216         0.55690E-03
     -2.593341100512     -2.593401703561         0.72069E-03
     -2.593337083979     -2.593396793961         0.48175E-03
     -2.593328293069     -2.593385976556         0.92724E-03
     -2.593368810997     -2.593428396334         0.93462E-03
     -2.593395264805     -2.593454492822         0.47842E-03
     -2.593397515540     -2.593457733774         0.54922E-03
     -2.593396898102     -2.593456151825         0.94699E-03
     -2.593052487880     -2.593108934257         0.84024E-03
     -2.593025711788     -2.593081841462         0.72482E-03
     -2.593394738480     -2.593454384243         0.65959E-03
     -2.593363226307     -2.593423083504         0.74333E-03
     -2.593403802344     -2.593463542382         0.68856E-03
     -2.593387397125     -2.593447145873         0.64272E-03
     -2.593387310277     -2.593446608061         0.63511E-03
     -2.593388690632     -2.593448760833         0.81268E-03
     -2.593390304937     -2.593450041296         0.92574E-03
     -2.593391327561     -2.593449687683         0.97268E-03
     -2.593381332376     -2.593441344540         0.78186E-03
     -2.593401636595     -2.593460886456         0.55611E-03
     -2.593405741599     -2.593464918550         0.76832E-03
     -2.593394564795     -2.593453745830         0.53930E-03
     -2.590027369632     -2.590082236250         0.50950E-03
     -2.590030173173     -2.590084252182         0.37832E-03
     -2.593406168974     -2.593465051072         0.57761E-03
