15
 energy: -22.552662558116 gnorm: 0.063000999336 xtb: 6.7.1 (edcfbbe)
C           -2.75579306080000        0.40771517800000       -0.59028254360000
C           -1.72649935430000        0.57855793840000        0.51109238540000
C           -0.48494870980000       -0.21346367100000        0.22426295560000
O           -0.56934323850000       -1.41195730140000        0.06128701060000
N            0.72476590010000        0.45551379850000        0.14940583350000
C            1.91286868890000       -0.20519273900000       -0.11973297060000
N            3.04280510550000        0.34982465600000       -0.19994367740000
H           -2.36638379700000        0.75976326810000       -1.54678364620000
H           -3.67791278790000        0.95371101260000       -0.38206042510000
H           -3.00980218130000       -0.64608469360000       -0.71707705730000
H           -2.13377025650000        0.24419311380000        1.47198208230000
H           -1.46897033550000        1.63514736670000        0.64233819090000
H            0.75988862320000        1.45904895100000        0.29432174450000
H            1.85485840520000       -1.27158637010000       -0.27070758720000
H            3.12022195430000        1.32325738100000       -0.06450437950000
15
 energy: -22.555593013584 gnorm: 0.023220035711 xtb: 6.7.1 (edcfbbe)
C           -2.74671632937383        0.41068386819270       -0.59326801080514
C           -1.71440726637333        0.59808151244651        0.51047311482527
C           -0.48874365442903       -0.23769804340058        0.22019889905484
O           -0.55753737554978       -1.43814920718113        0.05614561322463
N            0.71080906718971        0.43814751115382        0.14766430626204
C            1.91195015024237       -0.19961030788906       -0.11830556058664
N            3.03750278907206        0.34578020739493       -0.19907068504296
H           -2.36014832071230        0.76815788983483       -1.54741809051748
H           -3.65971463700298        0.95758598027669       -0.36410087626176
H           -2.99406758255791       -0.64479768947473       -0.70383381690059
H           -2.12916359432206        0.24544540989952        1.46035013744889
H           -1.46387198467629        1.65765544300034        0.62944832619262
H            0.73424626641142        1.44094447705759        0.29209236774613
H            1.84386135092158       -1.26709694084115       -0.26761146402601
H            3.09798607676038        1.34331777852973       -0.05916634471383
15
 energy: -22.556209363749 gnorm: 0.005922675614 xtb: 6.7.1 (edcfbbe)
C           -2.74521920997604        0.41718777779632       -0.59531797661628
C           -1.70549096632370        0.60199323088032        0.51011241156339
C           -0.49041499565684       -0.25836907187653        0.22069777660110
O           -0.55202692290263       -1.45711955422400        0.05918498384801
N            0.70210039181028        0.42334923391961        0.14610896510025
C            1.91552025756371       -0.19278874764468       -0.11730510050267
N            3.03901118908564        0.34964553779094       -0.19872470441581
H           -2.35966386735558        0.77577594719645       -1.54774512983913
H           -3.65248217449838        0.96633312220997       -0.35625278673690
H           -2.98857320934991       -0.63777485814628       -0.69819665662885
H           -2.12637026494783        0.25131744539615        1.45641438129691
H           -1.44134677987236        1.65605505841810        0.61461976654727
H            0.71323081982288        1.42642619447445        0.28863695648523
H            1.83924883985903       -1.26282234990368       -0.26342129904949
H            3.07446184834175        1.35923892271285       -0.05521367175303
15
 energy: -22.556287347747 gnorm: 0.004394866331 xtb: 6.7.1 (edcfbbe)
C           -2.74529013317187        0.42004072689031       -0.59555469575022
C           -1.70208174385693        0.59952102992967        0.50947185393734
C           -0.49067063114705       -0.26664216424342        0.22059479395816
O           -0.55201108899598       -1.46515355477787        0.06349808761242
N            0.70062510247036        0.41746094513658        0.14437953500883
C            1.91806756312603       -0.19075056386294       -0.11633356593045
N            3.04064136192234        0.35454417406746       -0.19784524991239
H           -2.36028574943585        0.78090915812167       -1.54699367367132
H           -3.65003374235541        0.97106927196194       -0.35253945159779
H           -2.99017039939657       -0.63387063352024       -0.70022973515090
H           -2.12569275965024        0.25618686277805        1.45657162106070
H           -1.42807726352240        1.65042318701239        0.60816716173228
H            0.70571354129355        1.42113630120811        0.28480874671836
H            1.84037727174888       -1.26215560060611       -0.26065848377586
H            3.06087362657115        1.36572874890439       -0.05373902833917
15
 energy: -22.556319387154 gnorm: 0.002504234053 xtb: 6.7.1 (edcfbbe)
C           -2.74467682392094        0.42250729453880       -0.59564108297309
C           -1.69953246502157        0.59664283386313        0.50864951963767
C           -0.49047716232985       -0.27243408868823        0.22185277914190
O           -0.55310548289926       -1.47098907500568        0.06822471783078
N            0.70087212288215        0.41287486232883        0.14257975118200
C            1.92001211761310       -0.19062104962886       -0.11597821806819
N            3.04101397917728        0.35985975210495       -0.19717757094173
H           -2.36061755896541        0.78663851270538       -1.54624019137864
H           -3.64807010324369        0.97424188430029       -0.34925652456221
H           -2.99172468336757       -0.63048641444622       -0.70438081634598
H           -2.12524613434275        0.26000674732748        1.45697539871493
H           -1.41868260889273        1.64572983966570        0.60430136938684
H            0.70122813139087        1.41711162944002        0.28056489552087
H            1.84392742693678       -1.26309437829378       -0.25760523453927
H            3.04706420058361        1.37045953878819       -0.05327087670589
15
 energy: -22.556328762124 gnorm: 0.000916084722 xtb: 6.7.1 (edcfbbe)
C           -2.74372260332493        0.42405525932333       -0.59566327208889
C           -1.69840063136740        0.59553086613172        0.50827697283648
C           -0.49050668416342       -0.27460963109002        0.22230230597840
O           -0.55419632804606       -1.47348785286476        0.07148434204754
N            0.70148897417032        0.41032853196413        0.14116531926185
C            1.92091540290074       -0.19196017719357       -0.11529815917815
N            3.04026619444204        0.36300053688314       -0.19650269047306
H           -2.36048646578114        0.79097803131322       -1.54563521566082
H           -3.64715895089622        0.97495970576294       -0.34732744904337
H           -2.99136803912929       -0.62862098607714       -0.70781543449818
H           -2.12476088633493        0.26091708262737        1.45711521797562
H           -1.41578555610551        1.64433384916178        0.60396882787803
H            0.69979783279149        1.41487292404167        0.27707918159228
H            1.84769555348293       -1.26474008212947       -0.25545279084045
H            3.03820714296138        1.37288983114571       -0.05409923988729
15
 energy: -22.556332407222 gnorm: 0.000848307427 xtb: 6.7.1 (edcfbbe)
C           -2.74228575277677        0.42599178103377       -0.59598383384307
C           -1.69782295011788        0.59516930151075        0.50845244308701
C           -0.49076476933317       -0.27603798167066        0.22345719688553
O           -0.55544905657583       -1.47526449099275        0.07500447545838
N            0.70188344164273        0.40780416797826        0.13945475754121
C            1.92144843536463       -0.19409126965353       -0.11499944979244
N            3.03870949340746        0.36575910621209       -0.19638880424514
H           -2.35956379211090        0.79651695086467       -1.54484901956867
H           -3.64668944944798        0.97472384294271       -0.34614706786710
H           -2.98903730613636       -0.62664969629569       -0.71200296914814
H           -2.12482183775253        0.25963783617665        1.45687227100314
H           -1.41527741925324        1.64411520495780        0.60618783720831
H            0.69911796400798        1.41265988520169        0.27263046941040
H            1.85264608990461       -1.26724443093021       -0.25163327791896
H            3.02989186477723        1.37535768166446       -0.05645711231045
15
 energy: -22.556333966255 gnorm: 0.000447395934 xtb: 6.7.1 (edcfbbe)
C           -2.74173235417968        0.42670605005464       -0.59640475674298
C           -1.69820083144593        0.59509180925576        0.50916371731480
C           -0.49109706842775       -0.27615788480490        0.22374066921517
O           -0.55555831605233       -1.47557864160508        0.07644620655242
N            0.70142035309635        0.40742338161307        0.13898269058717
C            1.92141917099994       -0.19453722083868       -0.11422642453283
N            3.03819990970330        0.36589260725437       -0.19669549350210
H           -2.35853116015839        0.79876641149426       -1.54443805442916
H           -3.64671929021219        0.97441211481349       -0.34649969721860
H           -2.98740471657373       -0.62599311092477       -0.71376116636109
H           -2.12577020428790        0.25771801930547        1.45671189489367
H           -1.41597897460444        1.64395504171795        0.60849115226899
H            0.69895757697580        1.41247068547847        0.27067416043246
H            1.85360602501214       -1.26776917626417       -0.24974283890710
H            3.02937483575482        1.37604780245013       -0.05884414367081
15
 energy: -22.556336463354 gnorm: 0.000495347491 xtb: 6.7.1 (edcfbbe)
C           -2.74015823102028        0.42843803833391       -0.59761461004212
C           -1.69914016960262        0.59417973978619        0.51110577079019
C           -0.49162034659732       -0.27692200599093        0.22592494586947
O           -0.55555518780140       -1.47666528179178        0.08070846527129
N            0.70015359633854        0.40687061739720        0.13775156816996
C            1.92096957169430       -0.19477198471841       -0.11387954789177
N            3.03709179522434        0.36631831956953       -0.19836530066902
H           -2.35538485681139        0.80432694016997       -1.54343314511566
H           -3.64644685967395        0.97393396951945       -0.34772849772952
H           -2.98377128867774       -0.62425103651319       -0.71868435678836
H           -2.12898137521405        0.25330523324647        1.45634459436351
H           -1.41706173313110        1.64261698602788        0.61416916808814
H            0.69819459875801        1.41239031371469        0.26600492988908
H            1.85495946978448       -1.26865548437102       -0.24462660123052
H            3.02873597233019        1.37733352462007       -0.06407946707470
15
 energy: -22.556340125398 gnorm: 0.000918915032 xtb: 6.7.1 (edcfbbe)
C           -2.73716999904669        0.43135001871062       -0.59958592431912
C           -1.70034538314939        0.59188992715424        0.51417192398959
C           -0.49231305342984       -0.27871095701049        0.22928932656668
O           -0.55517877670901       -1.47921918831869        0.08934444993914
N            0.69827191198383        0.40597406951118        0.13573702150289
C            1.92032132551654       -0.19504704564046       -0.11234317609743
N            3.03537092027859        0.36742406874914       -0.20069260146474
H           -2.34980839902904        0.81385772483997       -1.54168751581085
H           -3.64526255950295        0.97365903601401       -0.34933463391593
H           -2.97844077965377       -0.62105262221108       -0.72774197120761
H           -2.13422977102678        0.24668268407231        1.45592653590048
H           -1.41797580437893        1.63958978892133        0.62296723735786
H            0.69609383270310        1.41233170720819        0.25795559731280
H            1.85645191239672       -1.26974282374540       -0.23746224017072
H            3.02619957864764        1.37946150074514       -0.07294611368307
15
 energy: -22.556351256158 gnorm: 0.001936438077 xtb: 6.7.1 (edcfbbe)
C           -2.72695701111131        0.44079865269470       -0.60596754659930
C           -1.70391080009463        0.58399736699818        0.52387366961318
C           -0.49402866718105       -0.28489795146991        0.24138608340766
O           -0.55304720888725       -1.48765320924097        0.11789054394647
N            0.69249482639060        0.40345053694548        0.12933277074735
C            1.91779264038819       -0.19555406908914       -0.10918993363226
N            3.02963732670163        0.37111712951765       -0.20906612961423
H           -2.33082456749342        0.84389701775289       -1.53610335350920
H           -3.64044555562865        0.97377036332054       -0.35509516315623
H           -2.96201551202683       -0.61029952662487       -0.75708834602616
H           -2.15097117347678        0.22529299267684        1.45445078053449
H           -1.42104089850918        1.62953832701414        0.65116293496700
H            0.68817536848572        1.41223684798666        0.23291699873949
H            1.86036852433783       -1.27311800146772       -0.21400125465435
H            3.01675766370516        1.38587141198554       -0.10090413886394
15
 energy: -22.556269008695 gnorm: 0.010442354104 xtb: 6.7.1 (edcfbbe)
C           -2.68684582836346        0.47573494058496       -0.63006774183645
C           -1.71761932063281        0.55381496163411        0.56039863524014
C           -0.49997055052385       -0.30775570059345        0.28908826243583
O           -0.54341540968547       -1.51828316045636        0.22623091384058
N            0.67098979186532        0.39488721670711        0.10805952482511
C            1.90711563981396       -0.19664731333752       -0.09856687143879
N            3.00732555991369        0.38458424846833       -0.24354937279814
H           -2.25487546481673        0.95109294602260       -1.51481605258070
H           -3.61936857340571        0.97715415155259       -0.38142446023785
H           -2.90123201324135       -0.56917903751528       -0.86463611259741
H           -2.21490752643456        0.14564596719609        1.44824685802914
H           -1.43421211469302        1.59110407105287        0.75692038037047
H            0.65654137618302        1.41160857919698        0.14451187616391
H            1.87158405488870       -1.28345728871386       -0.13084588725861
H            2.98087533473231        1.40814330720081       -0.20595203625733
15
 energy: -22.556374785087 gnorm: 0.004112215522 xtb: 6.7.1 (edcfbbe)
C           -2.70279943317188        0.46112754300163       -0.61989155517540
C           -1.71194031280673        0.56597754600415        0.54503132384326
C           -0.49735994578147       -0.29836348393686        0.26983089223982
O           -0.54673772530753       -1.50522997906440        0.18147254026148
N            0.67966358841503        0.39853308948196        0.11776931171538
C            1.91104273550977       -0.19554564770248       -0.10350206003058
N            3.01616532400553        0.37893177131240       -0.23012518784990
H           -2.28512898013773        0.90411028920972       -1.52323236584562
H           -3.62682635020971        0.97699237039403       -0.37197628658080
H           -2.92651584037287       -0.58560498137552       -0.81840431986686
H           -2.18857229472840        0.17959427586783        1.45021754440243
H           -1.42913982757064        1.60635460839181        0.71225695354929
H            0.66886012284750        1.41131058618769        0.18330949405808
H            1.86563769216547       -1.27780126245884       -0.16734417766650
H            2.99563620274370        1.39806116368686       -0.16181419115414
15
 energy: -22.556391826232 gnorm: 0.003055627803 xtb: 6.7.1 (edcfbbe)
C           -2.70098735958362        0.46149236154555       -0.62023673205632
C           -1.71230670551590        0.56514481719201        0.54563787406576
C           -0.49737409055058       -0.29878835523540        0.27138840816999
O           -0.54571840559230       -1.50548927120448        0.18446207597815
N            0.67904994086220        0.39854977712819        0.11832818817039
C            1.91016952655403       -0.19497165077677       -0.10454373574034
N            3.01518724271939        0.37924062711257       -0.23212385905363
H           -2.28111264364542        0.90309149025775       -1.52233251902352
H           -3.62452546714952        0.97909665263353       -0.37462671538928
H           -2.92593279071207       -0.58428152375247       -0.81877115390862
H           -2.19006638377927        0.17864632716146        1.44943675829274
H           -1.42990279633798        1.60509568855135        0.71393540607440
H            0.66687097751140        1.41075444333723        0.18426238391308
H            1.86451822664963       -1.27674040227242       -0.16807235387709
H            2.99411568417005        1.39760690732189       -0.16314610971579
15
 energy: -22.556429753518 gnorm: 0.001967472269 xtb: 6.7.1 (edcfbbe)
C           -2.69130037334553        0.46544804689882       -0.62383054082102
C           -1.71467476077023        0.55988041914756        0.55080409838886
C           -0.49763889690723       -0.30221175987477        0.28178761018257
O           -0.54141209130203       -1.50895480279489        0.20353900633206
N            0.67568650033639        0.39803734785326        0.11965557724219
C            1.90637318050570       -0.19335644441036       -0.10757840028979
N            3.01009849741203        0.38159207840049       -0.24229432000749
H           -2.26020996151221        0.90619357194060       -1.51916025369939
H           -3.61407059494864        0.98842595435050       -0.38719189674734
H           -2.92088366109873       -0.57682284640783       -0.82740149144608
H           -2.20032763238835        0.16885887587635        1.44683793396462
H           -1.43358897218490        1.59803456658969        0.72819862507831
H            0.65721436501183        1.40918134978618        0.18233704294076
H            1.86130005180940       -1.27421049285167       -0.16603024668083
H            2.98541930498252        1.39835202449606       -0.17607482853749
15
 energy: -22.556494973965 gnorm: 0.003091545522 xtb: 6.7.1 (edcfbbe)
C           -2.66919074321510        0.47684625522789       -0.63347305425870
C           -1.72070553085227        0.54669933164764        0.56509617235183
C           -0.49882735009384       -0.31098700815827        0.30608791380814
O           -0.53284054385296       -1.51915115912107        0.25109290643841
N            0.66728197106557        0.39640579557738        0.11941907191368
C            1.89837885361199       -0.19081579954426       -0.11213896401833
N            2.99826587197616        0.38756159135368       -0.26481728541481
H           -2.21240580945273        0.92330767859629       -1.51236018234518
H           -3.59205226888543        1.00740308952846       -0.41350935929130
H           -2.90638756515025       -0.55910978744444       -0.85533250488911
H           -2.22703888246624        0.14058503316340        1.44222489057373
H           -1.44220070254910        1.58100757969175        0.76781640337152
H            0.63663366269281        1.40727531280502        0.16791277859384
H            1.85719842742397       -1.27194304141649       -0.15273927191050
H            2.96587556534747        1.40336301709300       -0.21168159902333
15
 energy: -22.556513314399 gnorm: 0.018148425928 xtb: 6.7.1 (edcfbbe)
C           -2.57955103142586        0.52279105452877       -0.67275113282282
C           -1.74527503697802        0.49349777781898        0.62316922796235
C           -0.50361693188272       -0.34626010209727        0.40496229346924
O           -0.49855935598422       -1.56012824710279        0.44321857818699
N            0.63353790055480        0.38996480603890        0.11948661459946
C            1.86600141837555       -0.18086254983319       -0.13064064205352
N            2.95022618152220        0.41171866759060       -0.35638252791115
H           -2.01774895127732        0.99118061667649       -1.48590439722023
H           -3.50210283362152        1.08541106445030       -0.52045849957401
H           -2.84878915359767       -0.48824994490064       -0.96802940664641
H           -2.33562367492293        0.02588758541953        1.42378346739963
H           -1.47761416148667        1.51251285434218        0.92861393947660
H            0.55388446187701        1.40013645398080        0.11100967688443
H            1.84052262817284       -1.26355779052282       -0.09998994771000
H            2.88669349627460        1.42440564261008       -0.35648932814072
15
 energy: -22.556674961377 gnorm: 0.005928843985 xtb: 6.7.1 (edcfbbe)
C           -2.61146429789676        0.50556465061362       -0.65681321094969
C           -1.73557334935347        0.51354214896972        0.59935862587674
C           -0.50223299157533       -0.33349618391134        0.36731479229217
O           -0.51285184017846       -1.54298450435303        0.36578819282920
N            0.64547890503196        0.39046499098255        0.12296920921841
C            1.87751220968045       -0.18563404179640       -0.12198156840034
N            2.96583383684319        0.40331741740832       -0.32090524430690
H           -2.09029613000713        0.96299647292638       -1.49485019262479
H           -3.53069079445068        1.05919165596788       -0.47674461207018
H           -2.86817251601595       -0.51532658270476       -0.92435741051081
H           -2.29226257353294        0.07180556748527        1.42821335441120
H           -1.46555781186839        1.53732488699405        0.86409616476700
H            0.58384087188524        1.40098797616980        0.13653306178155
H            1.84788628134888       -1.26819158543155       -0.11952791136699
H            2.91053515568944        1.41888501967946       -0.30549533504671
15
 energy: -22.556754883902 gnorm: 0.006863126646 xtb: 6.7.1 (edcfbbe)
C           -2.59084135672166        0.51826260862525       -0.66403467365259
C           -1.74109475340139        0.50062758715662        0.61090410007119
C           -0.50433822471012       -0.34257507326794        0.38656018786399
O           -0.50537335235654       -1.55283081848544        0.40947982730716
N            0.63540483718353        0.38674457023499        0.11956906794703
C            1.87021289844531       -0.18351671456822       -0.12265588189463
N            2.95306321636106        0.40939451547094       -0.33919381609877
H           -2.05093841319677        0.98719735556711       -1.48306604745509
H           -3.51098679505305        1.07236828343387       -0.49397805792929
H           -2.84693031445731       -0.49578998911981       -0.95443588675479
H           -2.31564993042995        0.04516849875276        1.42010204729148
H           -1.47405144780149        1.51902802237339        0.89960846125623
H            0.56472616441196        1.39679156360453        0.11373085308197
H            1.84814478858270       -1.26604194117227       -0.09878295751882
H            2.89063763874380        1.42361942039419       -0.34020930761523
15
 energy: -22.556635497873 gnorm: 0.025060374210 xtb: 6.7.1 (edcfbbe)
C           -2.50389629602058        0.57039982721646       -0.69390986554895
C           -1.76551761252785        0.44731756338932        0.65863651321651
C           -0.51298751048745       -0.37875862018982        0.46814123614930
O           -0.47435601665213       -1.59125806971595        0.59055726874146
N            0.59411602442551        0.37174991145630        0.10960316820354
C            1.83951221557892       -0.17548206649915       -0.12575587533540
N            2.89867793723202        0.43432376641108       -0.41786932968341
H           -1.88144740594183        1.08217788689218       -1.43451604700931
H           -3.42600563541647        1.13146575985761       -0.56798985371236
H           -2.76120130129708       -0.41602648120693       -1.07723253640894
H           -2.41492436589648       -0.06648736539409        1.38439093616203
H           -1.51320758261943        1.44350591281492        1.04808494473612
H            0.48627579205797        1.37978108407692        0.02481045389495
H            1.84963595877512       -1.25793978936417       -0.01627660447585
H            2.80731075438985        1.44367856925525       -0.48707649302991
15
 energy: -22.556982475255 gnorm: 0.011224853141 xtb: 6.7.1 (edcfbbe)
C           -2.53356816873274        0.55240155138241       -0.67958681995482
C           -1.76082135761213        0.46802493629578        0.63838411685481
C           -0.51204414032344       -0.36191999026169        0.43530734760001
O           -0.48792754406948       -1.57238537988886        0.52301741006068
N            0.60642798885194        0.37631382506025        0.11834024670697
C            1.84956165649490       -0.17897201167287       -0.12133489753308
N            2.91198789316264        0.42484072878846       -0.39444684648468
H           -1.93827406352667        1.04111061325423       -1.44602979210746
H           -3.45227425294969        1.11205544581106       -0.53850664314280
H           -2.78717984762841       -0.44422670002713       -1.02798086722805
H           -2.38240545534790       -0.02729756675375        1.38739852865618
H           -1.50967350717721        1.47008960333637        0.99324205953978
H            0.52161338297796        1.38422721821189        0.05768213470096
H            1.85571678761279       -1.26002428642098       -0.04837296047511
H            2.84084558386752        1.43420990188477       -0.43351510129363
15
 energy: -22.557080886447 gnorm: 0.002866011700 xtb: 6.7.1 (edcfbbe)
C           -2.52964625866843        0.55454219897985       -0.68306073435450
C           -1.76278079332408        0.46633228931567        0.63979961412050
C           -0.51161362462103       -0.36314273316279        0.44626252631752
O           -0.48753911805382       -1.57075876426550        0.53005472806204
N            0.60539874335927        0.37348883849699        0.12275527252889
C            1.84932861326831       -0.18058901690944       -0.12017597606120
N            2.90968341803919        0.42538133567342       -0.39658163134152
H           -1.93242848224808        1.04725167740967       -1.44742585423360
H           -3.44938658453593        1.11605414367159       -0.54301494534984
H           -2.78206415928437       -0.44345473986739       -1.03340845358113
H           -2.38557007695896       -0.03160960978268        1.38480321212523
H           -1.51307896866935        1.46648880503519        0.99848110855469
H            0.52053238245972        1.38168430340690        0.06186015856030
H            1.85739472960901       -1.26229831804523       -0.05087471444564
H            2.83375513522864        1.43907747904369       -0.44587639500195
15
 energy: -22.557105257230 gnorm: 0.001227345516 xtb: 6.7.1 (edcfbbe)
C           -2.52541012649503        0.55681014383172       -0.68446713857196
C           -1.76421874265103        0.46488261953480        0.64195343891939
C           -0.51293251790844       -0.36579759032884        0.44929400600970
O           -0.48717593134108       -1.57186964515112        0.53889670460136
N            0.60335810569295        0.37056186171295        0.12250384975956
C            1.84857463070101       -0.18137102484459       -0.12093231725914
N            2.90671161700553        0.42702875610861       -0.40017382109789
H           -1.92529643011873        1.05253618115844       -1.44534180285180
H           -3.44555155093852        1.11941296899660       -0.54603209906496
H           -2.77692758684104       -0.44064585822203       -1.03859053520842
H           -2.38947811197348       -0.03533311170882        1.38282640507696
H           -1.51520797789845        1.46367379713358        1.00393940182759
H            0.51808582166125        1.37878854839549        0.05999825340724
H            1.86058679370672       -1.26295047412223       -0.04781336240190
H            2.82686696299840        1.44272071650537       -0.45246306724594
15
 energy: -22.557141904631 gnorm: 0.003885116016 xtb: 6.7.1 (edcfbbe)
C           -2.51568617330053        0.56324015808757       -0.68733912298502
C           -1.76713731538216        0.46023650183691        0.64602758478120
C           -0.51493001971063       -0.37210212493933        0.45844083514480
O           -0.48518839848359       -1.57632936427393        0.56198151053315
N            0.59862688956078        0.36444792569530        0.12127704795558
C            1.84664569896981       -0.18203624490798       -0.12216747048005
N            2.89942520650470        0.43181122242829       -0.40961420084634
H           -1.90815711407851        1.06465259532510       -1.43911868156713
H           -3.43650703650505        1.12702565671627       -0.55339873612096
H           -2.76573198289542       -0.43124794503764       -1.05141084231748
H           -2.40003125486582       -0.04498124125256        1.37647699979557
H           -1.51943197168561        1.45558933881676        1.01716338099717
H            0.51153677806284        1.37231822983803        0.05256495718831
H            1.86763805333703       -1.26304715028160       -0.04028325410957
H            2.81091359607221        1.44887033094876       -0.46700209206947
15
 energy: -22.557180147369 gnorm: 0.003802136770 xtb: 6.7.1 (edcfbbe)
C           -2.50678655021394        0.56956244705937       -0.68978941468298
C           -1.76963745159542        0.45485173755716        0.64906282563864
C           -0.51619304158878       -0.37724698093071        0.46654002725358
O           -0.48211087235854       -1.58028004773861        0.58407035696098
N            0.59410029715519        0.35986624907038        0.11913338366630
C            1.84449189208583       -0.18187933054734       -0.12229903583557
N            2.89288206561727        0.43626370283414       -0.41701021821881
H           -1.89255149756983        1.07565030807290       -1.43293197840618
H           -3.42770510041857        1.13386602570559       -0.55898937644158
H           -2.75613901638421       -0.42136709970647       -1.06363576499870
H           -2.40966287301192       -0.05496150040142        1.37014323279252
H           -1.52296905783814        1.44683047243281        1.02983687784807
H            0.50434722686729        1.36705045106878        0.04277502064182
H            1.87267981219100       -1.26216816792857       -0.03285317730785
H            2.79723912266280        1.45240962245193       -0.48045484301047
15
 energy: -22.557252264387 gnorm: 0.002751164449 xtb: 6.7.1 (edcfbbe)
C           -2.48969333944739        0.58217309249692       -0.69419124221832
C           -1.77441635177004        0.44326770735306        0.65440857456053
C           -0.51774227923828       -0.38616919317302        0.48236352471741
O           -0.47429295093059       -1.58680823638466        0.62666523242891
N            0.58509569157564        0.35223425395032        0.11353249118836
C            1.83971992461204       -0.18113280829840       -0.12262723314999
N            2.88054085739915        0.44409636501876       -0.43017757090343
H           -1.86247977388666        1.09720870520152       -1.42011655239620
H           -3.41044871404033        1.14736369396783       -0.56863812010884
H           -2.73785786216662       -0.40135301237615       -1.08775680589118
H           -2.42778720556878       -0.07624830294037        1.35700453836576
H           -1.53088735714891        1.42850190325226        1.05552627261635
H            0.48871682638723        1.35766486492642        0.02042636111617
H            1.88079895644059       -1.25961364731317       -0.01601558431702
H            2.77271853338296        1.45726250331864       -0.50680597010878
15
 energy: -22.557328463040 gnorm: 0.003670407680 xtb: 6.7.1 (edcfbbe)
C           -2.46682380414966        0.59854319216138       -0.69941311823865
C           -1.78097898817016        0.42733141085617        0.66132341378010
C           -0.51926973411636       -0.39642734191409        0.50253049733583
O           -0.46267447673413       -1.59318980625664        0.68022295174316
N            0.57313411074674        0.34375059034338        0.10631838356974
C            1.83303579426559       -0.17967066514687       -0.12139574900022
N            2.86472758952296        0.45285768928990       -0.44599587761648
H           -1.82239525149640        1.12517245055308       -1.40196206970637
H           -3.38725065754332        1.16499892662310       -0.58080164498215
H           -2.71255326251458       -0.37499489889484       -1.11924075257100
H           -2.45073895162827       -0.10585531684002        1.33910582083544
H           -1.54369869999732        1.40351748073397        1.09009214799273
H            0.46636460596578        1.34622681714615       -0.01003754447196
H            1.88864021371076       -1.25535594088130        0.00705004311661
H            2.74246646773834        1.46154330122658       -0.54419858588709
15
 energy: -22.557383495325 gnorm: 0.003635528963 xtb: 6.7.1 (edcfbbe)
C           -2.44907807647969        0.61037828432632       -0.70248802888256
C           -1.78624535863779        0.41508213802127        0.66621355551208
C           -0.51998340239461       -0.40254667999211        0.51737700474049
O           -0.45340445973266       -1.59546710677227        0.71600443685457
N            0.56416153556280        0.33881293477793        0.10203273246441
C            1.82729093542156       -0.17806267692676       -0.12045609783524
N            2.85275074660550        0.45772135190476       -0.45839805718010
H           -1.79172731726262        1.14502225290805       -1.38658854952686
H           -3.36928776104728        1.17782801927276       -0.58993040871749
H           -2.69135590341308       -0.35537999638456       -1.14171129788683
H           -2.46690093872173       -0.12888862450568        1.32460590079288
H           -1.55620035675207        1.38413529793343        1.11587965602098
H            0.44827499171332        1.33820202590925       -0.03127806587516
H            1.89215449441728       -1.25082487861924        0.02676785087499
H            2.72153582632101        1.46243554714679       -0.57443271545650
15
 energy: -22.557435697512 gnorm: 0.002265395223 xtb: 6.7.1 (edcfbbe)
C           -2.43138825551289        0.62126960692238       -0.70479800033719
C           -1.79193733275385        0.40307943276034        0.67050373218322
C           -0.52050709486337       -0.40696381889600        0.53057657549485
O           -0.44386521159337       -1.59542621539893        0.74655892189370
N            0.55578251954422        0.33579167723497        0.10040502359924
C            1.82149420994372       -0.17581670830192       -0.11768077925922
N            2.84140254769075        0.46027034560066       -0.47097985227097
H           -1.76190089850835        1.16399698300628       -1.36976320641194
H           -3.35163731185120        1.18960453271256       -0.59887605721111
H           -2.66823502013024       -0.33667211024595       -1.16300560848577
H           -2.48088639931049       -0.15244712143266        1.30936140469106
H           -1.57175426459247        1.36473166938354        1.14052336792230
H            0.42938734091566        1.33122087118780       -0.04870397785088
H            1.89272625125306       -1.24493845454564        0.04779839916439
H            2.70330387536875        1.46074719901252       -0.60832202722206
15
 energy: -22.557464784857 gnorm: 0.001991603173 xtb: 6.7.1 (edcfbbe)
C           -2.41464192923384        0.63214487604638       -0.70732371267293
C           -1.79804541999303        0.39115749153675        0.67431270922670
C           -0.52066965563323       -0.41104526682377        0.54377320391269
O           -0.43386510233663       -1.59529911807142        0.77713684219710
N            0.54832410419315        0.33377454361726        0.10014639775001
C            1.81623607811845       -0.17343455910608       -0.11548027440614
N            2.83081768549181        0.46131826652166       -0.48590229690506
H           -1.73449522914989        1.18522926787181       -1.35283226422806
H           -3.33577825390330        1.20037357093073       -0.60732282832667
H           -2.64490645550537       -0.31793490932270       -1.18554789632093
H           -2.49434029057487       -0.17739968415518        1.29306632933597
H           -1.58865797751590        1.34502922523729        1.16504979950775
H            0.41095824077310        1.32514084134789       -0.06436376277599
H            1.89360683956260       -1.23876933965178        0.07214014511915
H            2.68744232130685        1.45816268302112       -0.64325447551399
15
 energy: -22.557479322895 gnorm: 0.001367518277 xtb: 6.7.1 (edcfbbe)
C           -2.40066025998958        0.64162179251890       -0.70946489889236
C           -1.80413151303556        0.38093554655296        0.67600925998064
C           -0.52009783291018       -0.41296128400149        0.55547148918825
O           -0.42441221248609       -1.59289812706946        0.80343611378018
N            0.54385895230440        0.33420775487194        0.10514969785832
C            1.81264983138080       -0.17078739880041       -0.11129541421617
N            2.82222196187196        0.45887175013986       -0.50249585824716
H           -1.71420403600407        1.20625831159049       -1.33694209550416
H           -3.32464520466538        1.20650965868700       -0.61427977657253
H           -2.62074202560717       -0.30120614445682       -1.20548252628502
H           -2.50580841987370       -0.20092724875122        1.27477255745692
H           -1.60776446753192        1.32697568518495        1.18540296077379
H            0.39640259655562        1.32119710726250       -0.07227142062465
H            1.89283292861537       -1.23174688175821        0.09363680926059
H            2.67648465697537        1.45239736702897       -0.67804898205705
15
 energy: -22.557484830318 gnorm: 0.000674843834 xtb: 6.7.1 (edcfbbe)
C           -2.39986931974638        0.64345508324328       -0.71040859572379
C           -1.80502406234847        0.37949240836075        0.67560643127060
C           -0.51984533114991       -0.41328761127195        0.55752929537378
O           -0.42326171191052       -1.59274590564682        0.80949563832980
N            0.54429449387667        0.33450448924433        0.10691006517648
C            1.81287919118199       -0.17080955811351       -0.11118281341862
N            2.82127187664292        0.45776995901796       -0.50627271778212
H           -1.71443030690890        1.21341666191497       -1.33473896218298
H           -3.32600819196058        1.20470307721564       -0.61428673037718
H           -2.61667647628722       -0.29818101827379       -1.21058964705551
H           -2.50743503702560       -0.20495445416210        1.27106290708190
H           -1.61024286750969        1.32410365614214        1.18810099531452
H            0.39652231477554        1.32121692017135       -0.07298691288503
H            1.89503466921274       -1.23137014333201        0.09878080671278
H            2.67477571475727        1.45113432448972       -0.68342184393505
15
 energy: -22.557487070869 gnorm: 0.001212592700 xtb: 6.7.1 (edcfbbe)
C           -2.40569596974411        0.64123241056709       -0.71077337738845
C           -1.80393750313403        0.38286967742609        0.67301184358083
C           -0.51928715429715       -0.41098506026853        0.55521291336068
O           -0.42634707095404       -1.59114076322366        0.80296131795704
N            0.54900937775439        0.33670740188308        0.11320082763247
C            1.81566175207512       -0.17189587365441       -0.10982904881233
N            2.82428000260392        0.45428080727207       -0.50740180751692
H           -1.72793897121705        1.21645553414431       -1.33793686726436
H           -3.33640761052014        1.19442386586030       -0.61104019354665
H           -2.61706543914735       -0.30203313716826       -1.20898715820928
H           -2.50394775132786       -0.20030571470021        1.27153119904719
H           -1.60840429870780        1.32871262777994        1.18124111132675
H            0.40575364890519        1.32443820022245       -0.06366370549673
H            1.89679623396595       -1.23299240376290        0.09573945845482
H            2.67951570934484        1.44868031662258       -0.67966859722547
15
 energy: -22.557488914616 gnorm: 0.000990601551 xtb: 6.7.1 (edcfbbe)
C           -2.40062243897025        0.64476142042083       -0.71190554121400
C           -1.80565928105937        0.37956430506120        0.67437877452735
C           -0.51957501886402       -0.41243007098865        0.55913307928047
O           -0.42381199783548       -1.59154536388129        0.81240864878032
N            0.54703455884211        0.33573917494993        0.11410170725762
C            1.81435017215439       -0.17165726056342       -0.10756971000330
N            2.82088368263551        0.45466646128692       -0.51204708705605
H           -1.72066957062056        1.22553400179063       -1.33257808556468
H           -3.33317013411273        1.19523503349046       -0.61354797167651
H           -2.60767280090453       -0.29631804822462       -1.21732814468365
H           -2.50864268992644       -0.20750015280160        1.26702757324574
H           -1.61300327657512        1.32353791684499        1.18898481155791
H            0.40145723766701        1.32254664667196       -0.06840476455955
H            1.89761342080074       -1.23173750587167        0.10277011578121
H            2.67347309236861        1.44805133081428       -0.69182548977331
15
 energy: -22.557490581828 gnorm: 0.000482465021 xtb: 6.7.1 (edcfbbe)
C           -2.39920154821412        0.64466609537632       -0.71155758819234
C           -1.80574116461589        0.37941287508561        0.67509577232122
C           -0.51982280930024       -0.41251261871858        0.55953233513637
O           -0.42372931295864       -1.59173195306873        0.81155793540900
N            0.54592696699076        0.33557211347132        0.11289656565641
C            1.81301420633134       -0.17155773933677       -0.10940662705537
N            2.81970567419947        0.45497247117022       -0.51220054317447
H           -1.71836559868086        1.22525742226459       -1.33114121319038
H           -3.33171533962663        1.19532962067520       -0.61465417532838
H           -2.60504734081822       -0.29641100226909       -1.21724972598755
H           -2.50880964835437       -0.20688177058119        1.26809549550119
H           -1.61331526176745        1.32364198317883        1.18925610998329
H            0.39999658099827        1.32216720693930       -0.06896774933886
H            1.89657336383973       -1.23143051813033        0.10346049636035
H            2.67251618757671        1.44795370294325       -0.69111917220093
15
 energy: -22.557491406713 gnorm: 0.000335949442 xtb: 6.7.1 (edcfbbe)
C           -2.39960813778774        0.64414257730386       -0.71146206718170
C           -1.80553245420231        0.38013642174215        0.67494221216320
C           -0.52002896630813       -0.41229302691067        0.55918668259456
O           -0.42452229612009       -1.59188724440550        0.81039312868486
N            0.54624459407402        0.33573173688673        0.11358155028264
C            1.81312670212536       -0.17181173760832       -0.10916745529943
N            2.81979825983303        0.45457174468670       -0.51185874762534
H           -1.72004009693705        1.22641596194074       -1.33060098856933
H           -3.33330431544890        1.19274284152060       -0.61473236458162
H           -2.60314966425508       -0.29722242414704       -1.21720328562414
H           -2.50827710509253       -0.20521851597598        1.26886661319450
H           -1.61259839063505        1.32471949923914        1.18776889543067
H            0.40100958958653        1.32253176807994       -0.06760155119914
H            1.89633576631007       -1.23172761085449        0.10200112012142
H            2.67253147045774        1.44761589750209       -0.69051582649158
15
 energy: -22.557492118136 gnorm: 0.000262327503 xtb: 6.7.1 (edcfbbe)
C           -2.39867928403656        0.64435825733926       -0.71174814015405
C           -1.80583683833120        0.38053873407372        0.67520772746349
C           -0.52035059463309       -0.41202172793481        0.56035333881497
O           -0.42551723120748       -1.59177935806548        0.81053509169985
N            0.54642798185758        0.33581323109085        0.11549565806351
C            1.81296473659450       -0.17220636207835       -0.10860949337151
N            2.81894847897547        0.45382176674351       -0.51409740130565
H           -1.72102261998754        1.23141387013229       -1.32823294703881
H           -3.33537843728347        1.18793196824362       -0.61571873809406
H           -2.59657682580127       -0.29684502797167       -1.21979814919612
H           -2.50930050679719       -0.20494475994231        1.26832121742653
H           -1.61312793183170        1.32503587297339        1.18828942257953
H            0.40171797025988        1.32265307865221       -0.06607718061466
H            1.89650536604422       -1.23194491061690        0.10297661981576
H            2.67121069177772        1.44662325636062       -0.69329911018923
15
 energy: -22.557492286797 gnorm: 0.000121498957 xtb: 6.7.1 (edcfbbe)
C           -2.39759476650732        0.64482246796985       -0.71186734191780
C           -1.80606409569074        0.38038869814765        0.67561235798145
C           -0.52058765502490       -0.41215334272869        0.56077935568751
O           -0.42559473900542       -1.59191947319663        0.81142840501796
N            0.54601382812110        0.33558813943189        0.11560308509951
C            1.81253140763288       -0.17231085831507       -0.10856617983899
N            2.81816772726324        0.45371329970154       -0.51476580432169
H           -1.72029997376095        1.23403509551200       -1.32670369743149
H           -3.33554028130383        1.18629540758336       -0.61643744018739
H           -2.59276412380370       -0.29620630270721       -1.22137238451401
H           -2.50984265681890       -0.20530648952587        1.26816958048348
H           -1.61377977272224        1.32479857048863        1.18925827442061
H            0.40105558570367        1.32232616151184       -0.06629284996797
H            1.89635833224992       -1.23190524071938        0.10402046367856
H            2.66992613926705        1.44628175584605       -0.69526790829017
15
 energy: -22.557492316584 gnorm: 0.000073460773 xtb: 6.7.1 (edcfbbe)
C           -2.39757244967099        0.64478466014407       -0.71185422623960
C           -1.80604991783714        0.38046280041998        0.67567093328475
C           -0.52055637682269       -0.41214196291674        0.56092375543567
O           -0.42564322231921       -1.59191665565316        0.81151424099653
N            0.54597935800574        0.33552946543144        0.11546938348464
C            1.81251037000146       -0.17232795057521       -0.10869706049155
N            2.81817956761244        0.45370101888887       -0.51485642947028
H           -1.72034012030857        1.23424977569795       -1.32657381776008
H           -3.33565152361262        1.18602329823210       -0.61653541636972
H           -2.59243360629887       -0.29629150829616       -1.22144247894567
H           -2.50987070480350       -0.20518632842492        1.26824856873013
H           -1.61378119097313        1.32491544481759        1.18923348069260
H            0.40090329923331        1.32229543594431       -0.06635495357133
H            1.89622301204974       -1.23193433483533        0.10384510728570
H            2.67008846134390        1.44628473012515       -0.69499317116221
