  13
 Etot=          -2.3860064883
 C         -1.3541723861       -1.5513200438       -0.4596750311
 C         -0.9832036588       -0.1842664147        0.0208140905
 O         -1.6018479935        0.4526702883        0.8393578937
 C          0.2968448484        0.4147337758       -0.5848276655
 O          0.3868150295        1.7870082471       -0.2939161489
 C          1.4162615685       -0.3435498972       -0.0233935981
 C          2.3333634340       -0.9137223466        0.4931629613
 H         -2.0974840501       -1.9930499903        0.1994051161
 H         -0.4728223535       -2.1855779752       -0.5208699886
 H         -1.7791177554       -1.4634657255       -1.4596417647
 H          0.2945975213        0.2972140477       -1.6771547594
 H         -0.1702307005        1.9427058539        0.4865299258
 H          3.1459562578       -1.4278186184        0.9143033944
  13
 Etot=          -2.3891228918
 C         -1.3689162165       -1.5455694768       -0.4674000069
 C         -0.9738612970       -0.1892961570        0.0077498197
 O         -1.5939475714        0.4445423832        0.8169115598
 C          0.3099551684        0.4043349483       -0.5680459324
 O          0.3543543335        1.7943047129       -0.3014846286
 C          1.4478719256       -0.3130052633       -0.0439647165
 C          2.3527120118       -0.9153999218        0.4927999722
 H         -2.1097529921       -1.9811469880        0.2006407158
 H         -0.5016003935       -2.2036921853       -0.5152599544
 H         -1.8003040031       -1.4808716144       -1.4661639616
 H          0.2966320247        0.2965861053       -1.6634286473
 H         -0.1683221788        1.9579051403        0.5115754332
 H          3.1701389501       -1.4371304821        0.9301647727
  13
 Etot=          -2.3893688727
 C         -1.3897753829       -1.5429290523       -0.4770175402
 C         -0.9686762483       -0.1975830496       -0.0047273193
 O         -1.5971490236        0.4363408361        0.7922263209
 C          0.3252399064        0.3875104041       -0.5464902103
 O          0.3271747461        1.7948148011       -0.3077451058
 C          1.4574415048       -0.3016456433       -0.0205767697
 C          2.4244085549       -0.8431820845        0.4752484400
 H         -2.1322009815       -1.9655110925        0.1994237961
 H         -0.5392328550       -2.2266497051       -0.5121482222
 H         -1.8264268738       -1.4912287167       -1.4741529341
 H          0.3214999675        0.2819603377       -1.6437911767
 H         -0.1647390553        1.9685018096        0.5293735958
 H          3.1773955024       -1.4688376435        0.9244715510
  13
 Etot=          -2.3899121449
 C         -1.4027753011       -1.5418012164       -0.4840668824
 C         -0.9625867941       -0.2038121921       -0.0094108821
 O         -1.5938343576        0.4287905085        0.7863038493
 C          0.3352548809        0.3791499312       -0.5381515265
 O          0.3221705759        1.7924901247       -0.3075987982
 C          1.4715538938       -0.3012792417       -0.0252318532
 C          2.3935203638       -0.8901147045        0.4895887245
 H         -2.1473939383       -1.9539860393        0.1973058774
 H         -0.5641367697       -2.2409248596       -0.5177149302
 H         -1.8448891747       -1.4877465230       -1.4784009165
 H          0.3353860455        0.2789762241       -1.6366823371
 H         -0.1540997478        1.9690105914        0.5385544039
 H          3.2267900854       -1.3971914020        0.9195996966
  13
 Etot=          -2.3901382097
 C         -1.4051343283       -1.5439807042       -0.4840564798
 C         -0.9682373846       -0.2044786913       -0.0054443567
 O         -1.5977295272        0.4279097713        0.7952441715
 C          0.3298462383        0.3794911272       -0.5412668216
 O          0.3331040981        1.7869144454       -0.3055510353
 C          1.4652939720       -0.3070402835       -0.0139789593
 C          2.4036145182       -0.8811353830        0.4915692151
 H         -2.1514722679       -1.9561456728        0.1943617737
 H         -0.5652403947       -2.2379753244       -0.5250748467
 H         -1.8473107091       -1.4778531234       -1.4775789978
 H          0.3394053135        0.2739200401       -1.6386196200
 H         -0.1552922377        1.9643354045        0.5269102695
 H          3.2341124712       -1.3924004047        0.9175801128
  13
 Etot=          -2.3902439915
 C         -1.4165250651       -1.5438605108       -0.4891913318
 C         -0.9699012492       -0.2089070270       -0.0051221500
 O         -1.5976521441        0.4223832991        0.7983397380
 C          0.3308659372        0.3724018970       -0.5374985810
 O          0.3308899299        1.7814412414       -0.3108847905
 C          1.4683158648       -0.3060446044       -0.0010713513
 C          2.4213081471       -0.8662719975        0.4945568179
 H         -2.1651866731       -1.9521296286        0.1889119077
 H         -0.5826608244       -2.2442383957       -0.5354870435
 H         -1.8617659823       -1.4684299535       -1.4808045495
 H          0.3478555592        0.2602062925       -1.6340275152
 H         -0.1462062630        1.9602633712        0.5281239509
 H          3.2556225248       -1.3752527826        0.9182493238
  13
 Etot=          -2.3904013421
 C         -1.4455006962       -1.5416797256       -0.5035071116
 C         -0.9717603037       -0.2206092471       -0.0029145761
 O         -1.5880690218        0.4050284074        0.8142344522
 C          0.3344185807        0.3536190639       -0.5290591912
 O          0.3232170985        1.7665387076       -0.3275848325
 C          1.4795250611       -0.3002737712        0.0276274527
 C          2.4558251915       -0.8360113740        0.5061237800
 H         -2.1974723730       -1.9435262955        0.1746000502
 H         -0.6269670973       -2.2581367647       -0.5679060291
 H         -1.9010225111       -1.4412630225       -1.4890102404
 H          0.3663623866        0.2225456745       -1.6232226478
 H         -0.1220894451        1.9488754822        0.5291989368
 H          3.3084928917       -1.3235459339        0.9255143824
  13
 Etot=          -2.3904847175
 C         -1.4623919764       -1.5383423707       -0.5132708063
 C         -0.9687512598       -0.2297540678        0.0030627337
 O         -1.5720170892        0.3905301229        0.8339352654
 C          0.3372727670        0.3416449904       -0.5253273096
 O          0.3171032984        1.7563717805       -0.3412086029
 C          1.4874808680       -0.2947442014        0.0426860765
 C          2.4712322327       -0.8193088549        0.5159371186
 H         -2.2144348190       -1.9403200045        0.1645744592
 H         -0.6534235876       -2.2643371889       -0.5940679168
 H         -1.9251497394       -1.4189516881       -1.4937177464
 H          0.3741595144        0.1960889506       -1.6174437925
 H         -0.1099582532        1.9424787875        0.5238173641
 H          3.3338378058       -1.2897950544        0.9351175824
  13
 Etot=          -2.3905921886
 C         -1.4758541258       -1.5326557115       -0.5229237876
 C         -0.9643946614       -0.2383867458        0.0105076530
 O         -1.5466682049        0.3724031744        0.8632581194
 C          0.3401026168        0.3305870282       -0.5233575887
 O          0.3111811411        1.7460033004       -0.3566697264
 C          1.4916306787       -0.2908183408        0.0549909698
 C          2.4783276140       -0.8072391686        0.5274412236
 H         -2.2248979900       -1.9399740342        0.1550803350
 H         -0.6743666951       -2.2646345186       -0.6230645893
 H         -1.9454195565       -1.3943803362       -1.4975109748
 H          0.3782434658        0.1696526566       -1.6130462080
 H         -0.1022673946        1.9390754929        0.5118249801
 H          3.3493428736       -1.2580715955        0.9475640193
  13
 Etot=          -2.3907043710
 C         -1.4889600967       -1.5251463055       -0.5337472902
 C         -0.9552052367       -0.2516877735        0.0260225455
 O         -1.5119694189        0.3475566278        0.9040679943
 C          0.3416248929        0.3185538027       -0.5233209678
 O          0.3007476093        1.7352524759       -0.3807757524
 C          1.4952031195       -0.2854798294        0.0650967561
 C          2.4836647535       -0.7931095622        0.5420376830
 H         -2.2361211209       -1.9413533705        0.1411606085
 H         -0.6959403595       -2.2635079291       -0.6573247129
 H         -1.9627051700       -1.3598915087       -1.5020109121
 H          0.3771422386        0.1375142525       -1.6098891986
 H         -0.0917738058        1.9379617763        0.4960758788
 H          3.3592523564       -1.2251014551        0.9667017932
  13
 Etot=          -2.3907826212
 C         -1.4990005345       -1.5185623513       -0.5416346631
 C         -0.9489275132       -0.2611989025        0.0353514298
 O         -1.4799416846        0.3240915933        0.9395200710
 C          0.3431866828        0.3092050945       -0.5246850062
 O          0.2928193725        1.7260221711       -0.3983201980
 C          1.4971677424       -0.2836609934        0.0712615749
 C          2.4877599612       -0.7828788831        0.5547117665
 H         -2.2439135340       -1.9415283148        0.1318631881
 H         -0.7127514294       -2.2607858981       -0.6858363745
 H         -1.9777195452       -1.3309084864       -1.5034778125
 H          0.3781577953        0.1150626902       -1.6089850333
 H         -0.0895762117        1.9368457934        0.4795914437
 H          3.3676986601       -1.2001423118        0.9847340391
  13
 Etot=          -2.3908545764
 C         -1.5057954941       -1.5135831861       -0.5466559485
 C         -0.9395403395       -0.2716238004        0.0453958894
 O         -1.4504496163        0.3012428652        0.9677452958
 C          0.3446949024        0.3029059654       -0.5277541589
 O          0.2827702395        1.7200258596       -0.4141119454
 C          1.5037143837       -0.2783637282        0.0691822780
 C          2.4915583506       -0.7719203491        0.5647085303
 H         -2.2506807094       -1.9406458439        0.1243826670
 H         -0.7269471451       -2.2600142205       -0.7081659504
 H         -1.9878115859       -1.3049612838       -1.5023464967
 H          0.3762146509        0.0995578134       -1.6102107221
 H         -0.0895980406        1.9354981188        0.4668540944
 H          3.3668301656       -1.1865570092        1.0050708927
  13
 Etot=          -2.3909228479
 C         -1.5150528190       -1.5092887809       -0.5524039993
 C         -0.9298774069       -0.2825789026        0.0521722716
 O         -1.4194090416        0.2755885569        0.9943968818
 C          0.3471532818        0.2965394691       -0.5320309687
 O          0.2728620217        1.7135383376       -0.4283730652
 C          1.5121115019       -0.2728720948        0.0661566311
 C          2.4984850218       -0.7570394643        0.5754080513
 H         -2.2601606743       -1.9366962565        0.1180061513
 H         -0.7463127619       -2.2621038766       -0.7314357136
 H         -2.0025642106       -1.2802033840       -1.5003999091
 H          0.3766491861        0.0854006372       -1.6129703659
 H         -0.0886460180        1.9312927926        0.4572147272
 H          3.3697216808       -1.1700158325        1.0283537331
  13
 Etot=          -2.3909757013
 C         -1.5264615668       -1.5046176707       -0.5589276968
 C         -0.9166867000       -0.2957988119        0.0590446512
 O         -1.3822847516        0.2453170811        1.0227527460
 C          0.3516219828        0.2896447027       -0.5375571643
 O          0.2636221623        1.7057186387       -0.4407284278
 C          1.5238248218       -0.2659772040        0.0612536495
 C          2.5085302748       -0.7367499243        0.5870562821
 H         -2.2717681123       -1.9300639665        0.1123670293
 H         -0.7716647375       -2.2666702454       -0.7577108590
 H         -2.0213644607       -1.2529306471       -1.4972775101
 H          0.3786853670        0.0713910838       -1.6170823388
 H         -0.0925602410        1.9242640520        0.4451926461
 H          3.3714657231       -1.1519658870        1.0557114181
  13
 Etot=          -2.3909943255
 C         -1.5390807580       -1.5003080619       -0.5663442305
 C         -0.9067410816       -0.3083983335        0.0633568979
 O         -1.3499216576        0.2161750221        1.0474777018
 C          0.3552759548        0.2813725630       -0.5418502987
 O          0.2556867508        1.6975335703       -0.4544697332
 C          1.5325972719       -0.2605640011        0.0602992135
 C          2.5177029764       -0.7161881396        0.5988439267
 H         -2.2836661398       -1.9241638682        0.1066618113
 H         -0.7980859668       -2.2705900713       -0.7836351468
 H         -2.0409556108       -1.2279728337       -1.4954945453
 H          0.3811917386        0.0545533199       -1.6198972218
 H         -0.0863826703        1.9172044370        0.4396227809
 H          3.3773389544       -1.1270924020        1.0795232697
  13
 Etot=          -2.3910093660
 C         -1.5429931430       -1.4987477170       -0.5676929281
 C         -0.9038552453       -0.3117292986        0.0636109419
 O         -1.3435070184        0.2099982981        1.0484779013
 C          0.3573427394        0.2783723146       -0.5423068272
 O          0.2567716030        1.6940441545       -0.4536177624
 C          1.5343410367       -0.2615799217        0.0608863481
 C          2.5203602380       -0.7115828854        0.6014068536
 H         -2.2871672684       -1.9213905909        0.1065343573
 H         -0.8068473495       -2.2713779758       -0.7895437730
 H         -2.0465382902       -1.2216952066       -1.4939278170
 H          0.3836970871        0.0513128679       -1.6201514256
 H         -0.0888460478        1.9133921441        0.4375535309
 H          3.3822014201       -1.1174549820        1.0828650257
