     -2.391121478007     -2.391213060961         0.28381E-03
     -2.391149359288     -2.391240720468         0.57791E-03
     -2.391152666464     -2.391244283628         0.64266E-03
     -2.391147466625     -2.391239316231         0.39285E-03
     -2.391088677105     -2.391180682152         0.99876E-03
     -2.391058553958     -2.391150560768         0.61794E-03
     -2.391002543130     -2.391095001903         0.79785E-03
     -2.391109756075     -2.391202067760         0.65146E-03
     -2.391044611806     -2.391137491188         0.99218E-03
     -2.391125918806     -2.391218047872         0.68213E-03
     -2.391012851180     -2.391105854534         0.66183E-03
     -2.391122585518     -2.391213786326         0.64293E-03
     -2.391028982296     -2.391122127781         0.90484E-03
     -2.391134307827     -2.391226582425         0.74894E-03
     -2.391151881011     -2.391243515678         0.41517E-03
     -2.391104984992     -2.391197122127         0.49965E-03
     -2.391156316778     -2.391248197990         0.51069E-03
     -2.391107469605     -2.391199585731         0.40726E-03
     -2.391108266827     -2.391200516017         0.31990E-03
     -2.391114193668     -2.391205577786         0.52275E-03
     -2.391014634724     -2.391107397369         0.49959E-03
     -2.391129691670     -2.391220273162         0.76010E-03
     -2.391039843931     -2.391131877240         0.79110E-03
     -2.391152535976     -2.391245792022         0.87703E-03
     -2.391099014084     -2.391190730921         0.63797E-03
     -2.391155054686     -2.391246848219         0.42454E-03
     -2.389267103610     -2.389356367904         0.58184E-03
     -2.389204769955     -2.389293349590         0.40187E-03
     -2.389283408254     -2.389371563726         0.40330E-03
     -2.389232554119     -2.389320714450         0.93050E-03
     -2.391127886398     -2.391218997988         0.80309E-03
     -2.389118337339     -2.389207741162         0.90523E-03
     -2.389203374222     -2.389291356020         0.78029E-03
     -2.389205009891     -2.389295503947         0.59904E-03
     -2.389069940509     -2.389157669332         0.43936E-03
     -2.389068722448     -2.389157512942         0.64289E-03
     -2.389106954373     -2.389194136364         0.67316E-03
     -2.388916708247     -2.389011388057         0.59911E-03
     -2.389254223994     -2.389343461590         0.73498E-03
     -2.387993225310     -2.388096082073         0.84856E-03
     -2.389240165773     -2.389328400333         0.82060E-03
     -2.389161661991     -2.389250774427         0.90509E-03
     -2.387988117462     -2.388090432318         0.54261E-03
     -2.388008467715     -2.388111071303         0.79376E-03
     -2.391022272886     -2.391114518757         0.58866E-03
     -2.387994320473     -2.388096970992         0.38937E-03
     -2.391001737587     -2.391093904577         0.62085E-03
     -2.388001310023     -2.388103267223         0.57856E-03
     -2.387989804753     -2.388092260967         0.61136E-03
     -2.391017281785     -2.391109364909         0.39109E-03
     -2.387986519812     -2.388088663020         0.74615E-03
     -2.388006662014     -2.388109053501         0.10009E-02
     -2.389159027176     -2.389247543734         0.85902E-03
