13
 energy: -21.804717408707 gnorm: 0.068045812833 xtb: 6.7.0 (08769fc)
C           -1.82629335030000       -1.17438977390000       -0.58040442220000
C           -0.97998584150000       -0.14281872670000        0.07612637970000
O           -1.28309380750000        0.35834660830000        1.12153623090000
C            0.32009147900000        0.30990333300000       -0.56815723120000
O            0.42535987980000        1.71669455300000       -0.38201248650000
C            1.44232773400000       -0.42281944810000       -0.07314577810000
C            2.39652067380000       -1.01682642440000        0.37638324400000
H           -2.75321918620000       -0.72933734010000       -0.94073178180000
H           -2.08484218630000       -1.95603374800000        0.13314555470000
H           -1.31462602280000       -1.63691352190000       -1.42422211380000
H            0.25932515230000        0.16158239910000       -1.65803433810000
H            0.15336434300000        1.91614028930000        0.53900403130000
H            3.23665834600000       -1.53516527360000        0.77796111410000
13
 energy: -21.807925238149 gnorm: 0.019757485992 xtb: 6.7.0 (08769fc)
C           -1.80924157268689       -1.18878965234661       -0.58446536040183
C           -0.98465086359623       -0.14553960016965        0.09852371018035
O           -1.30745399986932        0.37142472595957        1.14326447798276
C            0.30808323330896        0.32073194477874       -0.58723173259062
O            0.45060516178769        1.71794445927492       -0.37955265550471
C            1.42405067581228       -0.43971766637268       -0.06167717451506
C            2.36928903692031       -1.02192356572254        0.38190344097700
H           -2.73158731461587       -0.73037154069311       -0.94052600935018
H           -2.08697566655115       -1.95627468677273        0.13690627994249
H           -1.29367407115553       -1.64728516644137       -1.42671415753640
H            0.25427389299888        0.17828836988331       -1.67745870357510
H            0.17729889405285        1.90331729400050        0.53562645939658
H            3.22156980689401       -1.51344198937833        0.75884982799472
13
 energy: -21.808477012990 gnorm: 0.010510731533 xtb: 6.7.0 (08769fc)
C           -1.79054660747318       -1.20732506229011       -0.58005836320784
C           -0.99399865538890       -0.13713654074505        0.10443893310638
O           -1.32209565657073        0.37945921408185        1.14920324051157
C            0.29209744342213        0.34250629837768       -0.60169903270919
O            0.47114899689368        1.72861265020705       -0.37552275692910
C            1.40702790335262       -0.43936460239417       -0.06684202791539
C            2.37857995918102       -0.99772834859619        0.35333077652781
H           -2.71126821141382       -0.74849698607901       -0.94138172942719
H           -2.07709185373435       -1.96675144391822        0.14626173256234
H           -1.26154636022898       -1.65864959889037       -1.41453174584862
H            0.23431006286699        0.20401674889624       -1.68850850270588
H            0.20233195025973        1.90215489402690        0.53810788122523
H            3.16263824213381       -1.55293429667665        0.77464999780987
13
 energy: -21.808828504286 gnorm: 0.017514931493 xtb: 6.7.0 (08769fc)
C           -1.76482451888516       -1.22670199451376       -0.57267182165984
C           -1.00246227485175       -0.11995272349286        0.10307790109602
O           -1.33299129859339        0.39382424166958        1.14638089798276
C            0.27564487567541        0.37390744373780       -0.61919053950589
O            0.49718490853419        1.74562856994990       -0.36790914069752
C            1.38347145645901       -0.44149642378533       -0.08397105000650
C            2.30244887971003       -1.05438959358707        0.38165894329069
H           -2.68439956652202       -0.77595963660137       -0.94965397558351
H           -2.05827156134285       -1.97680806975225        0.16019689922442
H           -1.21467102666800       -1.67385911700160       -1.39213210760975
H            0.20774268843457        0.24261862675850       -1.70179240059217
H            0.23371800773277        1.90452887822559        0.54626200988481
H            3.14899664361721       -1.54297727560718        0.74719278717646
13
 energy: -21.809296713863 gnorm: 0.008918270651 xtb: 6.7.0 (08769fc)
C           -1.75776646259802       -1.22641981867601       -0.56724662145190
C           -0.99867061278546       -0.11662065263134        0.10152509999316
O           -1.33178497545707        0.40191588684240        1.13990660097122
C            0.27484214970757        0.37898120343499       -0.61720546228826
O            0.49041059500403        1.74929755450034       -0.36413754318064
C            1.37997424004822       -0.43828961285306       -0.09510924628369
C            2.30006507038807       -1.04966382734268        0.36550448551234
H           -2.67621859817133       -0.78749194786575       -0.96209240053139
H           -2.05011994388096       -1.97375740543860        0.16816537414197
H           -1.19754040195035       -1.68248610474585       -1.37623193856672
H            0.20199867347313        0.25240587617201       -1.70113052744697
H            0.23169232200846        1.90774745188196        0.55430459655410
H            3.12470515751375       -1.56725567727850        0.75119598557675
13
 energy: -21.809862532229 gnorm: 0.008449040404 xtb: 6.7.0 (08769fc)
C           -1.72418784130776       -1.23803628711584       -0.55052689757864
C           -0.99690668923436       -0.09599403471341        0.09661960898035
O           -1.34175168295844        0.43448681268282        1.12372871500851
C            0.26430691039722        0.40889683797231       -0.62262044546786
O            0.49037824984643        1.76885374531835       -0.34699243530909
C            1.35508523902812       -0.43632819889878       -0.12840376426319
C            2.26277391326111       -1.06450535635940        0.33443933908337
H           -2.63803938573356       -0.83432956817362       -0.99842479568231
H           -2.02141261924023       -1.96766798088676        0.20031969890847
H           -1.12790062932377       -1.71724081853778       -1.32416907847660
H            0.17689911569867        0.30264185351700       -1.70934323880699
H            0.23798029343862        1.91690969743220        0.57841813818614
H            3.05436233942802       -1.62932377623722        0.74440355841775
13
 energy: -21.810242241388 gnorm: 0.010687391891 xtb: 6.7.0 (08769fc)
C           -1.68703619324617       -1.25293598434166       -0.53391198061792
C           -0.99955568006501       -0.07265727080622        0.09054541588638
O           -1.36105439021147        0.47061127913361        1.10562643448224
C            0.25311782497181        0.44065131166652       -0.62920976611833
O            0.50098091377201        1.78868621757895       -0.32570411364367
C            1.32557176709297       -0.44072548582405       -0.15820696389704
C            2.21350023983572       -1.09271223991909        0.31172873793449
H           -2.59224986147742       -0.88458772790709       -1.03489451512264
H           -1.99568458047027       -1.95892888247302        0.23565096932770
H           -1.05323450094386       -1.75387029061035       -1.26814920401116
H            0.15374227031731        0.35881935516790       -1.71839731013846
H            0.24307591940705        1.92520218070837        0.60104285611332
H            2.99041348431744       -1.67918953637407        0.72132784280496
13
 energy: -21.810558299632 gnorm: 0.008285916693 xtb: 6.7.0 (08769fc)
C           -1.65209584451726       -1.26606425225267       -0.51881515144404
C           -1.00325814449158       -0.05300144237112        0.08359102470035
O           -1.38523747732792        0.50260927884027        1.08640819585580
C            0.24593823428184        0.46631247465343       -0.63475884114839
O            0.51524722800820        1.80357462301691       -0.30421855972438
C            1.30185639103405       -0.44597509871491       -0.18423436415662
C            2.16695851380467       -1.12280140191161        0.29560790873980
H           -2.54383599458442       -0.92949281252235       -1.06106439538802
H           -1.97676858766836       -1.94714253875640        0.26691833469926
H           -0.98906185006192       -1.78186923002443       -1.21562700630263
H            0.13890739714231        0.41011199157289       -1.72578215570178
H            0.23607896380773        1.93117974474863        0.61699501267241
H            2.93685838387278       -1.71907841027888        0.69242840019810
13
 energy: -21.810746347603 gnorm: 0.005011086262 xtb: 6.7.0 (08769fc)
C           -1.63424759842984       -1.27100912781413       -0.51067253273696
C           -1.00756642374618       -0.04311448202351        0.07828252476343
O           -1.40520991327576        0.52039205442726        1.07193137690261
C            0.24595755950453        0.47579817021015       -0.63549666331737
O            0.52615778504480        1.80769344838232       -0.28939748315856
C            1.29297047870292       -0.44998028902496       -0.19407462195197
C            2.14974341433715       -1.13506201731660        0.28454549788023
H           -2.51410524806864       -0.95337372727108       -1.07235094439926
H           -1.97231294344346       -1.93524275789389        0.28302748748735
H           -0.95638093786872       -1.79235187237183       -1.18273493434642
H            0.13795452301750        0.43451828761064       -1.72655221139182
H            0.21656984257270        1.93339760619122        0.62145254317856
H            2.91205667495314       -1.74330236710583        0.66948836409002
13
 energy: -21.810887234563 gnorm: 0.007933434044 xtb: 6.7.0 (08769fc)
C           -1.61427953535860       -1.27571181574532       -0.49974807005965
C           -1.01209494276581       -0.03087597066004        0.07380285790960
O           -1.42915541273039        0.54619959430815        1.05265176984716
C            0.24681793915529        0.48857224499543       -0.63451104863979
O            0.53379030982278        1.81432307274115       -0.26917333976403
C            1.29121806434408       -0.44601495188710       -0.21083196861067
C            2.13125773392361       -1.15307265409450        0.27032173415256
H           -2.47962079387911       -0.98363215750885       -1.09723757003427
H           -1.97115991299695       -1.91774073409964        0.30461316738958
H           -0.91051445832933       -1.81063846531739       -1.13472487369884
H            0.13473832587283        0.46239185680697       -1.72516669330420
H            0.18605598179428        1.93784986914698        0.62915018033242
H            2.88453391444745       -1.78328696268614        0.63830225747995
13
 energy: -21.811020673614 gnorm: 0.008637836971 xtb: 6.7.0 (08769fc)
C           -1.60545303275987       -1.27569917433786       -0.49200651857579
C           -1.02100911726215       -0.01940477223805        0.06798618958694
O           -1.45590190579064        0.57320730038148        1.02886208090013
C            0.25255921987087        0.49152979674513       -0.62553355094025
O            0.54308782390997        1.81359525955712       -0.24590287501730
C            1.29218312470376       -0.45002058105854       -0.20814494825260
C            2.13515540693343       -1.16076103991088        0.25429987834802
H           -2.45324327164261       -1.00544070379675       -1.12466661138366
H           -1.98496655311524       -1.89677446650489        0.31836175716382
H           -0.87901112930107       -1.82420501409217       -1.08844895486786
H            0.14200341360136        0.47276834335378       -1.71529730466488
H            0.14265112977734        1.94305227562548        0.63238748224802
H            2.88353210437499       -1.81348429772412        0.59555177845521
13
 energy: -21.811094565381 gnorm: 0.006059300097 xtb: 6.7.0 (08769fc)
C           -1.60830265846486       -1.27406973934687       -0.48974320781006
C           -1.02379899057803       -0.01894570226131        0.06700416922969
O           -1.46786954051095        0.58621695615453        1.01396213837548
C            0.25904638332488        0.48810989574399       -0.61588082076832
O            0.54028135924115        1.81037852285859       -0.23389492415324
C            1.30541536396835       -0.44590090284042       -0.20245243557673
C            2.14735268163539       -1.16609749623455        0.25188134710481
H           -2.44250199425188       -1.00713424079009       -1.13636450793109
H           -2.00494592139178       -1.88709931899256        0.31636580774157
H           -0.87762367365789       -1.82826420209503       -1.06759451301357
H            0.15116219266268        0.46642836852631       -1.70575521112886
H            0.11252239984379        1.94900074584069        0.62945668626383
H            2.90084961147930       -1.82425996056354        0.57046387466632
13
 energy: -21.811156081530 gnorm: 0.006814374978 xtb: 6.7.0 (08769fc)
C           -1.59952009605362       -1.27950068367260       -0.48175785757343
C           -1.03120131384608       -0.00877570262448        0.06525438987358
O           -1.49616884092193        0.61980920757434        0.98817988218082
C            0.26016644339988        0.49505603183009       -0.60364009941061
O            0.54394274711364        1.81268173694180       -0.20858851807119
C            1.30453821291291       -0.44923232607638       -0.20018306144246
C            2.15094953529019       -1.17783403349489        0.23323593818138
H           -2.41003860451634       -1.02463342367777       -1.17221465065652
H           -2.02872189395327       -1.87073280672501        0.32764945879371
H           -0.84494081895937       -1.85438725565995       -1.01803808771787
H            0.15374534907459        0.47851288261586       -1.69567875335958
H            0.08463107838622        1.95789550268998        0.63670445150662
H            2.90420541537331       -1.85049620372125        0.52652531069537
13
 energy: -21.811207196396 gnorm: 0.003972912322 xtb: 6.7.0 (08769fc)
C           -1.60802605603685       -1.27818814119396       -0.48548917973811
C           -1.03084946088741       -0.01268566094035        0.06751945421850
O           -1.49155197661439        0.61134857095018        0.99312575335138
C            0.25939092882557        0.48927878637879       -0.60139680227049
O            0.54325974345141        1.80877430350480       -0.21324220188197
C            1.30444639301127       -0.45327422695262       -0.19181076837898
C            2.16239206531073       -1.17063092089623        0.23446183183771
H           -2.41897992599175       -1.01068680933517       -1.16545149613547
H           -2.03570984059023       -1.87546550602340        0.31796929416262
H           -0.86251588896642       -1.85102971245897       -1.03105906852141
H            0.15757054087360        0.46791325567969       -1.69495677736522
H            0.09310277105007        1.95577050231710        0.63285858322330
H            2.91905791986454       -1.83276151503012        0.53491978049798
13
 energy: -21.811241546105 gnorm: 0.003056025568 xtb: 6.7.0 (08769fc)
C           -1.60857775048257       -1.27735804799868       -0.48350732422245
C           -1.03244618315382       -0.01116339801575        0.06792109425169
O           -1.50185540061046        0.61792198509198        0.98592938516478
C            0.26148650827602        0.48659887782844       -0.59531298856913
O            0.54694141315951        1.80537128427433       -0.20522231407826
C            1.30624548974941       -0.45666363700646       -0.18868132168925
C            2.17086257531037       -1.17294567935806        0.22646726400465
H           -2.40804452547966       -1.00802438977613       -1.17455944977041
H           -2.05023972776382       -1.86733387864861        0.31785680535974
H           -0.86021742624224       -1.85748088747300       -1.01619781715385
H            0.16425680552894        0.46710682212403       -1.69031506628548
H            0.07328797099059        1.95566341315708        0.63124991450494
H            2.92988746401787       -1.83332953819943        0.52182022148285
13
 energy: -21.811271949245 gnorm: 0.003651157192 xtb: 6.7.0 (08769fc)
C           -1.60748211977629       -1.27783830912274       -0.48016618777313
C           -1.03465106612524       -0.00918253132479        0.06917024273298
O           -1.51584902297785        0.62683535340792        0.97669977919379
C            0.26207133710339        0.48526364251587       -0.58802178636966
O            0.54953670495209        1.80241745074014       -0.19367778234179
C            1.30779660448018       -0.45887900920715       -0.18798761378267
C            2.17884382043026       -1.17600448530612        0.21368365163457
H           -2.39021537650193       -1.00781422969889       -1.19179416909634
H           -2.07031384653549       -1.85631695341256        0.31809019607469
H           -0.85236443834095       -1.86906509246748       -0.99241874752639
H            0.16695900411017        0.46801761786704       -1.68397150507107
H            0.05775581117876        1.95678470335331        0.63161378783872
H            2.93949980130300       -1.83585523134480        0.50622853748614
13
 energy: -21.811300056854 gnorm: 0.003882295142 xtb: 6.7.0 (08769fc)
C           -1.60465426461865       -1.27904315839810       -0.47676541755570
C           -1.03627679175072       -0.00669617564659        0.06943290958274
O           -1.52579425853388        0.63264109785853        0.96985238294342
C            0.26164736136712        0.48585822095141       -0.58403657908599
O            0.55343339040082        1.80082736595877       -0.18310847713063
C            1.30783930372058       -0.46004202419874       -0.19120525441386
C            2.18087253580781       -1.18012519734720        0.20142316308599
H           -2.37216969506850       -1.01144288910421       -1.20702444315223
H           -2.08594096209442       -1.84590519634876        0.31807205925671
H           -0.84371671073823       -1.87991842065751       -0.96945338002454
H            0.16449437590726        0.47251355372787       -1.67978138430687
H            0.04864055030551        1.95759203078615        0.63304244561557
H            2.94321237859540       -1.83789628158185        0.49700037818524
13
 energy: -21.811324922065 gnorm: 0.002904826737 xtb: 6.7.0 (08769fc)
C           -1.60238973386657       -1.28002310092921       -0.47426215318265
C           -1.03684549686938       -0.00617423950053        0.06949381895409
O           -1.53172312200812        0.63638469721419        0.96480738208746
C            0.26168491936691        0.48628298490400       -0.58216731251108
O            0.55647006111563        1.79890423592636       -0.17388555935356
C            1.30850277345436       -0.46056039317415       -0.19565369028854
C            2.18050793964306       -1.18446429647532        0.19101590323261
H           -2.35536152742962       -1.01607880630072       -1.22049449868708
H           -2.10135163191681       -1.83530134619915        0.31731155315330
H           -0.83623506473367       -1.88913191483009       -0.94809178558443
H            0.15973882774326        0.47851856687380       -1.67706409124122
H            0.04269996419115        1.95758841153719        0.63491152029839
H            2.94588930460993       -1.83758187304662        0.49152731612256
13
 energy: -21.811341467128 gnorm: 0.002707036808 xtb: 6.7.0 (08769fc)
C           -1.60022184476675       -1.28127733843863       -0.47153985208181
C           -1.03874367040349       -0.00378395076598        0.06813235769445
O           -1.53589643094460        0.64180152412766        0.95931330185862
C            0.26262691200866        0.48797942052052       -0.58038517615935
O            0.56033728629559        1.79772217171575       -0.16415705599943
C            1.30890530867327       -0.46137112278744       -0.19854039183373
C            2.17926953407635       -1.19023549681837        0.18161555975410
H           -2.33890478194583       -1.02436555149370       -1.23441320978920
H           -2.11519894220584       -1.82498715808170        0.31734335816879
H           -0.82789061225477       -1.89833058541241       -0.92473826002421
H            0.15694022837967        0.48694207723060       -1.67478261661958
H            0.03301886907529        1.95874533309999        0.63643149774903
H            2.94734535731257       -1.84047639689653        0.48316889028217
13
 energy: -21.811352760655 gnorm: 0.002254135521 xtb: 6.7.0 (08769fc)
C           -1.60097173862745       -1.28166981416915       -0.47106078290500
C           -1.03917846457323       -0.00485350517409        0.06831384381321
O           -1.53501001627778        0.64296546837660        0.95903961591623
C            0.26336367043245        0.48820045935858       -0.58007868167538
O            0.55997189275876        1.79642126558053       -0.16075573324873
C            1.31004006663007       -0.46066496130532       -0.19923039819980
C            2.17956287355109       -1.19193881278449        0.17705916517480
H           -2.33014208820644       -1.02803293361668       -1.24205604356192
H           -2.12549110016432       -1.81947958676817        0.31495387592055
H           -0.82640248527383       -1.90234959060969       -0.91233972885307
H            0.15608094851597        0.49082991065774       -1.67410848980599
H            0.03080804059818        1.95850094028139        0.63702108119889
H            2.94895561393664       -1.83956591382748        0.48069067922605
13
 energy: -21.811360302184 gnorm: 0.002324517901 xtb: 6.7.0 (08769fc)
C           -1.60041895040289       -1.28234440228561       -0.46881477473608
C           -1.04120785228533       -0.00384612949341        0.06814093882104
O           -1.53918360728925        0.64851504964063        0.95472992564762
C            0.26440756613599        0.48924857478969       -0.57701889302593
O            0.56072388202287        1.79527557682040       -0.15243870300919
C            1.31083324091027       -0.46079220403016       -0.19878804630968
C            2.18160299940684       -1.19531671545544        0.16837680322217
H           -2.31307289171092       -1.03338870834755       -1.25784751336625
H           -2.14285519609505       -1.80937466414687        0.31443954272374
H           -0.81864383039206       -1.91170161416149       -0.88803779049625
H            0.15799738336963        0.49577859459007       -1.67137281100468
H            0.01961298024664        1.95940330163509        0.63811048332467
H            2.95179148938338       -1.84309373355558        0.46796924120867
13
 energy: -21.811365902058 gnorm: 0.001544608119 xtb: 6.7.0 (08769fc)
C           -1.60010043225380       -1.28229300984736       -0.46842683706858
C           -1.04137912760230       -0.00366707127657        0.06923887292255
O           -1.53916805576527        0.64714905512175        0.95712586711867
C            0.26327591703378        0.48964095032966       -0.57657850102858
O            0.55811459643321        1.79727824767774       -0.15514516554234
C            1.31065969558638       -0.45847156873523       -0.19583611546384
C            2.18846506347799       -1.18612546512053        0.16885599710711
H           -2.30858531880909       -1.03376387820585       -1.26007770298558
H           -2.14480369583779       -1.80911943744443        0.31216880105838
H           -0.81851551079640       -1.91246271441355       -0.88406733115213
H            0.15870422782266        0.49269318110858       -1.67143734466248
H            0.02018835657337        1.95982807208636        0.63813768553854
H            2.94473149743738       -1.85232343528080        0.46349017715813
13
 energy: -21.811387079864 gnorm: 0.001853975244 xtb: 6.7.0 (08769fc)
C           -1.60010045764975       -1.28140412680191       -0.46834500603559
C           -1.04147108382949       -0.00294806539361        0.07089174926771
O           -1.53709400469531        0.64394969160111        0.96291258599229
C            0.26141190071385        0.49034587103827       -0.57653830162232
O            0.55641006645046        1.79955050107145       -0.15856094910755
C            1.30753351493355       -0.46026541714659       -0.19768210886059
C            2.18080356203353       -1.19297725934176        0.16807058588051
H           -2.30080536548538       -1.03300023438174       -1.26519145569598
H           -2.14968830987267       -1.80725601286686        0.30781473030956
H           -0.81843401161763       -1.91353158013402       -0.87725298273158
H            0.15820781204621        0.48995336044722       -1.67196196570898
H            0.02510511178314        1.95903878161376        0.64020734965507
H            2.94970847848962       -1.84309258370554        0.46308417165729
13
 energy: -21.811405533980 gnorm: 0.001301999777 xtb: 6.7.0 (08769fc)
C           -1.60054313782597       -1.28165394109807       -0.46847157683128
C           -1.04020104576563       -0.00491220860803        0.07372918569430
O           -1.53337169932154        0.63919569007148        0.96903341963117
C            0.25938018383769        0.49060854602328       -0.57749632030486
O            0.55272862614062        1.80124821632515       -0.16300518477684
C            1.30810573074353       -0.45774120959162       -0.19909023543803
C            2.18007157207648       -1.19090887452343        0.16819552814943
H           -2.29319583682554       -1.03079208888117       -1.27231409751425
H           -2.15881708866620       -1.80362244499599        0.30487309689830
H           -0.81652238129820       -1.91714107540890       -0.86988527460362
H            0.15530674464495        0.48835017266243       -1.67268661821848
H            0.03005248835112        1.95784006014679        0.64198628872146
H            2.94859305720879       -1.84210791612214        0.46258019159254
13
 energy: -21.811441983966 gnorm: 0.005454760321 xtb: 6.7.0 (08769fc)
C           -1.60438449477022       -1.28248764611830       -0.46867141853111
C           -1.03640933184258       -0.01307465582763        0.08580714048600
O           -1.50963737544817        0.61085703336508        1.00637827581541
C            0.24839722396157        0.49200660763133       -0.58383910535925
O            0.53354826167212        1.80990166911225       -0.18689728292340
C            1.30612152116719       -0.44703571598672       -0.20160260542248
C            2.17925490229090       -1.17668080960812        0.16995259137054
H           -2.24660543488564       -1.02198210082971       -1.31488295088772
H           -2.21501937889057       -1.78134362754816        0.28437601462887
H           -0.81100802577377       -1.94011680766385       -0.82330387840193
H            0.13974741848481        0.48006156541080       -1.67761083324940
H            0.06008287441143        1.95171756851277        0.65251064023219
H            2.94749905292305       -1.83346015444997        0.45523181524212
13
 energy: -21.811463883486 gnorm: 0.002980076997 xtb: 6.7.0 (08769fc)
C           -1.60492470314469       -1.28221278307854       -0.46894746659471
C           -1.03586495600614       -0.01375631353808        0.08533254188845
O           -1.50936690826491        0.61166378878793        1.00417560804229
C            0.24977590452611        0.49166416303476       -0.58397408400858
O            0.53525677370684        1.80835519506150       -0.18414021976331
C            1.30777678197943       -0.44691413513352       -0.20281584410677
C            2.17928184266749       -1.17762558528996        0.17008188365302
H           -2.25082904675797       -1.02304620392463       -1.31066881694251
H           -2.21106855683121       -1.78230303464342        0.28482132301195
H           -0.81441794648564       -1.93892257797810       -0.82759086849553
H            0.14067476700421        0.48190254139770       -1.67757249864951
H            0.05747720862168        1.95223598498275        0.65067577096158
H            2.94781605228490       -1.83267811367864        0.45807107400349
13
 energy: -21.811482460515 gnorm: 0.001450844310 xtb: 6.7.0 (08769fc)
C           -1.60751041374092       -1.28180509020610       -0.46949486429119
C           -1.03428836850730       -0.01717642293983        0.08788594168841
O           -1.50192808334108        0.60460776001657        1.01177177154837
C            0.24902872140034        0.49117895557477       -0.58602726087192
O            0.53279109805264        1.80812488888960       -0.18641522107268
C            1.30903682189420       -0.44478823859589       -0.20532059298362
C            2.17949653929562       -1.17524426526828        0.17048448694159
H           -2.24329455382804       -1.02180547372570       -1.31707751037539
H           -2.22242916974440       -1.77673531283572        0.27891601324951
H           -0.81954871161814       -1.94427385298986       -0.81991805350572
H            0.13755737665137        0.48187639660228       -1.67905188121530
H            0.06246187707696        1.95103847888253        0.65133552165294
H            2.95021407970889       -1.82663489740461        0.46036005223484
13
 energy: -21.811505422704 gnorm: 0.001262970958 xtb: 6.7.0 (08769fc)
C           -1.61411648638733       -1.28094165604182       -0.47056409047975
C           -1.03175821902646       -0.02463065629949        0.09458202229229
O           -1.48310571985529        0.58517731332870        1.03444008190224
C            0.24523057774284        0.48981410976164       -0.59065917867663
O            0.52441986408988        1.80905657072184       -0.19562099634701
C            1.30956875043165       -0.44055028479592       -0.20971540259763
C            2.18184814733457       -1.16667873820114        0.17076667793223
H           -2.21706685257857       -1.01687281020566       -1.34025756842338
H           -2.25914903204660       -1.75978512614318        0.26242187688825
H           -0.82902568281079       -1.96052356263417       -0.79270579257326
H            0.12826189805894        0.47874099271811       -1.68250603817717
H            0.07873472792909        1.94664343018341        0.65562559525282
H            2.95774524041820       -1.81108665639256        0.46164121600685
13
 energy: -21.811513341142 gnorm: 0.001642743391 xtb: 6.7.0 (08769fc)
C           -1.61945549988234       -1.28001081624077       -0.47119279760128
C           -1.03082835714641       -0.02926288646432        0.09986590387811
O           -1.47146797525171        0.57189302513250        1.05008351597193
C            0.24144570310966        0.48809267772546       -0.59241603727627
O            0.51768873084210        1.80986130449843       -0.20291529106706
C            1.30897455146988       -0.43891063176787       -0.21198452871395
C            2.18693923048917       -1.15805681927950        0.16930040607004
H           -2.19394000405817       -1.01297216272794       -1.36011975927004
H           -2.29012470144185       -1.74471440066563        0.24889808417356
H           -0.83533379982867       -1.97353654512012       -0.76783695843107
H            0.12106879376776        0.47404691891609       -1.68377095195026
H            0.09140201400563        1.94180825765621        0.66023840987852
H            2.96521852722509       -1.79987499566280        0.45929840733762
13
 energy: -21.811518413267 gnorm: 0.001283946628 xtb: 6.7.0 (08769fc)
C           -1.62118929365808       -1.27938805562274       -0.47149036381591
C           -1.03248094082684       -0.02829489823510        0.09872522746824
O           -1.47301075206154        0.57303907824600        1.04838817875962
C            0.24167545258356        0.48652318784042       -0.59107397914774
O            0.51939679479769        1.80770918904110       -0.20035641741492
C            1.30825067169871       -0.44186024241214       -0.21155434742783
C            2.19114972854202       -1.15635832512519        0.16738012080996
H           -2.19273118761897       -1.01365418370927       -1.36079278109316
H           -2.29298684791986       -1.74133605164939        0.24752353269118
H           -0.83828608669096       -1.97446477205946       -0.76491610898133
H            0.12143696857539        0.47326616109481       -1.68264528020669
H            0.09013917037985        1.94022019838399        0.66028957702517
H            2.97022353549917       -1.79703835979329        0.45797104433323
13
 energy: -21.811522926554 gnorm: 0.000911304593 xtb: 6.7.0 (08769fc)
C           -1.62339430621857       -1.27913063618672       -0.47133369546503
C           -1.03241212661855       -0.02946968426888        0.10060486634454
O           -1.47279902617930        0.57208252737203        1.05023574588600
C            0.24090229831148        0.48518574216396       -0.59076963261504
O            0.51985437702465        1.80587167569429       -0.19937768614534
C            1.30971331179983       -0.44210715825477       -0.21433833248626
C            2.19400418396462       -1.15462398529649        0.16450869826885
H           -2.18579095254655       -1.01382645532538       -1.36668748819577
H           -2.30347362318404       -1.73563681446716        0.24362648787523
H           -0.84100740485157       -1.97861455755210       -0.75573595373720
H            0.11955458067929        0.47305830647977       -1.68221857759538
H            0.09160970371196        1.93789394517803        0.66157012580368
H            2.97482619740691       -1.79231997953686        0.45736384506157
13
 energy: -21.811525787803 gnorm: 0.000669649357 xtb: 6.7.0 (08769fc)
C           -1.62521444486565       -1.27915187197445       -0.47077795270270
C           -1.03320070197922       -0.02986348720712        0.10119739964122
O           -1.47445384148164        0.57285695579864        1.04987531032040
C            0.24014540660415        0.48402693190236       -0.59001067487631
O            0.52125154361862        1.80392440425455       -0.19701712245217
C            1.30978508994060       -0.44342487702029       -0.21593629420487
C            2.19751009296520       -1.15274231755757        0.16065338497170
H           -2.17739360960682       -1.01568777972468       -1.37336749152010
H           -2.31419503101321       -1.72886190392740        0.24022068306312
H           -0.84278664817469       -1.98349389670120       -0.74406612014367
H            0.11775222303618        0.47338992397418       -1.68132771374220
H            0.09265541703103        1.93585251896640        0.66396456021160
H            2.97973171722560       -1.78846167478367        0.45404043443381
13
 energy: -21.811528029914 gnorm: 0.000662086862 xtb: 6.7.0 (08769fc)
C           -1.62452636773143       -1.27960672526326       -0.46954453312744
C           -1.03445067275942       -0.02829864488082        0.09999359396319
O           -1.47960617385778        0.57767667989513        1.04511254315459
C            0.24053582928594        0.48405948000223       -0.58878919864752
O            0.52390432548534        1.80276716277922       -0.19296973967247
C            1.30988358333206       -0.44465629918753       -0.21690337439424
C            2.19874242330088       -1.15384819178848        0.15701063320995
H           -2.17407773127018       -1.01953029531218       -1.37456506806758
H           -2.31560080573951       -1.72668353474075        0.24080423429699
H           -0.84154713876522       -1.98479788377057       -0.73819112658436
H            0.11829876429013        0.47568223160674       -1.68020841667570
H            0.08942447643438        1.93553959349732        0.66536813514665
H            2.98060670129496       -1.78994064683732        0.45033072039778
13
 energy: -21.811530740697 gnorm: 0.000715462045 xtb: 6.7.0 (08769fc)
C           -1.62288193775445       -1.28030819970941       -0.46734406170914
C           -1.03621386305283       -0.02581712770317        0.09832486262129
O           -1.48633484381650        0.58453305246975        1.03839968320878
C            0.24136569082956        0.48472305982204       -0.58683762333340
O            0.52705279338469        1.80175292677966       -0.18666908206692
C            1.30900412463777       -0.44663351197129       -0.21732059212248
C            2.19973938148203       -1.15632422206656        0.15142152843985
H           -2.16671600718535       -1.02544528719372       -1.37772761444847
H           -2.31902671853025       -1.72267699899900        0.24146488780608
H           -0.83836296354214       -1.98769111428611       -0.72673002471013
H            0.11945937159715        0.47976018807747       -1.67844594105015
H            0.08287369244111        1.93600501756337        0.66651335252139
H            2.98162849280935       -1.79351485678330        0.44239902784314
13
 energy: -21.811533307383 gnorm: 0.000807738770 xtb: 6.7.0 (08769fc)
C           -1.61993728454411       -1.28107323911266       -0.46507946868209
C           -1.03737369295507       -0.02324278200940        0.09703197921500
O           -1.49152890959316        0.59055935881716        1.03297667398297
C            0.24228053333523        0.48655558076972       -0.58526174390669
O            0.52873500999257        1.80251587108612       -0.18181965761754
C            1.30876633383994       -0.44681320387081       -0.21810389101575
C            2.19819752610644       -1.16006914328908        0.14683796719692
H           -2.15944077532806       -1.03160834129850       -1.37958089077033
H           -2.31901423342875       -1.72070082523741        0.24241316077518
H           -0.83362414160984       -1.98904548239359       -0.71687011723142
H            0.12065508050102        0.48382471363054       -1.67713769214171
H            0.07537697357454        1.93782642593776        0.66695934306433
H            2.97849479340939       -1.80036600703014        0.43508274013097
13
 energy: -21.811535808352 gnorm: 0.000736345586 xtb: 6.7.0 (08769fc)
C           -1.61732623124821       -1.28157509917104       -0.46296803768365
C           -1.03777931658504       -0.02168724670056        0.09719729472571
O           -1.49341989087418        0.59353913602619        1.03128117336944
C            0.24261407729837        0.48861541981434       -0.58419693428964
O            0.52870103460260        1.80378647111760       -0.17827617263710
C            1.30840888785386       -0.44608949228949       -0.21912740803527
C            2.19604111949063       -1.16342829819283        0.14243353626168
H           -2.14730542635127       -1.03722391293920       -1.38441805800813
H           -2.32360842994847       -1.71624322735827        0.24071635152700
H           -0.82928223283392       -1.99205066915278       -0.70269065120780
H            0.12072345409658        0.48742879983025       -1.67619410227620
H            0.06840335378780        1.93982098372114        0.66668608391725
H            2.97541681401141       -1.80652993870560        0.42700532733656
13
 energy: -21.811537233110 gnorm: 0.000401735190 xtb: 6.7.0 (08769fc)
C           -1.61632124304199       -1.28165825432212       -0.46219222379825
C           -1.03727443955924       -0.02173007365917        0.09833561392731
O           -1.49208769899538        0.59280034896406        1.03311226331773
C            0.24231094284082        0.48984194133221       -0.58403247582649
O            0.52763064155183        1.80493416334822       -0.17782430918357
C            1.30832308525806       -0.44491359513314       -0.21976470398708
C            2.19424339141330       -1.16480663197178        0.14075580249808
H           -2.13869524144771       -1.03958456885647       -1.38817564039332
H           -2.32782327781699       -1.71301824668465        0.23795022577090
H           -0.82789469397108       -1.99415117315413       -0.69386585169707
H            0.11989236581743        0.48857427767776       -1.67597964823051
H            0.06579412857854        1.94114464623515        0.66607100911520
H            2.97348925267256       -1.80906990777621        0.42305834148691
13
 energy: -21.811537791525 gnorm: 0.000471947449 xtb: 6.7.0 (08769fc)
C           -1.61680181624286       -1.28158363512516       -0.46177516028730
C           -1.03713950018599       -0.02225603984809        0.09958956815189
O           -1.49033540665443        0.59078877744337        1.03615112652632
C            0.24144287183781        0.49004645728151       -0.58399474203574
O            0.52657411068391        1.80509281817486       -0.17774665240341
C            1.30860356752100       -0.44410237117123       -0.22111915772987
C            2.19455274692368       -1.16430408138920        0.13872925545897
H           -2.12888671769118       -1.04126442418674       -1.39397569376876
H           -2.33631542134599       -1.70740568171573        0.23373394098244
H           -0.82873036402631       -1.99820726946556       -0.68307183259014
H            0.11819672436765        0.48897161484469       -1.67578536041833
H            0.06598182867243        1.94082255339732        0.66675939068741
H            2.97444458944042       -1.80823579224028        0.41995372042636
13
 energy: -21.811538143613 gnorm: 0.000226538115 xtb: 6.7.0 (08769fc)
C           -1.61740349715863       -1.28149043758310       -0.46190796680357
C           -1.03684165319466       -0.02281444887817        0.10022990882824
O           -1.48961492496387        0.58971053350563        1.03734123240611
C            0.24101346770419        0.48985648723030       -0.58408328020033
O            0.52629718316071        1.80495883537118       -0.17811754019371
C            1.30855096884011       -0.44399539811350       -0.22124308447681
C            2.19496242353622       -1.16368976567467        0.13852792576817
H           -2.12612063780052       -1.04155814362687       -1.39548247795226
H           -2.33923690678575       -1.70550539183658        0.23176538289525
H           -0.83018363535301       -1.99935539204938       -0.68029461857160
H            0.11753275377412        0.48859120084398       -1.67579457868011
H            0.06703077110909        1.94055692164195        0.66714483968182
H            2.97560090043215       -1.80690207483103        0.41936266029862
13
 energy: -21.811538271656 gnorm: 0.000150955132 xtb: 6.7.0 (08769fc)
C           -1.61768581371800       -1.28155691587211       -0.46168168141555
C           -1.03715184986985       -0.02272916421905        0.10009885703027
O           -1.49011516899999        0.58995535767947        1.03702715027143
C            0.24095097221123        0.48971794449723       -0.58386040848143
O            0.52648682828372        1.80473017501217       -0.17755558131509
C            1.30854818702792       -0.44421695030268       -0.22151814764198
C            2.19557576876229       -1.16332832360427        0.13767831754174
H           -2.12410683079628       -1.04237643404945       -1.39688075703863
H           -2.34136512408756       -1.70402526102294        0.23102771332548
H           -0.83061349542684       -2.00049586858659       -0.67741714100888
H            0.11736749826506        0.48891179773472       -1.67556631302893
H            0.06729090826951        1.94017674160122        0.66781224535735
H            2.97640533337894       -1.80640017286798        0.41828414940408
13
 energy: -21.811538315439 gnorm: 0.000088637692 xtb: 6.7.0 (08769fc)
C           -1.61775766658108       -1.28162691826335       -0.46153023203357
C           -1.03744403008668       -0.02257460775396        0.09991609264243
O           -1.49068458667119        0.59031211751535        1.03661749426660
C            0.24092212198640        0.48966912625231       -0.58373349779512
O            0.52657017102675        1.80460105099067       -0.17711344361007
C            1.30857846502135       -0.44430330389119       -0.22178235223439
C            2.19595511844477       -1.16319919728539        0.13713137111772
H           -2.12291273252392       -1.04312002783491       -1.39758222194617
H           -2.34254363083202       -1.70309291696435        0.23063289236377
H           -0.83076834698995       -2.00117277935872       -0.67557385879344
H            0.11734220306152        0.48928055989481       -1.67544738800219
H            0.06749530918923        1.93986487943433        0.66835397537789
H            2.97683481825497       -1.80627505673587        0.41755957164641
