  12
 Etot=          -2.1631386547
 N         -2.6203869541        0.0361264930       -0.4041789908
 C         -1.4334853570       -0.0658502452       -0.0429069501
 C         -0.3845703208       -1.1393944213        0.2101142022
 C          0.4924800732        0.0856889415        0.5587456033
 O         -0.6087695069        0.9667697923        0.2813262988
 C          1.6534833030        0.2778275196       -0.3796174496
 O          2.7552395161       -0.1540708947       -0.1918697939
 H         -3.0912240730       -0.8384477652       -0.6059051252
 H         -0.0765161900       -1.7030122963       -0.6683973688
 H         -0.5914353624       -1.8157449069        1.0356502551
 H          0.8115690765        0.1488399818        1.6030076584
 H          1.3823625311        0.8362058264       -1.2946874045
  12
 Etot=          -2.1681562536
 N         -2.6493591350       -0.0015428917       -0.4089351827
 C         -1.4415144707       -0.0660826468       -0.0389986160
 C         -0.3921897120       -1.1315699094        0.2144115346
 C          0.5096200310        0.0822797562        0.5542789378
 O         -0.6008359968        0.9719680692        0.2963710201
 C          1.6675636207        0.2983262001       -0.3823181085
 O          2.7539289175       -0.1683011863       -0.2096375788
 H         -3.1102685430       -0.8551133724       -0.6121045401
 H         -0.0851690800       -1.6818575365       -0.6785205547
 H         -0.6118807327       -1.7998250754        1.0509695598
 H          0.8163243576        0.1430333355        1.6128291973
 H          1.4325274791        0.8436232825       -1.2970647338
  12
 Etot=          -2.1700063907
 N         -2.6666329034       -0.0480015673       -0.4063881339
 C         -1.4456491669       -0.0578538019       -0.0295615390
 C         -0.4019121732       -1.1184458892        0.2130643695
 C          0.5161580741        0.0823187349        0.5481167656
 O         -0.5903787788        0.9868858972        0.3005782919
 C          1.6725926531        0.2957096354       -0.3889264627
 O          2.7446548039       -0.2034450125       -0.2240862734
 H         -3.1200365717       -0.8930316956       -0.6055716577
 H         -0.1022365779       -1.6583966577       -0.6911275388
 H         -0.6317423862       -1.7793375790        1.0568995322
 H          0.8142246929        0.1473587971        1.6137994697
 H          1.4997050698        0.8811771637       -1.2855158884
  12
 Etot=          -2.1705968787
 N         -2.6717631574       -0.0768412144       -0.4002609866
 C         -1.4479511502       -0.0463936878       -0.0277606570
 C         -0.4083493697       -1.1058799941        0.2092712316
 C          0.5151677189        0.0882474266        0.5446074598
 O         -0.5873370071        0.9992593346        0.3014901767
 C          1.6773983153        0.2969705526       -0.3860612061
 O          2.7340741164       -0.2440619737       -0.2370564748
 H         -3.1177408985       -0.9288232677       -0.5968429211
 H         -0.1156208324       -1.6434103776       -0.6984904974
 H         -0.6398836291       -1.7650550754        1.0540265368
 H          0.8098935970        0.1528822916        1.6112060860
 H          1.5408590324        0.9080440104       -1.2728478131
  12
 Etot=          -2.1710227147
 N         -2.6728625878       -0.1049360848       -0.3940933582
 C         -1.4521073078       -0.0310436003       -0.0279345943
 C         -0.4165162898       -1.0929804981        0.2048408158
 C          0.5115872182        0.0955205504        0.5398214275
 O         -0.5834287811        1.0118211662        0.2916684614
 C          1.6815989004        0.2889279229       -0.3843504217
 O          2.7202990634       -0.2909815214       -0.2537251946
 H         -3.1080590869       -0.9698614383       -0.5796669124
 H         -0.1313158641       -1.6317680930       -0.7037288504
 H         -0.6478165335       -1.7523207462        1.0484452254
 H          0.8037030017        0.1627638656        1.6054721970
 H          1.5836650030        0.9497965019       -1.2454678605
  12
 Etot=          -2.1712029340
 N         -2.6698743978       -0.1175824904       -0.3913243620
 C         -1.4540860655       -0.0193290238       -0.0304676379
 C         -0.4190265172       -1.0842037325        0.2018770700
 C          0.5087850306        0.1027087060        0.5403209050
 O         -0.5826237877        1.0196416084        0.2862631247
 C          1.6842661429        0.2903031358       -0.3782522303
 O          2.7081796563       -0.3211860924       -0.2700886394
 H         -3.0929643553       -0.9920532769       -0.5701060767
 H         -0.1355578993       -1.6228041966       -0.7068245023
 H         -0.6501019087       -1.7476801273        1.0413335047
 H          0.7976471705        0.1685692389        1.6057367517
 H          1.5941036669        0.9585542760       -1.2271869726
  12
 Etot=          -2.1712805585
 N         -2.6693879689       -0.1251218282       -0.3905128680
 C         -1.4572308759       -0.0134010866       -0.0353360001
 C         -0.4225541597       -1.0815913623        0.2020871123
 C          0.5066683405        0.1052083540        0.5358579296
 O         -0.5817520504        1.0222929447        0.2722975988
 C          1.6854442834        0.2793770604       -0.3810070906
 O          2.6984310208       -0.3441249156       -0.2828423900
 H         -3.0819586903       -1.0065092385       -0.5573789971
 H         -0.1396398611       -1.6243968225       -0.7039508011
 H         -0.6534562929       -1.7442591072        1.0420979725
 H          0.7932760800        0.1741812177        1.6013002514
 H          1.6109069103        0.9932828094       -1.2013317826
  12
 Etot=          -2.1713553989
 N         -2.6699628991       -0.1263976096       -0.3911232478
 C         -1.4576705458       -0.0127050953       -0.0368139174
 C         -0.4204563652       -1.0797395133        0.2024243967
 C          0.5059484560        0.1088933249        0.5372062854
 O         -0.5839017398        1.0239586947        0.2696198313
 C          1.6856212648        0.2831276157       -0.3781925102
 O          2.6893358209       -0.3618699235       -0.2933476923
 H         -3.0750200599       -1.0097468630       -0.5564295466
 H         -0.1340146478       -1.6214144280       -0.7034726177
 H         -0.6515820096       -1.7436289809        1.0417273391
 H          0.7900582561        0.1769938587        1.6037851357
 H          1.6103912051        0.9974669446       -1.1941025213
  12
 Etot=          -2.1714276438
 N         -2.6717305910       -0.1261373200       -0.3919665360
 C         -1.4575780776       -0.0142742882       -0.0393428735
 C         -0.4180853235       -1.0795329555        0.2030872941
 C          0.5056914905        0.1112147501        0.5375068666
 O         -0.5856463408        1.0244883878        0.2637570994
 C          1.6859332545        0.2861247075       -0.3763284297
 O          2.6765617871       -0.3785513662       -0.3053951311
 H         -3.0688808208       -1.0116736680       -0.5528713948
 H         -0.1273078024       -1.6199465178       -0.7027419362
 H         -0.6504828821       -1.7434216956        1.0425467598
 H          0.7862572094        0.1811939531        1.6056038137
 H          1.6140148322        1.0054540378       -1.1825745974
  12
 Etot=          -2.1714632541
 N         -2.6748960882       -0.1343539280       -0.3949068347
 C         -1.4585940689       -0.0157244356       -0.0448107324
 C         -0.4165419680       -1.0768816766        0.2057269330
 C          0.5036982601        0.1173888030        0.5353406245
 O         -0.5890940267        1.0275750332        0.2500613220
 C          1.6865005456        0.2867022105       -0.3757499541
 O          2.6478018065       -0.4312655471       -0.3375799873
 H         -3.0585940087       -1.0268982017       -0.5438286966
 H         -0.1198482224       -1.6185623357       -0.6978315149
 H         -0.6496691584       -1.7377406225        1.0478788088
 H          0.7787530984        0.1932273259        1.6051036196
 H          1.6392305664        1.0514713996       -1.1481226529
  12
 Etot=          -2.1715683371
 N         -2.6752206731       -0.1318474811       -0.3953820368
 C         -1.4577283773       -0.0198357834       -0.0449486273
 C         -0.4163354970       -1.0795276557        0.2064320459
 C          0.5040165432        0.1153111944        0.5344292656
 O         -0.5890215343        1.0250715727        0.2492519386
 C          1.6860657480        0.2855758681       -0.3776511893
 O          2.6455375834       -0.4249240640       -0.3384450011
 H         -3.0638696754       -1.0227825817       -0.5440272430
 H         -0.1198449618       -1.6218443274       -0.6967182880
 H         -0.6492735933       -1.7386758465        1.0498078574
 H          0.7793855032        0.1949911334        1.6036732178
 H          1.6450356701        1.0534259964       -1.1451410050
  12
 Etot=          -2.1716704216
 N         -2.6748904882       -0.1368075344       -0.3978591543
 C         -1.4575963624       -0.0234979507       -0.0472630438
 C         -0.4154899445       -1.0792955275        0.2090790880
 C          0.5025337002        0.1183336033        0.5334569255
 O         -0.5911300151        1.0250276757        0.2430796778
 C          1.6853266172        0.2845020502       -0.3788195485
 O          2.6242164770       -0.4512722995       -0.3639840851
 H         -3.0643154643       -1.0292887790       -0.5426876947
 H         -0.1170211666       -1.6239660647       -0.6917691251
 H         -0.6473503641       -1.7357217475        1.0545278770
 H          0.7760928054        0.2055212544        1.6021482956
 H          1.6683709409        1.0814033448       -1.1186282774
  12
 Etot=          -2.1717418090
 N         -2.6717336729       -0.1533140533       -0.4070127006
 C         -1.4574954138       -0.0321773729       -0.0524562825
 C         -0.4113917921       -1.0768241641        0.2187740239
 C          0.4981308474        0.1301218639        0.5336923805
 O         -0.5989000722        1.0262216059        0.2308387262
 C          1.6818386314        0.2846464245       -0.3805226941
 O          2.5593986930       -0.5321572375       -0.4477990506
 H         -3.0646503945       -1.0471105868       -0.5487341418
 H         -0.1058858907       -1.6290552127       -0.6746409983
 H         -0.6394942446       -1.7264630544        1.0698006747
 H          0.7679420714        0.2342213970        1.6007926453
 H          1.7309879734        1.1568284154       -1.0414516479
  12
 Etot=          -2.1718408254
 N         -2.6687014012       -0.1486190365       -0.4066333747
 C         -1.4568049859       -0.0315958168       -0.0476270394
 C         -0.4109747202       -1.0779844070        0.2183897229
 C          0.4992091009        0.1279811921        0.5369018171
 O         -0.5983794787        1.0244684218        0.2438844806
 C          1.6805096715        0.2864780853       -0.3801863264
 O          2.5756958464       -0.4997406719       -0.4329065156
 H         -3.0740461029       -1.0355209510       -0.5610330177
 H         -0.1083191255       -1.6297741493       -0.6759417824
 H         -0.6376617430       -1.7299553037        1.0676918817
 H          0.7738765983        0.2257192039        1.6027343196
 H          1.7143430759        1.1234814581       -1.0639932307
  12
 Etot=          -2.1719075971
 N         -2.6696192828       -0.1503780041       -0.4101159470
 C         -1.4573394949       -0.0333861636       -0.0501661964
 C         -0.4105164805       -1.0793371906        0.2219583202
 C          0.4991562733        0.1284577855        0.5350763692
 O         -0.5993707069        1.0238128517        0.2373352093
 C          1.6796519205        0.2845240731       -0.3829780731
 O          2.5639672234       -0.5135306776       -0.4505296417
 H         -3.0724601266       -1.0371923386       -0.5612401001
 H         -0.1053654657       -1.6346986569       -0.6697882314
 H         -0.6384294969       -1.7275538534        1.0745079351
 H          0.7734024402        0.2279829848        1.6016670106
 H          1.7256699326        1.1462372147       -1.0444457196
  12
 Etot=          -2.1719300105
 N         -2.6682309482       -0.1558890568       -0.4180554549
 C         -1.4569120929       -0.0370233176       -0.0536799547
 C         -0.4079902757       -1.0794882667        0.2285986744
 C          0.4981450966        0.1325823226        0.5354880045
 O         -0.6028375355        1.0236896157        0.2311884041
 C          1.6770887177        0.2856773339       -0.3846591554
 O          2.5320424536       -0.5462383073       -0.4954090848
 H         -3.0709625285       -1.0428308116       -0.5665475343
 H         -0.0976920684       -1.6400337941       -0.6584906070
 H         -0.6371993840       -1.7223819987        1.0851826604
 H          0.7720985279        0.2364711666        1.6022417326
 H          1.7511967731        1.1804031390       -1.0045767499
  12
 Etot=          -2.1719697017
 N         -2.6684095587       -0.1544333723       -0.4177587535
 C         -1.4569352859       -0.0358909343       -0.0533455572
 C         -0.4087142039       -1.0798724037        0.2279056254
 C          0.4986330255        0.1310150285        0.5351529689
 O         -0.6019286583        1.0234308661        0.2322871774
 C          1.6772485516        0.2854349626       -0.3850396773
 O          2.5377650852       -0.5366979725       -0.4887696388
 H         -3.0709388674       -1.0412761024       -0.5660978131
 H         -0.0993100847       -1.6404727986       -0.6594418145
 H         -0.6388072098       -1.7226252907        1.0843786236
 H          0.7736713799        0.2328428110        1.6019791142
 H          1.7464725621        1.1734832313       -1.0099693202
