  10
 Etot=          -1.5649860046
 C         -1.2861946747       -0.6961963553       -0.0000193418
 C         -0.0000097862        0.0931629573        0.0001399009
 C          1.2861152682       -0.6963377971       -0.0000253944
 O          0.0000861478        1.3030068351       -0.0000372998
 H         -1.1196685403       -1.7678299993        0.0007551200
 H         -1.8701247207       -0.4165265390       -0.8757336266
 H         -1.8710490097       -0.4152610713        0.8746742029
 H          1.1194609197       -1.7679468691        0.0015382975
 H          1.8713183902       -0.4148883118        0.8743008965
 H          1.8697583367       -0.4171878700       -0.8760768108
  10
 Etot=          -1.5658749828
 C         -1.2909873888       -0.6834983790       -0.0000411154
 C          0.0000004342        0.0797269090       -0.0000197002
 C          1.2911250500       -0.6832991970       -0.0000387607
 O         -0.0000558712        1.2827445151        0.0000104283
 H         -1.1287453251       -1.7592175329        0.0007622789
 H         -1.8783015280       -0.4187725302       -0.8786286167
 H         -1.8790840865       -0.4175273613        0.8776457636
 H          1.1285286800       -1.7589624166        0.0015275298
 H          1.8793080000       -0.4174388683        0.8776387626
 H          1.8779043665       -0.4197601593       -0.8793406256
  10
 Etot=          -1.5659674363
 C         -1.2917185918       -0.6785352446       -0.0000497849
 C          0.0000022639        0.0726003606        0.0001477313
 C          1.2917465646       -0.6785069226       -0.0000385638
 O         -0.0000065492        1.2742842066        0.0000231115
 H         -1.1345624379       -1.7564981346        0.0007861568
 H         -1.8783719726       -0.4186758241       -0.8806694917
 H         -1.8793159644       -0.4174454589        0.8795748188
 H          1.1344308452       -1.7564504424        0.0015664124
 H          1.8795291674       -0.4172054818        0.8793863605
 H          1.8779590058       -0.4195720787       -0.8812108065
  10
 Etot=          -1.5659694652
 C         -1.2912604186       -0.6784455123       -0.0000628648
 C         -0.0000027220        0.0714719628       -0.0001293699
 C          1.2911834895       -0.6785702792       -0.0000492561
 O          0.0000464604        1.2739933393        0.0000811250
 H         -1.1357361743       -1.7567542697        0.0007659482
 H         -1.8771425738       -0.4182375188       -0.8810854809
 H         -1.8778270313       -0.4169905650        0.8801337637
 H          1.1355818951       -1.7568711338        0.0015397389
 H          1.8780807273       -0.4166069377        0.8797695806
 H          1.8767686789       -0.4189941063       -0.8814472402
