  14
 Etot=          -2.4685084529
 C          0.5521482979       -1.8940949671        0.1673566292
 C          0.9569200977       -0.5756844110       -0.4626541166
 C          1.6135235519        0.4642650537        0.4578581730
 O          0.5841447420        1.4223912571        0.1837188023
 C         -0.1431405150        0.5023737709       -0.6414330645
 C         -1.4470424881        0.1736000325       -0.1087998800
 N         -2.4729363527       -0.0883445985        0.3238470180
 H          1.4411660393       -2.4809401911        0.3887359378
 H         -0.0799059475       -2.4607913484       -0.5136908059
 H          0.0010055730       -1.7315633861        1.0916725357
 H          1.5128299392       -0.7469956155       -1.3857581366
 H          2.5947005248        0.8342212185        0.1511845898
 H          1.6333618606        0.1911413220        1.5168631509
 H         -0.2710518666        0.8874246681       -1.6627659972
  14
 Etot=          -2.4713785286
 C          0.5547988444       -1.8903693463        0.1660783568
 C          0.9641069355       -0.5754213025       -0.4804391562
 C          1.6277139643        0.4601352710        0.4639896582
 O          0.6027238992        1.4298372835        0.1742736827
 C         -0.1656093596        0.5019464012       -0.6347538275
 C         -1.4647574884        0.1923017923       -0.1031751656
 N         -2.4933945647       -0.1280212139        0.3244393601
 H          1.4301550152       -2.4951756876        0.4044604726
 H         -0.0869449575       -2.4678410183       -0.4998979998
 H          0.0030813635       -1.7170473188        1.0895666886
 H          1.5279138875       -0.7266565466       -1.4108419885
 H          2.6132088849        0.8295768317        0.1467538305
 H          1.6233796151        0.1886988803        1.5288051197
 H         -0.2606525830        0.8950387790       -1.6631241957
  14
 Etot=          -2.4714278975
 C          0.5623832835       -1.8909313927        0.1606379777
 C          0.9726806783       -0.5772576327       -0.4932308771
 C          1.6279834517        0.4589485820        0.4667485994
 O          0.6047472847        1.4321402973        0.1682837870
 C         -0.1791524611        0.4912363178       -0.6296088463
 C         -1.4644522774        0.1433841671       -0.1099725889
 N         -2.5071380523       -0.0741877087        0.3458567233
 H          1.4301706787       -2.5030489431        0.4124116207
 H         -0.0833349255       -2.4752800745       -0.4969222019
 H          0.0079203979       -1.7089173988        1.0817982526
 H          1.5420799652       -0.7114547582       -1.4267166484
 H          2.6154188663        0.8322220891        0.1514899110
 H          1.6023847612        0.1864012399        1.5328987269
 H         -0.2559681949        0.8937480203       -1.6575396002
  14
 Etot=          -2.4718300022
 C          0.5594792603       -1.8904248207        0.1620932214
 C          0.9669696776       -0.5766303142       -0.4922814162
 C          1.6273716145        0.4577575030        0.4641367901
 O          0.6176954097        1.4409535461        0.1579481629
 C         -0.1782469686        0.4977086150       -0.6274025982
 C         -1.4658713856        0.1784479864       -0.1000898679
 N         -2.4916824725       -0.1236681993        0.3366708565
 H          1.4284553658       -2.5004214616        0.4127555191
 H         -0.0865969706       -2.4750001229       -0.4944227413
 H          0.0066195322       -1.7069948723        1.0837198176
 H          1.5335830968       -0.7130640834       -1.4261441509
 H          2.6191624136        0.8208307845        0.1534705707
 H          1.5921859373        0.1892974888        1.5304036807
 H         -0.2534010540        0.8982107556       -1.6547230086
  14
 Etot=          -2.4718807996
 C          0.5587833082       -1.8902235513        0.1613845189
 C          0.9656273122       -0.5757845372       -0.4907404966
 C          1.6253303828        0.4579815640        0.4636370752
 O          0.6210433894        1.4424940665        0.1513302396
 C         -0.1752847081        0.4989448364       -0.6300033639
 C         -1.4615528109        0.1781310151       -0.0982100812
 N         -2.4865781212       -0.1258754449        0.3432528320
 H          1.4297480082       -2.4970544917        0.4108533517
 H         -0.0852733199       -2.4738597420       -0.4972516812
 H          0.0051658128       -1.7084273725        1.0826089111
 H          1.5311376733       -0.7146324352       -1.4236160684
 H          2.6203842124        0.8158097769        0.1598390862
 H          1.5840287636        0.1920500605        1.5295027425
 H         -0.2568364463        0.8974490605       -1.6564522300
  14
 Etot=          -2.4719501791
 C          0.5596938226       -1.8901427126        0.1570150953
 C          0.9651366500       -0.5741618743       -0.4922988964
 C          1.6200707957        0.4579252320        0.4648116542
 O          0.6331661261        1.4498395610        0.1277296129
 C         -0.1740951147        0.4993941123       -0.6342997908
 C         -1.4540598915        0.1764647701       -0.0896959582
 N         -2.4744783049       -0.1243178760        0.3668977821
 H          1.4325489453       -2.4928111334        0.4086979395
 H         -0.0804265942       -2.4745838695       -0.5041785967
 H          0.0027067745       -1.7103550587        1.0764591116
 H          1.5314841156       -0.7118823649       -1.4239825816
 H          2.6259806883        0.8006253152        0.1794373097
 H          1.5532889353        0.2003384238        1.5313599155
 H         -0.2652934917        0.8906702801       -1.6618177612
  14
 Etot=          -2.4720584181
 C          0.5630379793       -1.8918489604        0.1462839488
 C          0.9663395042       -0.5718057181       -0.4964443265
 C          1.6084192981        0.4585844556        0.4694061017
 O          0.6563172503        1.4652915230        0.0774761754
 C         -0.1734774886        0.4986978070       -0.6426492324
 C         -1.4417164541        0.1810543347       -0.0678342234
 N         -2.4507096098       -0.1143206541        0.4187419349
 H          1.4381093998       -2.4886228967        0.4040723494
 H         -0.0684275805       -2.4784067560       -0.5210483576
 H         -0.0024191784       -1.7173378059        1.0616038580
 H          1.5387229481       -0.7034576117       -1.4250745655
 H          2.6357294728        0.7712896355        0.2203817883
 H          1.4902662550        0.2193030770        1.5376519812
 H         -0.2844683397        0.8685823752       -1.6764325962
  14
 Etot=          -2.4721160007
 C          0.5667583197       -1.8954170376        0.1358827218
 C          0.9687730223       -0.5707430953       -0.4989543107
 C          1.5972610681        0.4602771091        0.4742143337
 O          0.6729544293        1.4752282536        0.0349760803
 C         -0.1727850798        0.4964348923       -0.6503989233
 C         -1.4313635918        0.1890162507       -0.0466595615
 N         -2.4302006443       -0.0952115222        0.4664734465
 H          1.4429804858       -2.4880505520        0.3999347672
 H         -0.0554766657       -2.4835156078       -0.5389322528
 H         -0.0080831691       -1.7272794030        1.0467395390
 H          1.5497275981       -0.6947820188       -1.4236922779
 H          2.6396276047        0.7500640319        0.2560279571
 H          1.4382213174        0.2376176199        1.5418965935
 H         -0.3026712381        0.8433638840       -1.6913732769
  14
 Etot=          -2.4721894785
 C          0.5684948026       -1.8989124689        0.1326150397
 C          0.9709123268       -0.5721041421       -0.4984355164
 C          1.5939243636        0.4620229762        0.4758529734
 O          0.6719082265        1.4724509389        0.0287803768
 C         -0.1729217005        0.4939311431       -0.6522324197
 C         -1.4298721302        0.1962601372       -0.0398996673
 N         -2.4260920303       -0.0790957519        0.4787917835
 H          1.4437026771       -2.4920876755        0.3997838927
 H         -0.0496335906       -2.4873302110       -0.5461380559
 H         -0.0109527258       -1.7339117967        1.0412362380
 H          1.5577196110       -0.6913803605       -1.4209354102
 H          2.6342764326        0.7520726450        0.2623561599
 H          1.4313317932        0.2433877854        1.5406476908
 H         -0.3070745997        0.8316995860       -1.6962882493
  14
 Etot=          -2.4722166615
 C          0.5708676026       -1.9033359969        0.1274363884
 C          0.9731123720       -0.5740500381       -0.4990352840
 C          1.5882666038        0.4640387278        0.4780116990
 O          0.6744317837        1.4735436454        0.0137044680
 C         -0.1732690027        0.4911369252       -0.6560493158
 C         -1.4259920736        0.2073240947       -0.0289760329
 N         -2.4178380848       -0.0623917156        0.5010271833
 H          1.4454819826       -2.4958424264        0.3981647917
 H         -0.0413633089       -2.4922294342       -0.5565241721
 H         -0.0142965799       -1.7423330674        1.0330672835
 H          1.5667527433       -0.6888796463       -1.4180080694
 H          2.6305356202        0.7510817082        0.2747318463
 H          1.4118816201        0.2521928920        1.5416676670
 H         -0.3128478220        0.8167471368       -1.7030836170
