  12
 Etot=          -2.2853655386
 N         -2.4710513350        0.0957429108        0.0005900206
 C         -1.6797746690       -0.8888806246       -0.0000703518
 N         -0.3243626879       -0.7261197329       -0.0006551157
 C          0.3577616764        0.4765406039       -0.0002962037
 N         -0.0993806916        1.6531320821       -0.0001824245
 C          1.8415794596        0.3028736345        0.0001128814
 O          2.3893073023       -0.7699709380        0.0004249164
 H         -3.4557909776       -0.1446087268        0.0010589304
 H         -1.9703900488       -1.9485837150       -0.0005426121
 H          0.2647113345       -1.5514054666       -0.0009665870
 H         -1.1176696101        1.7013668717       -0.0002175421
 H          2.3886921651        1.2570987270        0.0003853905
  12
 Etot=          -2.2914329465
 N         -2.4813183675        0.0837931977        0.0005872397
 C         -1.6773946886       -0.8926773791       -0.0001355230
 N         -0.3100982721       -0.7322835965       -0.0006353659
 C          0.3788675216        0.4714927268       -0.0002180439
 N         -0.1264022405        1.6392191925       -0.0000773469
 C          1.8413734260        0.3229749648        0.0001662218
 O          2.3842038536       -0.7497995401        0.0002903466
 H         -3.4526683747       -0.1235126338        0.0009901427
 H         -2.0063478380       -1.9288808623       -0.0004761555
 H          0.2836256607       -1.5595263145       -0.0009203767
 H         -1.1222314813        1.6769981300       -0.0002761814
 H          2.4120227188        1.2493877405        0.0003463450
  12
 Etot=          -2.2936500327
 N         -2.4896142509        0.0729645523        0.0005329965
 C         -1.6722408028       -0.8923755591       -0.0001878996
 N         -0.2946719263       -0.7372683519       -0.0005918552
 C          0.4031512206        0.4660124392       -0.0001839767
 N         -0.1592378702        1.6167996117       -0.0000796543
 C          1.8462349489        0.3440912907        0.0001315924
 O          2.3889012050       -0.7285075714        0.0001570622
 H         -3.4581569928       -0.0963322179        0.0008995929
 H         -2.0478846245       -1.9053478671       -0.0004156230
 H          0.3017926351       -1.5663032650       -0.0008136674
 H         -1.1423593381        1.6400665923       -0.0001765076
 H          2.4477177138        1.2433859721        0.0003692422
  12
 Etot=          -2.2938343119
 N         -2.4882489931        0.0743585141        0.0005037551
 C         -1.6711227931       -0.8904411766       -0.0001740233
 N         -0.2926349428       -0.7393595022       -0.0005317204
 C          0.4068092871        0.4636055674       -0.0001236063
 N         -0.1678848119        1.6066538650        0.0000027013
 C          1.8509862921        0.3484184919        0.0001193780
 O          2.4003400628       -0.7214719777        0.0000407549
 H         -3.4615765275       -0.0828291734        0.0008077528
 H         -2.0578827245       -1.8995473956       -0.0004085391
 H          0.3027946086       -1.5687157468       -0.0007456354
 H         -1.1548330921        1.6210314662       -0.0001905928
 H          2.4568855523        1.2454826936        0.0003410775
  12
 Etot=          -2.2938947624
 N         -2.4878490553        0.0767829039        0.0004362049
 C         -1.6708706788       -0.8876866650       -0.0001497450
 N         -0.2925880709       -0.7402291511       -0.0004571468
 C          0.4082503059        0.4621252674       -0.0001019677
 N         -0.1733604849        1.5984153147        0.0000217231
 C          1.8548675057        0.3504245689        0.0000610543
 O          2.4119857860       -0.7158683695       -0.0000563270
 H         -3.4637585942       -0.0727598597        0.0006825119
 H         -2.0626879436       -1.8949955546       -0.0003892443
 H          0.3008241376       -1.5696542356       -0.0006509356
 H         -1.1631631032        1.6029183630       -0.0000758439
 H          2.4619821137        1.2477130437        0.0003210185
  12
 Etot=          -2.2939052185
 N         -2.4883773273        0.0782561086        0.0003918373
 C         -1.6713635476       -0.8861772976       -0.0001398832
 N         -0.2932668072       -0.7403538320       -0.0004083919
 C          0.4087280600        0.4614665476       -0.0000808441
 N         -0.1741550548        1.5959941143        0.0000596164
 C          1.8560721703        0.3507302720        0.0000395577
 O          2.4172238116       -0.7133499768       -0.0001131230
 H         -3.4642132296       -0.0701581614        0.0006095883
 H         -2.0632024869       -1.8934638348       -0.0003766655
 H          0.2982915841       -1.5703710550       -0.0005994573
 H         -1.1640049222        1.5955850007       -0.0000259740
 H          2.4618996674        1.2490277402        0.0002850416
