  14
 Etot=          -2.4685097866
 C          0.5521511550       -1.8940486786        0.1674296435
 C          0.9568472442       -0.5756956660       -0.4627374742
 C          1.6136709404        0.4642039844        0.4576867775
 O          0.5842259110        1.4223289333        0.1838476302
 C         -0.1431688211        0.5024206778       -0.6413533809
 C         -1.4470911038        0.1736223293       -0.1087524853
 N         -2.4730454070       -0.0883194622        0.3237694868
 H          1.4411728476       -2.4809398135        0.3886973263
 H         -0.0800614644       -2.4607662091       -0.5134595124
 H          0.0011749407       -1.7314143116        1.0918321490
 H          1.5125850529       -0.7471072568       -1.3859383434
 H          2.5947810582        0.8341751666        0.1507917368
 H          1.6337733791        0.1910973182        1.5166755923
 H         -0.2710982624        0.8875773659       -1.6626738604
  14
 Etot=          -2.4713779798
 C          0.5547774361       -1.8903334002        0.1661543466
 C          0.9640364600       -0.5754431245       -0.4805016670
 C          1.6278631889        0.4600937749        0.4637987052
 O          0.6027784185        1.4297812894        0.1744074349
 C         -0.1656270025        0.5019902648       -0.6346787406
 C         -1.4647955179        0.1923494796       -0.1031339362
 N         -2.4934655268       -0.1280208231        0.3243715810
 H          1.4301448060       -2.4951706868        0.4044247319
 H         -0.0871106980       -2.4678149622       -0.4996748979
 H          0.0032268009       -1.7169233066        1.0897272433
 H          1.5276815579       -0.7267608625       -1.4109944656
 H          2.6132735919        0.8295654998        0.1463289315
 H          1.6238087816        0.1886333665        1.5286038536
 H         -0.2606748263        0.8951878684       -1.6630178351
  14
 Etot=          -2.4714264240
 C          0.5623538955       -1.8909015916        0.1607127190
 C          0.9726281496       -0.5772863344       -0.4932876631
 C          1.6281440573        0.4589230170        0.4665534096
 O          0.6047708989        1.4320756104        0.1684323509
 C         -0.1791767078        0.4912618035       -0.6295356601
 C         -1.4644779270        0.1433749833       -0.1099346551
 N         -2.5072312787       -0.0741170800        0.3457928660
 H          1.4301459198       -2.5030568434        0.4123843881
 H         -0.0835038341       -2.4752514363       -0.4967085886
 H          0.0080508657       -1.7088071945        1.0819536761
 H          1.5418770538       -0.7115501397       -1.4268601734
 H          2.6154760988        0.8322598741        0.1510376772
 H          1.6028439056        0.1863225219        1.5326988892
 H         -0.2559836273        0.8938871872       -1.6574239502
  14
 Etot=          -2.4718293305
 C          0.5594427707       -1.8903957542        0.1621714035
 C          0.9669125706       -0.5766577364       -0.4923240881
 C          1.6275274830        0.4577343564        0.4639414134
 O          0.6176972287        1.4408794797        0.1581137908
 C         -0.1782568684        0.4977388166       -0.6273403871
 C         -1.4658987732        0.1784599785       -0.1000686936
 N         -2.4917522554       -0.1236134725        0.3366138154
 H          1.4284276409       -2.5004265883        0.4127209479
 H         -0.0867674398       -2.4749614013       -0.4942192498
 H          0.0067409618       -1.7068941242        1.0838781536
 H          1.5333734899       -0.7131769454       -1.4262657942
 H          2.6192059900        0.8208825345        0.1530093075
 H          1.5926762614        0.1892153376        1.5302020151
 H         -0.2534115899        0.8983498966       -1.6546173488
  14
 Etot=          -2.4718800289
 C          0.5587469980       -1.8901913370        0.1614616427
 C          0.9655707496       -0.5758106643       -0.4907904601
 C          1.6254871564        0.4579549083        0.4634443779
 O          0.6210537077        1.4424283636        0.1514911391
 C         -0.1752997198        0.4989774793       -0.6299377849
 C         -1.4615836418        0.1781522386       -0.0981869616
 N         -2.4866452333       -0.1258503416        0.3431987153
 H          1.4297143919       -2.4970637265        0.4108245637
 H         -0.0854478434       -2.4738210085       -0.4970453243
 H          0.0052848961       -1.7083150647        1.0827644417
 H          1.5309292297       -0.7147436749       -1.4237463305
 H          2.6204318604        0.8158561990        0.1593767021
 H          1.5845137702        0.1919688291        1.5293066624
 H         -0.2568388513        0.8975921773       -1.6563460979
  14
 Etot=          -2.4719493532
 C          0.5596508641       -1.8901067827        0.1570915043
 C          0.9650809777       -0.5741860943       -0.4923504266
 C          1.6202294731        0.4578978088        0.4646213489
 O          0.6331746895        1.4497816898        0.1278896715
 C         -0.1741098928        0.4994291542       -0.6342373255
 C         -1.4540889365        0.1764903496       -0.0896766805
 N         -2.4745297692       -0.1243305866        0.3668551920
 H          1.4325026870       -2.4928227405        0.4086749903
 H         -0.0806090600       -2.4745392043       -0.5039760697
 H          0.0028125280       -1.7102326468        1.0766100100
 H          1.5312779607       -0.7119978963       -1.4241129331
 H          2.6260320205        0.8006761723        0.1789675806
 H          1.5537797892        0.2002564355        1.5311734681
 H         -0.2652858611        0.8908187189       -1.6617150446
  14
 Etot=          -2.4720577123
 C          0.5629887480       -1.8918083165        0.1463465519
 C          0.9662866199       -0.5718235180       -0.4965020012
 C          1.6085672746        0.4585565196        0.4692249771
 O          0.6563441398        1.4652623974        0.0775765472
 C         -0.1734896062        0.4987325372       -0.6426042896
 C         -1.4417268184        0.1810678545       -0.0678046803
 N         -2.4507114908       -0.1143547397        0.4187835677
 H          1.4380552309       -2.4886251169        0.4040506079
 H         -0.0686063649       -2.4783567857       -0.5208722697
 H         -0.0023385586       -1.7172085925        1.0617313400
 H          1.5385267282       -0.7035701195       -1.4252063286
 H          2.6358035705        0.7713113122        0.2199521647
 H          1.4906914846        0.2192372377        1.5374918159
 H         -0.2844734874        0.8687137076       -1.6763527173
  14
 Etot=          -2.4721153629
 C          0.5667088959       -1.8953747812        0.1359264657
 C          0.9687219470       -0.5707536813       -0.4990191870
 C          1.5973912264        0.4602489803        0.4740435709
 O          0.6730174392        1.4752328527        0.0349870398
 C         -0.1727942333        0.4964689597       -0.6503711389
 C         -1.4313512094        0.1890248277       -0.0466028849
 N         -2.4301490829       -0.0952453300        0.4666125580
 H          1.4429301564       -2.4880391946        0.3999068384
 H         -0.0556415855       -2.4834670904       -0.5387875490
 H         -0.0080202936       -1.7271539151        1.0468403621
 H          1.5495427643       -0.6948824956       -1.4238269339
 H          2.6397293873        0.7500327842        0.2556665066
 H          1.4385411999        0.2375810145        1.5417601922
 H         -0.3027091414        0.8434614467       -1.6913205543
  14
 Etot=          -2.4721892136
 C          0.5684466583       -1.8988700774        0.1326629090
 C          0.9708605098       -0.5721145973       -0.4984983272
 C          1.5940588404        0.4619945722        0.4756805557
 O          0.6719659475        1.4724457497        0.0288064635
 C         -0.1729314656        0.4939645844       -0.6521973428
 C         -1.4298669826        0.1962617415       -0.0398499688
 N         -2.4260532601       -0.0791151987        0.4789012986
 H          1.4436567397       -2.4920744082        0.3997556442
 H         -0.0498011133       -2.4872839351       -0.5459838777
 H         -0.0108819394       -1.7337873320        1.0413460272
 H          1.5575322543       -0.6914759861       -1.4210723745
 H          2.6343770092        0.7520431810        0.2619864155
 H          1.4316713414        0.2433457370        1.5405059709
 H         -0.3071170693        0.8318003466       -1.6962281080
  14
 Etot=          -2.4722166351
 C          0.5708316086       -1.9033113177        0.1274566804
 C          0.9730718365       -0.5740644820       -0.4991043866
 C          1.5883724573        0.4640197762        0.4778525178
 O          0.6745172155        1.4735499919        0.0136335810
 C         -0.1732810792        0.4911602301       -0.6560311004
 C         -1.4259684363        0.2073756225       -0.0288651480
 N         -2.4177534692       -0.0623376741        0.5012494386
 H          1.4454471001       -2.4958432461        0.3981286482
 H         -0.0414928101       -2.4922069188       -0.5564191799
 H         -0.0142403053       -1.7422466644        1.0331381492
 H          1.5666129393       -0.6889478631       -1.4181381494
 H          2.6306290022        0.7510187072        0.2744438525
 H          1.4121068305        0.2521998867        1.5415322319
 H         -0.3129354197        0.8167683291       -1.7030618495
