  12
 Etot=          -2.2853589823
 N         -2.4713233349       -0.0955874598       -0.0003056967
 C         -1.6797758489        0.8888144209        0.0001501483
 N         -0.3243906069        0.7259178053        0.0001800947
 C          0.3578202310       -0.4766395022        0.0001376701
 N         -0.0991282040       -1.6533219812       -0.0000608090
 C          1.8416312716       -0.3027145252        0.0002639952
 O          2.3892451223        0.7701755179       -0.0003858236
 H         -3.4560087971        0.1450867596       -0.0000257584
 H         -1.9701756862        1.9485811693        0.0006522796
 H          0.2646929799        1.5512021169        0.0006475782
 H         -1.1174115043       -1.7017473559       -0.0001269687
 H          2.3888009171       -1.2568815797        0.0009921470
  12
 Etot=          -2.2914301286
 N         -2.4814949048       -0.0836722445       -0.0002071153
 C         -1.6773894707        0.8926435150        0.0001944361
 N         -0.3101137677        0.7321380833        0.0001990232
 C          0.3789163797       -0.4715732563        0.0001316751
 N         -0.1262098413       -1.6393713192       -0.0000330406
 C          1.8414157981       -0.3228604952        0.0002374697
 O          2.3841296961        0.7499692790       -0.0002395762
 H         -3.4528117735        0.1238529309       -0.0000792589
 H         -2.0061982848        1.9288981009        0.0006042071
 H          0.2836237682        1.5593774489        0.0005475137
 H         -1.1220360902       -1.6772980756       -0.0001392708
 H          2.4121450305       -1.2492185813        0.0009027936
  12
 Etot=          -2.2936494108
 N         -2.4896721672       -0.0729072368       -0.0001464582
 C         -1.6722283982        0.8923680645        0.0002115389
 N         -0.2946699224        0.7372000761        0.0002080120
 C          0.4031936715       -0.4660543995        0.0001171885
 N         -0.1591276597       -1.6168838022       -0.0000176290
 C          1.8462735032       -0.3440326492        0.0002520223
 O          2.3888492984        0.7286135492       -0.0000134474
 H         -3.4582086429        0.0964851137       -0.0001028893
 H         -2.0478114609        1.9053718566        0.0005496772
 H          0.3017994282        1.5662389251        0.0004210142
 H         -1.1422502676       -1.6402346194       -0.0000807023
 H          2.4478291571       -1.2432794921        0.0007205296
  12
 Etot=          -2.2938340646
 N         -2.4882534882       -0.0743413097       -0.0000986374
 C         -1.6711040323        0.8904358807        0.0002137185
 N         -0.2926205077        0.7393298510        0.0002213902
 C          0.4068500772       -0.4636182210        0.0001464301
 N         -0.1678208498       -1.6066870337        0.0000190818
 C          1.8510260012       -0.3483819371        0.0002756350
 O          2.4003260022        0.7215372113        0.0001094310
 H         -3.4615850114        0.0828768435       -0.0001138050
 H         -2.0578482950        1.8995547978        0.0004805831
 H          0.3028068466        1.5686934898        0.0003740873
 H         -1.1547721177       -1.6211033569       -0.0000748065
 H          2.4569719144       -1.2454108299        0.0005657485
  12
 Etot=          -2.2938946188
 N         -2.4878180837       -0.0767951893       -0.0000631968
 C         -1.6708476231        0.8876812849        0.0001990183
 N         -0.2925654426        0.7402259850        0.0002267395
 C          0.4082839463       -0.4621180923        0.0001665314
 N         -0.1733212673       -1.5984143802        0.0000328272
 C          1.8549011835       -0.3503971423        0.0002875827
 O          2.4119914609        0.7159107590        0.0002565020
 H         -3.4637309676        0.0727416863       -0.0000955680
 H         -2.0626711129        1.8949885816        0.0004005912
 H          0.3008426201        1.5696564271        0.0003385076
 H         -1.1631261382       -1.6029272822       -0.0000432833
 H          2.4620379641       -1.2476672516        0.0004126048
  12
 Etot=          -2.2939050994
 N         -2.4883416065       -0.0782749137       -0.0000443137
 C         -1.6713406236        0.8861700447        0.0001873831
 N         -0.2932432463        0.7403571824        0.0002276061
 C          0.4087595638       -0.4614541727        0.0001756603
 N         -0.1741177754       -1.5959842364        0.0000403322
 C          1.8561044800       -0.3507035812        0.0002914128
 O          2.4172389345        0.7133856318        0.0003216620
 H         -3.4641793914        0.0701273323       -0.0000757198
 H         -2.0631897378        1.8934518278        0.0003571310
 H          0.2983098465        1.5703790128        0.0003288058
 H         -1.1639687332       -1.5955783457       -0.0000399874
 H          2.4619448290       -1.2489903960        0.0003488842
