  15
 Etot=          -2.5346433090
 C         -2.6538778614        0.2251664157       -0.0000677397
 N         -1.2507067183        0.5533709099        0.0002534653
 C         -0.2491772903       -0.3554670226        0.0001713496
 N         -0.3243225633       -1.6274365865       -0.0001775932
 C          1.1212221739        0.2806923374       -0.0001099685
 C          2.2834834560       -0.6595834195        0.0001631097
 O          1.2277415117        1.4902079088       -0.0001741770
 H         -3.2346639082        1.1431023029       -0.0002667854
 H         -2.9161891714       -0.3581277583        0.8883981204
 H         -2.9156964784       -0.3581573846       -0.8886739574
 H         -0.9681919649        1.5229747992        0.0003256647
 H         -1.2718535226       -1.9953625492       -0.0003599196
 H          1.9299564075       -1.6846713343        0.0011687418
 H          2.8993870818       -0.4648492030        0.8766861020
 H          2.8983137105       -0.4663288890       -0.8774354004
  15
 Etot=          -2.5390048978
 C         -2.6641828488        0.2282916655       -0.0000993886
 N         -1.2591849139        0.5629926067        0.0002115998
 C         -0.2364598755       -0.3485349129        0.0000867977
 N         -0.3526927034       -1.6213252608       -0.0002088594
 C          1.1223632558        0.2595574119        0.0001460980
 C          2.2984864939       -0.6539826425        0.0001342568
 O          1.2327618274        1.4643982659       -0.0001649558
 H         -3.2687765056        1.1341299905       -0.0002588134
 H         -2.9133633094       -0.3562812088        0.8868369633
 H         -2.9129317777       -0.3562836328       -0.8871569582
 H         -0.9960200887        1.5494818139        0.0003073326
 H         -1.2745662994       -1.9830060970       -0.0002793420
 H          1.9748478053       -1.6932996863        0.0011987136
 H          2.9131529515       -0.4695589942        0.8801995354
 H          2.9119908513       -0.4710487923       -0.8810519676
  15
 Etot=          -2.5400934231
 C         -2.6704185227        0.2308103772       -0.0000771096
 N         -1.2633513898        0.5699986915        0.0002458954
 C         -0.2223872343       -0.3431277943        0.0000567220
 N         -0.3792394278       -1.6142677179       -0.0002056605
 C          1.1247883666        0.2438337143       -0.0001651225
 C          2.3111504932       -0.6510579719        0.0001065825
 O          1.2385707446        1.4474805526       -0.0000497564
 H         -3.2937980118        1.1260194899       -0.0002269917
 H         -2.9104056635       -0.3554207105        0.8860191071
 H         -2.9099917338       -0.3554073241       -0.8862943063
 H         -1.0172074170        1.5653819973        0.0002687476
 H         -1.2887187099       -1.9773366312       -0.0002412151
 H          2.0095552715       -1.6995260440        0.0011484164
 H          2.9238621330       -0.4701591684        0.8826322492
 H          2.9230159643       -0.4716909337       -0.8833165460
  15
 Etot=          -2.5401700045
 C         -2.6715531209        0.2305649039       -0.0001305144
 N         -1.2641817241        0.5711831923        0.0001980729
 C         -0.2198467870       -0.3416457920        0.0000359528
 N         -0.3858129688       -1.6109130296       -0.0001775850
 C          1.1274789315        0.2424827054        0.0002536171
 C          2.3146597456       -0.6521199620        0.0001032635
 O          1.2440868058        1.4467454069       -0.0000612369
 H         -3.2976826541        1.1234624292       -0.0002535515
 H         -2.9102209326       -0.3564673317        0.8859656585
 H         -2.9098215086       -0.3564325559       -0.8863549169
 H         -1.0223528791        1.5659610006        0.0002569348
 H         -1.2975944002       -1.9766462974       -0.0001908276
 H          2.0150793848       -1.7004932476        0.0012071425
 H          2.9272053842       -0.4693307911        0.8824746641
 H          2.9259815862       -0.4708201042       -0.8834256619
  15
 Etot=          -2.5401907418
 C         -2.6721191285        0.2294317869       -0.0000833014
 N         -1.2648751342        0.5720633195        0.0002571074
 C         -0.2184484285       -0.3397172095        0.0000449453
 N         -0.3899431397       -1.6072228675       -0.0001760719
 C          1.1301859795        0.2430941688       -0.0002727349
 C          2.3164829073       -0.6537293021        0.0000885561
 O          1.2504573239        1.4475446114        0.0000823818
 H         -3.2996728000        1.1208710530       -0.0002171164
 H         -2.9100924982       -0.3582789972        0.8860194189
 H         -2.9096710931       -0.3582318929       -0.8863342286
 H         -1.0272054365        1.5658588124        0.0002185016
 H         -1.3030600222       -1.9745525214       -0.0001558781
 H          2.0159859326       -1.7011322193        0.0011152596
 H          2.9290948299       -0.4694650979        0.8821863585
 H          2.9283055703       -0.4710031173       -0.8828721854
