     -2.540552407394     -2.540713765328         0.82306E-03
     -2.540522716426     -2.540684444008         0.76378E-03
     -2.540548287190     -2.540708280117         0.65761E-03
     -2.540559569667     -2.540719810489         0.46575E-03
     -2.540523957024     -2.540684622085         0.88881E-03
     -2.540530709869     -2.540692622739         0.84066E-03
     -2.540504927568     -2.540666878239         0.66931E-03
     -2.540541596817     -2.540702547663         0.59424E-03
     -2.540544341543     -2.540705726522         0.41273E-03
     -2.540320875462     -2.540483937036         0.73116E-03
     -2.540558810814     -2.540719021463         0.25043E-03
     -2.540339294978     -2.540501605310         0.75068E-03
     -2.540547028862     -2.540707716474         0.86447E-03
     -2.540324356709     -2.540487497900         0.52614E-03
     -2.540323892803     -2.540488538732         0.72435E-03
     -2.540342458095     -2.540504139932         0.38264E-03
     -2.540325899792     -2.540490641871         0.71998E-03
     -2.540332346255     -2.540495395752         0.37886E-03
     -2.540332859050     -2.540493443604         0.71953E-03
     -2.540326643940     -2.540488515333         0.50370E-03
     -2.540318741130     -2.540482720364         0.60005E-03
     -2.540335718572     -2.540498666254         0.62487E-03
     -2.540285032687     -2.540452364441         0.63555E-03
     -2.540271228834     -2.540433230982         0.68912E-03
     -2.540300131656     -2.540463448294         0.48480E-03
     -2.540291969865     -2.540457442015         0.80530E-03
     -2.540299297880     -2.540461265119         0.64313E-03
     -2.540276744371     -2.540441112515         0.57444E-03
     -2.540382832299     -2.540540052499         0.75200E-03
     -2.540343873300     -2.540505391981         0.89970E-03
     -2.540296788934     -2.540460402925         0.57299E-03
     -2.540211419125     -2.540376157214         0.56694E-03
     -2.540307069006     -2.540469835451         0.32437E-03
     -2.540540444646     -2.540701721266         0.49598E-03
     -2.540296922656     -2.540459910328         0.74115E-03
     -2.540171234127     -2.540336134591         0.49142E-03
     -2.540237716899     -2.540401095001         0.71982E-03
     -2.540309890003     -2.540472111301         0.48234E-03
     -2.540327030787     -2.540490973160         0.84815E-03
     -2.540380084481     -2.540543240481         0.63712E-03
     -2.540464635125     -2.540627015870         0.97778E-03
     -2.540287552897     -2.540450348209         0.36121E-03
     -2.540267767101     -2.540430884240         0.80935E-03
     -2.540298904904     -2.540462689250         0.49074E-03
     -2.540336312232     -2.540498432360         0.32612E-03
     -2.540309282321     -2.540472511152         0.90523E-03
     -2.540333406978     -2.540496717669         0.42084E-03
     -2.540312957684     -2.540474287643         0.97107E-03
     -2.540279941209     -2.540444349022         0.35312E-03
     -2.540214011223     -2.540379011015         0.58649E-03
     -2.540308136116     -2.540473176019         0.75285E-03
     -2.540272705190     -2.540437329642         0.90352E-03
     -2.540155648314     -2.540320280047         0.36186E-03
     -2.540335827620     -2.540499481312         0.83221E-03
     -2.540171871566     -2.540336852998         0.29258E-03
     -2.540328171653     -2.540491086031         0.62382E-03
     -2.540319215862     -2.540482149343         0.65520E-03
     -2.540152234301     -2.540319335135         0.58305E-03
     -2.540335802614     -2.540500056405         0.44349E-03
     -2.540208844879     -2.540375338247         0.84524E-03
     -2.540267038467     -2.540431247211         0.47151E-03
     -2.540336270596     -2.540497284926         0.58047E-03
     -2.539761578663     -2.539926692114         0.60822E-03
     -2.540299145399     -2.540463472219         0.38215E-03
     -2.540178348244     -2.540345069765         0.50215E-03
     -2.540336793437     -2.540500435803         0.65727E-03
     -2.540313252918     -2.540477508945         0.66424E-03
     -2.540341228689     -2.540504016564         0.67074E-03
     -2.540332174142     -2.540493176451         0.36034E-03
     -2.540280230861     -2.540441107139         0.73647E-03
     -2.540351894181     -2.540513683053         0.69435E-03
     -2.540340057278     -2.540501366513         0.87325E-03
     -2.540308762525     -2.540471269320         0.31399E-03
     -2.540295743109     -2.540460306226         0.63221E-03
     -2.539292796122     -2.539463984620         0.84312E-03
     -2.539290904409     -2.539462827437         0.30875E-03
     -2.540299209513     -2.540462827147         0.67010E-03
     -2.540333954360     -2.540494357356         0.59133E-03
     -2.540318230116     -2.540479036929         0.83229E-03
     -2.540332199744     -2.540496046624         0.81954E-03
     -2.540341436562     -2.540503353335         0.39983E-03
