15
 energy: -22.523904939702 gnorm: 0.076619357256 xtb: 6.7.1 (edcfbbe)
C           -2.14449177800000        0.74610737010000       -0.10673549560000
N           -1.47653067860000       -0.52196387250000        0.09908548500000
C           -0.09517063990000       -0.70335225920000        0.02997613350000
N            0.39440658370000       -1.88546653960000       -0.01872248470000
C            0.81099228630000        0.45822027730000        0.01385726620000
C            2.27824077180000        0.21156600570000       -0.06171767350000
O            0.38825842350000        1.59010919270000        0.07178270700000
H           -1.67955723590000        1.50196594550000        0.52545513680000
H           -3.20433000090000        0.68955055790000        0.14449157830000
H           -2.03741248730000        1.05985883680000       -1.14513707370000
H           -2.07364431740000       -1.33287751150000       -0.05735153020000
H           -0.22185904910000       -2.65389586280000        0.00272989240000
H            2.75622664790000        0.48076834550000        0.87939586710000
H            2.72186349940000        0.81560179730000       -0.85256137720000
H            2.48974936550000       -0.83755985390000       -0.26822472280000
15
 energy: -22.528674486481 gnorm: 0.036512667580 xtb: 6.7.1 (edcfbbe)
C           -2.16262214188297        0.74981359513823       -0.10840619356643
N           -1.46139195383255       -0.50230772526723        0.08956521987747
C           -0.09869570710925       -0.69143094977496        0.01619704560018
N            0.42304812815369       -1.85790011773465       -0.00867014179724
C            0.82114796167715        0.48153386979053        0.01462831963754
C            2.28407750642468        0.17684382495211       -0.06464595301175
O            0.42595802616585        1.62893804883397        0.06143535550096
H           -1.73504763756655        1.51826009008603        0.53357296864851
H           -3.21586060360029        0.62750078575799        0.14584262978232
H           -2.07954488624887        1.08755034001583       -1.14614389237617
H           -2.03275795488724       -1.32659254870505       -0.05227609769203
H           -0.20838543952330       -2.64347744134713        0.00306906562492
H            2.75140636010341        0.45554053848301        0.87858170981464
H            2.72980000093158        0.79203934963071       -0.84540925090512
H            2.46560973219465       -0.87767923055940       -0.26101707653781
15
 energy: -22.529996131279 gnorm: 0.009159606620 xtb: 6.7.1 (edcfbbe)
C           -2.17394014375323        0.75314377406750       -0.10798129660402
N           -1.44922083641472       -0.48623487182819        0.07818462199928
C           -0.10526341039748       -0.68467581516434        0.00878040390992
N            0.44660877587617       -1.83647838459650       -0.00312378982097
C            0.82615144920092        0.49828002003417       -0.00036255410941
C            2.28775643308438        0.15677060900881       -0.06599812424236
O            0.44370840841273        1.64826633407267        0.04890039991775
H           -1.77035169365083        1.52896122248074        0.54061760877469
H           -3.22045192390567        0.58132723290362        0.14858660580899
H           -2.11176560197690        1.10745275284415       -1.14365647813390
H           -2.00227485346520       -1.32402479107496       -0.04370992235598
H           -0.19717019670064       -2.62700530183442        0.00347833689836
H            2.74483471280204        0.43250597244167        0.88359090901939
H            2.75085838732332        0.77075258223571       -0.83703204948869
H            2.43726188456509       -0.90040890629065       -0.25395096297306
15
 energy: -22.530142889290 gnorm: 0.004383784394 xtb: 6.7.1 (edcfbbe)
C           -2.18148564337305        0.75237704142847       -0.10651638602668
N           -1.44681908329432       -0.48200797273698        0.06655135693875
C           -0.10567077935518       -0.68137648379260        0.00174057706415
N            0.45103313567042       -1.83104621479487       -0.00518065039934
C            0.83200320340766        0.50303770091452       -0.00487719907048
C            2.29245070052762        0.15506525247466       -0.06513151477375
O            0.44922455650103        1.65157305225373        0.03688498072940
H           -1.78332430730522        1.52595283222488        0.54706214310198
H           -3.22423952341473        0.56970190768646        0.15071519766053
H           -2.12526460125998        1.11462722078617       -1.13898648511788
H           -1.99691068323129       -1.32506909741114       -0.04041461291627
H           -0.19728160767498       -2.61804023472709        0.01086426009750
H            2.74528437183686        0.42497143422329        0.88815747869121
H            2.76752770064555        0.76202186743998       -0.83401451361208
H            2.43021395131959       -0.90315587666950       -0.25053092376705
15
 energy: -22.530220996991 gnorm: 0.003568353580 xtb: 6.7.1 (edcfbbe)
C           -2.18631285881850        0.75147793054058       -0.10372091719514
N           -1.44448344878068       -0.47961314937249        0.05375036168688
C           -0.10417263799976       -0.67909227908010       -0.00384883046658
N            0.45258821844030       -1.82909974068778       -0.00633085450888
C            0.83669980495066        0.50682409969179       -0.01769820422156
C            2.29601419532850        0.15539710535084       -0.06307869485959
O            0.44960074468133        1.65330090718439        0.01593886848601
H           -1.79141877364482        1.52081630285319        0.55657847282750
H           -3.22605080753979        0.56064476578999        0.15350140835257
H           -2.13476740739972        1.12327447011417       -1.13215122808052
H           -1.99409539899209       -1.32608389296892       -0.03477356286667
H           -0.20017122201494       -2.61103747912482        0.01663963560829
H            2.74078023613666        0.41916700830567        0.89588626624707
H            2.78521486385760        0.75622819903662       -0.82746969741803
H            2.42731588279521       -0.90357181833316       -0.24689931499134
15
 energy: -22.530278401901 gnorm: 0.003561856682 xtb: 6.7.1 (edcfbbe)
C           -2.18778388836880        0.75124863150808       -0.09973590197244
N           -1.44205929309239       -0.47907768992803        0.03902125392666
C           -0.10174641189836       -0.67844867061413       -0.00950762100653
N            0.45289102872424       -1.83005746866190       -0.00531573640337
C            0.83926621634468        0.50876753245959       -0.03004887858607
C            2.29741744341739        0.15634723892541       -0.06057702799252
O            0.44600452711077        1.65364960164469       -0.01389450513750
H           -1.79488109388831        1.51394463254528        0.57001065973816
H           -3.22602604755055        0.55358086986691        0.15609513425685
H           -2.13879579316845        1.13624469233265       -1.12305352387901
H           -1.99258913818596       -1.32664445006872       -0.03094720798095
H           -0.20324957529761       -2.60765943798352        0.02279673662585
H            2.73256156737071        0.41663328565027        0.90378090133291
H            2.79888027314003        0.75345104906197       -0.81956623663580
H            2.42685157634256       -0.90334738743859       -0.24273433768625
15
 energy: -22.530354682037 gnorm: 0.004394057824 xtb: 6.7.1 (edcfbbe)
C           -2.18709526850331        0.75157485047373       -0.09174721944884
N           -1.43887791547965       -0.47990668797508        0.01782188067744
C           -0.09838006189053       -0.67916150390738       -0.01738613827795
N            0.45287934252663       -1.83304750967639       -0.00217065013983
C            0.84015056357889        0.50954167525139       -0.05392937913242
C            2.29741183986476        0.15778700103241       -0.05640175167145
O            0.43893045943504        1.65267896187386       -0.06988371592993
H           -1.79691316695047        1.50172745799668        0.59502841807652
H           -3.22497945186024        0.54566925905190        0.15836197910913
H           -2.13784302006417        1.15973729517008       -1.10603318317647
H           -1.99131877358466       -1.32720571060216       -0.02616395338921
H           -0.20656342355819       -2.60654761199912        0.03211038108321
H            2.71429871434621        0.41440059813836        0.91738634083737
H            2.81653256280698        0.75388831895652       -0.80426339300173
H            2.42850899033267       -0.90250396448484       -0.23640590701585
15
 energy: -22.530447448269 gnorm: 0.007577157272 xtb: 6.7.1 (edcfbbe)
C           -2.18332165614755        0.75275182053799       -0.07915526340524
N           -1.43605389265557       -0.48246468218134       -0.00833927425660
C           -0.09536674043750       -0.68191841431939       -0.02857389902198
N            0.45273673820261       -1.83764414777592        0.00205992313627
C            0.83823113510913        0.50777888022034       -0.08938659744409
C            2.29533464934860        0.16002005805099       -0.05065296230898
O            0.42922881524448        1.64862920887961       -0.15592788998362
H           -1.79642724010879        1.48278962396445        0.63314931659800
H           -3.22268021404535        0.53907728230468        0.15858515790656
H           -2.12818361472477        1.19411014245394       -1.07970397681741
H           -1.99155736137776       -1.32782593594821       -0.01968058742319
H           -0.20853090013547       -2.60881544751930        0.04557717293997
H            2.68326644026399        0.41243564972888        0.93713464982514
H            2.83678076290646        0.75988895312126       -0.78009091639525
H            2.43328446955740       -0.90018056221801       -0.22867114474958
15
 energy: -22.530549631181 gnorm: 0.010739995537 xtb: 6.7.1 (edcfbbe)
C           -2.17646494860390        0.75452372644399       -0.06524129141582
N           -1.43514415660466       -0.48608498745230       -0.02964757361183
C           -0.09437208623169       -0.68631357031578       -0.04087756107048
N            0.45236459398301       -1.84219218774214        0.00414469690838
C            0.83334301508857        0.50286642132882       -0.12980551823328
C            2.29095342443967        0.16308337224018       -0.04496859641962
O            0.42074394530379        1.63998081069982       -0.24994711228314
H           -1.79173192243947        1.46199947707830        0.67257527873472
H           -3.21920655587983        0.53827820481878        0.15593060410208
H           -2.10992888645977        1.22752561625002       -1.05081316274491
H           -1.99420135515899       -1.32801361179719       -0.00893420781373
H           -0.20771832351896       -2.61432505618716        0.05885796021065
H            2.64347572415754        0.40999486802350        0.95890217316437
H            2.85375495229365        0.77308842552119       -0.75049828823852
H            2.44087397063094       -0.89577907961006       -0.22335369268887
15
 energy: -22.530703152140 gnorm: 0.008068355539 xtb: 6.7.1 (edcfbbe)
C           -2.16702618002789        0.75667430721123       -0.05527907644586
N           -1.43760800295043       -0.49009179945816       -0.03501720585348
C           -0.09679871298589       -0.69174639382853       -0.05029655245264
N            0.45197020096463       -1.84513883680971        0.00203253822868
C            0.82582350093020        0.49458999169988       -0.16113108786618
C            2.28416239338656        0.16648120043065       -0.04157498874724
O            0.41767831856330        1.62660013186824       -0.31991792597206
H           -1.78222892119980        1.44664231544281        0.69798283126974
H           -3.21500414050091        0.54765667506041        0.14945129073195
H           -2.08477495680281        1.24653156421670       -1.02963378498559
H           -1.99952533397575       -1.32746217464733        0.00645479193855
H           -0.20245413638208       -2.62297181364444        0.06638934720846
H            2.60466778372777        0.40639959555550        0.97487284023225
H            2.85761444025387        0.79371994730176       -0.72272198102594
H            2.45024513799912       -0.88925228109906       -0.22528732766064
15
 energy: -22.530840078453 gnorm: 0.010286327821 xtb: 6.7.1 (edcfbbe)
C           -2.15943633854500        0.75962576204757       -0.04280748447031
N           -1.44024675583573       -0.49322951814434       -0.04285439963695
C           -0.10053395028186       -0.69729447755044       -0.06496127906021
N            0.45507398119406       -1.84613985225273       -0.00293854733807
C            0.81984487002635        0.48717729224960       -0.20213996175948
C            2.27823411330001        0.16995262169877       -0.03524468233353
O            0.41694409248845        1.61232438325174       -0.42166159886603
H           -1.78069722643075        1.42788475029607        0.73375430344495
H           -3.21253415889172        0.55521117485352        0.14222404811822
H           -2.05860784642349        1.27387424245845       -1.00257908776374
H           -2.00416900723070       -1.32900949530129        0.03340455317178
H           -0.19355205392699       -2.62920128075449        0.07411402990434
H            2.55518765507820        0.39359107079024        0.99849943167362
H            2.87039817079868        0.81524390238249       -0.68372183930024
H            2.46083584568038       -0.88137814672521       -0.22676377718432
15
 energy: -22.530945217475 gnorm: 0.008723282449 xtb: 6.7.1 (edcfbbe)
C           -2.15427423511373        0.76239837862239       -0.03811237415247
N           -1.44608133078296       -0.49453341399930       -0.02309261171543
C           -0.10774572237806       -0.70118890677114       -0.07229486077218
N            0.45951862871992       -1.84287919629231       -0.01612469956779
C            0.81612842278969        0.48040694405316       -0.22337200747249
C            2.27274882985629        0.17324369231124       -0.03119968636615
O            0.42715256860722        1.59614053524749       -0.47752611784637
H           -1.78494498272532        1.42432490048012        0.74435558378079
H           -3.21265551317774        0.57097333571792        0.13109038758104
H           -2.03286773897721        1.27308127432742       -0.99307190452971
H           -2.00771329983533       -1.32937324470053        0.06564482144141
H           -0.18051252506748       -2.63296869154225        0.06949017814313
H            2.51924088085573        0.37224804836429        1.01108446880512
H            2.86838529014248        0.83831236164973       -0.65159258019564
H            2.47036211808637       -0.87155358816827       -0.23895488853326
15
 energy: -22.531055897677 gnorm: 0.013448368480 xtb: 6.7.1 (edcfbbe)
C           -2.14827576398053        0.76491849983930       -0.02141270960661
N           -1.44652478593323       -0.49696457244787       -0.02719413664172
C           -0.10920780266798       -0.70527976571794       -0.08735299370123
N            0.46152236494565       -1.84470963425541       -0.02598249430851
C            0.81411462354024        0.47591863901526       -0.27582423095955
C            2.26776406747797        0.17883958060958       -0.02168295457372
O            0.42575055298612        1.57986743538011       -0.60478529163348
H           -1.79142927617186        1.40693476200279        0.78717308790576
H           -3.21110627332569        0.57408421227530        0.12300047001501
H           -2.00575665836176        1.29863427370702       -0.96180449960201
H           -2.00826408455607       -1.32870249318844        0.09743507347712
H           -0.17596949688632       -2.63455482182099        0.07769720340491
H            2.46231100791910        0.34902670916935        1.04194731668634
H            2.89085145220656        0.86127659284877       -0.60084429505859
H            2.48096146380766       -0.86065698811688       -0.24404583680372
15
 energy: -22.531166948275 gnorm: 0.005901237494 xtb: 6.7.1 (edcfbbe)
C           -2.15136658560521        0.76420482604156       -0.02342737300924
N           -1.44263024935160       -0.49515359272428       -0.02365637688930
C           -0.10536319051376       -0.70267048722343       -0.08463149182645
N            0.45979103144494       -1.84617964361319       -0.02718441160437
C            0.81883584876472        0.47965985830524       -0.26805219661914
C            2.26935177512863        0.17908139977829       -0.02119501064975
O            0.42489149811796        1.58130614430603       -0.58774792531878
H           -1.79747830728245        1.41422938918033        0.78071734316855
H           -3.21173160378363        0.56755264849766        0.12386315226577
H           -2.01334485178370        1.29248496355932       -0.96858455713315
H           -2.00364710879974       -1.32744487375949        0.09370559233449
H           -0.18249452399707       -2.63018361476378        0.07643786141866
H            2.47436534587530        0.34717115604701        1.03681724625862
H            2.88975732625744        0.85539769745204       -0.60505287411407
H            2.47780498652803       -0.86082344178339       -0.24568526968183
15
 energy: -22.531300536647 gnorm: 0.003871638828 xtb: 6.7.1 (edcfbbe)
C           -2.14995092160831        0.76526078153519       -0.01622788222217
N           -1.43719628460118       -0.49304740874447       -0.00890695676022
C           -0.10115111623606       -0.70189766566841       -0.09338585361238
N            0.45824295244997       -1.84964047113759       -0.04249735398315
C            0.82391146183954        0.47966618596152       -0.29549299344344
C            2.26618510313430        0.18441672312547       -0.01417994447589
O            0.42600608166738        1.56614889217800       -0.65263998210633
H           -1.80570215560235        1.41801887859069        0.78864243488973
H           -3.20950756770000        0.56582477666767        0.12131247726470
H           -2.00517065500976        1.28981835738120       -0.96160348708861
H           -1.99809618094135       -1.32416700243345        0.12659602417263
H           -0.18850249657003       -2.62612085572506        0.07574601932018
H            2.44132656219286        0.31779116868610        1.05520263846359
H            2.90377655329965        0.87645409691293       -0.56325762401722
H            2.48257005468518       -0.84989402802986       -0.26298380780140
15
 energy: -22.531362416021 gnorm: 0.013777539509 xtb: 6.7.1 (edcfbbe)
C           -2.14302533962720        0.76819164256561       -0.00471284803600
N           -1.43293461680410       -0.49175678046117        0.01759513687442
C           -0.09876267516788       -0.70397418816326       -0.09869583481182
N            0.45725167356379       -1.85391123081173       -0.06261419931259
C            0.82603619238842        0.47440960047497       -0.32886897596088
C            2.25772050963197        0.19196913041243       -0.00320516719379
O            0.42890271076181        1.54053590470586       -0.75937763500844
H           -1.81263583897498        1.41978293818883        0.80717532853520
H           -3.20529587661969        0.56878121531797        0.11262006874526
H           -1.97958940756450        1.29041926131359       -0.94825421531122
H           -1.99148700314273       -1.31803716820734        0.16722237514741
H           -0.19163027584721       -2.62522794882959        0.06798340423724
H            2.39100355789621        0.28354863701405        1.07545593717132
H            2.90777695288849        0.90679454747320       -0.50453992262295
H            2.49341082761742       -0.83289313169348       -0.28145974385314
15
 energy: -22.531457647216 gnorm: 0.005325330919 xtb: 6.7.1 (edcfbbe)
C           -2.14119287899660        0.76937711060166       -0.00553862429236
N           -1.43095605598161       -0.48946545252109        0.03285804389654
C           -0.09889450210990       -0.70412872046782       -0.10074998781661
N            0.45700214336330       -1.85423790741272       -0.07108230541914
C            0.82507976948081        0.47200698348829       -0.33683643072835
C            2.25535559844017        0.19307531707517       -0.00239839404892
O            0.43277163600443        1.53258190953253       -0.76741600990763
H           -1.81007790278095        1.42870170497850        0.79810558316885
H           -3.20316595824147        0.57010549812698        0.11498963238148
H           -1.97949037355568        1.28117677161737       -0.95442231089130
H           -1.98949639113790       -1.31617219167247        0.18451234833418
H           -0.19227645502291       -2.62646906908377        0.06318318227897
H            2.37684942825279        0.27000208924021        1.07980373082120
H            2.90724258311951        0.91907430318421       -0.48705220676727
H            2.49799075016581       -0.82699591738711       -0.29163254240963
15
 energy: -22.531519593811 gnorm: 0.003195512743 xtb: 6.7.1 (edcfbbe)
C           -2.13780263474331        0.77166516588641       -0.00100958358592
N           -1.42838087293222       -0.48810873551619        0.04087250531879
C           -0.09942213763570       -0.70607507160569       -0.10842067881265
N            0.45735675801867       -1.85572335124408       -0.08073505051739
C            0.82295755670210        0.46699671839722       -0.35639864209284
C            2.25163876323816        0.19584982100717        0.00415924043728
O            0.43588877838755        1.51866523627187       -0.81337469100101
H           -1.80722352814735        1.43340712204272        0.80125545333428
H           -3.19964016154350        0.57365998122938        0.11992327371870
H           -1.97565875769076        1.28157705911822       -0.95096766280662
H           -1.98816093871068       -1.31495632913474        0.20670023403073
H           -0.19104013625933       -2.62953124962383        0.05691146302586
H            2.35252591619772        0.25794429447007        1.08869556850659
H            2.90614858084145        0.93097550563716       -0.45906139634628
H            2.50755420527700       -0.81771373763578       -0.29222632460949
15
 energy: -22.531582602257 gnorm: 0.004460706975 xtb: 6.7.1 (edcfbbe)
C           -2.13109616132992        0.77514883454440        0.00628711191972
N           -1.42431705984078       -0.48660519687183        0.05741266917220
C           -0.10014925466090       -0.71033554683004       -0.11415840746305
N            0.45593721661441       -1.86027646315599       -0.09261644358507
C            0.81986564685393        0.45723990816208       -0.37895042415932
C            2.24428813581085        0.20140377562785        0.01261262252625
O            0.44157888399052        1.49422964083471       -0.87835444805994
H           -1.79863067123694        1.44458359901017        0.80293493820553
H           -3.19299018342222        0.58060079218178        0.13001416571067
H           -1.96907416726433        1.27651930378592       -0.94869128342159
H           -1.98435854146223       -1.30976590532376        0.22727102907259
H           -0.19099324995997       -2.63572949386362        0.04884660818963
H            2.31576106381593        0.23951562455732        1.09834070587423
H            2.89808343053199        0.95327961729662       -0.41771436639954
H            2.52283630255944       -0.80117606065568       -0.29691076898228
15
 energy: -22.531590286808 gnorm: 0.008311996047 xtb: 6.7.1 (edcfbbe)
C           -2.12528673091591        0.77765822174898        0.01232831052807
N           -1.42131206283169       -0.48571637908587        0.06653100006290
C           -0.10021131812541       -0.71393261884109       -0.12166040555882
N            0.45423556852565       -1.86458008122684       -0.10189250176031
C            0.81891851522182        0.44999574979662       -0.40292410515777
C            2.23821368760707        0.20698577626002        0.01951091860074
O            0.44537731296161        1.47315883974320       -0.93700664434389
H           -1.78772071253702        1.45093392987575        0.80446351455655
H           -3.18688624769619        0.58634082237456        0.14097823044392
H           -1.96538828970277        1.27337307826737       -0.94624529379880
H           -1.98301800260176       -1.30605834533823        0.24715554758453
H           -0.19186726262989       -2.63938956937012        0.04891187002636
H            2.28000139345634        0.21748188264674        1.11160454722921
H            2.89632509093351        0.97862098986186       -0.37760842918166
H            2.53536044933443       -0.78623986741303       -0.30782285063102
15
 energy: -22.531665808030 gnorm: 0.004905826746 xtb: 6.7.1 (edcfbbe)
C           -2.12050917934527        0.77893912412057        0.01295723153500
N           -1.41922183351654       -0.48533391629927        0.06343736628279
C           -0.10056487331085       -0.71794282439404       -0.12412859478660
N            0.45077001240932       -1.86950010907847       -0.10196859246522
C            0.81816384278213        0.44320755565862       -0.40659475708550
C            2.23388019299457        0.21146112081257        0.02476498005347
O            0.44754444247683        1.45794111974470       -0.95041064879461
H           -1.76019902128571        1.46095318769552        0.78853217212313
H           -3.17900221575426        0.59305360176481        0.16852144107751
H           -1.98080581192866        1.26298628493048       -0.95529834823648
H           -1.98520662099261       -1.30345841063698        0.24240762454033
H           -0.19423442537569       -2.64376930835159        0.04969321768013
H            2.26743635601779        0.21065352779811        1.11359553694449
H            2.88280173853998        0.99370135389099       -0.36003511009501
H            2.54588878728874       -0.77425987835610       -0.30914981017341
15
 energy: -22.531708530574 gnorm: 0.002380759896 xtb: 6.7.1 (edcfbbe)
C           -2.11942337013423        0.77880192684614        0.01338366190763
N           -1.42175181725206       -0.48737060890665        0.05914410035564
C           -0.10116088162325       -0.71896141183025       -0.12575415448601
N            0.45189177825204       -1.86970327643965       -0.10249774559488
C            0.81865092320473        0.44402659977713       -0.40858636924999
C            2.23259604987097        0.21279926261549        0.02807053609487
O            0.44731446181492        1.45603870739980       -0.95813368551752
H           -1.75224583599650        1.45735186557587        0.78792092001337
H           -3.17836275537684        0.59671704064293        0.17647164922870
H           -1.98444059166332        1.26469639111375       -0.95430759185751
H           -1.98763818792509       -1.30548653687512        0.23680483966205
H           -0.19301283549033       -2.64311378308055        0.05135100494096
H            2.26686507848612        0.21357722838016        1.11669130230095
H            2.88212026340908        0.99244781386833       -0.36025563812607
H            2.54533911142354       -0.77318878978745       -0.30397912107213
15
 energy: -22.531757097777 gnorm: 0.002349851805 xtb: 6.7.1 (edcfbbe)
C           -2.11535519195219        0.77887801140016        0.01574029515743
N           -1.42605321835295       -0.49181892353283        0.04902031569317
C           -0.10239437827402       -0.72153751812141       -0.12825320745383
N            0.45353257548114       -1.87065170405662       -0.10246019524558
C            0.81900057236448        0.44413784708895       -0.41342424082959
C            2.22906259862130        0.21693769314165        0.03496215171909
O            0.44702552712743        1.44845486530520       -0.97702009113386
H           -1.73118425863145        1.45205487013676        0.78613200558919
H           -3.17412967365492        0.60485265085511        0.19705490043131
H           -1.99375805982258        1.26631543172534       -0.95266177083370
H           -1.99245969357019       -1.30995687135422        0.22231477197177
H           -0.19186938868001       -2.64309702700196        0.05169832019272
H            2.26148791088230        0.22305534213120        1.12312871955698
H            2.88090205090875        0.99190824534046       -0.35877122683070
H            2.54293401855271       -0.77090048375788       -0.29113703938436
15
 energy: -22.531788926826 gnorm: 0.003511156310 xtb: 6.7.1 (edcfbbe)
C           -2.11111351546045        0.77924313235224        0.01867039176824
N           -1.42816462626276       -0.49493284384034        0.04026813540182
C           -0.10326386090321       -0.72391533770668       -0.13079288290472
N            0.45414643736781       -1.87214809593964       -0.10302114095381
C            0.81855332222743        0.44268333012550       -0.41842707749246
C            2.22549161678024        0.22076831904853        0.04054443529180
O            0.44698070489217        1.43997940067675       -0.99448520552443
H           -1.71042100870421        1.44977304568523        0.78302142317111
H           -3.16830075970339        0.61140368480345        0.21792912361910
H           -2.00361729101886        1.26629663267334       -0.95177858892914
H           -1.99572632352813       -1.31296803552628        0.20932759127179
H           -0.19161114551686       -2.64449146149464        0.05034054591629
H            2.25299634330834        0.23292727834985        1.12857461282014
H            2.87940404752250        0.99305547718251       -0.35526403026065
H            2.54138744999919       -0.76904209708994       -0.27858362459504
15
 energy: -22.531835837449 gnorm: 0.003424898668 xtb: 6.7.1 (edcfbbe)
C           -2.10563677811163        0.77993769974693        0.02285269257045
N           -1.42923362386544       -0.49777632762859        0.02969778804715
C           -0.10403088391159       -0.72679817285852       -0.13416538823222
N            0.45428436244592       -1.87448030989427       -0.10456235194811
C            0.81749311858468        0.43950715710581       -0.42493483212590
C            2.22082379660660        0.22548804897972        0.04740538075511
O            0.44753554899541        1.42790355411345       -1.01663942544388
H           -1.68175025224431        1.44985720725685        0.77561740591892
H           -3.15881168950097        0.61876409235405        0.24870225444745
H           -2.02000245512031        1.26423793661495       -0.95188197857227
H           -1.99907235376740       -1.31554000064302        0.19250980999311
H           -0.19167083818418       -2.64741183636731        0.04668062331165
H            2.23943785764197        0.24617725905041        1.13551604383325
H            2.87719606604901        0.99559560160186       -0.34884863371889
H            2.54017951538204       -0.76682948013242       -0.26162568023578
15
 energy: -22.531895260739 gnorm: 0.002917979576 xtb: 6.7.1 (edcfbbe)
C           -2.09842440270798        0.78114045698114        0.02847429381779
N           -1.42889879888168       -0.50014497366516        0.01793540098456
C           -0.10457389130794       -0.73101891269716       -0.13966991238651
N            0.45349659968008       -1.87880789614840       -0.10905197424437
C            0.81600854711592        0.43339788730563       -0.43467844217475
C            2.21469747419830        0.23153642350527        0.05669085248829
O            0.44891835318122        1.41089562324487       -1.04552488040807
H           -1.64216639630515        1.45348190184182        0.76087753108561
H           -3.14386199732561        0.62762551799627        0.29392126921243
H           -2.04596091356518        1.25912111501359       -0.95322769143758
H           -2.00285082684853       -1.31701848438378        0.17188244735652
H           -0.19249124018295       -2.65267565110112        0.03947590044431
H            2.21846209087876        0.26394563533969        1.14506219904430
H            2.87339209987560        1.00045108110867       -0.33804464491804
H            2.54099469319494       -0.76329729504143       -0.23779864026445
15
 energy: -22.531944854751 gnorm: 0.003332469768 xtb: 6.7.1 (edcfbbe)
C           -2.09125132484609        0.78251743353520        0.03397543192630
N           -1.42733748813898       -0.50141692027381        0.00986520170422
C           -0.10469350272148       -0.73592627319118       -0.14645526419340
N            0.45190020690736       -1.88447748390591       -0.11674086010998
C            0.81471972633206        0.42611816183692       -0.44480071112282
C            2.20865068059414        0.23740023342660        0.06626187782929
O            0.45119803775004        1.39336293325266       -1.07377808190815
H           -1.60400555868193        1.45956443349118        0.74218777280459
H           -3.12656371252947        0.63591656690838        0.34034581610939
H           -2.07371913230042        1.25222471490288       -0.95426558687025
H           -2.00639778508779       -1.31678715951760        0.15410129373191
H           -0.19403810129969       -2.65894059882897        0.03007999933230
H            2.19580862273274        0.28209070632584        1.15464218628067
H            2.86866599873051        1.00610968807555       -0.32647967951098
H            2.54380472355880       -0.75912400673784       -0.21261568740299
15
 energy: -22.531993558135 gnorm: 0.003833372270 xtb: 6.7.1 (edcfbbe)
C           -2.08400939147060        0.78399512954259        0.03938588132229
N           -1.42486360991660       -0.50190901078438        0.00710987426103
C           -0.10447111916102       -0.74167491436602       -0.15415963990261
N            0.44949762302848       -1.89150929201959       -0.12815825983047
C            0.81387467758558        0.41796598188886       -0.45548865387490
C            2.20250255597842        0.24335458015843        0.07620750562480
O            0.45439163508636        1.37545226711257       -1.10148728974540
H           -1.56906975519586        1.46742126344379        0.72053769501898
H           -3.10699235180777        0.64416352096178        0.38531362861937
H           -2.10080940069552        1.24337057087320       -0.95408349388559
H           -2.00994051289688       -1.31517630368225        0.14021394612632
H           -0.19661205097210       -2.66598332865200        0.01781969351389
H            2.17229738040388        0.30102331807832        1.16403106146302
H            2.86306324153196        1.01226530256363       -0.31495872731106
H            2.54788246950151       -0.75412665581903       -0.18595951279959
15
 energy: -22.532052555558 gnorm: 0.004248326817 xtb: 6.7.1 (edcfbbe)
C           -2.07572774119684        0.78556655636772        0.04515644450521
N           -1.42172574621232       -0.50245651152533        0.00998335136375
C           -0.10415118627383       -0.74887300611191       -0.16459777955436
N            0.44659555136647       -1.90016135462742       -0.14636977339250
C            0.81357759051609        0.40924655273565       -0.46733044803778
C            2.19486793340412        0.25042433729013        0.08908020396308
O            0.45960656496609        1.35515487894061       -1.13359227189209
H           -1.52980883613361        1.47844397991872        0.69106933018486
H           -3.08267653317103        0.65500093994230        0.43814527952962
H           -2.13318806682522        1.22890917595357       -0.95436308883120
H           -2.01397844084336       -1.31287904343574        0.12892217336070
H           -0.19988170250643       -2.67410064932064       -0.00040410096892
H            2.14517325506078        0.32389788956671        1.17538643865662
H            2.85645327565315        1.01841525972847       -0.30199457482271
H            2.55160547319575       -0.74795657612294       -0.15276747546417
15
 energy: -22.532132704684 gnorm: 0.003664367581 xtb: 6.7.1 (edcfbbe)
C           -2.06598183955901        0.78709808823290        0.05145694540308
N           -1.41663655993913       -0.50278833924975        0.02604950205474
C           -0.10346640103330       -0.75771058837255       -0.17699173432446
N            0.44252407656495       -1.91099066025822       -0.17540410207746
C            0.81431907224719        0.39963559991386       -0.48098069671325
C            2.18535888467067        0.25879913131466        0.10469252138182
O            0.46741441958378        1.33280595304894       -1.16806857504581
H           -1.49083635895968        1.49493205304510        0.65079294229960
H           -3.05120252340495        0.66961289046827        0.49486658921647
H           -2.16880005020047        1.20489434179630       -0.95410570558282
H           -2.01770394448295       -1.30951930733128        0.12513737130810
H           -0.20484705852592       -2.68364787017317       -0.02875295702983
H            2.11369997349287        0.35126435227743        1.18796930113416
H            2.84887104025387        1.02450584357968       -0.28758689144533
H            2.55402866029190       -0.74025905899227       -0.11275080197890
15
 energy: -22.531912437697 gnorm: 0.015739992963 xtb: 6.7.1 (edcfbbe)
C           -2.04810799192081        0.78888896481206        0.06244016460965
N           -1.41001798752881       -0.50667410622549        0.04550285062357
C           -0.10352447963727       -0.77168049108438       -0.19911318455557
N            0.43755517916647       -1.92650494261748       -0.22420727910519
C            0.81510971418114        0.38637336147410       -0.50375894331227
C            2.16704524928381        0.27448857865431        0.13547660820764
O            0.48061458623423        1.29368499680130       -1.23471780421061
H           -1.40355390012021        1.52271729203348        0.57505849998475
H           -2.99764669976741        0.70116071134249        0.61277642327559
H           -2.24405607997296        1.15766085744828       -0.96041342871885
H           -2.02427819349429       -1.30812481042632        0.11075454412712
H           -0.21093815844560       -2.69812560869568       -0.07860678598718
H            2.05801120322673        0.40062676577006        1.21397364044335
H            2.83811438514485        1.03242137738721       -0.25960567224931
H            2.55241456464996       -0.72828051737405       -0.03923592453256
15
 energy: -22.532210643445 gnorm: 0.002859085649 xtb: 6.7.1 (edcfbbe)
C           -2.05694538880100        0.78685873696682        0.05670874908604
N           -1.41143535971311       -0.50557698509425        0.05200814186726
C           -0.10360853616982       -0.76398500055883       -0.18809769750297
N            0.43969925360130       -1.91754270580277       -0.20994689441518
C            0.81586730476735        0.39594124807159       -0.49060277745933
C            2.17482362500115        0.26682179038833        0.12102118386359
O            0.47677898530880        1.31550311137454       -1.19983047269861
H           -1.45548813539055        1.51034050527585        0.60620869357831
H           -3.02155216006619        0.69109664236055        0.54690225139465
H           -2.20323355434837        1.17055666468225       -0.95566708767182
H           -2.01853832027101       -1.30964971114246        0.12908126154314
H           -0.20847242916711       -2.68941972125281       -0.06298030973403
H            2.08655581798380        0.37817617358325        1.20013575829093
H            2.84532489336712        1.02465671989851       -0.27538659036574
H            2.54696539489748       -0.73514503945067       -0.07323050117610
15
 energy: -22.532230499183 gnorm: 0.001680500801 xtb: 6.7.1 (edcfbbe)
C           -2.05532704149694        0.78654948409892        0.05757232036609
N           -1.41026522417329       -0.50610636444756        0.05786846232192
C           -0.10390785255043       -0.76406016326559       -0.18901793145446
N            0.43911285930119       -1.91756248873892       -0.21682715258361
C            0.81626322998649        0.39569326138065       -0.49304049616789
C            2.17292888751660        0.26820574011182        0.12410106927938
O            0.47814757148839        1.31319154960754       -1.20440809308767
H           -1.44664906446175        1.51428546757357        0.59521444126199
H           -3.01616447124454        0.69563839204192        0.55890407793690
H           -2.21203016956893        1.16072987908569       -0.95799979810562
H           -2.01808744322302       -1.31010559543686        0.13059312283926
H           -0.20915943477705       -2.68970525232588       -0.07109493826853
H            2.08127953962114        0.38273863978440        1.20286480619431
H            2.84593712929227        1.02407561641979       -0.27178980736960
H            2.54466287528968       -0.73493573658958       -0.06661637456233
15
 energy: -22.532225475217 gnorm: 0.004653385614 xtb: 6.7.1 (edcfbbe)
C           -2.04917185195556        0.78531689545009        0.06261544031247
N           -1.40478283983487       -0.50795112529645        0.08351000616040
C           -0.10476569162307       -0.76435293290813       -0.19407962012976
N            0.43750636482405       -1.91753539725565       -0.24736501493815
C            0.81714495502267        0.39633667118249       -0.49864057063949
C            2.16487019132743        0.27366938535548        0.13798976857773
O            0.48625152898619        1.30109244215834       -1.23128622517056
H           -1.41402924563417        1.52987568378807        0.54954141346817
H           -2.99183422079618        0.71501893527938        0.60855096246746
H           -2.24919978802927        1.12163852252312       -0.96262041371181
H           -2.01636921919963       -1.31200636972069        0.13365773169661
H           -0.21040959606372       -2.69135184363140       -0.10634447217814
H            2.06008532264349        0.40563412355582        1.21463501062851
H            2.84859920610769        1.01916686529802       -0.25987518270855
H            2.53284627522477       -0.73591942647859       -0.03396512523472
15
 energy: -22.532250382277 gnorm: 0.001497425812 xtb: 6.7.1 (edcfbbe)
C           -2.05215099703238        0.78539984805715        0.06057502966269
N           -1.40629990720602       -0.50705742313599        0.07669214372233
C           -0.10462111518170       -0.76318676322158       -0.19187957806347
N            0.43804646779725       -1.91627243644085       -0.23758708620399
C            0.81706526957337        0.39681116082046       -0.49625569588650
C            2.16820133322871        0.27131276781181        0.13288862919588
O            0.48367681705345        1.30652591770104       -1.22006925748771
H           -1.42725651010950        1.52475709847945        0.56356160384888
H           -3.00101704943072        0.70870546560222        0.59018766850466
H           -2.23685671518170        1.13278537666178       -0.96122638518905
H           -2.01600467416967       -1.31136348585397        0.13451451897098
H           -0.20974947208429       -2.68976170076860       -0.09497432293229
H            2.06880069734511        0.39649405974288        1.21033078343894
H            2.84902944222828        1.01982936974330       -0.26368789497594
H            2.53587780416962       -0.73634682589920       -0.04674644800524
15
 energy: -22.532254000820 gnorm: 0.000719438803 xtb: 6.7.1 (edcfbbe)
C           -2.05364485356962        0.78551120600627        0.06006116790480
N           -1.40624134558226       -0.50611187595985        0.07595625657077
C           -0.10435074406722       -0.76253602789134       -0.19124394749951
N            0.43811462424436       -1.91579106742131       -0.23565276138908
C            0.81728194366829        0.39681374302633       -0.49505087431596
C            2.16967036751571        0.27034346675602        0.13176208767992
O            0.48373024334578        1.30804982359603       -1.21638205117267
H           -1.43159336098254        1.52521119356789        0.56411768457851
H           -3.00270458892280        0.70673125476933        0.58681916411592
H           -2.23671930264960        1.13388113113043       -0.96086638152705
H           -2.01557486596436       -1.31050663358935        0.13510825969898
H           -0.20945557526433       -2.68934592079250       -0.09290553723312
H            2.07184110536528        0.39290753114428        1.20935411548338
H            2.84939245646606        1.01998900383452       -0.26409914791930
H            2.53699528739707       -0.73651439887687       -0.05065432637545
15
 energy: -22.532256774137 gnorm: 0.000570079062 xtb: 6.7.1 (edcfbbe)
C           -2.05478976988070        0.78542643583481        0.05972232041946
N           -1.40604586310847       -0.50551098770023        0.07570997881086
C           -0.10413751912901       -0.76178761904483       -0.19081448678615
N            0.43819102599144       -1.91504419358536       -0.23513692785366
C            0.81761759104939        0.39717640311122       -0.49403783129747
C            2.17057798489810        0.26970574796608        0.13183376439769
O            0.48446939501996        1.30887788579393       -1.21514171072246
H           -1.43225708004759        1.52638030742377        0.56056513538248
H           -3.00245278637061        0.70670756241659        0.58922151826274
H           -2.24093376238061        1.13196251741184       -0.96102245993587
H           -2.01516026322890       -1.31009340771288        0.13455549755643
H           -0.20922883814110       -2.68881749452755       -0.09309621560986
H            2.07336857261645        0.39090051608429        1.20963764981916
H            2.84999969321555        1.01977488804632       -0.26360332728493
H            2.53752301049591       -0.73702613221811       -0.05206919655828
15
 energy: -22.532270272090 gnorm: 0.002090757079 xtb: 6.7.1 (edcfbbe)
C           -2.06138056286366        0.78492797761314        0.05723142148109
N           -1.40446403484928       -0.50188336824562        0.07912524556191
C           -0.10289618751314       -0.75757520352589       -0.18894410445688
N            0.43822643722262       -1.91121914005856       -0.23680598100228
C            0.82033024870793        0.39960502213509       -0.48775539038622
C            2.17563793383131        0.26610531607516        0.13366193034174
O            0.48939127845365        1.31520790599455       -1.20420681565780
H           -1.43080673847646        1.53924080646656        0.52681795757062
H           -2.99548290512464        0.70931677713827        0.61176479345024
H           -2.27675664589066        1.11102829138561       -0.96502830560926
H           -2.01267602979944       -1.30752028272808        0.13382249951019
H           -0.20852374675324       -2.68588538510838       -0.09791011849708
H            2.08145800024486        0.37695219855515        1.21253524039761
H            2.85383071661661        1.01934265705329       -0.25720714849570
H            2.54085362719336       -0.73901114345040       -0.06077751560804
15
 energy: -22.532280702010 gnorm: 0.001876504605 xtb: 6.7.1 (edcfbbe)
C           -2.06606721052931        0.78439272788809        0.05472342121404
N           -1.40431993549619       -0.49988998223073        0.07939152203421
C           -0.10201752074306       -0.75440122293972       -0.18639219152188
N            0.43876971855119       -1.90819038449483       -0.23510551167556
C            0.82228142082495        0.40248425818392       -0.48280569920820
C            2.17931759473596        0.26323604235200        0.13440343803568
O            0.49171160590452        1.32172794579619       -1.19571207006192
H           -1.42974860613924        1.54632948847784        0.50338100000645
H           -2.99006436382359        0.71208443804662        0.62767395270604
H           -2.30210894847435        1.09706009003858       -0.96743795164637
H           -2.01160779663025       -1.30685427557203        0.13090715014465
H           -0.20823053703011       -2.68315917563218       -0.09916350671539
H            2.08848922403070        0.36546571181820        1.21470841060639
H            2.85661926201029        1.01913922138097       -0.25309007959925
H            2.54371748380831       -0.74079245381302       -0.06915817571875
15
 energy: -22.532277057943 gnorm: 0.004719132817 xtb: 6.7.1 (edcfbbe)
C           -2.08124340241847        0.78208927732153        0.04411032481159
N           -1.40520592376690       -0.49444890741385        0.07826284514050
C           -0.09985471645897       -0.74453248753407       -0.17963899751771
N            0.44118915472041       -1.89830446009663       -0.22702062740691
C            0.82791586892958        0.41324443993391       -0.46444679339687
C            2.19118282583678        0.25331586090463        0.13415377426409
O            0.49591101533987        1.34807228601594       -1.15771935462999
H           -1.42727723443760        1.56695449559403        0.42861895569324
H           -2.97365500754552        0.72181272506391        0.67334744374159
H           -2.37897766237888        1.05304905704517       -0.97669676772663
H           -2.00803329591467       -1.30559615594913        0.12405377704581
H           -0.20681789280227       -2.67327208430007       -0.09602888839921
H            2.11387140777597        0.32230623939043        1.21915733210312
H            2.86527750616024        1.01953397692545       -0.23977900789715
H            2.55245874796025       -0.74559183360133       -0.10405030722534
15
 energy: -22.532301714546 gnorm: 0.002227823014 xtb: 6.7.1 (edcfbbe)
C           -2.07909857907695        0.78242395425390        0.04441728559900
N           -1.40709486688795       -0.49614396157104        0.07287081942149
C           -0.10048886258844       -0.74600873549420       -0.17902549891553
N            0.44178643982005       -1.89957659880916       -0.22102488052343
C            0.82626594120235        0.41285443511246       -0.46577706885804
C            2.19002473298251        0.25399005155598        0.13067420599330
O            0.49159452086043        1.34818980598135       -1.15728763337074
H           -1.43304989012593        1.55813673615191        0.45214927122651
H           -2.98120999226297        0.71796884003768        0.65341079892318
H           -2.35550962709098        1.06837906076869       -0.97458318299593
H           -2.00940805358209       -1.30719707157324        0.12403211022304
H           -0.20654624974822       -2.67398735838980       -0.08791972283151
H            2.11423087261577        0.32473230565731        1.21554622447555
H            2.86360198112993        1.01982082101572       -0.24505354687329
H            2.55164302375231       -0.74494985539766       -0.10610547289347
15
 energy: -22.532307123506 gnorm: 0.000811877506 xtb: 6.7.1 (edcfbbe)
C           -2.07714926987561        0.78245586854358        0.04453340869465
N           -1.40647979390790       -0.49662695346360        0.07503092719970
C           -0.10058985332420       -0.74715439250685       -0.18006808358728
N            0.44159796941003       -1.90082213740221       -0.22280503974848
C            0.82576418596221        0.41190552832373       -0.46735880780914
C            2.18843559728993        0.25491290794230        0.13073283080952
O            0.49050021812071        1.34720630260195       -1.15737384299736
H           -1.43112890564572        1.55789988519233        0.45265687663713
H           -2.97920780673506        0.71874064968399        0.65272747815095
H           -2.35246607267514        1.06872809473070       -0.97503460335605
H           -2.00930393988314       -1.30728349278516        0.12570907431575
H           -0.20705972526375       -2.67488428611890       -0.08884038206717
H            2.11106752123961        0.32678869677427        1.21467567098421
H            2.86260148457028        1.02029204830572       -0.24419126408847
H            2.55015978171755       -0.74352629052195       -0.10407053453784
15
 energy: -22.532310924209 gnorm: 0.000476575067 xtb: 6.7.1 (edcfbbe)
C           -2.07935345430460        0.78178541621490        0.04159989082746
N           -1.40705732825436       -0.49604246569941        0.07301454447236
C           -0.10029074976448       -0.74575581506769       -0.17925866764320
N            0.44264530464162       -1.89943747925230       -0.21853881505905
C            0.82608942123817        0.41413275306608       -0.46368718624189
C            2.19028806286691        0.25260945598444        0.12872306109419
O            0.48830584241254        1.35547543812708       -1.14392262335550
H           -1.43030434299683        1.56023011602584        0.43931998672607
H           -2.97496085573033        0.72062574533024        0.65776949938058
H           -2.36409907784044        1.06255393497960       -0.97691927397365
H           -2.00853786380409       -1.30763951996314        0.12429075102226
H           -0.20659888600742       -2.67289816392893       -0.08347743936947
H            2.11568945939484        0.31561473411114        1.21336119353576
H            2.86345764176034        1.02113003522396       -0.24136344355566
H            2.55146821738794       -0.74375175585189       -0.11458776926014
15
 energy: -22.532311473249 gnorm: 0.000234379430 xtb: 6.7.1 (edcfbbe)
C           -2.07972203482033        0.78161206344889        0.04159980921361
N           -1.40707295634317       -0.49611534435332        0.07236340148119
C           -0.10033432464162       -0.74557432920095       -0.17990344205673
N            0.44275502606623       -1.89915866281488       -0.21880830236213
C            0.82604136466723        0.41446513537390       -0.46341574917321
C            2.19036713099767        0.25236318900452        0.12887886002434
O            0.48876961349303        1.35596838068519       -1.14395205423134
H           -1.43009380861816        1.55990602577861        0.43800820125821
H           -2.97464677252279        0.72082826954576        0.65948984542074
H           -2.36506682180703        1.06249594251095       -0.97684250700250
H           -2.00838884428436       -1.30776939815684        0.12431216073349
H           -0.20620756145425       -2.67281061785662       -0.08353996817412
H            2.11541091111692        0.31641708673454        1.21337358308146
H            2.86379593761574        1.02039359314178       -0.24173856016523
H            2.55113453153472       -0.74438890454163       -0.11350156944766
15
 energy: -22.532311904906 gnorm: 0.000245091069 xtb: 6.7.1 (edcfbbe)
C           -2.07977486898052        0.78157485639020        0.04163365981180
N           -1.40700477536424       -0.49613314276918        0.07180510228975
C           -0.10025518253336       -0.74555469146494       -0.18021102827800
N            0.44271127600615       -1.89918248860333       -0.21915781592264
C            0.82626700201976        0.41425041896319       -0.46385957529941
C            2.19038605939618        0.25231892848485        0.12915374698046
O            0.48910191880068        1.35622706183966       -1.14387161775690
H           -1.42953948050597        1.56005485700240        0.43649997014794
H           -2.97371485089341        0.72106971148323        0.66117336539323
H           -2.36680377931559        1.06197432235705       -0.97649848313394
H           -2.00828740963151       -1.30777127787493        0.12434264560758
H           -0.20621335518735       -2.67289693641192       -0.08423784363364
H            2.11484773399913        0.31761016130047        1.21353132242248
H            2.86408165119054        1.01986299442873       -0.24194594318465
H            2.55093945199931       -0.74477234582558       -0.11203379684395
15
 energy: -22.532313013661 gnorm: 0.000387972023 xtb: 6.7.1 (edcfbbe)
C           -2.08003285069124        0.78143814750132        0.04171539803127
N           -1.40694593195635       -0.49617248078788        0.06936293515320
C           -0.10004208431277       -0.74534250626776       -0.18157120371872
N            0.44286328972140       -1.89903295793866       -0.22061733961660
C            0.82674837514136        0.41423469748615       -0.46415715226380
C            2.19044854752299        0.25200074040124        0.13011976074409
O            0.49036891105585        1.35723197023252       -1.14313625223620
H           -1.42742406641441        1.56081565008846        0.43082305686771
H           -2.96996053940463        0.72180993402955        0.66720067729662
H           -2.37422970489661        1.05970807128165       -0.97497138104882
H           -2.00803452175811       -1.30783564488320        0.12368190408226
H           -0.20579548206733       -2.67301516363033       -0.08634324841087
H            2.11375494062821        0.32242495414595        1.21413531100061
H            2.86554457705814        1.01705041217952       -0.24350013278728
H            2.54947793137331       -0.74668339453863       -0.10641862449337
15
 energy: -22.532313725530 gnorm: 0.000311062573 xtb: 6.7.1 (edcfbbe)
C           -2.08048356681065        0.78117964291062        0.04182958772202
N           -1.40699449988227       -0.49617917198266        0.06724288254433
C           -0.09979943939427       -0.74515296193423       -0.18239599940647
N            0.44312750221094       -1.89885841886020       -0.22173524456243
C            0.82720486292506        0.41450395671727       -0.46392177531293
C            2.19054064183236        0.25179475128828        0.13103991524642
O            0.49126669310754        1.35799323055450       -1.14239403907419
H           -1.42558268433250        1.56136626847157        0.42538627799818
H           -2.96651110678293        0.72259058732224        0.67283782413688
H           -2.38121094005652        1.05748103935907       -0.97347658503478
H           -2.00787583702313       -1.30795512516887        0.12208991955821
H           -0.20566847433474       -2.67289284953217       -0.08841907434125
H            2.11379683210610        0.32711376652359        1.21479734743347
H            2.86715824255324        1.01416145388362       -0.24533447516043
H            2.54777316488157       -0.74851374025273       -0.10122285314692
15
 energy: -22.532314153913 gnorm: 0.000148718951 xtb: 6.7.1 (edcfbbe)
C           -2.08088992031292        0.78093875458062        0.04194602311407
N           -1.40705975729279       -0.49616744121139        0.06591958646405
C           -0.09966077250926       -0.74500043885726       -0.18280310470404
N            0.44325160944095       -1.89871472722723       -0.22241366099953
C            0.82764233092661        0.41481081915837       -0.46336217462672
C            2.19075919947525        0.25173784274057        0.13172059904099
O            0.49181093512070        1.35839601590658       -1.14171397300630
H           -1.42439131613752        1.56183575157401        0.42122973371059
H           -2.96395604015777        0.72313470774281        0.67708122441315
H           -2.38647313602478        1.05563976554971       -0.97233013644459
H           -2.00782792926868       -1.30811457692769        0.11993464340430
H           -0.20587418595283       -2.67260525539946       -0.08966801084087
H            2.11444880875927        0.33044646489396        1.21528314876844
H            2.86851971963835        1.01206291603865       -0.24678594417973
H            2.54644184529520       -0.74976816926234       -0.09771424551369
15
 energy: -22.532314344876 gnorm: 0.000095848680 xtb: 6.7.1 (edcfbbe)
C           -2.08126474518430        0.78077501775596        0.04203745031861
N           -1.40704696465657       -0.49607992881410        0.06545651252648
C           -0.09953824423421       -0.74479639694804       -0.18283305196769
N            0.44335465126810       -1.89854048792975       -0.22260992237037
C            0.82798410230692        0.41508404549005       -0.46289164443329
C            2.19098444655990        0.25165005720203        0.13213930639516
O            0.49218337298950        1.35863317238706       -1.14133422931283
H           -1.42379724287184        1.56222271073545        0.41837456139217
H           -2.96240300490357        0.72354515588370        0.67990779705004
H           -2.39001041305914        1.05420133176711       -0.97162092231884
H           -2.00777343315984       -1.30818786195446        0.11801416772334
H           -0.20607526001244       -2.67231433760347       -0.09047389411232
H            2.11505950612355        0.33221368508548        1.21559193604540
H            2.86937895637413        1.01077638956997       -0.24763880495205
H            2.54570566345961       -0.75055012332708       -0.09579555338367
15
 energy: -22.532314439502 gnorm: 0.000094739108 xtb: 6.7.1 (edcfbbe)
C           -2.08152046790408        0.78069236533724        0.04206991458410
N           -1.40701452644232       -0.49599354651629        0.06554831672025
C           -0.09950708476926       -0.74463058050096       -0.18284625074807
N            0.44333251449485       -1.89839831778502       -0.22276381551340
C            0.82821081279203        0.41518627657334       -0.46263758059587
C            2.19118589232640        0.25159519026908        0.13234626837527
O            0.49245515253825        1.35876361725476       -1.14106817448653
H           -1.42354430953571        1.56256802355141        0.41652278867032
H           -2.96154987745123        0.72388754138466        0.68155779090791
H           -2.39207645034780        1.05311181821926       -0.97130883125653
H           -2.00777553113597       -1.30818771066132        0.11683371362760
H           -0.20619367627919       -2.67211006090998       -0.09071170264243
H            2.11537306097135        0.33262457619506        1.21576129357045
H            2.86982416785365        1.01033717993824       -0.24776734196365
H            2.54554171388884       -0.75081394304958       -0.09521268064932
