  13
 Etot=          -2.3787012378
 O          0.7822131931       -1.7686905000       -0.1560384483
 C          0.3713444249       -0.5026880046        0.3188990496
 C          1.4055750881        0.5042665161        0.1121875658
 N          2.2346080551        1.2736892932       -0.0565941575
 C         -0.8889378678       -0.0976001242       -0.4366256200
 C         -1.6107998385        1.1440549180       -0.0803928049
 N         -2.1177072437       -0.1496173749        0.3152588003
 H          1.5634038050       -2.0605770286        0.3291797230
 H          0.1351011997       -0.5344048052        1.3963529142
 H         -0.8665049256       -0.4212433236       -1.4734576577
 H         -2.1015769082        1.7036389268       -0.8678482785
 H         -1.2352848784        1.7518829979        0.7325749202
 H         -2.9228007389       -0.4732248568       -0.2104701192
  13
 Etot=          -2.3819879647
 O          0.7918513951       -1.7871983861       -0.1316941457
 C          0.3867527557       -0.4957937534        0.3036671443
 C          1.4186475269        0.4957545712        0.1276529190
 N          2.2487051134        1.2797519859       -0.0688894867
 C         -0.8957917546       -0.0977717046       -0.4345542124
 C         -1.6221503490        1.1428938817       -0.0714384193
 N         -2.1373665762       -0.1547585663        0.3223199651
 H          1.5934600484       -2.0655723185        0.3497460428
 H          0.1483670733       -0.5489613406        1.3800043870
 H         -0.8943134139       -0.4120746948       -1.4834824870
 H         -2.1244484727        1.7029358526       -0.8610861389
 H         -1.2305716410        1.7601777940        0.7352644957
 H         -2.9345083407       -0.4498966869       -0.2444841769
  13
 Etot=          -2.3824466045
 O          0.7909157657       -1.8062320871       -0.1011847384
 C          0.3992458826       -0.4841708770        0.2845648158
 C          1.4184110704        0.4929848731        0.0796027143
 N          2.2794293321        1.2687039663       -0.0091110526
 C         -0.9078761386       -0.1036483818       -0.4362797454
 C         -1.6322484040        1.1375275155       -0.0656412295
 N         -2.1569051569       -0.1605728669        0.3299013716
 H          1.6238308087       -2.0581420919        0.3570350364
 H          0.1751167455       -0.5347884444        1.3634982768
 H         -0.9283963809       -0.4132118138       -1.4910120376
 H         -2.1470723226        1.6993909862       -0.8512609791
 H         -1.2207298398        1.7611114095        0.7314049266
 H         -2.9450879973       -0.4294655537       -0.2684914718
  13
 Etot=          -2.3827335919
 O          0.7915547888       -1.8087387039       -0.0890046142
 C          0.3998442389       -0.4833005918        0.2907386407
 C          1.4292063923        0.4863179788        0.1182691171
 N          2.2596332588        1.2667811199       -0.0655846838
 C         -0.9045888914       -0.0999615597       -0.4361266504
 C         -1.6322328271        1.1370947601       -0.0609848327
 N         -2.1604329897       -0.1634488105        0.3231166776
 H          1.6311434584       -2.0556995754        0.3582406127
 H          0.1645971169       -0.5423218071        1.3668427807
 H         -0.9217693103       -0.4027195351       -1.4917289753
 H         -2.1470659211        1.7045669475       -0.8418906900
 H         -1.2208956164        1.7558373722        0.7387057525
 H         -2.9403603332       -0.4249209607       -0.2875672479
  13
 Etot=          -2.3828712489
 O          0.7869725215       -1.8066842858       -0.0898932163
 C          0.3953984870       -0.4849648687        0.2938013672
 C          1.4266528623        0.4866856748        0.1098976512
 N          2.2636889319        1.2660981534       -0.0596146843
 C         -0.9039353218       -0.1000196719       -0.4373365743
 C         -1.6305925629        1.1366300500       -0.0625780391
 N         -2.1574583592       -0.1631521837        0.3203029878
 H          1.6263759213       -2.0530308206        0.3513250157
 H          0.1609184252       -0.5341575831        1.3706639535
 H         -0.9155208430       -0.4043617565       -1.4904294326
 H         -2.1433977717        1.7055782644       -0.8415848981
 H         -1.2221789426        1.7520821796        0.7391270388
 H         -2.9382899833       -0.4312165176       -0.2806552824
  13
 Etot=          -2.3829212822
 O          0.7814603218       -1.8101237932       -0.0796841936
 C          0.3940428112       -0.4841828466        0.2948964818
 C          1.4271865928        0.4838094745        0.1019676793
 N          2.2689483333        1.2616112111       -0.0584251470
 C         -0.9047957738       -0.1003493635       -0.4377678254
 C         -1.6314821160        1.1349604902       -0.0608115065
 N         -2.1600534516       -0.1652870821        0.3174878448
 H          1.6321689092       -2.0467701235        0.3458785816
 H          0.1609207788       -0.5251862679        1.3724146222
 H         -0.9144375820       -0.4026367658       -1.4911726840
 H         -2.1443596183        1.7069623102       -0.8373120148
 H         -1.2224282229        1.7477173575        0.7423981288
 H         -2.9385376177       -0.4310379668       -0.2868440798
  13
 Etot=          -2.3829728590
 O          0.7714122059       -1.8160158772       -0.0592722619
 C          0.3920083461       -0.4825799784        0.2978918682
 C          1.4307073064        0.4773026627        0.0935393644
 N          2.2760573838        1.2521400441       -0.0669732720
 C         -0.9049788879       -0.0994701262       -0.4382010979
 C         -1.6337273147        1.1322111669       -0.0564689294
 N         -2.1642271406       -0.1701722927        0.3110727836
 H          1.6412841075       -2.0360271000        0.3368278369
 H          0.1595611679       -0.5096182232        1.3761669948
 H         -0.9096601156       -0.3960901692       -1.4931383625
 H         -2.1461671879        1.7099305608       -0.8289430464
 H         -1.2256170322        1.7396175133        0.7511463838
 H         -2.9380194741       -0.4317415466       -0.3006223745
  13
 Etot=          -2.3830068940
 O          0.7626497350       -1.8200953511       -0.0408088915
 C          0.3909755175       -0.4807157704        0.3011771083
 C          1.4353273462        0.4713515745        0.0878607439
 N          2.2816542753        1.2429005938       -0.0812909522
 C         -0.9036349829       -0.0972258088       -0.4382553263
 C         -1.6364977293        1.1300971442       -0.0516390197
 N         -2.1666625167       -0.1756350538        0.3043426924
 H          1.6450855604       -2.0291693093        0.3308193662
 H          0.1585664729       -0.4957081968        1.3798308184
 H         -0.9024703718       -0.3870017027       -1.4953223113
 H         -2.1476278856        1.7125136252       -0.8215551214
 H         -1.2323316144        1.7325486915        0.7617795245
 H         -2.9364004417       -0.4343738021       -0.3139127442
