  16
 Etot=          -2.6305713602
 C         -1.1089574462       -1.6684213338       -0.2379037954
 C         -1.4732420825       -0.3752488308        0.4511148712
 C         -1.9147232784        0.8118059949       -0.3165388276
 N         -0.6482113432        0.8127970032        0.3759830093
 C          0.5750254556        0.8040045271       -0.3877284732
 C          1.6689700190        0.0942658402        0.3586863053
 O          2.6801222336       -0.3308526926       -0.1320873680
 H         -1.9485325642       -2.3578351842       -0.1786771092
 H         -0.2495900404       -2.1293845337        0.2493338550
 H         -0.8686343238       -1.5141671719       -1.2873570362
 H         -1.8983628051       -0.5147805036        1.4413012314
 H         -2.6641737321        1.4780310531        0.0881255820
 H         -1.9096627326        0.7438133836       -1.4002471452
 H          0.8966126843        1.8483995891       -0.5036724780
 H          0.4886243320        0.3797074759       -1.4010492611
 H          1.4650901571       -0.0018155266        1.4414537939
  16
 Etot=          -2.6337814873
 C         -1.1115063295       -1.6662264295       -0.2334194885
 C         -1.4871788248       -0.3722567075        0.4618426696
 C         -1.9316514947        0.8118405046       -0.3206514579
 N         -0.6518509804        0.8207723324        0.3651587139
 C          0.6019457983        0.8131197154       -0.3784012569
 C          1.6788468017        0.0947649760        0.3668048589
 O          2.6747902265       -0.3432619277       -0.1310423050
 H         -1.9400262889       -2.3751860396       -0.2024908868
 H         -0.2511061768       -2.1326038627        0.2478010916
 H         -0.8596321582       -1.5003543833       -1.2800693337
 H         -1.9189519329       -0.5130233989        1.4567761179
 H         -2.6905066352        1.4779943780        0.0845016325
 H         -1.9211701838        0.7474189464       -1.4075536640
 H          0.9043094944        1.8556433946       -0.5305303494
 H          0.4826655875        0.3738776579       -1.3763231739
 H          1.5113776300       -0.0122000661        1.4383339861
  16
 Etot=          -2.6347110980
 C         -1.1127441694       -1.6627653351       -0.2305875116
 C         -1.5005573044       -0.3702879462        0.4691631594
 C         -1.9517644210        0.8090540664       -0.3232420347
 N         -0.6590728313        0.8277865909        0.3522183353
 C          0.6222995309        0.8210622953       -0.3725739847
 C          1.6860969378        0.0969920612        0.3709915208
 O          2.6703906093       -0.3558340013       -0.1332182272
 H         -1.9355520659       -2.3811784789       -0.2252133371
 H         -0.2554295243       -2.1320127312        0.2535119659
 H         -0.8452758165       -1.4849715787       -1.2723256660
 H         -1.9359505136       -0.5123231747        1.4655258069
 H         -2.7174411526        1.4712973383        0.0828798890
 H         -1.9393380111        0.7487611137       -1.4111828194
 H          0.9216650152        1.8585852555       -0.5480808085
 H          0.4836505842        0.3662437179       -1.3568195469
 H          1.5593776659       -0.0200901029        1.4396904131
  16
 Etot=          -2.6347953995
 C         -1.1119313472       -1.6608649583       -0.2307634362
 C         -1.5031337248       -0.3698613687        0.4693294664
 C         -1.9586469405        0.8071950069       -0.3227268891
 N         -0.6627565499        0.8297495390        0.3483028172
 C          0.6244134365        0.8224387142       -0.3719253307
 C          1.6865429996        0.0961063573        0.3703702688
 O          2.6667023689       -0.3654323200       -0.1354653395
 H         -1.9362820787       -2.3765558337       -0.2357169813
 H         -0.2599050040       -2.1324000951        0.2603782984
 H         -0.8341431547       -1.4791846310       -1.2689696877
 H         -1.9387792814       -0.5129593776        1.4649138757
 H         -2.7262401749        1.4659046487        0.0843776951
 H         -1.9485468027        0.7476237796       -1.4104332476
 H          0.9290758165        1.8575797324       -0.5494518502
 H          0.4863130028        0.3646621173       -1.3542197668
 H          1.5776719677       -0.0136822207        1.4427372616
  16
 Etot=          -2.6348566831
 C         -1.1096557129       -1.6583814499       -0.2312877890
 C         -1.5029925794       -0.3692745392        0.4690352889
 C         -1.9651472406        0.8045909491       -0.3210401391
 N         -0.6661588126        0.8322344825        0.3442817947
 C          0.6245759766        0.8236459729       -0.3725550949
 C          1.6858653007        0.0953202897        0.3690977352
 O          2.6584368657       -0.3837087381       -0.1372931661
 H         -1.9389283679       -2.3671680534       -0.2522450314
 H         -0.2681070929       -2.1366195656        0.2717061006
 H         -0.8146245825       -1.4723733373       -1.2638197177
 H         -1.9379781916       -0.5138066642        1.4639095910
 H         -2.7350465065        1.4582640535        0.0881564182
 H         -1.9601056019        0.7445420345       -1.4084396940
 H          0.9352158740        1.8569801244       -0.5495392111
 H          0.4892033496        0.3656632948       -1.3550144122
 H          1.5958018551        0.0004102365        1.4457844811
  16
 Etot=          -2.6349109091
 C         -1.1061903180       -1.6561202604       -0.2316454800
 C         -1.4997331288       -0.3686540846        0.4692883185
 C         -1.9700757306        0.8014978633       -0.3187937988
 N         -0.6682140929        0.8353057665        0.3405353471
 C          0.6238368374        0.8256142196       -0.3743359720
 C          1.6836969255        0.0944189134        0.3672801995
 O          2.6448854149       -0.4094047787       -0.1388002461
 H         -1.9431996580       -2.3548174308       -0.2739305485
 H         -0.2797145929       -2.1461649835        0.2858019025
 H         -0.7882705151       -1.4657917700       -1.2567266427
 H         -1.9330308784       -0.5145516218        1.4642388450
 H         -2.7424937945        1.4498470626        0.0932299989
 H         -1.9714486133        0.7395389353       -1.4059794566
 H          0.9385041181        1.8583083542       -0.5484121884
 H          0.4912496346        0.3704480209       -1.3586839975
 H          1.6105529251        0.0208448841        1.4476708732
  16
 Etot=          -2.6349851884
 C         -1.1001118656       -1.6537408478       -0.2314884239
 C         -1.4915523812       -0.3679435928        0.4709194854
 C         -1.9753474307        0.7961480073       -0.3155185475
 N         -0.6696477434        0.8406190205        0.3353993624
 C          0.6224281260        0.8305645133       -0.3777648779
 C          1.6788912838        0.0932137790        0.3637086576
 O          2.6179685080       -0.4543115426       -0.1420477431
 H         -1.9510759102       -2.3337435437       -0.3111829968
 H         -0.3014478526       -2.1672133376        0.3092636797
 H         -0.7423499045       -1.4575629937       -1.2431752761
 H         -1.9212284930       -0.5154080473        1.4670398830
 H         -2.7515386670        1.4370870132        0.1007608492
 H         -1.9862133430        0.7297497183       -1.4024506202
 H          0.9404027219        1.8636750889       -0.5444613892
 H          0.4931200786        0.3829290322       -1.3664302497
 H          1.6280574060        0.0562568230        1.4481653613
  16
 Etot=          -2.6350616646
 C         -1.0956465992       -1.6534786200       -0.2303798677
 C         -1.4829562488       -0.3678330818        0.4733927995
 C         -1.9769201273        0.7913797396       -0.3138416696
 N         -0.6692433180        0.8447782916        0.3321067603
 C          0.6213754832        0.8361483366       -0.3805831000
 C          1.6741243331        0.0919665674        0.3600375860
 O          2.5932737275       -0.4880750648       -0.1453649348
 H         -1.9574385204       -2.3163494815       -0.3402424522
 H         -0.3217892629       -2.1880638953        0.3269614764
 H         -0.7058217042       -1.4550076845       -1.2298748554
 H         -1.9090700754       -0.5154296157        1.4713052351
 H         -2.7553290226        1.4283832890        0.1047843877
 H         -1.9933986055        0.7203545585       -1.4005572322
 H          0.9394937932        1.8708928094       -0.5379444234
 H          0.4936260875        0.3978361285       -1.3739731980
 H          1.6360745930        0.0828168133        1.4449106425
  16
 Etot=          -2.6351559739
 C         -1.0915932882       -1.6554793257       -0.2277550251
 C         -1.4733531759       -0.3684661315        0.4774836732
 C         -1.9755704959        0.7859188392       -0.3140897037
 N         -0.6679595968        0.8489751132        0.3306655220
 C          0.6206425305        0.8450637202       -0.3818236997
 C          1.6691230218        0.0917081840        0.3556098952
 O          2.5626459293       -0.5208771519       -0.1530974512
 H         -1.9615402071       -2.3002844258       -0.3663985500
 H         -0.3442527030       -2.2112621171        0.3421517408
 H         -0.6715163868       -1.4578411614       -1.2134871408
 H         -1.8964493830       -0.5148248515        1.4775702639
 H         -2.7555911831        1.4219849492        0.1040420353
 H         -1.9925705948        0.7097073897       -1.4005769482
 H          0.9363843680        1.8825731741       -0.5271779935
 H          0.4920845961        0.4185070088       -1.3804095545
 H          1.6398711022        0.1049158767        1.4380300905
  16
 Etot=          -2.6351803066
 C         -1.0842682345       -1.6572391960       -0.2239864466
 C         -1.4642621141       -0.3697413572        0.4828417665
 C         -1.9775798744        0.7777848860       -0.3140772728
 N         -0.6697401331        0.8550238024        0.3292430554
 C          0.6194127342        0.8585759157       -0.3811677070
 C          1.6627291426        0.0906012346        0.3482304418
 O          2.5133224573       -0.5787980266       -0.1721879184
 H         -1.9662218968       -2.2774838902       -0.4113745901
 H         -0.3767431685       -2.2419711091        0.3708358233
 H         -0.6133411773       -1.4564243114       -1.1888508187
 H         -1.8862850246       -0.5158450427        1.4838602954
 H         -2.7615469850        1.4108214683        0.1022894141
 H         -1.9936043549        0.6965507327       -1.4002858039
 H          0.9360118773        1.8978710170       -0.5132030075
 H          0.4884238929        0.4450117090       -1.3848770375
 H          1.6640473919        0.1455812577        1.4334469603
  16
 Etot=          -2.6352638693
 C         -1.0850370172       -1.6599584546       -0.2212298214
 C         -1.4675720968       -0.3711712118        0.4839612500
 C         -1.9751804783        0.7773483437       -0.3166439201
 N         -0.6706148747        0.8532161569        0.3327399933
 C          0.6192155397        0.8614640542       -0.3778840808
 C          1.6633491546        0.0896723920        0.3454649264
 O          2.5077833697       -0.5719056725       -0.1818459195
 H         -1.9625638292       -2.2806686475       -0.4082252120
 H         -0.3793865511       -2.2417143693        0.3721358615
 H         -0.6148057417       -1.4615553531       -1.1839157258
 H         -1.8933398596       -0.5157644354        1.4835849742
 H         -2.7584383032        1.4144989666        0.0947914031
 H         -1.9829027412        0.6975830924       -1.4029559267
 H          0.9353520079        1.9009666424       -0.5070281580
 H          0.4856734862        0.4503240638       -1.3816255192
 H          1.6688224681        0.1379835223        1.4294130293
  16
 Etot=          -2.6353119939
 C         -1.0795887997       -1.6614619411       -0.2154609718
 C         -1.4670707591       -0.3719425885        0.4864126657
 C         -1.9750920240        0.7734558977       -0.3186723072
 N         -0.6732355719        0.8554851623        0.3351539645
 C          0.6180503256        0.8722545714       -0.3748028745
 C          1.6631379410        0.0938008180        0.3397164875
 O          2.4778382245       -0.5981732955       -0.2001047280
 H         -1.9584153088       -2.2718144784       -0.4255468471
 H         -0.3943108484       -2.2526105133        0.3919882717
 H         -0.5853151263       -1.4637616206       -1.1659234290
 H         -1.8978526883       -0.5156611004        1.4837709581
 H         -2.7611602258        1.4105143638        0.0873948520
 H         -1.9765186587        0.6927855300       -1.4049214586
 H          0.9347738178        1.9123125728       -0.4965901834
 H          0.4832507232        0.4680182849       -1.3809112615
 H          1.6818635121        0.1371174270        1.4192340158
  16
 Etot=          -2.6353364088
 C         -1.0678018272       -1.6646026414       -0.2034473829
 C         -1.4667929016       -0.3744861201        0.4909276610
 C         -1.9759336451        0.7641718495       -0.3222216688
 N         -0.6797977509        0.8585292099        0.3404142764
 C          0.6133781876        0.8919958019       -0.3688037580
 C          1.6570985142        0.0885469874        0.3223562328
 O          2.4085968189       -0.6614705371       -0.2416008004
 H         -1.9529258887       -2.2476869497       -0.4764124862
 H         -0.4355046418       -2.2827004771        0.4424223638
 H         -0.5080766871       -1.4661447145       -1.1224074024
 H         -1.9092644434       -0.5169381183        1.4829210928
 H         -2.7682061289        1.3998746573        0.0734332970
 H         -1.9659620146        0.6813831706       -1.4083327281
 H          0.9351352625        1.9333940411       -0.4665097615
 H          0.4760244682        0.5117523807       -1.3843381601
 H          1.7303872110        0.1647005499        1.4023363788
  16
 Etot=          -2.6354359841
 C         -1.0690719394       -1.6626390377       -0.2037480961
 C         -1.4732230814       -0.3735442255        0.4873768186
 C         -1.9753249466        0.7682989284       -0.3226926152
 N         -0.6802075333        0.8552060725        0.3424707868
 C          0.6123669512        0.8854322097       -0.3685051913
 C          1.6578626731        0.0837457912        0.3228291142
 O          2.4267430424       -0.6424490036       -0.2357358080
 H         -1.9462176089       -2.2591340134       -0.4568853724
 H         -0.4190986314       -2.2653060612        0.4327241400
 H         -0.5309569437       -1.4648087805       -1.1301621019
 H         -1.9196928819       -0.5167254863        1.4771745651
 H         -2.7671115755        1.4041013098        0.0728241380
 H         -1.9657735254        0.6879925615       -1.4089345724
 H          0.9361397930        1.9256778875       -0.4683726975
 H          0.4761834962        0.5039519454       -1.3838385567
 H          1.7277372449        0.1505189924        1.4042126029
  16
 Etot=          -2.6354958046
 C         -1.0620127372       -1.6619986891       -0.1963633938
 C         -1.4757469277       -0.3730253834        0.4882219163
 C         -1.9745045123        0.7664406906       -0.3257410774
 N         -0.6831339332        0.8562657348        0.3465228439
 C          0.6091098500        0.8923866355       -0.3655786241
 C          1.6537941321        0.0777778289        0.3133669283
 O          2.3978629814       -0.6700464967       -0.2522296486
 H         -1.9343811054       -2.2556122995       -0.4689613479
 H         -0.4270646934       -2.2667744194        0.4511193642
 H         -0.5039830153       -1.4642103247       -1.1102107213
 H         -1.9310670025       -0.5155808452        1.4741738401
 H         -2.7699187882        1.4011599086        0.0641817932
 H         -1.9600563269        0.6841345642       -1.4118153829
 H          0.9353049018        1.9333412997       -0.4517724159
 H          0.4713919018        0.5256653957       -1.3866862120
 H          1.7447598083        0.1503954902        1.3925092921
  16
 Etot=          -2.6354215929
 C         -1.0316150453       -1.6587994916       -0.1647640811
 C         -1.4841664157       -0.3701364276        0.4933913163
 C         -1.9723697498        0.7583378766       -0.3379462825
 N         -0.6944942673        0.8620483332        0.3607954636
 C          0.5959196012        0.9198844855       -0.3557659680
 C          1.6351377587        0.0518013169        0.2708351142
 O          2.2762423104       -0.7818264387       -0.3186409985
 H         -1.8905701407       -2.2343405784       -0.5328172932
 H         -0.4695923406       -2.2832406271        0.5390773464
 H         -0.3742060736       -1.4578119332       -1.0215045103
 H         -1.9734624703       -0.5096312236        1.4647620159
 H         -2.7821140755        1.3880631363        0.0312352098
 H         -1.9412201280        0.6644333720       -1.4229622224
 H          0.9317396030        1.9638545514       -0.3818441091
 H          0.4505824716        0.6178231609       -1.4008393958
 H          1.8145434948        0.1498595777        1.3377255488
  16
 Etot=          -2.6356154725
 C         -1.0426089666       -1.6578349859       -0.1773499035
 C         -1.4816985383       -0.3694650604        0.4904347845
 C         -1.9725089956        0.7642760701       -0.3344149734
 N         -0.6892037983        0.8603423699        0.3551377555
 C          0.6009302266        0.9051003717       -0.3600195464
 C          1.6403479451        0.0589732261        0.2873512772
 O          2.3304882782       -0.7312411075       -0.2860455981
 H         -1.9017228728       -2.2493604506       -0.4958985792
 H         -0.4412567855       -2.2677232628        0.4967004821
 H         -0.4373558446       -1.4571654349       -1.0600712352
 H         -1.9576697459       -0.5104853363        1.4675051392
 H         -2.7764203647        1.3956835465        0.0439164212
 H         -1.9494792052        0.6728831251       -1.4195913634
 H          0.9328210786        1.9471251131       -0.4089531834
 H          0.4575834063        0.5790100680       -1.3945773424
 H          1.7781087160        0.1402008380        1.3566130196
  16
 Etot=          -2.6356374327
 C         -1.0393306224       -1.6579723317       -0.1772031565
 C         -1.4808756118       -0.3699636139        0.4907625270
 C         -1.9728307449        0.7626818983       -0.3365182314
 N         -0.6912717522        0.8621748972        0.3561755355
 C          0.5998981893        0.9086839778       -0.3568448999
 C          1.6361496106        0.0557185930        0.2849505916
 O          2.3079101229       -0.7510843226       -0.2940019755
 H         -1.8952861947       -2.2464526739       -0.5006430686
 H         -0.4449795785       -2.2707530583        0.4985022941
 H         -0.4297643053       -1.4583084040       -1.0535056599
 H         -1.9574856094       -0.5116167304        1.4671993429
 H         -2.7779670555        1.3940770204        0.0393960639
 H         -1.9458105444        0.6701962059       -1.4215784072
 H          0.9346691092        1.9496971557       -0.3998447980
 H          0.4550422116        0.5880207061       -1.3919163106
 H          1.7922873086        0.1552197705        1.3558073069
  16
 Etot=          -2.6356942839
 C         -1.0331179639       -1.6571835099       -0.1713455302
 C         -1.4816830070       -0.3691254331        0.4918068136
 C         -1.9733997393        0.7611101982       -0.3390123300
 N         -0.6938408015        0.8642772920        0.3574261257
 C          0.5975732906        0.9136766148       -0.3551162811
 C          1.6313459539        0.0508125879        0.2765986880
 O          2.2811908766       -0.7715150688       -0.3054728756
 H         -1.8873238701       -2.2411243784       -0.5149660728
 H         -0.4543720205       -2.2749482235        0.5167171251
 H         -0.4012395692       -1.4563109195       -1.0353619487
 H         -1.9622646505       -0.5101032912        1.4663364292
 H         -2.7806679946        1.3915818478        0.0337014529
 H         -1.9439831403        0.6654919257       -1.4237046848
 H          0.9354720489        1.9542691820       -0.3862388194
 H          0.4512909917        0.6055698543       -1.3939504084
 H          1.8053741285        0.1538404118        1.3433194706
  16
 Etot=          -2.6357536205
 C         -1.0197504331       -1.6554184619       -0.1601956781
 C         -1.4816423056       -0.3670967704        0.4937210368
 C         -1.9741573883        0.7576014376       -0.3449500048
 N         -0.6989568578        0.8698354361        0.3592362936
 C          0.5934561181        0.9251233806       -0.3509903509
 C          1.6202083357        0.0405533190        0.2611520310
 O          2.2224528130       -0.8162109265       -0.3264480494
 H         -1.8680721607       -2.2319358076       -0.5376551319
 H         -0.4684486719       -2.2811595028        0.5466174924
 H         -0.3524710752       -1.4536247499       -1.0005272903
 H         -1.9690561161       -0.5065147698        1.4650942639
 H         -2.7863380362        1.3859491479        0.0207697386
 H         -1.9392630013        0.6551819716       -1.4288481222
 H          0.9383072802        1.9644535013       -0.3575642354
 H          0.4446473826        0.6426510308       -1.3973510588
 H          1.8294386497        0.1509308544        1.3186762195
  16
 Etot=          -2.6358250430
 C         -1.0137433052       -1.6542543364       -0.1555555432
 C         -1.4810280278       -0.3657394124        0.4941121850
 C         -1.9755354990        0.7556540487       -0.3480740164
 N         -0.7019758762        0.8732981486        0.3580345777
 C          0.5921378955        0.9300210321       -0.3488864212
 C          1.6135655162        0.0343301960        0.2546783628
 O          2.1921970090       -0.8341642420       -0.3328954561
 H         -1.8589591741       -2.2280481153       -0.5457758637
 H         -0.4730288995       -2.2822795754        0.5578632144
 H         -0.3328875786       -1.4520803682       -0.9854103213
 H         -1.9692780691       -0.5040353668        1.4650952543
 H         -2.7899813351        1.3825628643        0.0147678978
 H         -1.9388766393        0.6499070885       -1.4314869305
 H          0.9422322989        1.9674172796       -0.3437910917
 H          0.4434481235        0.6597915959       -1.3984010277
 H          1.8420680938        0.1479382530        1.3064623342
  16
 Etot=          -2.6359221921
 C         -1.0118238254       -1.6535013524       -0.1580826717
 C         -1.4769138116       -0.3654822035        0.4942018514
 C         -1.9748451282        0.7541602822       -0.3474208719
 N         -0.7011739816        0.8756424877        0.3571278974
 C          0.5937072707        0.9340153748       -0.3485337277
 C          1.6151506043        0.0389201690        0.2565864958
 O          2.1709475175       -0.8471746431       -0.3242960736
 H         -1.8562643390       -2.2275024767       -0.5428599441
 H         -0.4680115855       -2.2812477141        0.5500497789
 H         -0.3388722697       -1.4528584648       -0.9914893159
 H         -1.9637889096       -0.5049159023        1.4658308761
 H         -2.7911861489        1.3785390154        0.0154824349
 H         -1.9384311067        0.6489046013       -1.4309280973
 H          0.9435525372        1.9710040119       -0.3477107737
 H          0.4450866901        0.6592592205       -1.3965412142
 H          1.8432210197        0.1525566844        1.3093205095
  16
 Etot=          -2.6360709566
 C         -1.0076856468       -1.6518058822       -0.1660044928
 C         -1.4687758206       -0.3655294667        0.4931556245
 C         -1.9747212758        0.7507660906       -0.3465707765
 N         -0.7009349926        0.8805187576        0.3546488696
 C          0.5962769732        0.9407684851       -0.3464211579
 C          1.6120894789        0.0425667787        0.2652500167
 O          2.1146239026       -0.8862962331       -0.2991924679
 H         -1.8526819503       -2.2282996449       -0.5367505412
 H         -0.4524687940       -2.2772226573        0.5312022965
 H         -0.3527143076       -1.4508519677       -1.0095764396
 H         -1.9516509993       -0.5081825876        1.4664855314
 H         -2.7953450348        1.3690647721        0.0171003253
 H         -1.9384250679        0.6475211933       -1.4303399274
 H          0.9474065724        1.9766537349       -0.3509003329
 H          0.4502210293        0.6591903834       -1.3924982399
 H          1.8651404662        0.1814573340        1.3111488663
  16
 Etot=          -2.6361490633
 C         -1.0024977797       -1.6496237173       -0.1783315310
 C         -1.4593318118       -0.3661472377        0.4901330808
 C         -1.9759562164        0.7465163675       -0.3466411867
 N         -0.7018668008        0.8863115610        0.3503343900
 C          0.5993757518        0.9472090531       -0.3422523054
 C          1.6061064203        0.0440205715        0.2788193675
 O          2.0288020813       -0.9475016486       -0.2579407036
 H         -1.8505058249       -2.2337214355       -0.5260729265
 H         -0.4244716213       -2.2685058638        0.5046258501
 H         -0.3732067966       -1.4446146808       -1.0390345557
 H         -1.9356273043       -0.5133837113        1.4661454997
 H         -2.8018434819        1.3566537592        0.0190798976
 H         -1.9398742196        0.6466557474       -1.4307871969
 H          0.9525561614        1.9820155184       -0.3479530458
 H          0.4593485786        0.6616143366       -1.3877438625
 H          1.9093473971        0.2328204705        1.3083563826
  16
 Etot=          -2.6362846339
 C         -1.0051160672       -1.6504502861       -0.1775796226
 C         -1.4621171264       -0.3664206513        0.4892020864
 C         -1.9770217223        0.7469686922       -0.3482248749
 N         -0.7027596627        0.8844425341        0.3490042363
 C          0.5991870283        0.9436972281       -0.3417036590
 C          1.6047236766        0.0395543162        0.2791468600
 O          2.0395827546       -0.9375211415       -0.2588921650
 H         -1.8545166988       -2.2375380582       -0.5217167549
 H         -0.4224131819       -2.2661214546        0.5062701557
 H         -0.3768878672       -1.4444781953       -1.0405593004
 H         -1.9375283719       -0.5121661875        1.4657352874
 H         -2.8013553237        1.3588730770        0.0178260252
 H         -1.9410685556        0.6469173950       -1.4323137199
 H          0.9523550179        1.9788542188       -0.3406653244
 H          0.4623850082        0.6639889617       -1.3894025872
 H          1.9129056254        0.2317186416        1.3046105115
  16
 Etot=          -2.6364246079
 C         -1.0048619131       -1.6502175812       -0.1832096854
 C         -1.4609374875       -0.3671246135        0.4854773014
 C         -1.9791340250        0.7459999060       -0.3509011481
 N         -0.7039534642        0.8848467755        0.3445255820
 C          0.6012545446        0.9434450629       -0.3389437054
 C          1.6032921249        0.0378740294        0.2852323662
 O          2.0010075431       -0.9640197080       -0.2327968916
 H         -1.8574780466       -2.2495779113       -0.5065153476
 H         -0.3983799855       -2.2546667824        0.4938755158
 H         -0.3940992085       -1.4397271250       -1.0608065907
 H         -1.9311847402       -0.5136009704        1.4642594543
 H         -2.8039031918        1.3557802448        0.0176134896
 H         -1.9443624762        0.6473252085       -1.4351111136
 H          0.9538263740        1.9793167121       -0.3276118369
 H          0.4717921729        0.6712344088       -1.3899226205
 H          1.9374763126        0.2534314340        1.2955723847
  16
 Etot=          -2.6365044028
 C         -1.0028997375       -1.6494195284       -0.1937183823
 C         -1.4602513767       -0.3690273063        0.4778630283
 C         -1.9827660474        0.7450965730       -0.3554947245
 N         -0.7063758762        0.8846935401        0.3384605584
 C          0.6043093319        0.9447537598       -0.3329500409
 C          1.5997331506        0.0346492547        0.2952215484
 O          1.9205415158       -1.0215702457       -0.1805581005
 H         -1.8560049003       -2.2716918632       -0.4814719946
 H         -0.3562439655       -2.2327196161        0.4697230686
 H         -0.4239089747       -1.4327956361       -1.0947429500
 H         -1.9229149308       -0.5182404071        1.4596703577
 H         -2.8085390563        1.3508864683        0.0173006496
 H         -1.9496993845        0.6495042848       -1.4399900795
 H          0.9559655785        1.9814827580       -0.3045058029
 H          0.4861032731        0.6853689319       -1.3890434288
 H          1.9933059332        0.2993481225        1.2749734472
  16
 Etot=          -2.6366100706
 C         -1.0037351189       -1.6502327870       -0.1900732089
 C         -1.4652459417       -0.3695190668        0.4770919760
 C         -1.9826468203        0.7473247887       -0.3565451478
 N         -0.7063322299        0.8813881668        0.3402008634
 C          0.6034943018        0.9438918878       -0.3330097209
 C          1.6034099805        0.0354689858        0.2895524178
 O          1.9354188680       -1.0118771924       -0.1846431817
 H         -1.8526284786       -2.2747823066       -0.4814652169
 H         -0.3601088636       -2.2306050492        0.4765594398
 H         -0.4198031464       -1.4351180600       -1.0867074482
 H         -1.9302713604       -0.5177843979        1.4577732871
 H         -2.8063270129        1.3560358873        0.0160676839
 H         -1.9497717247        0.6508154967       -1.4409325123
 H          0.9529015368        1.9814512479       -0.3008137079
 H          0.4837214811        0.6890942466       -1.3901202835
 H          1.9882790624        0.2847672425        1.2678019144
  16
 Etot=          -2.6367004509
 C         -1.0045240822       -1.6509393904       -0.1922830394
 C         -1.4707617231       -0.3716949902        0.4737974664
 C         -1.9835097967        0.7483086984       -0.3586863304
 N         -0.7085574212        0.8775428932        0.3424113349
 C          0.6024236226        0.9430977672       -0.3281086091
 C          1.6015928151        0.0315980642        0.2907560027
 O          1.9137953474       -1.0263483225       -0.1668902274
 H         -1.8483774405       -2.2821261128       -0.4768740145
 H         -0.3535850322       -2.2237611590        0.4707159465
 H         -0.4279785877       -1.4357398813       -1.0917431610
 H         -1.9377149644       -0.5212094902        1.4533121879
 H         -2.8065828338        1.3582359105        0.0131857688
 H         -1.9486814920        0.6533642980       -1.4431651515
 H          0.9513218946        1.9804534351       -0.2904997295
 H          0.4842837179        0.6937783697       -1.3864806396
 H          2.0272105095        0.3057590002        1.2512893494
  16
 Etot=          -2.6367236865
 C         -1.0037094564       -1.6526052828       -0.1995832285
 C         -1.4798075675       -0.3769502770        0.4654518026
 C         -1.9838328970        0.7499937435       -0.3636143053
 N         -0.7114126341        0.8694535610        0.3464586043
 C          0.6023481774        0.9458542798       -0.3178164018
 C          1.6036642386        0.0320438153        0.2929884260
 O          1.8376343893       -1.0770532155       -0.1087262307
 H         -1.8387451898       -2.3053023073       -0.4567294807
 H         -0.3230089524       -2.2023272848        0.4517515132
 H         -0.4543700264       -1.4343353432       -1.1145793504
 H         -1.9498803377       -0.5301425865        1.4428829046
 H         -2.8062481244        1.3612621359        0.0074840330
 H         -1.9454620390        0.6589442896       -1.4483319488
 H          0.9459387340        1.9841991554       -0.2671004302
 H          0.4887749081        0.7086604411       -1.3791663116
 H          2.1084713103        0.3486239658        1.2093675585
  16
 Etot=          -2.6368298130
 C         -1.0046831690       -1.6530886205       -0.1957321637
 C         -1.4777855695       -0.3759100642        0.4697136394
 C         -1.9809693274        0.7496085245       -0.3609722950
 N         -0.7094372101        0.8705156102        0.3493500263
 C          0.6016038324        0.9465321945       -0.3210539095
 C          1.6064504285        0.0361491661        0.2895089583
 O          1.8728775282       -1.0510260720       -0.1314682561
 H         -1.8426079778       -2.2956300676       -0.4648907266
 H         -0.3384132951       -2.2126786916        0.4606374543
 H         -0.4447921554       -1.4367054127       -1.1043764404
 H         -1.9514012559       -0.5280196186        1.4458218737
 H         -2.8036344899        1.3622137893        0.0074771709
 H         -1.9410541527        0.6573653410       -1.4455649484
 H          0.9451889266        1.9846378377       -0.2806332347
 H          0.4826420356        0.7006686503       -1.3793849319
 H          2.0763703847        0.3256865238        1.2223049375
  16
 Etot=          -2.6368671649
 C         -1.0064756085       -1.6544251276       -0.1984005467
 C         -1.4797577461       -0.3778131326        0.4683636522
 C         -1.9791609485        0.7498243748       -0.3613766196
 N         -0.7094879958        0.8677880823        0.3526906798
 C          0.6013854276        0.9471742855       -0.3180844592
 C          1.6084932983        0.0383850190        0.2910293125
 O          1.8585141836       -1.0581407260       -0.1158649919
 H         -1.8439561895       -2.3017808045       -0.4589292418
 H         -0.3316222347       -2.2092837176        0.4542506319
 H         -0.4554695957       -1.4371091558       -1.1127182094
 H         -1.9564207856       -0.5313035775        1.4428752326
 H         -2.8019240717        1.3633733551        0.0053170060
 H         -1.9360651652        0.6595623082       -1.4460500802
 H          0.9428810652        1.9859026484       -0.2783582329
 H          0.4819683983        0.7005234057       -1.3761273273
 H          2.0974525014        0.3376418525        1.2121203482
