     -2.629526722147     -2.629710849724         0.28322E-03
     -2.629519899854     -2.629704541174         0.59656E-03
     -2.630719778105     -2.630926120066         0.90679E-03
     -2.630721844340     -2.630927506325         0.41352E-03
     -2.629526125708     -2.629709964366         0.41326E-03
     -2.629516925876     -2.629701883628         0.73851E-03
     -2.629528518427     -2.629713765554         0.97892E-03
     -2.629527721728     -2.629711871559         0.64189E-03
     -2.629528766861     -2.629714675519         0.70328E-03
     -2.630713281306     -2.630919701785         0.47323E-03
     -2.629525378111     -2.629710288852         0.68639E-03
     -2.630712078982     -2.630918703804         0.69016E-03
     -2.630708072949     -2.630913466856         0.47240E-03
     -2.627965755349     -2.628167428176         0.47635E-03
     -2.630701221395     -2.630907243612         0.40614E-03
     -2.629527951541     -2.629712896059         0.36532E-03
     -2.627966523407     -2.628171647191         0.60918E-03
     -2.627963542020     -2.628168786278         0.61938E-03
     -2.630707455352     -2.630913724198         0.48568E-03
     -2.627981918242     -2.628185840364         0.26050E-03
     -2.627977403512     -2.628180866256         0.47636E-03
     -2.629533094090     -2.629717855503         0.34286E-03
     -2.630711024212     -2.630916688234         0.49620E-03
     -2.627963021619     -2.628166610455         0.55315E-03
     -2.629527555364     -2.629712407866         0.45297E-03
     -2.627975206238     -2.628179421909         0.92680E-03
     -2.629526248027     -2.629712826464         0.41580E-03
     -2.627987216884     -2.628191071324         0.15666E-03
     -2.629544528351     -2.629729996302         0.31418E-03
     -2.630720530220     -2.630927427675         0.42179E-03
     -2.627968933311     -2.628172820071         0.75122E-03
     -2.629495735885     -2.629682964623         0.92036E-03
     -2.626830151233     -2.627020709321         0.45802E-03
     -2.629523996166     -2.629709790769         0.52045E-03
     -2.626825453585     -2.627016162385         0.38720E-03
     -2.626813739353     -2.627004616882         0.55828E-03
     -2.629512909531     -2.629695199168         0.99824E-03
