16
 energy: -22.228133812943 gnorm: 0.056000056928 xtb: 6.7.1 (edcfbbe)
C           -1.26498450860000       -1.40790997010000        0.47872301290000
C           -1.53872729850000        0.01091364080000        0.01200433010000
C           -0.79600935510000        0.53911358610000       -1.16236416750000
N           -0.58163968430000        1.11909645160000        0.19205146470000
C            0.67288453000000        0.76204445990000        0.90302182800000
C            1.71988492930000        0.15189613640000        0.04008643710000
O            1.62871745130000       -0.93073606670000       -0.45485049760000
H           -1.53457104480000       -1.54040780540000        1.52696080770000
H           -0.21158720220000       -1.66229358710000        0.36834159280000
H           -1.83281839450000       -2.12940743720000       -0.10983955180000
H           -2.58941409890000        0.30645040480000        0.10695537290000
H           -1.31552727670000        1.16721617410000       -1.88526393330000
H           -0.00246160850000       -0.07115417070000       -1.59034323280000
H            0.43326271740000        0.08614894790000        1.72793555740000
H            1.05300666940000        1.67690890960000        1.36993112600000
H            2.61173902560000        0.72109177210000       -0.19837254250000
16
 energy: -22.234124540810 gnorm: 0.025188958303 xtb: 6.7.1 (edcfbbe)
C           -1.28640164471490       -1.41985839974868        0.48420207699125
C           -1.54435133124303       -0.01526136106064       -0.00492305424413
C           -0.81765315501967        0.53097692004463       -1.17316693050405
N           -0.56915821223550        1.05823580524135        0.17442351238643
C            0.68435096001421        0.75815806563718        0.89618214351454
C            1.77203966918198        0.15116426079115        0.06253702878624
O            1.72912341444030       -0.95041208218198       -0.43402766975037
H           -1.55877337493041       -1.53022185072232        1.53429098219233
H           -0.24088097333442       -1.69320270054657        0.35975757396966
H           -1.88092601869785       -2.11715452993070       -0.10316653499215
H           -2.57219523820238        0.31924406374462        0.13356888330445
H           -1.31396363534574        1.21781914906700       -1.85002397397509
H           -0.06091079483062       -0.08384197438207       -1.64218278926934
H            0.44626301160358        0.07918375718869        1.72145237641122
H            1.02770200439374        1.70370511571139        1.33494984896338
H            2.63749016982074        0.79043720724700       -0.16889586968435
16
 energy: -22.235623135599 gnorm: 0.017469383728 xtb: 6.7.1 (edcfbbe)
C           -1.31289291266559       -1.43767101526562        0.47248576693912
C           -1.54665559443746       -0.02893333907009       -0.00451554199477
C           -0.81318299355772        0.51728171997817       -1.16404514006466
N           -0.55992098939701        1.01963463951986        0.17088496185178
C            0.69095295601229        0.76621349180449        0.89131845401702
C            1.78838708947603        0.17019857935766        0.05168122060504
O            1.78253575242255       -0.94511107179052       -0.42297603529594
H           -1.57696473255588       -1.52868875285083        1.52569470938794
H           -0.27462091617830       -1.73184740895222        0.33376153246778
H           -1.93758662270810       -2.12097027368845       -0.10139061495239
H           -2.55851058526846        0.33645034764111        0.16033267507750
H           -1.29296374218348        1.23476702835835       -1.81887807797841
H           -0.07645723110336       -0.10981093807264       -1.64913724059821
H            0.47276517197218        0.08540485051801        1.72248614176837
H            1.01525793201573        1.73221380329504        1.29800459516473
H            2.65161226905665        0.83983978531777       -0.14072980229487
16
 energy: -22.235987555214 gnorm: 0.008045802160 xtb: 6.7.1 (edcfbbe)
C           -1.33279566067290       -1.44846308158118        0.46353515811143
C           -1.54671573882517       -0.03142529065468       -0.00219386410830
C           -0.81085637829791        0.50999043323316       -1.16335762691024
N           -0.54586864385932        0.99999698141696        0.16660663416451
C            0.69970741922785        0.77071339637740        0.89339441419533
C            1.81721997112007        0.17490027768134        0.07371749215014
O            1.81035419263530       -0.92462546207038       -0.42117723899894
H           -1.58207859985041       -1.53543586846369        1.52049147320357
H           -0.30112161503796       -1.76052233321475        0.30977244296287
H           -1.98011052866406       -2.12221251777034       -0.09810339518767
H           -2.55076854391450        0.34880229792658        0.17364789174588
H           -1.28630145861391        1.23581878969998       -1.81067199426362
H           -0.09517436749029       -0.13563430756242       -1.66120896927863
H            0.49034800494874        0.09626033205770        1.73196602544033
H            1.01200070543442        1.74445120536904        1.28563729784756
H            2.65391609276012        0.87635659365540       -0.13707813697418
16
 energy: -22.236140385444 gnorm: 0.003569385978 xtb: 6.7.1 (edcfbbe)
C           -1.34088123189513       -1.45219033378882        0.46151796261392
C           -1.54909681010024       -0.03134942946518        0.00063848004998
C           -0.81226511038740        0.50765181926330       -1.16400094077804
N           -0.54295116707789        0.99507706323193        0.16666336445456
C            0.70282757956794        0.77501800275131        0.89195349502114
C            1.82055702910692        0.18642486659881        0.06655525560693
O            1.81919145869930       -0.91423067065324       -0.42117020782154
H           -1.57828873061091       -1.54460365135420        1.52097008433149
H           -0.31304888953122       -1.77124193738786        0.29610896039197
H           -1.99831466743251       -2.11902578992825       -0.09582655274759
H           -2.55169203543913        0.34966962518232        0.17844763610487
H           -1.28522244486151        1.23222173291956       -1.81395034355216
H           -0.10219106392024       -0.14375025417453       -1.66261820348927
H            0.50339654775571        0.10350291584835        1.73545343991753
H            1.01187793459931        1.74930854176718        1.28162313467344
H            2.66785645242708        0.87648894528941       -0.11738796067720
16
 energy: -22.236183961243 gnorm: 0.002704934203 xtb: 6.7.1 (edcfbbe)
C           -1.34421466239392       -1.45330689142547        0.46048145776501
C           -1.55068934754509       -0.03090790171968        0.00344938086759
C           -0.81127765765791        0.50377471613220       -1.16309789871386
N           -0.54318967515718        0.99358978405091        0.16720438091119
C            0.70281681791322        0.77695193054254        0.89070000755554
C            1.82247809210866        0.19081783292148        0.06523654777841
O            1.81962570980781       -0.90676516241177       -0.42953751949694
H           -1.57136929723413       -1.54866719070638        1.52219641092585
H           -0.31954539572292       -1.77628839159399        0.28429428536970
H           -2.01043389263462       -2.11402801492751       -0.09283566922290
H           -2.55284166333547        0.35020717589788        0.18190476711854
H           -1.27904259358312        1.22774804472470       -1.81795567452104
H           -0.10098155405476       -0.14978915931871       -1.65640637991963
H            0.50829590582394        0.10637619996440        1.73594411420059
H            1.00899329255429        1.75193922141678        1.28103626014901
H            2.67313077201129        0.87731925255273       -0.10763686666702
16
 energy: -22.236238093258 gnorm: 0.002451906229 xtb: 6.7.1 (edcfbbe)
C           -1.34824620454306       -1.45423923025184        0.45896318661137
C           -1.55274647450142       -0.02981192642675        0.00694477731503
C           -0.81117214907005        0.49737339219492       -1.16281713790739
N           -0.54340437039024        0.99180882663911        0.16676489697583
C            0.70234331646950        0.77949497533861        0.88887466526335
C            1.82685930462045        0.19783929357825        0.06587778716138
O            1.81789634866320       -0.89050177229370       -0.45091677342618
H           -1.55447447319427       -1.55193571115134        1.52533080244717
H           -0.32991038654765       -1.78432028438970        0.26131300349781
H           -2.03180573773422       -2.10579984777194       -0.08285022659369
H           -2.55435053554696        0.35180137934608        0.18607474601718
H           -1.27194650526606        1.21919564116273       -1.82555832776899
H           -0.10218987343801       -0.16314647977718       -1.64807819461917
H            0.51430891777298        0.10856029409564        1.73523149037902
H            1.00421365460098        1.75531132702400        1.28169417984659
H            2.68638001900493        0.87734156878326       -0.08187127109927
16
 energy: -22.236293130163 gnorm: 0.004311514653 xtb: 6.7.1 (edcfbbe)
C           -1.35090462999299       -1.45454522246875        0.45894627305939
C           -1.55488891069213       -0.02937674172288        0.00862299580297
C           -0.81297125432248        0.49068785693363       -1.16438905551098
N           -0.54415214799950        0.99008512717740        0.16368757120018
C            0.70109060125885        0.78163141289276        0.88563419714285
C            1.83201215566796        0.20510249497764        0.06777934305702
O            1.81166602736994       -0.86742643285157       -0.48450259054059
H           -1.53082897291332       -1.55086776210032        1.53089758888147
H           -0.34051260911724       -1.79242332577886        0.23545964874605
H           -2.05451808349167       -2.09889942343378       -0.06476462719612
H           -2.55605935689519        0.35288108228619        0.18904311075364
H           -1.26776649335705        1.21032844001135       -1.83386364872260
H           -0.10462038506957       -0.17590102744000       -1.64211998356520
H            0.51750114671015        0.10808613740763        1.73098637203505
H            0.99847241993756        1.75748109066399        1.28314595685855
H            2.70823534380676        0.87212773954571       -0.03958554790161
16
 energy: -22.236339800531 gnorm: 0.010357336729 xtb: 6.7.1 (edcfbbe)
C           -1.35144635315859       -1.45427258187673        0.46062321872152
C           -1.55745806807460       -0.02997343523680        0.00809180975027
C           -0.81813903868373        0.48405290657365       -1.16861910762152
N           -0.54591682672019        0.98854862205078        0.15711873432969
C            0.69901003494721        0.78397936558805        0.87941695783758
C            1.83867208563004        0.21225757109061        0.07177759174781
O            1.79943995126998       -0.83393478220106       -0.53485647958670
H           -1.49647469202921       -1.54434742551321        1.53919194112320
H           -0.35187780832144       -1.80131387469456        0.20478049008770
H           -2.07899697223843       -2.09385325052453       -0.03516002549258
H           -2.55835991756360        0.35249827184919        0.19078597527052
H           -1.26940235465026        1.20146490504016       -1.84262711185554
H           -0.11011777232330       -0.18711442638956       -1.64098587295429
H            0.51833937733587        0.10615741658084        1.72242053605531
H            0.99084939272569        1.75944716846050        1.28369724678790
H            2.74363381275466        0.85537499530283        0.02932169989920
16
 energy: -22.236419675145 gnorm: 0.005541232307 xtb: 6.7.1 (edcfbbe)
C           -1.34755969627225       -1.45372275999515        0.46156246057226
C           -1.55676536090130       -0.03125192524552        0.00513131578876
C           -0.82085985163662        0.48768178526955       -1.17028892306996
N           -0.54683342837050        0.98971637305815        0.15551842133825
C            0.69878999396810        0.78362528649021        0.87820573537023
C            1.83738117289370        0.20756822351759        0.07408315326630
O            1.79703307786222       -0.83658724705734       -0.53128196537946
H           -1.49572025763630       -1.53999127077482        1.53846914859336
H           -0.34735943559968       -1.79835261181804        0.21052713342707
H           -2.06990909921312       -2.09867912398997       -0.03274157185133
H           -2.55813353389927        0.35038731527214        0.18833900794809
H           -1.27746965277126        1.20641105853206       -1.83872162019805
H           -0.11193302344878       -0.17885942077701       -1.64836821119017
H            0.51496587107930        0.10637851257328        1.72134269893530
H            0.99220414765644        1.75929289352124        1.28090026777889
H            2.74392392718941        0.84535435752375        0.03230055277052
16
 energy: -22.236542446587 gnorm: 0.005071375189 xtb: 6.7.1 (edcfbbe)
C           -1.33868502965188       -1.45305727063199        0.46487053476836
C           -1.55760419229787       -0.03537440376647       -0.00197611732459
C           -0.83061159351942        0.49177047914004       -1.17724333375253
N           -0.55085940955724        0.99084190687264        0.14701182125280
C            0.69588760669974        0.78503508641626        0.86942266618469
C            1.83876135544880        0.20045000848200        0.08191222499321
O            1.78485129588823       -0.81761911445395       -0.56298326114905
H           -1.46388735112900       -1.52291746028388        1.54508753157095
H           -0.34443125906241       -1.80105371126419        0.19640027854638
H           -2.07132213182326       -2.10684743274514       -0.00359476945869
H           -2.55952678396301        0.34403488262493        0.18501968248765
H           -1.29920345578542        1.21209401134429       -1.83465554041947
H           -0.11987096135786       -0.16531474678829       -1.66726307772570
H            0.50734405796725        0.10995427701256        1.71445890977191
H            0.98914737243393        1.76144165894205        1.27008149719681
H            2.77176533060952        0.80553327519930        0.09842855715734
16
 energy: -22.236636403264 gnorm: 0.004977257828 xtb: 6.7.1 (edcfbbe)
C           -1.33105755130823       -1.45279364708765        0.46678522550951
C           -1.55881711029111       -0.03878101606209       -0.00666094525060
C           -0.83629043037403        0.49673507130014       -1.18104214400754
N           -0.55525526975371        0.99222059778100        0.14346857940582
C            0.69282372408867        0.78688893036225        0.86289733310683
C            1.83663989199250        0.19035484782966        0.08733960673295
O            1.77639866173667       -0.80809321382545       -0.58569495326307
H           -1.44030347365316       -1.51175095009903        1.54950598064224
H           -0.33936003405275       -1.80169061128919        0.18720755676161
H           -2.06834838214904       -2.11368493102159        0.01428320459592
H           -2.56155980061775        0.33679124112192        0.18181791506650
H           -1.31573188884700        1.21807568053195       -1.82991327408215
H           -0.12348941191799       -0.15044723434446       -1.68128181903027
H            0.50189820929223        0.12063521701664        1.71519195760896
H            0.98954295530139        1.76491966754221        1.25554331448825
H            2.78466476145340        0.76959179634382        0.14553006581511
16
 energy: -22.236771636357 gnorm: 0.007453742651 xtb: 6.7.1 (edcfbbe)
C           -1.31962723006738       -1.45361933420352        0.46725449604787
C           -1.56188178034498       -0.04389984081842       -0.01087301061917
C           -0.84588232389639        0.50387664946296       -1.18495462828184
N           -0.56395124901969        0.99434941574706        0.14089934099132
C            0.68785437289956        0.79339335139052        0.85141857372747
C            1.83246974118945        0.17279776921862        0.09566506667643
O            1.76136951511333       -0.79139138728144       -0.62671979106219
H           -1.40268565994344       -1.50234327613841        1.55293240116363
H           -0.33242234041865       -1.80215340523910        0.16931159984761
H           -2.06377732946612       -2.12184022579896        0.03757362976107
H           -2.56653860515418        0.32376919335386        0.17988021805823
H           -1.34011418277708        1.22553312448480       -1.82371694193633
H           -0.13053345390205       -0.12943051819594       -1.69766941646176
H            0.49838091547558        0.14905381049830        1.72227939142378
H            0.99452315511939        1.77624978949734        1.22359893904825
H            2.80457130609274        0.70462633012248        0.22809773571572
16
 energy: -22.236866836891 gnorm: 0.014561118399 xtb: 6.7.1 (edcfbbe)
C           -1.30113456881309       -1.45798563135020        0.46178016163678
C           -1.56509581822977       -0.05163804872304       -0.01289539449231
C           -0.85740665705682        0.52147105485138       -1.18471263394849
N           -0.57772354530765        0.99858623397944        0.14641275672813
C            0.68153179614635        0.80673453540159        0.83745534382437
C            1.81852283939383        0.13362006279951        0.10720212920012
O            1.75156192977524       -0.79808105798722       -0.64506342766087
H           -1.36904513588686       -1.50187653718711        1.54783764950460
H           -0.31075313387885       -1.79771414563220        0.15680809043162
H           -2.04004169307921       -2.13683637032125        0.04093471811692
H           -2.57328075878580        0.30144888159070        0.18167426993464
H           -1.37728804783200        1.24459713039419       -1.80535128524849
H           -0.13904224996714       -0.08668963309452       -1.72044515666055
H            0.49735016286612        0.21569401199915        1.75176345901619
H            1.01535300449160        1.80163087093146        1.15620155121735
H            2.79824672706415        0.60601008844823        0.30537537250006
16
 energy: -22.236913095903 gnorm: 0.017556814653 xtb: 6.7.1 (edcfbbe)
C           -1.28733357245494       -1.46252942651688        0.45617565619226
C           -1.56824020109928       -0.05690582998101       -0.01146693884496
C           -0.87547991832945        0.52830685163300       -1.18753257785018
N           -0.58941511708094        1.00154787678588        0.14453986273833
C            0.67675776112715        0.82334788563031        0.81951137811434
C            1.81504117085336        0.11131621646802        0.12196259320870
O            1.73084004790860       -0.77239118391694       -0.69733226712253
H           -1.31836259225781       -1.50594253083428        1.54587810869782
H           -0.30522669107389       -1.80065589171296        0.11994750945380
H           -2.04077809186178       -2.14191262995182        0.06158934989382
H           -2.57914894591044        0.28499497960731        0.19167364795524
H           -1.40795819886566        1.24916256195317       -1.80076625447959
H           -0.15567923832949       -0.06830559250710       -1.73131735976032
H            0.50227151160994        0.27160957048075        1.76420391502695
H            1.02847757929783        1.82718723448485        1.10012652625374
H            2.82598934736690        0.51014135447781        0.42778445462267
16
 energy: -22.237180764738 gnorm: 0.006428747258 xtb: 6.7.1 (edcfbbe)
C           -1.30094560897608       -1.46148714887718        0.45469844911772
C           -1.56323775976160       -0.04893491918820       -0.00340457701732
C           -0.86796775919483        0.51591245986659       -1.18326251719479
N           -0.57859035545668        1.00014316952349        0.14566232093679
C            0.68322208309221        0.81869043983781        0.83088075725060
C            1.82182577446823        0.13658954235531        0.11607716306537
O            1.73945310236752       -0.77779015496254       -0.66754124826511
H           -1.35576140717780       -1.52377361373657        1.54126326631223
H           -0.31893904066843       -1.80041462742599        0.13147533971781
H           -2.05182170492099       -2.12728845862453        0.03784854194927
H           -2.57215710333930        0.30163954121257        0.19923977784599
H           -1.37585662223453        1.23270228312846       -1.81530342178723
H           -0.15061238084164       -0.10311380070020       -1.70218793473969
H            0.50960260963427        0.24132539372573        1.74831912944212
H            1.02322400235991        1.81387960409197        1.13696781654369
H            2.81031702154981        0.58089173587339        0.35424474092264
16
 energy: -22.237306008861 gnorm: 0.007502033679 xtb: 6.7.1 (edcfbbe)
C           -1.29481030232885       -1.46528507105514        0.44899775020883
C           -1.56409111871738       -0.05079547909678       -0.00032808269845
C           -0.87897679176522        0.52210353286288       -1.18320097709449
N           -0.58321260865686        1.00115959197578        0.14628029097589
C            0.68331299167835        0.82736383062815        0.82210929650153
C            1.82017064206067        0.12379648670105        0.12178730775961
O            1.74242530367822       -0.78383938807399       -0.66113956794266
H           -1.34348789162082       -1.53258644209749        1.53613515464958
H           -0.31320019264735       -1.80093290332994        0.11846098920308
H           -2.04730220652200       -2.13102214338840        0.03256925241228
H           -2.57320454664290        0.29565063983922        0.21112669227786
H           -1.39449777608217        1.24100368786607       -1.80829274399629
H           -0.16209719297789       -0.09264793448804       -1.71062316269914
H            0.51402494609415        0.27414970559338        1.75772024312163
H            1.03146810448534        1.82998786374267        1.10204938155360
H            2.81523349086481        0.54086546842067        0.39132577986722
16
 energy: -22.237483894006 gnorm: 0.009436562371 xtb: 6.7.1 (edcfbbe)
C           -1.28048520491813       -1.47248474127499        0.43918543715160
C           -1.56385898449395       -0.05497787290049        0.00571700464130
C           -0.89761912038409        0.53310668964922       -1.18184893173473
N           -0.59220059402753        1.00414010379144        0.14898058609552
C            0.68326690308855        0.84614575061608        0.80612356415528
C            1.81347392568621        0.09461215457511        0.13847907092558
O            1.73181072956349       -0.78205136246078       -0.67956395190319
H           -1.31833798570976       -1.55117927335308        1.52517892475333
H           -0.30157735471004       -1.79965740508449        0.09616922538513
H           -2.03259675915557       -2.13841422382739        0.02416342471018
H           -2.57407485223051        0.28108501969329        0.23128957645909
H           -1.42692626036283        1.25217926959221       -1.79685469629770
H           -0.17826297070959       -0.07136189953132       -1.72005131654043
H            0.52156345749542        0.34687630086212        1.77905167769060
H            1.05174081552419        1.86183698744083        1.02992448885810
H            2.81583910624423        0.44911594831233        0.47903351975042
16
 energy: -22.237609417658 gnorm: 0.008127856225 xtb: 6.7.1 (edcfbbe)
C           -1.27310566135453       -1.47708415417498        0.43232023206590
C           -1.56203328139227       -0.05610195368400        0.01213593426438
C           -0.90958902355579        0.53762162918549       -1.18005913579692
N           -0.59553082053633        1.00620449906507        0.15025121970981
C            0.68539395797967        0.85890978535692        0.79555330759040
C            1.81021365434845        0.08084578421839        0.15058923067979
O            1.72749419186212       -0.77682870426924       -0.69090725493800
H           -1.30557741684270       -1.56649152266968        1.51862321637960
H           -0.29647654374875       -1.79924491592323        0.07916773515537
H           -2.02798267711682       -2.14013955020426        0.01465661246152
H           -2.57181925622706        0.27441273001256        0.24864076706721
H           -1.44415356611604        1.25409206523228       -1.79250717819921
H           -0.18916345212236       -0.06475693082134       -1.72000983066655
H            0.52785199665949        0.39399469417894        1.78504213243107
H            1.06514682480471        1.87688993057470        0.98623248867298
H            2.81108592425832        0.39664806002245        0.53524812722274
16
 energy: -22.237727790825 gnorm: 0.006179110785 xtb: 6.7.1 (edcfbbe)
C           -1.26930994416934       -1.47958285379180        0.42796439282199
C           -1.55874364750658       -0.05552352030269        0.01873514103342
C           -0.91642665272116        0.53999447664486       -1.17673906510294
N           -0.59485245288029        1.00804052091225        0.15191067048432
C            0.69003568620412        0.86597619325344        0.78948514387856
C            1.80642209179384        0.07404373960210        0.15882968859759
O            1.72838738485395       -0.77750299649497       -0.69087882598714
H           -1.31285489050229       -1.58193191497671        1.51212485693912
H           -0.29163679289416       -1.79508011985939        0.07861480940279
H           -2.01820327235940       -2.14010738283593       -0.00478087948522
H           -2.56664513203772        0.27244195136051        0.26372705825911
H           -1.45297753242106        1.25336343689509       -1.78912617389564
H           -0.19511150057761       -0.06305728181118       -1.71527640503853
H            0.53375846929423        0.42686681966262        1.78409757235901
H            1.07630525207779        1.88044213646349        0.95568571573783
H            2.79360778474580        0.37058824137835        0.56060390409583
16
 energy: -22.237820554323 gnorm: 0.006046305321 xtb: 6.7.1 (edcfbbe)
C           -1.25618422955549       -1.48429042145106        0.42041192828731
C           -1.55807400739095       -0.05909198645892        0.02386621201446
C           -0.93293607900688        0.55084935016890       -1.17459679509860
N           -0.60152991229596        1.01209350897281        0.15352242909066
C            0.69176007927999        0.87982449177136        0.77445451327448
C            1.79752174377947        0.04952703591287        0.17336633918442
O            1.72533302139215       -0.78072076139770       -0.69641129156542
H           -1.29860709761819       -1.59701672611112        1.50323035850080
H           -0.27684826971296       -1.79018669753989        0.06728715677676
H           -1.99911932467213       -2.14697339856895       -0.01939349120736
H           -2.56557557107822        0.25984125112001        0.28112857854369
H           -1.48477945150564        1.26275514970315       -1.77573117249068
H           -0.21108324785464       -0.03988990239314       -1.72541904469137
H            0.54210761221491        0.49176966996921        1.79530390850844
H            1.09677620093741        1.89783605771413        0.88856119803728
H            2.78299338398722        0.29264482468837        0.63539677693522
16
 energy: -22.237864022548 gnorm: 0.002042814725 xtb: 6.7.1 (edcfbbe)
C           -1.25651128762585       -1.48444485083324        0.42019910220253
C           -1.55833762250335       -0.05985886995554        0.02273900122019
C           -0.93241595013619        0.55088812800389       -1.17475959874122
N           -0.60081747316649        1.01124151651695        0.15328348919449
C            0.69174762100215        0.87772249518117        0.77565850068397
C            1.79771727704043        0.04983211488790        0.17437088096359
O            1.72826209702146       -0.77696642083173       -0.69684671995243
H           -1.29765199618847       -1.59499933916206        1.50356963423488
H           -0.27550436214815       -1.79165501395020        0.06861076080650
H           -2.00050619000288       -2.14712020442538       -0.01819028068500
H           -2.56569866401365        0.25994615324513        0.27973475318364
H           -1.48487654054409        1.26412548375691       -1.77343023227464
H           -0.21347290167669       -0.03889619860449       -1.72870728697267
H            0.54459425205652        0.49327518335856        1.79569863048970
H            1.09602248539144        1.89442509313131        0.88545606932523
H            2.77920410639391        0.29145617578083        0.63759090042135
16
 energy: -22.237874738493 gnorm: 0.000684658080 xtb: 6.7.1 (edcfbbe)
C           -1.25667669912096       -1.48449680211347        0.42049367250577
C           -1.55867161624362       -0.06062788957647        0.02180261725617
C           -0.93164320613895        0.55070871587344       -1.17475990635213
N           -0.60063951100104        1.01077770244185        0.15315968858622
C            0.69169933943845        0.87677920821444        0.77653811148213
C            1.79757486686753        0.04933848236427        0.17504109527165
O            1.73005517258665       -0.77281154904471       -0.70046952780628
H           -1.29619301031246       -1.59340840701913        1.50429167123060
H           -0.27509077952460       -1.79254866131390        0.06925346709543
H           -2.00095451350788       -2.14788604391273       -0.01615067931016
H           -2.56613361458502        0.25948742581482        0.27800714780101
H           -1.48494090830085        1.26525571521898       -1.77130629339304
H           -0.21420841987781       -0.03774145891778       -1.73133237103995
H            0.54537610145659        0.49506805733526        1.79621853099854
H            1.09588786557235        1.89306726096082        0.88276508962890
H            2.77631378359173        0.28800968977433        0.64142529014524
16
 energy: -22.237881517009 gnorm: 0.001375407389 xtb: 6.7.1 (edcfbbe)
C           -1.25595407239483       -1.48443825521136        0.42111699881579
C           -1.55906060283752       -0.06154136289829        0.02084686316595
C           -0.93159023625427        0.55071552797391       -1.17497865371493
N           -0.60107151672964        1.01063701797589        0.15275292897004
C            0.69142959581085        0.87642808856871        0.77651731603415
C            1.79744625019270        0.04872239523469        0.17529642718947
O            1.73215872322860       -0.76680827342744       -0.70677094353937
H           -1.29262304002982       -1.59144934982200        1.50535192681772
H           -0.27475161529109       -1.79307359919008        0.06855557407320
H           -2.00073067963612       -2.14910574703323       -0.01245078080478
H           -2.56675572287012        0.25828151262293        0.27627073269231
H           -1.48666053654001        1.26632622740735       -1.76911837442452
H           -0.21502869920411       -0.03564904562038       -1.73447160604658
H            0.54538888285424        0.49826773688419        1.79678390969867
H            1.09641628767741        1.89270207796547        0.87852076300048
H            2.77314183292384        0.27895649466965        0.65075452217251
16
 energy: -22.237889264279 gnorm: 0.001953641120 xtb: 6.7.1 (edcfbbe)
C           -1.25352198311327       -1.48410857577773        0.42180075385246
C           -1.55918242431336       -0.06236149397128        0.01990312885884
C           -0.93282337286093        0.55120333283274       -1.17578552147836
N           -0.60203475293329        1.01122861677923        0.15163849885461
C            0.69055793426162        0.87625034320456        0.77552396532986
C            1.79604714510254        0.04423240129819        0.17863348046189
O            1.73512093577421       -0.75759353064847       -0.71670554004986
H           -1.28466798479144       -1.58858713683591        1.50653476724870
H           -0.27408738188825       -1.79320994988408        0.06504603052086
H           -1.99989237562070       -2.15055610049866       -0.00616661834154
H           -2.56719344481861        0.25634453316516        0.27513029385269
H           -1.49095875657483        1.26713716530948       -1.76730808091722
H           -0.21662094753259       -0.03239475767240       -1.73839684795909
H            0.54347450438235        0.50440395882717        1.79786923883248
H            1.09871940984239        1.89236033145371        0.87173733676931
H            2.76881834598428        0.26462230851830        0.66552271826448
16
 energy: -22.237897549015 gnorm: 0.002453150541 xtb: 6.7.1 (edcfbbe)
C           -1.24805568930138       -1.48386280244468        0.42210974594504
C           -1.55883706064648       -0.06330806343888        0.01966880169953
C           -0.93681664378658        0.55264320049700       -1.17702450854963
N           -0.60419575426833        1.01293351833595        0.14997887825567
C            0.68919253177895        0.87821627171594        0.77159432137085
C            1.79377673517598        0.04078360997384        0.18001083447031
O            1.73863357236184       -0.74563835946911       -0.72944017222082
H           -1.26914439152976       -1.58554677002062        1.50737048088429
H           -0.27237533048330       -1.79302564711249        0.05640934128656
H           -1.99796623333295       -2.15227693538950        0.00321514841768
H           -2.56726883975796        0.25257855435250        0.27644185311631
H           -1.49972107094093        1.26758320430364       -1.76572515936957
H           -0.21998468961415       -0.02712044633111       -1.74275059352679
H            0.54178354044807        0.51660296025982        1.79837864487691
H            1.10241523112650        1.89412451344869        0.85904210478070
H            2.76031894367060        0.23428463741904        0.69569788266308
16
 energy: -22.237904481026 gnorm: 0.001312977208 xtb: 6.7.1 (edcfbbe)
C           -1.24716697275163       -1.48401034025275        0.42142898213182
C           -1.55848004682240       -0.06307509851969        0.02025499391186
C           -0.93779178158389        0.55310327364224       -1.17702285822022
N           -0.60436576323275        1.01334864153215        0.15004980538792
C            0.68904439218802        0.87890746264737        0.77094400321096
C            1.79278349499146        0.03941825729014        0.18125329688299
O            1.73874996610292       -0.74627082623929       -0.72820829560593
H           -1.26635916564226       -1.58628337816964        1.50657618958422
H           -0.27228874291608       -1.79324317851902        0.05378970279405
H           -1.99811746299169       -2.15177042908824        0.00339506809177
H           -2.56683434938129        0.25226587947814        0.27819177472017
H           -1.50050835198344        1.26735328036291       -1.76633712554299
H           -0.22056558951171       -0.02708424736461       -1.74183230572187
H            0.54176921165782        0.51932248131490        1.79856778662426
H            1.10329366536024        1.89445235882624        0.85697407408889
H            2.75859234741678        0.23253730915916        0.69695251176222
16
 energy: -22.237911666991 gnorm: 0.001089590898 xtb: 6.7.1 (edcfbbe)
C           -1.24303361142770       -1.48472546474894        0.41908602745626
C           -1.55745289962069       -0.06286587103249        0.02209697572757
C           -0.94204780544976        0.55500839706890       -1.17708622162986
N           -0.60576030792886        1.01495650027788        0.15012625290623
C            0.68824118615166        0.88192841292226        0.76781512033140
C            1.78894455776644        0.03370256528796        0.18638184064883
O            1.74126704033899       -0.74255556138721       -0.73071526416129
H           -1.25140107763512       -1.58794582903266        1.50417839991045
H           -0.27204803114883       -1.79477862730861        0.04164249374986
H           -1.99920691279063       -2.15066715087508        0.00753746771021
H           -2.56566559025550        0.24982583860408        0.28441617161744
H           -1.50530253855013        1.26697089529488       -1.76747339616899
H           -0.22368515837136       -0.02570992580463       -1.73992381725515
H            0.54195235846140        0.53379052128993        1.79956401384024
H            1.10750332070408        1.89602778994543        0.84409347995904
H            2.74945032065613        0.21600895559833        0.71323805945787
16
 energy: -22.237913608061 gnorm: 0.000424175334 xtb: 6.7.1 (edcfbbe)
C           -1.24242020252510       -1.48505048389867        0.41880197000301
C           -1.55762038707031       -0.06335583573091        0.02210256571651
C           -0.94271245755709        0.55535156136501       -1.17691533340338
N           -0.60628634014550        1.01493484449779        0.15021763786157
C            0.68826424616912        0.88262092715257        0.76728209728256
C            1.78876024138481        0.03303297416738        0.18709211472943
O            1.74211196142212       -0.74023660226198       -0.73290853232136
H           -1.24817706963350       -1.58809406789065        1.50394562520494
H           -0.27230882464953       -1.79529738817942        0.03931716803369
H           -1.99936319113570       -2.15125353862010        0.00927392855455
H           -2.56587739814515        0.24878871658232        0.28473979437086
H           -1.50681225379831        1.26755638743034       -1.76644955960571
H           -0.22443589425055       -0.02457731516858       -1.74073288440538
H            0.54249940854273        0.53794231915928        1.80010233817827
H            1.10839020550564        1.89679582356775        0.83949559627915
H            2.74774280678645        0.20981312392790        0.71961307762140
16
 energy: -22.237914653851 gnorm: 0.000203795625 xtb: 6.7.1 (edcfbbe)
C           -1.24209878738048       -1.48580336033206        0.41799303382169
C           -1.55768229904601       -0.06396439963600        0.02237305881982
C           -0.94313182996890        0.55582039342721       -1.17630886668079
N           -0.60666874201641        1.01462805729805        0.15085028586297
C            0.68859188359740        0.88372905822293        0.76710164467805
C            1.78848021030082        0.03227297023174        0.18808853987229
O            1.74179948163980       -0.74046447318149       -0.73234763388299
H           -1.24574184634976       -1.58929991313310        1.50307880947231
H           -0.27277846633568       -1.79616203066114        0.03663759049570
H           -1.99982848405419       -2.15177383913214        0.00972823927844
H           -2.56592212357688        0.24775068053144        0.28547395226009
H           -1.50777686671950        1.26834325214791       -1.76512536390301
H           -0.22496429831008       -0.02351211823884       -1.74097907309763
H            0.54366206901000        0.54327538918852        1.80121020240391
H            1.10925298372351        1.89805623899399        0.83430895643836
H            2.74656196638646        0.20607554037301        0.72289422826089
16
 energy: -22.237915237020 gnorm: 0.000204095699 xtb: 6.7.1 (edcfbbe)
C           -1.24168495967613       -1.48657767044081        0.41718885045022
C           -1.55753148478136       -0.06447841670289        0.02267533405975
C           -0.94358236971755        0.55639198776884       -1.17581804935991
N           -0.60691620939275        1.01438859811348        0.15144335534344
C            0.68886581009048        0.88476332315807        0.76683298679707
C            1.78799693117949        0.03116322601886        0.18936246064977
O            1.74104415802643       -0.74167798860617       -0.73104082297530
H           -1.24374131236412       -1.59058292942162        1.50224276056900
H           -0.27299666219162       -1.79704026606949        0.03427579922814
H           -2.00025651335583       -2.15211843435997        0.00972434157186
H           -2.56574140164956        0.24688030508727        0.28634942794932
H           -1.50871110643050        1.26903495218902       -1.76404502562919
H           -0.22550621113253       -0.02237277718213       -1.74117765075238
H            0.54462490200294        0.54822509594005        1.80219597128764
H            1.11013600837091        1.89906752791628        0.82991010020613
H            2.74575527192182        0.20390491269124        0.72485776470455
16
 energy: -22.237915732481 gnorm: 0.000220249918 xtb: 6.7.1 (edcfbbe)
C           -1.24144691938904       -1.48743174463416        0.41625206079872
C           -1.55727170161808       -0.06494399161212        0.02307504162031
C           -0.94393827983846        0.55702587416794       -1.17522441378805
N           -0.60706972579210        1.01413990613788        0.15221261359496
C            0.68922870064480        0.88586845519875        0.76659015163431
C            1.78750688492701        0.03016303938245        0.19056377509989
O            1.73940891149600       -0.74487141294354       -0.72786190531601
H           -1.24285129686866       -1.59229800839039        1.50119984398569
H           -0.27313673712658       -1.79785624252851        0.03247295169135
H           -2.00048117591725       -2.15241568721959        0.00873129670003
H           -2.56545566159947        0.24611863091396        0.28728166529180
H           -1.50950837742927        1.26975418026559       -1.76291873154853
H           -0.22579913016948       -0.02114752928537       -1.74115079007985
H            0.54579033574814        0.55269267079934        1.80311369627523
H            1.11096855848018        1.90016658228753        0.82608467954869
H            2.74581046535237        0.20400672356027        0.72455566859155
16
 energy: -22.237915941203 gnorm: 0.000085939945 xtb: 6.7.1 (edcfbbe)
C           -1.24119693815613       -1.48788719616815        0.41570415056321
C           -1.55705364275874       -0.06518498071947        0.02330383594910
C           -0.94419300381800        0.55746053392621       -1.17491210531097
N           -0.60717634330238        1.01408802020857        0.15267370932403
C            0.68939661705851        0.88649699102317        0.76637886923291
C            1.78708914820994        0.02943308008677        0.19126538962123
O            1.73813563908259       -0.74748725929942       -0.72557580082119
H           -1.24246571999053       -1.59329569830253        1.50061356319798
H           -0.27298574449104       -1.79818782238367        0.03157352137982
H           -2.00042425132667       -2.15253807635597        0.00791211400070
H           -2.56524399812044        0.24565297390744        0.28783326899714
H           -1.51010569715652        1.27017038062355       -1.76226514456463
H           -0.22591384725507       -0.02026115552415       -1.74112590514338
H            0.54643968763094        0.55514024658590        1.80360140587254
H            1.11145312326808        1.90076836619992        0.82404715385572
H            2.74599982202559        0.20460304229188        0.72394957794589
16
 energy: -22.237915983232 gnorm: 0.000038849721 xtb: 6.7.1 (edcfbbe)
C           -1.24109866367323       -1.48800105662294        0.41550728815576
C           -1.55699864218455       -0.06523387908376        0.02337549365917
C           -0.94429458558397        0.55765176563343       -1.17479567701310
N           -0.60725958187759        1.01414280927171        0.15285780746105
C            0.68944609146694        0.88671039692650        0.76627111287642
C            1.78693863383026        0.02920908077737        0.19145167980206
O            1.73750063639558       -0.74892443159556       -0.72432270677301
H           -1.24246756447069       -1.59366881320053        1.50038499714066
H           -0.27286160935172       -1.79819217911541        0.03140992969249
H           -2.00023151162740       -2.15261221968286        0.00748652008645
H           -2.56521339929072        0.24548146267216        0.28797603701446
H           -1.51033191822319        1.27035893127449       -1.76202188316299
H           -0.22589099901557       -0.01987179001263       -1.74106817357086
H            0.54667850618765        0.55574415395845        1.80367389257347
H            1.11161106438015        1.90097269757974        0.82348164104604
H            2.74622839393817        0.20520451731987        0.72330964511203
