  12
 Etot=          -2.1631339160
 N         -2.6203168792        0.0363088404       -0.4042988593
 C         -1.4334768253       -0.0658718688       -0.0429093608
 C         -0.3846130279       -1.1394769934        0.2101343883
 C          0.4924895392        0.0855752437        0.5587766902
 O         -0.6087563337        0.9666914453        0.2815296454
 C          1.6533921155        0.2776716374       -0.3797427406
 O          2.7552858400       -0.1538372429       -0.1918908076
 H         -3.0914039846       -0.8380948778       -0.6061278136
 H         -0.0765970155       -1.7032134221       -0.6683064373
 H         -0.5915452677       -1.8157078805        1.0357535764
 H          0.8117341508        0.1486190955        1.6029995497
 H          1.3820309340        0.8356927063       -1.2949686264
  12
 Etot=          -2.1681525969
 N         -2.6493111028       -0.0013510456       -0.4090231985
 C         -1.4415146723       -0.0660911622       -0.0389721976
 C         -0.3922549208       -1.1316504145        0.2144481196
 C          0.5096328894        0.0821517937        0.5542994831
 O         -0.6008009823        0.9718934146        0.2965371459
 C          1.6674801079        0.2981985667       -0.3824325018
 O          2.7539815356       -0.1680760903       -0.2096450425
 H         -3.1104002459       -0.8547877004       -0.6123276023
 H         -0.0852745629       -1.6820268828       -0.6784428856
 H         -0.6120075799       -1.7998226391        1.0510539056
 H          0.8164797374        0.1428226777        1.6128145403
 H          1.4322130424        0.8430961654       -1.2973605617
  12
 Etot=          -2.1700036207
 N         -2.6666163155       -0.0478143271       -0.4064455380
 C         -1.4456555306       -0.0578456001       -0.0295351329
 C         -0.4019993259       -1.1185191836        0.2131012634
 C          0.5161715444        0.0821821808        0.5481177635
 O         -0.5903255472        0.9868225219        0.3006922881
 C          1.6725228151        0.2955629093       -0.3890358202
 O          2.7447222945       -0.2032530135       -0.2240613759
 H         -3.1201367227       -0.8927571321       -0.6057339395
 H         -0.1023722224       -1.6585274364       -0.6910759848
 H         -0.6318819247       -1.7793612532        1.0569589349
 H          0.8143505370        0.1471714447        1.6137742477
 H          1.4994436435        0.8806955724       -1.2858075020
  12
 Etot=          -2.1705948327
 N         -2.6717741707       -0.0766756520       -0.4002860855
 C         -1.4479648726       -0.0463676092       -0.0277317130
 C         -0.4084453450       -1.1059358077        0.2092874801
 C          0.5151771887        0.0881193070        0.5445972497
 O         -0.5872797911        0.9992143535        0.3015757694
 C          1.6773471261        0.2968262955       -0.3861541630
 O          2.7341530990       -0.2439214291       -0.2369999146
 H         -3.1178255104       -0.9286014807       -0.5969470618
 H         -0.1157755219       -1.6434986571       -0.6984767296
 H         -0.6400244245       -1.7650828719        1.0540526544
 H          0.8099875713        0.1527130258        1.6111773980
 H          1.5406478967        0.9075672089       -1.2731456796
  12
 Etot=          -2.1710212225
 N         -2.6728970663       -0.1047916432       -0.3940858932
 C         -1.4521294882       -0.0310010994       -0.0279105625
 C         -0.4166224744       -1.0930228332        0.2048307296
 C          0.5115915964        0.0953979247        0.5397939245
 O         -0.5833670041        1.0117914305        0.2917170717
 C          1.6815701421        0.2887647953       -0.3844320530
 O          2.7203989796       -0.2908741378       -0.2536229235
 H         -3.1081391260       -0.9696884922       -0.5796967734
 H         -0.1314955373       -1.6318261288       -0.7037520312
 H         -0.6479588749       -1.7523488249        1.0484390071
 H          0.8037628928        0.1626108202        1.6054331119
 H          1.5835092060        0.9493448720       -1.2457644036
  12
 Etot=          -2.1712016501
 N         -2.6699133892       -0.1174474284       -0.3912957817
 C         -1.4541119419       -0.0192753639       -0.0304478759
 C         -0.4191291112       -1.0842335822        0.2018442566
 C          0.5087832221        0.1025993490        0.5402918393
 O         -0.5825666201        1.0196214403        0.2863003548
 C          1.6842503776        0.2901539039       -0.3783131879
 O          2.7082887459       -0.3211012605       -0.2699613157
 H         -3.0930432444       -0.9918991579       -0.5700952258
 H         -0.1357365307       -1.6228357791       -0.7068775688
 H         -0.6502333234       -1.7477107456        1.0412946274
 H          0.7976825959        0.1684236572        1.6056995809
 H          1.5939524649        0.9580616504       -1.2274904988
  12
 Etot=          -2.1712794037
 N         -2.6694286915       -0.1249922504       -0.3904733672
 C         -1.4572606082       -0.0133491227       -0.0353244100
 C         -0.4226569401       -1.0816230710        0.2020465771
 C          0.5066638787        0.1050998706        0.5358186554
 O         -0.5816941899        1.0222708600        0.2723104403
 C          1.6854382992        0.2792134694       -0.3810653517
 O          2.6985525564       -0.3440488655       -0.2826925600
 H         -3.0820543996       -1.0063555407       -0.5573400215
 H         -0.1398204934       -1.6244343117       -0.7040082418
 H         -0.6535832941       -1.7442884565        1.0420530172
 H          0.7932995034        0.1740388924        1.6012547448
 H          1.6107676246        0.9928252092       -1.2016302781
  12
 Etot=          -2.1713542377
 N         -2.6700096897       -0.1262603147       -0.3910801699
 C         -1.4576984064       -0.0126692471       -0.0367988176
 C         -0.4205545863       -1.0797809169        0.2023849944
 C          0.5059467589        0.1087786795        0.5371629392
 O         -0.5838451274        1.0239282473        0.2696355743
 C          1.6856129145        0.2829654295       -0.3782586990
 O          2.6894794769       -0.3617687755       -0.2931658062
 H         -3.0751521836       -1.0095674198       -0.5564000605
 H         -0.1341894849       -1.6214632908       -0.7035296836
 H         -0.6517037962       -1.7436618421        1.0416886275
 H          0.7900898045        0.1768456608        1.6037352676
 H          1.6102475652        0.9970104729       -1.1944249617
  12
 Etot=          -2.1714265551
 N         -2.6717825809       -0.1259823275       -0.3919173356
 C         -1.4576029472       -0.0142513890       -0.0393315807
 C         -0.4181693921       -1.0795818302        0.2030469366
 C          0.5056923073        0.1111024295        0.5374668201
 O         -0.5855942290        1.0244518978        0.2637623910
 C          1.6859253565        0.2859800873       -0.3763869524
 O          2.6767029831       -0.3784425634       -0.3051985310
 H         -3.0690263627       -1.0114643126       -0.5528424798
 H         -0.1274542173       -1.6199967191       -0.7028036201
 H         -0.6505949738       -1.7434675783        1.0425022160
 H          0.7862867334        0.1810448561        1.6055612507
 H          1.6138405681        1.0049641324       -1.1829099103
  12
 Etot=          -2.1714622597
 N         -2.6749507080       -0.1341959762       -0.3948371630
 C         -1.4586212566       -0.0156938563       -0.0447993726
 C         -0.4166256865       -1.0769294753        0.2056733473
 C          0.5036984113        0.1172774549        0.5352956029
 O         -0.5890384814        1.0275402907        0.2500582502
 C          1.6865014033        0.2865576959       -0.3757998490
 O          2.6479981400       -0.4311260743       -0.3373012752
 H         -3.0587678613       -1.0266813139       -0.5437782209
 H         -0.1199994872       -1.6186058911       -0.6979123935
 H         -0.6497771569       -1.7377996722        1.0478088561
 H          0.7787822484        0.1930653779        1.6050558930
 H          1.6390236805        1.0509481229       -1.1485144710
  12
 Etot=          -2.1715671653
 N         -2.6752681985       -0.1317107585       -0.3953131154
 C         -1.4577602036       -0.0197810267       -0.0449351020
 C         -0.4164309182       -1.0795618148        0.2063766710
 C          0.5040132721        0.1152052938        0.5343839038
 O         -0.5889616956        1.0250488855        0.2492552259
 C          1.6860684664        0.2854193018       -0.3776999220
 O          2.6457502253       -0.4248079002       -0.3381626263
 H         -3.0640254773       -1.0225991626       -0.5439727104
 H         -0.1200187379       -1.6218777949       -0.6967994302
 H         -0.6493899468       -1.7387263815        1.0497324677
 H          0.7794163407        0.1948235645        1.6036221185
 H          1.6448301188        1.0529244768       -1.1455382762
  12
 Etot=          -2.1716695376
 N         -2.6749432002       -0.1366748389       -0.3977912595
 C         -1.4576272020       -0.0234600038       -0.0472565723
 C         -0.4155864017       -1.0793350769        0.2090242885
 C          0.5025263350        0.1182279691        0.5334020477
 O         -0.5910748417        1.0249999702        0.2430588624
 C          1.6853324509        0.2843373462       -0.3788713107
 O          2.6243919216       -0.4512128228       -0.3637293866
 H         -3.0644826197       -1.0291167415       -0.5426077586
 H         -0.1171942984       -1.6240042794       -0.6918468119
 H         -0.6474601890       -1.7357723606        1.0544590136
 H          0.7761098074        0.2053829800        1.6020860375
 H          1.6682314835        1.0809845416       -1.1189779457
  12
 Etot=          -2.1717427247
 N         -2.6718108736       -0.1531045950       -0.4068968306
 C         -1.4575255975       -0.0321192539       -0.0524316040
 C         -0.4114998684       -1.0768755978        0.2186668678
 C          0.4981376759        0.1299718731        0.5336363281
 O         -0.5988218438        1.0261873980        0.2308495584
 C          1.6818664489        0.2844848292       -0.3805527747
 O          2.5598190459       -0.5318458204       -0.4471902822
 H         -3.0648004662       -1.0468736794       -0.5485922699
 H         -0.1060934225       -1.6290487146       -0.6748119852
 H         -0.6396179497       -1.7265667629        1.0696509217
 H          0.7679602252        0.2340026934        1.6007399775
 H          1.7306098712        1.1561443135       -1.0421187025
  12
 Etot=          -2.1718405493
 N         -2.6687567572       -0.1485011953       -0.4065919830
 C         -1.4568326549       -0.0315936570       -0.0476305310
 C         -0.4110482093       -1.0780202985        0.2183544504
 C          0.4991924167        0.1279075504        0.5368636012
 O         -0.5983562564        1.0244419657        0.2438428693
 C          1.6805065949        0.2863376113       -0.3802223688
 O          2.5756699562       -0.4999419120       -0.4328850516
 H         -3.0741572171       -1.0353823883       -0.5609696185
 H         -0.1084342870       -1.6297962688       -0.6759945100
 H         -0.6377341161       -1.7299983327        1.0676527987
 H          0.7738467293        0.2256750993        1.6026937431
 H          1.7143270465        1.1232285089       -1.0641641955
  12
 Etot=          -2.1719075080
 N         -2.6696553337       -0.1502953036       -0.4100881031
 C         -1.4573701213       -0.0333827774       -0.0501642449
 C         -0.4105859493       -1.0793666305        0.2219441552
 C          0.4991350637        0.1284024215        0.5350454683
 O         -0.5993541271        1.0237894301        0.2373077809
 C          1.6796387304        0.2843739367       -0.3830217764
 O          2.5638775977       -0.5137847795       -0.4506302937
 H         -3.0726060901       -1.0370625455       -0.5612382301
 H         -0.1054786234       -1.6347418717       -0.6698039363
 H         -0.6384881963       -1.7275818852        1.0744959192
 H          0.7733825760        0.2279550886        1.6016260939
 H          1.7257277188        1.1460515997       -1.0445236286
  12
 Etot=          -2.1719296081
 N         -2.6682634342       -0.1558295899       -0.4180680329
 C         -1.4569456442       -0.0370243385       -0.0536950671
 C         -0.4080559134       -1.0795252336        0.2286189275
 C          0.4981256189        0.1325314101        0.5354489883
 O         -0.6028258034        1.0236635573        0.2311299095
 C          1.6770650629        0.2855168260       -0.3847239869
 O          2.5318485484       -0.5465788381       -0.4956861830
 H         -3.0711140067       -1.0427130013       -0.5665764959
 H         -0.0977850244       -1.6401247385       -0.6584462396
 H         -0.6372696667       -1.7223835713        1.0852311966
 H          0.7720906200        0.2364417050        1.6021964279
 H          1.7513528885        1.1803824960       -1.0044802402
  12
 Etot=          -2.1719696085
 N         -2.6684604327       -0.1543282413       -0.4177459325
 C         -1.4569700898       -0.0358657103       -0.0533556089
 C         -0.4087947459       -1.0799163797        0.2278951854
 C          0.4986265851        0.1309270993        0.5351039900
 O         -0.6018912827        1.0234041320        0.2322403137
 C          1.6772392420        0.2852736101       -0.3851016152
 O          2.5377540301       -0.5368386618       -0.4887949577
 H         -3.0710714860       -1.0411244890       -0.5660769929
 H         -0.0994348789       -1.6405500453       -0.6594493094
 H         -0.6389116390       -1.7226457419        1.0843849851
 H          0.7736828602        0.2327298243        1.6019324893
 H          1.7464550832        1.1732912867       -1.0100833425
