  15
 Etot=          -2.6767426534
 C         -3.2963893641       -0.3442508316        0.2649215661
 C         -1.9044555018       -0.0786749996       -0.0241143674
 C         -0.7570317036        0.1544187422       -0.2815433980
 C          0.6476564089        0.4409676677       -0.5437963527
 C          1.1555055589        1.6123482221        0.2975576965
 C          1.4289309585       -0.8278961224       -0.2918742257
 O          2.3821389297       -0.9335747750        0.4294880148
 H         -3.3848291199       -1.2530280749        0.8599615442
 H         -3.8532681342       -0.4711411914       -0.6631945098
 H         -3.7234009008        0.4879056810        0.8240713484
 H          0.7565676911        0.6698439209       -1.6141620347
 H          1.0473593384        1.3842067532        1.3557114816
 H          0.5901140373        2.5130662936        0.0719113695
 H          2.2087216158        1.7870102526        0.0893357477
 H          1.0269361050       -1.7015761310       -0.8434211199
  15
 Etot=          -2.6797692026
 C         -3.2900514974       -0.3420675725        0.2615057711
 C         -1.9224096707       -0.0775262618       -0.0345343884
 C         -0.7624569650        0.1756636517       -0.2907942340
 C          0.6315653901        0.4297523220       -0.5433125089
 C          1.1597083124        1.5974131615        0.2909376553
 C          1.4291298111       -0.8268547523       -0.2968524395
 O          2.3801968903       -0.9119399727        0.4231967769
 H         -3.3885872910       -1.2500515842        0.8582159039
 H         -3.8647725176       -0.4736557670       -0.6564371368
 H         -3.7300206338        0.4831859057        0.8232073904
 H          0.7382465929        0.6853873268       -1.6110091764
 H          1.0579895181        1.3751897190        1.3525125091
 H          0.6040826757        2.5119437761        0.0822658252
 H          2.2152531801        1.7778540694        0.0894198141
 H          1.0666821238       -1.7146686143       -0.8174690017
  15
 Etot=          -2.6804366703
 C         -3.2836751444       -0.3341380075        0.2558213222
 C         -1.9317990999       -0.0565660732       -0.0239908273
 C         -0.7680525841        0.1721624704       -0.2860591402
 C          0.6131360361        0.4212686879       -0.5402826311
 C          1.1582597127        1.5861094369        0.2881512082
 C          1.4305463950       -0.8228109382       -0.3005498693
 O          2.3877471262       -0.8869459837        0.4114321927
 H         -3.3899432397       -1.2434326771        0.8512503013
 H         -3.8627660384       -0.4716901170       -0.6595099079
 H         -3.7461181145        0.4801551288        0.8183728350
 H          0.7113988242        0.6860735065       -1.6083832499
 H          1.0686960459        1.3645592997        1.3518200249
 H          0.6104966381        2.5102684709        0.0935296844
 H          2.2145946074        1.7632885226        0.0816517652
 H          1.1120347546       -1.7286763197       -0.8024009481
  15
 Etot=          -2.6804988034
 C         -3.2853089384       -0.3320827704        0.2555951091
 C         -1.9349555321       -0.0623242393       -0.0344240187
 C         -0.7724560834        0.1769098073       -0.2884254449
 C          0.6101118340        0.4208015019       -0.5376258688
 C          1.1571740374        1.5852695199        0.2900934686
 C          1.4323330712       -0.8204332797       -0.3002171296
 O          2.3932044324       -0.8798025320        0.4077943350
 H         -3.3921002871       -1.2406667906        0.8522264774
 H         -3.8699872988       -0.4704770300       -0.6565309209
 H         -3.7444715411        0.4835891266        0.8181042316
 H          0.7068075091        0.6837088115       -1.6061580270
 H          1.0720307554        1.3608385936        1.3534139883
 H          0.6106988290        2.5099068001        0.0976674562
 H          2.2133118835        1.7575148919        0.0784897393
 H          1.1281632480       -1.7331270035       -0.7991506353
  15
 Etot=          -2.6805270180
 C         -3.2895138231       -0.3291196333        0.2547507566
 C         -1.9376638760       -0.0586384506       -0.0333378456
 C         -0.7731349091        0.1718656557       -0.2853193449
 C          0.6095698806        0.4193131008       -0.5360032682
 C          1.1558402770        1.5843755139        0.2913719019
 C          1.4381152480       -0.8185251492       -0.3020190589
 O          2.4029531223       -0.8744588043        0.4013748812
 H         -3.3954453078       -1.2379497390        0.8511301822
 H         -3.8724723041       -0.4680673437       -0.6582220590
 H         -3.7498418391        0.4861995092        0.8166802161
 H          0.7016557303        0.6810773312       -1.6050657361
 H          1.0757538955        1.3571272656        1.3543727919
 H          0.6075517304        2.5076448608        0.1012181444
 H          2.2109844834        1.7556943727        0.0747512155
 H          1.1402036107       -1.7369130825       -0.7948300165
