     -2.681186255702     -2.681298784933         0.43046E-03
     -2.681202314289     -2.681314762405         0.35097E-03
     -2.681200705480     -2.681314140877         0.68216E-03
     -2.681198312768     -2.681312015114         0.66159E-03
     -2.681185337094     -2.681298177977         0.60894E-03
     -2.681190689284     -2.681304136516         0.51156E-03
     -2.681188645659     -2.681299911252         0.96600E-03
     -2.681190703689     -2.681302229296         0.53039E-03
     -2.681195279462     -2.681308623156         0.49366E-03
     -2.681185894277     -2.681297973543         0.36217E-03
     -2.681188490285     -2.681299945017         0.68107E-03
     -2.681193034954     -2.681304678389         0.74270E-03
     -2.681075213061     -2.681190732290         0.43765E-03
     -2.681199253728     -2.681313883383         0.62369E-03
     -2.681188981417     -2.681301348953         0.51972E-03
     -2.681188431198     -2.681300567673         0.98122E-03
     -2.681079966651     -2.681195150496         0.61818E-03
     -2.681181965756     -2.681295068183         0.85298E-03
     -2.681190109634     -2.681302319909         0.60071E-03
     -2.681079743839     -2.681195117091         0.42922E-03
     -2.681181533937     -2.681293664505         0.46320E-03
     -2.681083590294     -2.681199105450         0.32797E-03
     -2.681080966008     -2.681197238509         0.63196E-03
     -2.681077671752     -2.681192242529         0.67897E-03
     -2.681192929826     -2.681305601365         0.56295E-03
     -2.681194433726     -2.681305218648         0.74085E-03
     -2.681082047211     -2.681198806360         0.69932E-03
     -2.681075310267     -2.681191125035         0.94750E-03
     -2.681068900926     -2.681184084721         0.68752E-03
     -2.681074784415     -2.681190273502         0.33459E-03
     -2.681188397307     -2.681300022143         0.60775E-03
     -2.681082629627     -2.681197741388         0.48325E-03
     -2.681191556618     -2.681302928284         0.67537E-03
     -2.681074036235     -2.681187869661         0.78309E-03
     -2.681076774246     -2.681193142343         0.48956E-03
     -2.681073480768     -2.681191549882         0.80915E-03
     -2.681078872770     -2.681193095774         0.81729E-03
     -2.681080675239     -2.681195337994         0.83433E-03
     -2.681080849686     -2.681197137282         0.33904E-03
     -2.681080724715     -2.681196558868         0.66848E-03
     -2.681078096069     -2.681194375484         0.60027E-03
     -2.681199395215     -2.681311470694         0.41378E-03
     -2.681190846892     -2.681304196562         0.72246E-03
     -2.681205629563     -2.681317901288         0.35492E-03
     -2.681080752823     -2.681196829161         0.57954E-03
     -2.681081341687     -2.681197499576         0.71584E-03
     -2.681082489028     -2.681198255773         0.21192E-03
     -2.681078375834     -2.681194659130         0.53973E-03
     -2.681190303120     -2.681301717442         0.88862E-03
     -2.681189731392     -2.681301730355         0.68800E-03
     -2.681080006195     -2.681195443534         0.52051E-03
     -2.681189755554     -2.681302458080         0.76160E-03
     -2.679978125956     -2.680095854202         0.46779E-03
     -2.681079298206     -2.681196197240         0.77287E-03
     -2.679961249583     -2.680079121518         0.70614E-03
     -2.679975590717     -2.680093029078         0.30345E-03
     -2.679967529069     -2.680084955572         0.56646E-03
     -2.681192499765     -2.681306403215         0.81055E-03
     -2.679953084851     -2.680070608973         0.83846E-03
     -2.679963787922     -2.680080610714         0.51628E-03
     -2.679965138593     -2.680083200147         0.37456E-03
     -2.679969294867     -2.680086879034         0.92882E-03
     -2.679969127074     -2.680085778597         0.73200E-03
     -2.679976578870     -2.680095323848         0.69741E-03
     -2.679978205106     -2.680095695373         0.43195E-03
     -2.679977009220     -2.680093374780         0.75511E-03
     -2.679964641583     -2.680082113793         0.85959E-03
     -2.679958496134     -2.680076292401         0.43643E-03
     -2.679962302048     -2.680080576075         0.28406E-03
     -2.679956703191     -2.680075193019         0.88051E-03
     -2.679683262052     -2.679799874138         0.67616E-03
     -2.679970503407     -2.680087849350         0.44328E-03
     -2.679965491909     -2.680083653072         0.91519E-03
     -2.679953449924     -2.680072395238         0.56852E-03
     -2.679701455492     -2.679818108223         0.54781E-03
     -2.679960744829     -2.680077851798         0.88399E-03
     -2.679975065782     -2.680092084849         0.61272E-03
     -2.679965960555     -2.680083988796         0.28748E-03
     -2.679960300427     -2.680078116965         0.39695E-03
     -2.679957222051     -2.680075300081         0.90687E-03
     -2.681201101178     -2.681314333946         0.73845E-03
     -2.681073421581     -2.681189607751         0.72422E-03
     -2.679977791882     -2.680097368704         0.57933E-03
