15
 energy: -20.912208659263 gnorm: 0.083554364860 xtb: 6.7.1 (edcfbbe)
C           -3.35594416200000       -0.33693627680000        0.16584324070000
C           -1.98113362570000       -0.10313855160000       -0.03949440300000
C           -0.79686965790000        0.09472758260000       -0.21619611570000
C            0.59911476200000        0.32654320500000       -0.41136440000000
C            1.07794001210000        1.63334170810000        0.22290378390000
C            1.44165855500000       -0.81748598570000        0.08126723480000
O            2.63642131700000       -0.80948272790000        0.09900398630000
H           -3.52120306860000       -1.10070856140000        0.92875225230000
H           -3.84319751930000       -0.67802291320000       -0.75011490040000
H           -3.87033270590000        0.56922976030000        0.49283331320000
H            0.76143103970000        0.39139592850000       -1.50156921520000
H            0.92882746210000        1.60681398160000        1.30225463520000
H            0.53382792100000        2.49353633920000       -0.16888057760000
H            2.14275748500000        1.78674326850000        0.04267810660000
H            0.94889906800000       -1.71753615070000        0.43047938010000
15
 energy: -20.915114361153 gnorm: 0.018528235078 xtb: 6.7.1 (edcfbbe)
C           -3.37088573712846       -0.33908538978169        0.16975040363568
C           -1.97112267030964       -0.10206686094010       -0.02410530813865
C           -0.80434419979170        0.09177120776330       -0.20815313528908
C            0.60583000094752        0.32933103714968       -0.41847561949852
C            1.07872728250823        1.63706529204829        0.22761216391133
C            1.45626117559716       -0.81744540171390        0.07051162578183
O            2.66014804046522       -0.80566167658086        0.10466169293518
H           -3.52927160662371       -1.10459795272011        0.93271828278058
H           -3.84124558583290       -0.67812771432905       -0.75638965838399
H           -3.87577859347237        0.57363076535312        0.49401999228970
H            0.78350692073276        0.39606703534937       -1.50500788264825
H            0.91977723729225        1.60502139170715        1.30529952967628
H            0.52863087522507        2.48447466412960       -0.17768468751778
H            2.14181062809664        1.78008403259730        0.03923766219786
H            0.92015311479391       -1.71143982353209        0.42440125946783
15
 energy: -20.915539277281 gnorm: 0.007620550226 xtb: 6.7.1 (edcfbbe)
C           -3.38159236413234       -0.34053865835080        0.17550974957001
C           -1.96966199417325       -0.10570827814242       -0.02338553644103
C           -0.80088005578160        0.08532496574485       -0.20797456670398
C            0.61581358205888        0.33001409863168       -0.42074047135954
C            1.07789518788498        1.64345974651636        0.22831431423241
C            1.46513338347327       -0.81652350337848        0.07777999397343
O            2.66868028273581       -0.81121890522788        0.10995596738016
H           -3.53136006767763       -1.10583590645117        0.93865343830473
H           -3.84188443891999       -0.67747545030354       -0.75477786302507
H           -3.87442729254473        0.57796130232312        0.49797714622069
H            0.80185685854590        0.39721710075846       -1.50427969156241
H            0.90779248994632        1.60977113306894        1.30319010789549
H            0.52512349610155        2.48252333006397       -0.18742855453921
H            2.14057010156699        1.78390741219775        0.04413922943483
H            0.89913771341585       -1.71385778095082        0.40146305781949
15
 energy: -20.915585973822 gnorm: 0.004128801077 xtb: 6.7.1 (edcfbbe)
C           -3.38224388410801       -0.34074352626775        0.17869149771320
C           -1.96794506153459       -0.10750900651017       -0.02798449691089
C           -0.79831569919137        0.08244605318165       -0.21190551525788
C            0.61942204005008        0.32903660437230       -0.42401733720638
C            1.07551262138729        1.64452662604231        0.22845622702525
C            1.46704773129681       -0.82353536862209        0.06646795402365
O            2.66807536130820       -0.81290491770334        0.12021288571419
H           -3.52661743276270       -1.10469006632049        0.94274542267011
H           -3.84162773346741       -0.67688940060638       -0.75089663189193
H           -3.86804409205856        0.58015341408545        0.50147575656016
H            0.80702506103129        0.40108816649735       -1.50590327149403
H            0.89831792514895        1.61048895989077        1.30158946890721
H            0.52371204718282        2.48184822808356       -0.19094145568521
H            2.13869647675425        1.78671255647366        0.05089386459676
H            0.88918152146296       -1.71100771609682        0.39951195243580
15
 energy: -20.915621989743 gnorm: 0.002074538336 xtb: 6.7.1 (edcfbbe)
C           -3.37986753558752       -0.34059068720604        0.17970233855631
C           -1.96654201811050       -0.10719860230013       -0.02916776536415
C           -0.79745233902553        0.08333386839824       -0.21270586138621
C            0.61955985580624        0.32868936930786       -0.42416656964849
C            1.07398512405066        1.64489212972093        0.22774354008830
C            1.46583556489649       -0.82334911409090        0.07105373689817
O            2.66574689583648       -0.81438048440485        0.12463614476541
H           -3.52279195032323       -1.10379960727865        0.94424376734193
H           -3.84054292921054       -0.67679034529174       -0.74884302076295
H           -3.86416567559811        0.58041982292900        0.50304565274173
H            0.80756659767534        0.39971070780688       -1.50597895839211
H            0.89203586836920        1.61299611438999        1.30013028844018
H            0.52412689375222        2.48173619928936       -0.19524905315643
H            2.13811746808294        1.78781067319295        0.05549325799787
H            0.88658506188585       -1.71445943796288        0.38845882308043
15
 energy: -20.915644653971 gnorm: 0.001570895728 xtb: 6.7.1 (edcfbbe)
C           -3.37689438974910       -0.34018323043722        0.18159609657137
C           -1.96477529716911       -0.10717877381203       -0.02980638636446
C           -0.79589189496815        0.08379813522639       -0.21449218207897
C            0.62008903358819        0.32873990175469       -0.42567719433489
C            1.07196018011616        1.64514008652534        0.22671478575080
C            1.46444704308351       -0.82440508255251        0.07218925988510
O            2.66350981270261       -0.81432326485204        0.13606195351385
H           -3.51810244203196       -1.10262306788987        0.94694266802221
H           -3.84012064507917       -0.67676102059887       -0.74538724514444
H           -3.85959507617677        0.58112333884199        0.50578300406133
H            0.80902635131024        0.39888366242973       -1.50738717676221
H            0.88179733764526        1.61571951168713        1.29788732048946
H            0.52600180129205        2.48187083568986       -0.20188324507062
H            2.13768870410949        1.78786340738765        0.06281473987796
H            0.88305636382677       -1.71864383290022        0.37303992278353
15
 energy: -20.915700341319 gnorm: 0.004797550188 xtb: 6.7.1 (edcfbbe)
C           -3.36813167723466       -0.33881145044939        0.18963683984735
C           -1.95933102410908       -0.10787272046966       -0.03223702141500
C           -0.79139753038185        0.08425613073919       -0.22171959838804
C            0.62242569944106        0.32957609599792       -0.43068577637621
C            1.06568845470262        1.64684396401090        0.22262502806061
C            1.46047148835746       -0.82872803071434        0.07202837818097
O            2.65657100367894       -0.80914729674070        0.18660821135262
H           -3.50358823435713       -1.09899338309703        0.95804458572713
H           -3.84101954303386       -0.67689605632181       -0.73182105942083
H           -3.84593562465878        0.58389033267189        0.51641257836607
H            0.81597179708559        0.39615879568041       -1.51190606394885
H            0.84438746334584        1.62681056754857        1.28882913642176
H            0.53652945102151        2.48401888693028       -0.22750187600132
H            2.13731203894864        1.78472736221542        0.08931170148955
H            0.87224311969371       -1.73681259150164        0.31077125730423
15
 energy: -20.915749573823 gnorm: 0.007114195362 xtb: 6.7.1 (edcfbbe)
C           -3.36432583889203       -0.33812854930535        0.19541914173887
C           -1.95706620957369       -0.10863614563995       -0.03292840323941
C           -0.78988668170408        0.08428260679604       -0.22623223600278
C            0.62381246131284        0.33048623356401       -0.43253182636838
C            1.06292392026788        1.64856435191437        0.21960188886376
C            1.45837772217473       -0.83117602314378        0.06987458792013
O            2.65077582919539       -0.80109107325776        0.22723804544138
H           -3.49667158869107       -1.09711875776064        0.96585513923503
H           -3.84358665945584       -0.67737414029862       -0.72261456250498
H           -3.84004293258584        0.58539457035688        0.52356093636385
H            0.82073732894237        0.39304340064372       -1.51363844092310
H            0.82066372256200        1.63653180134765        1.28168680008331
H            0.54806307971081        2.48683863266714       -0.24572805894980
H            2.13811429942721        1.77925399615943        0.10668843914770
H            0.87030842980933       -1.75185029754313        0.26214487039444
15
 energy: -20.915802710776 gnorm: 0.014883334470 xtb: 6.7.1 (edcfbbe)
C           -3.36085540003004       -0.33747715734672        0.20499552275150
C           -1.95506972746137       -0.11006214825600       -0.02951934424955
C           -0.78947047318844        0.08447410213023       -0.23111779551653
C            0.62529158022112        0.33254106362050       -0.43275587184623
C            1.06076905919060        1.65215502802885        0.21422445567226
C            1.45572439154167       -0.83416860590853        0.06397908269304
O            2.63844206376532       -0.78297287413643        0.30080077227521
H           -3.49063532779753       -1.09518927220708        0.97804002141318
H           -3.84826097151422       -0.67863667396126       -0.70893568531669
H           -3.83562260836036        0.58698312674657        0.53402776113473
H            0.82623994964887        0.38552469064087       -1.51439198111300
H            0.78368615984179        1.65643464255719        1.26835763823384
H            0.57400298880693        2.49309947113211       -0.27768595487532
H            2.14136425679686        1.76533897207599        0.13508058768393
H            0.87659094103884       -1.77902375861627        0.17329711225964
15
 energy: -20.915914130185 gnorm: 0.005909160730 xtb: 6.7.1 (edcfbbe)
C           -3.36566302197913       -0.33839421291389        0.20285090175383
C           -1.95812424649976       -0.11012949652757       -0.02454775938236
C           -0.79265523715693        0.08465076653159       -0.22679806756764
C            0.62388083206937        0.33319022292246       -0.42862795900062
C            1.06475571940860        1.65254112650240        0.21511364427668
C            1.45751390989109       -0.83208646985951        0.06099985580418
O            2.63719461885404       -0.78114038937948        0.29095824375763
H           -3.49971441216993       -1.09750222366483        0.97443327623183
H           -3.84853851328324       -0.67931674604998       -0.71401172689128
H           -3.84465305092509        0.58523468233513        0.52981482255740
H            0.82198851697024        0.38387668324386       -1.51119888449190
H            0.79407884834926        1.65772795259470        1.26909194089919
H            0.57926167535606        2.49451469975020       -0.27328097578860
H            2.14353495591174        1.76079060135748        0.12965061740503
H            0.88933628770371       -1.77493659034255        0.18394839163664
15
 energy: -20.915991271787 gnorm: 0.004525857141 xtb: 6.7.1 (edcfbbe)
C           -3.36926214099035       -0.33958584962878        0.20709122821182
C           -1.95953183812258       -0.11094620894715       -0.01853506316035
C           -0.79504802723543        0.08502056843464       -0.22504204706947
C            0.62382396035378        0.33420861177772       -0.42541978514195
C            1.06746037750691        1.65528394216855        0.21283240415994
C            1.45846090985768       -0.83090145558446        0.05919521111664
O            2.62936636991771       -0.77124807844143        0.32610609324129
H           -3.50447260435891       -1.09858385333389        0.97852642421988
H           -3.84833449216416       -0.68069433648355       -0.71141348133345
H           -3.84907315123097        0.58425467678836        0.53214936012215
H            0.82031502282465        0.37988649982369       -1.50884290917875
H            0.78442095310148        1.67151528305669        1.26294957019708
H            0.59642118246855        2.49749528987880       -0.28815344145582
H            2.14776895894987        1.75064838580789        0.13890776918783
H            0.89988140162182       -1.78733286881706        0.13804498808318
15
 energy: -20.916045250124 gnorm: 0.010794135211 xtb: 6.7.1 (edcfbbe)
C           -3.37317279456991       -0.34184050542936        0.21417375743733
C           -1.96079215965730       -0.11180235074151       -0.00668464821137
C           -0.79814559829899        0.08625759568155       -0.22164254114113
C            0.62227325693717        0.33551607043263       -0.42324903668723
C            1.07193694757555        1.65804935331789        0.20814945434687
C            1.45799755986746       -0.82860175308842        0.05638459479786
O            2.61328520145604       -0.75567774466519        0.39173983213918
H           -3.51078721335142       -1.10011180881702        0.98514920813562
H           -3.84412535816453       -0.68336363758697       -0.70766207628509
H           -3.85420920663100        0.58185001767490        0.53601288572850
H            0.81241079780944        0.37600126583146       -1.50849062189841
H            0.77026457369135        1.69167823739739        1.25281925939573
H            0.62394703359099        2.50095730898160       -0.31183539194236
H            2.15532496989547        1.73424091989759        0.15343036109029
H            0.91598887234973       -1.80413236238655        0.06010128429424
15
 energy: -20.916104212213 gnorm: 0.005387106995 xtb: 6.7.1 (edcfbbe)
C           -3.37535549636760       -0.34351153754703        0.21326354817142
C           -1.96145550571730       -0.11141997813868       -0.00413606808578
C           -0.79884126290599        0.08703284437676       -0.21810345359885
C            0.62111176640882        0.33541335390844       -0.42322566182247
C            1.07467316389539        1.65786125918480        0.20823296960578
C            1.45785383771906       -0.82656310723548        0.05885009181970
O            2.61001915290925       -0.75955400609790        0.38984448514750
H           -3.51417865480845       -1.10178846500666        0.98305598914909
H           -3.83890402800157       -0.68458346598107       -0.71169350483023
H           -3.85677204009038        0.57969890040313        0.53344672516513
H            0.80589478757619        0.37927590689286       -1.50894865402224
H            0.78090017296363        1.69108443681954        1.25468558528328
H            0.62316074232973        2.49962616614037       -0.30797380366959
H            2.15727689174589        1.73451489294193        0.14656741016172
H            0.91681335484336       -1.79806659416101        0.06453066272556
15
 energy: -20.916162660381 gnorm: 0.004469101908 xtb: 6.7.1 (edcfbbe)
C           -3.37363249876351       -0.34467264653998        0.21543991315383
C           -1.96051711359028       -0.11149918746914       -0.00100170294436
C           -0.79830746276141        0.08784272634094       -0.21603456995547
C            0.62018170132233        0.33683093800802       -0.42358755750909
C            1.07604943839374        1.65913257122028        0.20572735011932
C            1.45416608704349       -0.82703112995531        0.05806363329364
O            2.59812004031861       -0.75821662921680        0.41898246946425
H           -3.51285539193372       -1.10263509686308        0.98539641946169
H           -3.83564437777998       -0.68682704034530       -0.70988220233519
H           -3.85634145561245        0.57815931788983        0.53455079046704
H            0.80083334492295        0.37973061887187       -1.51019311507862
H            0.77921697307229        1.69597643191020        1.25131584098509
H            0.63086065285727        2.50201817448514       -0.31433024577493
H            2.15948067670720        1.73107140998148        0.14853005395072
H            0.92058626830350       -1.80085985181813        0.03541924390210
15
 energy: -20.916190279130 gnorm: 0.017439712616 xtb: 6.7.1 (edcfbbe)
C           -3.36593653704193       -0.34890381968738        0.22362252897357
C           -1.95647423544783       -0.11100812447597        0.00488607861066
C           -0.79473764107954        0.09232229756723       -0.20860353558147
C            0.61958010769472        0.34313245157169       -0.42420615201776
C            1.08044797303209        1.66577289111134        0.19651368567345
C            1.43980219663548       -0.83036481958473        0.05902245094043
O            2.55073448202182       -0.75906327371332        0.52945191101210
H           -3.50237041772864       -1.10518442352666        0.99592338466998
H           -3.82768835722793       -0.69618415492473       -0.70015984396784
H           -3.85236234493620        0.57296266177966        0.54007657288449
H            0.79066421595127        0.37813452024269       -1.51304186414874
H            0.77314445748263        1.71498916224603        1.23942454931198
H            0.65240403489488        2.51013466538910       -0.33699197023839
H            2.16591360491187        1.72570841116812        0.15281578874606
H            0.92907534333736       -1.81342783866307       -0.08033726366851
15
 energy: -20.916289846914 gnorm: 0.004773943590 xtb: 6.7.1 (edcfbbe)
C           -3.36270980887384       -0.34733318431084        0.21853464356182
C           -1.95582673113661       -0.10982088249564       -0.00399984636806
C           -0.79249120883524        0.09240905729554       -0.21043822426662
C            0.62074538423412        0.34264142836305       -0.42596888668587
C            1.07778987047191        1.66375632417258        0.19940935386511
C            1.43910424118610       -0.83249378078352        0.06089681420385
O            2.55969027180318       -0.76941210123970        0.48872706266986
H           -3.49663796520176       -1.10390877481323        0.99170988299922
H           -3.83187478426540       -0.69511634488904       -0.70194495846147
H           -3.84904889625757        0.57434033906092        0.53744640381311
H            0.79712330803035        0.37997197348592       -1.51343640128753
H            0.78440295373494        1.70018776612728        1.24666688565678
H            0.63208134537895        2.50785403694155       -0.32014030376079
H            2.16128061386335        1.73811478536496        0.14100703891220
H            0.91856828836756       -1.80217003577985       -0.03007314365158
15
 energy: -20.916343604802 gnorm: 0.003011690177 xtb: 6.7.1 (edcfbbe)
C           -3.36499627259733       -0.34853960298890        0.22005827275174
C           -1.95698085875500       -0.10913779762685       -0.00315600199557
C           -0.79363165661891        0.09420528328287       -0.20834208072349
C            0.62114573352322        0.34333897479723       -0.42539798035495
C            1.08068806860298        1.66480065254911        0.19797673602875
C            1.43885239390709       -0.83148656921019        0.06231144093017
O            2.55112116513409       -0.76793733069476        0.51213741143172
H           -3.49734732066840       -1.10448697477373        0.99375379186033
H           -3.83205194772509       -0.69724285604561       -0.70080309520138
H           -3.85178712381989        0.57284792981581        0.53816599657308
H            0.79661099115482        0.37791553933630       -1.51304915079447
H            0.78837130579180        1.70444413800987        1.24498585363740
H            0.63495090943771        2.50739392081733       -0.32268460675345
H            2.16391994828616        1.73763478169293        0.13819554148567
H            0.92333154684679       -1.80472948246141       -0.05575580767554
15
 energy: -20.916347639371 gnorm: 0.014253897279 xtb: 6.7.1 (edcfbbe)
C           -3.36553439163808       -0.35162790022508        0.22415746436913
C           -1.95802323471112       -0.10646713888016       -0.00395084318743
C           -0.79380835378849        0.09994472279575       -0.20155309425214
C            0.62259408137190        0.34729695400237       -0.42542622656114
C            1.08797165233839        1.66857514573569        0.19196790387727
C            1.43183369441638       -0.83210964899594        0.06531505716280
O            2.51275707856888       -0.76876407841198        0.59837067437940
H           -3.49125265908960       -1.10534907669342        1.00105224399803
H           -3.83319906300739       -0.70573597488772       -0.69422770184959
H           -3.85574199676286        0.56842755467971        0.54057637111480
H            0.79490993349102        0.37250671307562       -1.51374345970604
H            0.80359301724344        1.71220122994569        1.24053479365281
H            0.63783518477334        2.50899573686334       -0.32778636870913
H            2.17056032654854        1.74113237895502        0.12403898705146
H            0.93770161274570       -1.81000601145892       -0.14092948014020
15
 energy: -20.916418316091 gnorm: 0.002315971848 xtb: 6.7.1 (edcfbbe)
C           -3.36667997096001       -0.34970583797521        0.22124382324900
C           -1.95850184230174       -0.10708121882041       -0.00554063030018
C           -0.79413699492943        0.09729161385560       -0.20405638603140
C            0.62259078028683        0.34499842203395       -0.42473894826812
C            1.08517109539697        1.66663368124078        0.19497516810416
C            1.43608354466454       -0.83169841487678        0.06526667246723
O            2.52931207568563       -0.76874771060180        0.55858780517011
H           -3.49417337324079       -1.10406544662961        0.99722606280705
H           -3.83487692509081       -0.70195408725029       -0.69760120817344
H           -3.85544420702823        0.57091519224846        0.53847267436958
H            0.79767790209149        0.37350041069010       -1.51241075530386
H            0.80380613117544        1.70565216117929        1.24469333021564
H            0.62999613605045        2.50730871638140       -0.32077715233171
H            2.16740281504458        1.74315695341229        0.12321616082505
H            0.93396971565512       -1.80718382838779       -0.10016029559910
15
 energy: -20.916447669338 gnorm: 0.002429705633 xtb: 6.7.1 (edcfbbe)
C           -3.36640197688811       -0.34939819672434        0.22124081309146
C           -1.95853893832523       -0.10643662707655       -0.00688834511806
C           -0.79363597850382        0.09729328424939       -0.20301735661349
C            0.62317407696100        0.34518148081482       -0.42530017491591
C            1.08597884683403        1.66670990267581        0.19370025381607
C            1.43484223683243       -0.83219522102023        0.06615878036641
O            2.52028905728537       -0.76920988832455        0.57680276430015
H           -3.49246957551911       -1.10297624970320        0.99829068416618
H           -3.83580583156413       -0.70309346168041       -0.69648213365697
H           -3.85569519894776        0.57120513584508        0.53797976657928
H            0.79769859611599        0.37219824899382       -1.51299779317648
H            0.81266112136467        1.70267066069555        1.24554609815301
H            0.62379946556550        2.50688137842900       -0.31670444309763
H            2.16730144625901        1.74749050979923        0.11390862737519
H            0.93899953503020       -1.80730035047345       -0.11384122006919
15
 energy: -20.916480166647 gnorm: 0.013038949227 xtb: 6.7.1 (edcfbbe)
C           -3.36431781411842       -0.34645943947343        0.22140031889824
C           -1.95758701815627       -0.10345962066589       -0.01050951628923
C           -0.78977244551183        0.09471392751963       -0.19525937936893
C            0.62657717209044        0.34513316210147       -0.42585906838143
C            1.08907665187667        1.66832760512679        0.18548492179736
C            1.42853355414070       -0.83509538430859        0.07388415861908
O            2.46537002076958       -0.77051852873291        0.68668256579135
H           -3.48595060218004       -1.09517164021955        1.00414411358783
H           -3.83764181222381       -0.70776734446121       -0.69166173709989
H           -3.85584738733662        0.57500771745199        0.53347375123362
H            0.79560643431846        0.36313316340570       -1.51425624614210
H            0.86479675826010        1.68608523717079        1.25115938656079
H            0.58400733059874        2.50506189551663       -0.29450795167283
H            2.16547636508194        1.77427715628141        0.05642504644553
H            0.97386967489041       -1.81424730021284       -0.20220404277938
15
 energy: -20.916584996481 gnorm: 0.002822424238 xtb: 6.7.1 (edcfbbe)
C           -3.36181474974813       -0.34503105939959        0.22375605235497
C           -1.95609615402775       -0.10064324498104       -0.01328639683525
C           -0.78879929253501        0.09006936066951       -0.20904737311577
C            0.62787710000372        0.34394604915965       -0.43143503319000
C            1.08628945700227        1.66592441389797        0.18626788686290
C            1.43064609425688       -0.83466340327100        0.06886250515501
O            2.45439511629624       -0.77035096416527        0.69310664291531
H           -3.48238757732185       -1.09343565268870        1.00689075326632
H           -3.83609774145135       -0.70640547187887       -0.68862854015893
H           -3.85230959835134        0.57669141460547        0.53587779094178
H            0.79975048696031        0.36690740255856       -1.51931731959668
H            0.86210293771492        1.68022306933941        1.25096046578732
H            0.58063511222705        2.50258913178253       -0.29003925710450
H            2.16126081771281        1.77589086553626        0.05883502298363
H            0.97674487376126       -1.81269130466490       -0.19440687906609
15
 energy: -20.916596204035 gnorm: 0.004046656875 xtb: 6.7.1 (edcfbbe)
C           -3.36075103476874       -0.34320268796714        0.22472124540551
C           -1.95487335054777       -0.10179167528954       -0.01420727010068
C           -0.78825122044051        0.08883838425142       -0.21318607903713
C            0.62815969943486        0.34258013412182       -0.43457616725422
C            1.08411455506195        1.66441421502353        0.18562256581140
C            1.42685019693112       -0.83428406647546        0.07633488315121
O            2.44929303354664       -0.76911530819487        0.69853275717040
H           -3.48171529806131       -1.09066044862664        1.00859025009415
H           -3.83634232383653       -0.70436305474353       -0.68700286158610
H           -3.84852130919998        0.57977190263861        0.53694936456423
H            0.80206208388044        0.36593960761159       -1.52221527147839
H            0.86009588812016        1.67535388637287        1.24993255147793
H            0.57684246121398        2.50070618817920       -0.28807519799633
H            2.15830497035008        1.77688247885721        0.05871638432936
H            0.98692853081566       -1.81204894925907       -0.20174083335132
15
 energy: -20.916615504766 gnorm: 0.001449002863 xtb: 6.7.1 (edcfbbe)
C           -3.35992840072172       -0.34258517064545        0.22493557139470
C           -1.95373083978738       -0.10366461772086       -0.01485620514353
C           -0.78748552631588        0.08836836814632       -0.21468098561348
C            0.62882241849789        0.34243673866852       -0.43678187778842
C            1.08302410026712        1.66403318469780        0.18539857429873
C            1.42847601464480       -0.83438456583907        0.07341388380893
O            2.44721495454011       -0.76868454425483        0.70371720457286
H           -3.48122399113186       -1.08935003561943        1.00938702819073
H           -3.83698569214769       -0.70357379334889       -0.68609807219398
H           -3.84593989992968        0.58130572144399        0.53728436863335
H            0.80343758046641        0.36717062028551       -1.52412094764058
H            0.85947376216817        1.67195049896701        1.24998294457648
H            0.57379053973364        2.50042700479019       -0.28638637577728
H            2.15710636977042        1.77819060877061        0.05790009271827
H            0.98614549244569       -1.81261941184143       -0.20069888283675
15
 energy: -20.916632193834 gnorm: 0.002282594798 xtb: 6.7.1 (edcfbbe)
C           -3.35724550195760       -0.34034250249917        0.22656935599865
C           -1.95080840423220       -0.10536046184548       -0.01592793574346
C           -0.78568877360423        0.08626109985953       -0.22330459970512
C            0.63089455646444        0.34115722879658       -0.44295378588221
C            1.07949878460127        1.66259580854745        0.18443961254969
C            1.42892258080586       -0.83506797644416        0.07204139144963
O            2.43699303207356       -0.76752879576730        0.72172164147359
H           -3.47893192750875       -1.08539230409764        1.01258115103947
H           -3.83777931015526       -0.70103496501872       -0.68269084512651
H           -3.83914302479979        0.58574263019048        0.53887218231125
H            0.80950841601625        0.36802016818573       -1.52914453111402
H            0.85776547686392        1.66242698219119        1.24961966089951
H            0.56395175927771        2.49852312960596       -0.28164696795866
H            2.15280073860162        1.78345530744270        0.05542320205937
H            0.99145848005325       -1.81443474264717       -0.20720321105116
15
 energy: -20.916644139436 gnorm: 0.002382653881 xtb: 6.7.1 (edcfbbe)
C           -3.35540208006610       -0.33866402446920        0.22763205485920
C           -1.94853840055496       -0.10798245944901       -0.01641758002475
C           -0.78447291496254        0.08481717174523       -0.22807899987959
C            0.63228945164643        0.34024030886140       -0.44618316697397
C            1.07728309048700        1.66181295957759        0.18367916749189
C            1.42805403534672       -0.83561774569883        0.07294996829959
O            2.42819595096049       -0.76718776886860        0.73482786182893
H           -3.47813236870168       -1.08234783778094        1.01477392494145
H           -3.83826259198798       -0.69905447268160       -0.68045467943581
H           -3.83400500816053        0.58930365779585        0.53958090049822
H            0.81342702605582        0.36731519367541       -1.53170728208833
H            0.85813181429293        1.65705143314902        1.24940344149638
H            0.55654552905985        2.49674016241534       -0.27848436104464
H            2.14969264661707        1.78802787981771        0.05244880048716
H            0.99739070246753       -1.81543385158937       -0.21557372925571
15
 energy: -20.916662214262 gnorm: 0.003238281807 xtb: 6.7.1 (edcfbbe)
C           -3.35103043949617       -0.33509794164424        0.23046833464991
C           -1.94350435977433       -0.11165265272819       -0.01579017478602
C           -0.78180299836931        0.08213077199005       -0.23986744501307
C            0.63589002089475        0.33796320704482       -0.45286271860340
C            1.07246010992049        1.66009180261072        0.18151924069732
C            1.42557156810966       -0.83731485687753        0.07594783619830
O            2.40364263197063       -0.76797715345282        0.77057413175844
H           -3.47639962686225       -1.07562532381500        1.02021181248677
H           -3.83810381618440       -0.69505090736243       -0.67539971269421
H           -3.82316734671646        0.59677855507792        0.54086976204234
H            0.82280782842471        0.36468548769516       -1.53698235930559
H            0.86183050317403        1.64547894808143        1.24892295854217
H            0.53782226413910        2.49180809869224       -0.27089630616884
H            2.14223875989392        1.80026536641835        0.04281267048889
H            1.01394178337567       -1.81746279523049       -0.24113170909298
15
 energy: -20.916670415249 gnorm: 0.001302819413 xtb: 6.7.1 (edcfbbe)
C           -3.35046515816372       -0.33492359407177        0.23066992820161
C           -1.94249797551362       -0.11363078544779       -0.01475942549696
C           -0.78144090745975        0.08237706310431       -0.23921470982706
C            0.63630148733216        0.33800271074838       -0.45268760806751
C            1.07257429399401        1.66035128143794        0.18086258753886
C            1.42470146577972       -0.83761310325697        0.07668517543411
O            2.39718660863618       -0.76956208536289        0.77758326041100
H           -3.47730836280055       -1.07479019112331        1.02078353273793
H           -3.83732772687756       -0.69490855627717       -0.67527428974941
H           -3.82174010646040        0.59770031295000        0.54015469386522
H            0.82268060825963        0.36377286656530       -1.53695004917054
H            0.86588882214172        1.64499872010165        1.24893151678589
H            0.53456679371007        2.49101388819843       -0.26927461400386
H            2.14141013513193        1.80317497153620        0.03852247412245
H            1.01766690479023       -1.81694289260230       -0.24763615158173
15
 energy: -20.916683292811 gnorm: 0.000979492163 xtb: 6.7.1 (edcfbbe)
C           -3.34897783960549       -0.33536243066711        0.23209549863453
C           -1.94045601155585       -0.11511340737264       -0.01031356242400
C           -0.78077940430132        0.08379850725049       -0.23967088691212
C            0.63752133495586        0.33867859028302       -0.45297537226857
C            1.07413547890913        1.66128646354915        0.17830832225824
C            1.42115444611828       -0.83845918492975        0.07919273462940
O            2.37299498031279       -0.77524960238990        0.80707241099942
H           -3.47880843898347       -1.07376978660369        1.02305592432573
H           -3.83344802959523       -0.69649253284254       -0.67465878320156
H           -3.82060046637984        0.59803453401447        0.53848551021559
H            0.82247378174730        0.36189254430421       -1.53769105011247
H            0.88098324711783        1.64369539572802        1.24880119660252
H            0.52585648253044        2.48929751866034       -0.26398748789065
H            2.14004881947103        1.81166648380030        0.02330585672880
H            1.03009850175860       -1.81488248628438       -0.27262399038483
15
 energy: -20.916690912910 gnorm: 0.000818773386 xtb: 6.7.1 (edcfbbe)
C           -3.34882207030988       -0.33723018100344        0.23246292642878
C           -1.94001245341775       -0.11556040814741       -0.00768436699416
C           -0.78070776862289        0.08609137893437       -0.23638047319264
C            0.63726985602918        0.34065609658867       -0.45330014374906
C            1.07738560032630        1.66274641244891        0.17641061368140
C            1.41813295568443       -0.83815858418866        0.07959407132024
O            2.35812711792122       -0.77876598681342        0.82333773789828
H           -3.47928865344598       -1.07529424089280        1.02360990705515
H           -3.83050008531483       -0.70000881922684       -0.67526820828180
H           -3.82286241551537        0.59552397268568        0.53713811891632
H            0.81896237458681        0.36297074519843       -1.53862303216867
H            0.89231911477897        1.64394047658348        1.24834709974045
H            0.52575784367254        2.49116473276505       -0.26091341792772
H            2.14206093309121        1.81342582374214        0.01358873079888
H            1.03437453303612       -1.81248081217417       -0.28392324232542
15
 energy: -20.916696756712 gnorm: 0.000774776072 xtb: 6.7.1 (edcfbbe)
C           -3.34901486692468       -0.34029927472401        0.23293379572931
C           -1.94074945820913       -0.11268635974066       -0.00523436282510
C           -0.78111596192152        0.08913632858981       -0.23319046511374
C            0.63650914139720        0.34360755145693       -0.45384430966954
C            1.08228295563571        1.66461180762384        0.17434906286611
C            1.41337163404810       -0.83735667354880        0.08067673631039
O            2.34134538425367       -0.78147505519070        0.83992603028286
H           -3.47789521687365       -1.07849670044274        1.02420650408512
H           -3.82695272160602       -0.70579448288170       -0.67578906709243
H           -3.82793811363782        0.59049774675060        0.53582028071918
H            0.81450541269751        0.36486584282261       -1.53956773436771
H            0.90443152300049        1.64477298888653        1.24741879004616
H            0.52951648432070        2.49457174607875       -0.25852674762153
H            2.14626890067356        1.81317422752834        0.00458137071873
H            1.03763178564592       -1.81010908670881       -0.29536356286778
15
 energy: -20.916698413410 gnorm: 0.000748555221 xtb: 6.7.1 (edcfbbe)
C           -3.34924647629450       -0.34223350922994        0.23263228466057
C           -1.94149520445716       -0.11159334598326       -0.00596031868179
C           -0.78141669200890        0.09109855033318       -0.22996264954670
C            0.63573015432424        0.34558635626499       -0.45397462247476
C            1.08521123135416        1.66555722262585        0.17378150573943
C            1.41076506233545       -0.83648551325372        0.08088017068015
O            2.33598550980134       -0.78204897457452        0.84283199828319
H           -3.47587546256280       -1.08062650932163        1.02411064612866
H           -3.82604580299873       -0.70962102620700       -0.67591599120918
H           -3.83104714353647        0.58718485881237        0.53520510333247
H            0.81136728353218        0.36655103846801       -1.53992371664395
H            0.90858550703898        1.64619618274565        1.24695895917259
H            0.53461936655709        2.49710552636368       -0.25869136126868
H            2.14948321345809        1.81089087222551        0.00287099462676
H            1.03557633595709       -1.80854112276919       -0.29644668159874
15
 energy: -20.916698389024 gnorm: 0.002014752687 xtb: 6.7.1 (edcfbbe)
C           -3.34785344646198       -0.34350060622281        0.23323035976641
C           -1.94077629699634       -0.11089506916123       -0.00724858016068
C           -0.78085255944157        0.09296807231401       -0.23033201711540
C            0.63615465088127        0.34731690684652       -0.45624150112496
C            1.08707409477897        1.66622386030362        0.17238455917996
C            1.40665695832298       -0.83619891029037        0.08196490191641
O            2.32135169034753       -0.78358508475384        0.85838770812155
H           -3.47178488159777       -1.08110562005813        1.02593343054982
H           -3.82501754385995       -0.71330549869807       -0.67405999185224
H           -3.83132117479137        0.58525585406714        0.53516180428097
H            0.81127622247986        0.36789020996982       -1.54196114520501
H            0.91397950544400        1.64453535949100        1.24615349132619
H            0.53492400263878        2.49858730316469       -0.25700925289843
H            2.15094822834453        1.81217477142485       -0.00159271846131
H            1.03743743241111       -1.80734094189721       -0.30637472712326
15
 energy: -20.916700218641 gnorm: 0.000886188902 xtb: 6.7.1 (edcfbbe)
C           -3.34793343461917       -0.34302226329399        0.23316951149542
C           -1.94108214328157       -0.11008598038839       -0.00810192600443
C           -0.78083610427871        0.09235245086569       -0.23176872898559
C            0.63639871230623        0.34668862789198       -0.45596985375660
C            1.08603522773083        1.66590380300508        0.17295912955502
C            1.40780731181990       -0.83649873360281        0.08166307174262
O            2.32603195094320       -0.78330789911979        0.85313700971166
H           -3.47141867192861       -1.08068915858799        1.02588025446976
H           -3.82585889930260       -0.71248583691774       -0.67386920128617
H           -3.83093447554500        0.58579047268911        0.53556925978147
H            0.81255771505582        0.36764845336271       -1.54158971012837
H            0.91029659163527        1.64478077577472        1.24627901151668
H            0.53493690168569        2.49808246684061       -0.25801464495053
H            2.15025471557338        1.81178119204930        0.00151104745108
H            1.03594148470541       -1.80791776406850       -0.30245790941201
15
 energy: -20.916701101200 gnorm: 0.000280229716 xtb: 6.7.1 (edcfbbe)
C           -3.34752031983060       -0.34253864862595        0.23330266946898
C           -1.94112751022047       -0.10950162945427       -0.01030554881221
C           -0.78063346688799        0.09187570798742       -0.23408450985444
C            0.63691529855306        0.34626476456564       -0.45625296157355
C            1.08495011491797        1.66566286230622        0.17344031742056
C            1.40828016767667       -0.83688985107317        0.08155809707347
O            2.32770761335264       -0.78373842911295        0.85094196878569
H           -3.46956155719056       -1.07969354540113        1.02671175775256
H           -3.82716933588319       -0.71244336915233       -0.67266859932435
H           -3.82984935408481        0.58651483630395        0.53601333543913
H            0.81468512533771        0.36746336811729       -1.54169432832756
H            0.90644038553500        1.64485078908397        1.24632680101976
H            0.53457151335079        2.49748175153283       -0.25897967498713
H            2.14948991101779        1.81200951878180        0.00465167962264
H            1.03501829685605       -1.80829751935935       -0.30056468250352
15
 energy: -20.916701558687 gnorm: 0.000123333711 xtb: 6.7.1 (edcfbbe)
C           -3.34702677303024       -0.34246970213227        0.23348503661266
C           -1.94086113097864       -0.10955913499090       -0.01152786825798
C           -0.78037889828455        0.09207532296976       -0.23486549961749
C            0.63723590758742        0.34634680927672       -0.45683165182562
C            1.08472274379538        1.66568626798161        0.17330849971556
C            1.40772906909746       -0.83702398628911        0.08174297583521
O            2.32482903124030       -0.78441841539301        0.85394309782223
H           -3.46809579796292       -1.07894239242202        1.02767384305460
H           -3.82764672840847       -0.71322867988246       -0.67161253836709
H           -3.82913451965951        0.58680038840225        0.53592875680914
H            0.81562935501190        0.36749553038211       -1.54215913113475
H            0.90593353411592        1.64454356070131        1.24616000281054
H            0.53410586635312        2.49738937241881       -0.25904263792486
H            2.14923657993174        1.81248802601148        0.00484089085274
H            1.03591864369113       -1.80816236053428       -0.30264745518487
15
 energy: -20.916702116678 gnorm: 0.000347914149 xtb: 6.7.1 (edcfbbe)
C           -3.34608069973522       -0.34265372662325        0.23404642967261
C           -1.94039745283347       -0.10934084143096       -0.01332406113733
C           -0.77989987279506        0.09257260059943       -0.23624073511471
C            0.63777722578509        0.34682977169414       -0.45813408780379
C            1.08492991126891        1.66590790670030        0.17271075054636
C            1.40604501023313       -0.83716170518046        0.08221242215057
O            2.31604442637133       -0.78609891933895        0.86311919325251
H           -3.46526719740920       -1.07757100145134        1.02996463863593
H           -3.82785624864986       -0.71570931659869       -0.66946627690855
H           -3.82846087273623        0.58688454668170        0.53529499457540
H            0.81680839651047        0.36779998781556       -1.54327461347050
H            0.90672952869486        1.64390669533759        1.24564997018798
H            0.53354609119900        2.49755152403772       -0.25881264226924
H            2.14925999964010        1.81355711625440        0.00379340740076
H            1.03901863695621       -1.80745403199719       -0.30914306851797
15
 energy: -20.916702364280 gnorm: 0.000296962061 xtb: 6.7.1 (edcfbbe)
C           -3.34572990453587       -0.34249318100865        0.23430299795803
C           -1.94006807945261       -0.10956910454181       -0.01350918054093
C           -0.77966070043020        0.09246121992746       -0.23656707270420
C            0.63800418001962        0.34678168188709       -0.45858941448856
C            1.08471089498726        1.66590126209946        0.17246355353531
C            1.40573667099175       -0.83727809856805        0.08232969304246
O            2.31269770978166       -0.78664194521129        0.86673204953776
H           -3.46481103291769       -1.07650454740115        1.03105998110516
H           -3.82773453121895       -0.71644927940770       -0.66870883155782
H           -3.82793229770721        0.58742732622586        0.53466410583074
H            0.81718490606779        0.36770563111869       -1.54368604176513
H            0.90675387672242        1.64354128950955        1.24545081485586
H            0.53282679141699        2.49739112478666       -0.25876776224122
H            2.14894000609377        1.81405158639136        0.00331553929243
H            1.04127839268133       -1.80730435930747       -0.31209411065987
15
 energy: -20.916702796773 gnorm: 0.000321568208 xtb: 6.7.1 (edcfbbe)
C           -3.34480678118928       -0.34205232859900        0.23519209044800
C           -1.93915103463871       -0.11012837000598       -0.01359318447814
C           -0.77891555724955        0.09169409011162       -0.23788890220917
C            0.63866607490745        0.34671469299582       -0.46015181245045
C            1.08424846430122        1.66579571010299        0.17172897016760
C            1.40491500004749       -0.83747240320396        0.08253644869311
O            2.30296138003353       -0.78797711877047        0.87723096261851
H           -3.46388499741657       -1.07353943443422        1.03425712063636
H           -3.82703384601905       -0.71868006082993       -0.66657729266085
H           -3.82673168644814        0.58892339920064        0.53275883753679
H            0.81799826542750        0.36771151915629       -1.54512817816802
H            0.90689373049720        1.64235975774805        1.24476268097355
H            0.53115689553028        2.49695098785902       -0.25858341240112
H            2.14819291401204        1.81539250482795        0.00213551500851
H            1.04768806070466       -1.80667233965882       -0.32028352251465
15
 energy: -20.916702907166 gnorm: 0.000163875756 xtb: 6.7.1 (edcfbbe)
C           -3.34482320503090       -0.34181069088848        0.23527668506344
C           -1.93900488370589       -0.11025852982476       -0.01292595347907
C           -0.77881530200578        0.09110855062563       -0.23782441430343
C            0.63869963826355        0.34649621332354       -0.46016956372536
C            1.08393986172426        1.66568373646702        0.17172563628447
C            1.40533938361486       -0.83750877287566        0.08237693879680
O            2.30330195242783       -0.78776309311689        0.87683989683321
H           -3.46457883864584       -1.07289192131485        1.03461088653205
H           -3.82668830401095       -0.71869314429213       -0.66658006039067
H           -3.82661927776755        0.58943499476556        0.53216921577302
H            0.81783351102953        0.36765727527253       -1.54515532703658
H            0.90606489124290        1.64228923817037        1.24466900664081
H            0.53105061556731        2.49680562932648       -0.25890865986498
H            2.14797385996915        1.81525147549434        0.00262544094734
H            1.04852297982760       -1.80678035463271       -0.32033340687101
15
 energy: -20.916702956264 gnorm: 0.000063423190 xtb: 6.7.1 (edcfbbe)
C           -3.34456803055175       -0.34178741228294        0.23552870960347
C           -1.93874445987645       -0.11022757710917       -0.01261945963110
C           -0.77858485725064        0.09084923320092       -0.23805038680273
C            0.63887470901639        0.34657155019164       -0.46062178341767
C            1.08391002992123        1.66570256983783        0.17149443913148
C            1.40506842191621       -0.83753625256870        0.08237872904617
O            2.30073595229509       -0.78810235435325        0.87950538301785
H           -3.46442612163833       -1.07215218766452        1.03551687124970
H           -3.82620180033502       -0.71953579301097       -0.66609957650788
H           -3.82650897599539        0.58967835310973        0.53147254804381
H            0.81782436782159        0.36779459289232       -1.54559535246644
H            0.90602147162979        1.64207793190674        1.24442586941540
H            0.53095156072117        2.49684110155243       -0.25900322932152
H            2.14793803049284        1.81543278995624        0.00245519270566
H            1.04990658433333       -1.80658593915829       -0.32239163286619
