  11
 Etot=          -2.2343861043
 C          1.4015553821        0.0002466907       -0.0000064880
 C          0.6942051941        1.1924787271        0.0000091524
 C         -0.6918411798        1.1335437375        0.0000628535
 N         -1.3729185880       -0.0002444468       -0.0000051518
 C         -0.6914237992       -1.1337731982       -0.0000663908
 C          0.6946302399       -1.1922320226        0.0000021573
 H          2.4825755013        0.0003981583       -0.0000235181
 H          1.2039260653        2.1439406983       -0.0001608168
 H         -1.2904159229        2.0359990165       -0.0002433925
 H         -1.2895754152       -2.0365088387        0.0003036880
 H          1.2045843329       -2.1435771894        0.0001803259
  11
 Etot=          -2.2351827073
 C          1.3963887233        0.0002391679        0.0000047613
 C          0.6884919282        1.1822728293       -0.0000656612
 C         -0.6894665000        1.1264027612       -0.0000524020
 N         -1.3823167492       -0.0002513760        0.0000110303
 C         -0.6890634647       -1.1266526818        0.0000639874
 C          0.6889117946       -1.1820429155        0.0000759632
 H          2.4747001983        0.0004091228       -0.0000070183
 H          1.1983224366        2.1316831426       -0.0001757343
 H         -1.2702356384        2.0372934874       -0.0001452354
 H         -1.2694591758       -2.0377802543        0.0001863460
 H          1.1990282575       -2.1313019507        0.0001563821
  11
 Etot=          -2.2353302070
 C          1.3945832758        0.0002335238       -0.0000026737
 C          0.6849875296        1.1759883601       -0.0000898436
 C         -0.6893904278        1.1207566890       -0.0000805242
 N         -1.3915828427       -0.0002575039        0.0000167688
 C         -0.6889966133       -1.1210232931        0.0001044802
 C          0.6854025663       -1.1757708151        0.0000942268
 H          2.4724984435        0.0004192464       -0.0000104893
 H          1.1953407558        2.1251770270       -0.0001582501
 H         -1.2571756001        2.0393871436       -0.0001322716
 H         -1.2564498462       -2.0398567697        0.0001565746
 H          1.1960845696       -2.1247822752        0.0001544212
  11
 Etot=          -2.2353364753
 C          1.3952648032        0.0002328750       -0.0000033342
 C          0.6849353901        1.1758140063       -0.0000884711
 C         -0.6900331756        1.1198443211       -0.0000757510
 N         -1.3934495964       -0.0002583885        0.0000159492
 C         -0.6896393217       -1.1201127882        0.0000981253
 C          0.6853496058       -1.1755978336        0.0000912220
 H          2.4734362590        0.0004212463       -0.0000099339
 H          1.1953353779        2.1252632814       -0.0001584540
 H         -1.2563502669        2.0396019852       -0.0001343914
 H         -1.2556307750       -2.0400700004        0.0001612963
 H          1.1960835101       -2.1248673716        0.0001561620
