48
 energy: -81.878919212108 gnorm: 0.109592697704 xtb: 6.5.1 (fef0646)
N            6.64659767730000        0.98366641960000       -0.11681217140000
C            7.97019300930000        0.69778965820000       -0.22965223070000
C            8.11126257340000       -0.66623144970000       -0.39052255830000
C            6.84035601390000       -1.22750595580000       -0.37639176860000
C            5.92054670380000       -0.19400488240000       -0.20483256420000
C            4.47377577660000       -0.30486864360000       -0.13320035800000
C            3.82183477780000       -1.53918891020000       -0.29224555320000
C            2.46115170850000       -1.63533282450000       -0.22506399170000
C            1.64814696910000       -0.51440693290000        0.02512852970000
C            2.30394152270000        0.74558935070000        0.12252421510000
C            3.69012338070000        0.82159821010000        0.05991602660000
C            1.49603939410000        1.93580779440000        0.23214628110000
C            1.81261458010000        3.28934614570000        0.32463020560000
O            0.67438614030000        4.03265485210000        0.36255116090000
C           -0.37337029970000        3.16982745440000        0.29004068270000
C            0.09523844610000        1.86126643700000        0.20477581460000
C           -0.58451820830000        0.58930211090000        0.12994499630000
C           -1.94600427370000        0.49447033140000        0.08895212180000
C           -7.13773600660000       -0.61790759950000       -0.23203450900000
C           -8.39094112940000       -0.20127305980000       -0.34724428200000
N           -8.38394315060000        1.20786805820000       -0.40302722360000
C           -7.11431229970000        1.63447628790000       -0.31940490420000
C           -6.27095500760000        0.49226452560000       -0.20812469430000
C           -4.87358954130000        0.50153710610000       -0.10714699710000
C           -4.11748940000000       -0.64104936840000       -0.01273293670000
C           -2.71826830020000       -0.64371518820000        0.07069804300000
C           -1.95689027960000       -1.86351226690000        0.16220904050000
C           -2.34834810580000       -3.19646618480000        0.29240737190000
O           -1.25552664040000       -3.98385222850000        0.44872598410000
C           -0.16649443620000       -3.17868350930000        0.41713983530000
C           -0.53645380380000       -1.84071653270000        0.20777873500000
C            0.20390394650000       -0.60279728180000        0.12187794550000
H            6.24818793660000        1.91600954480000        0.01038994770000
H            8.76807754610000        1.42424351430000       -0.20148738960000
H            9.04068918300000       -1.20070134690000       -0.50727536400000
H            6.61253795010000       -2.27484156030000       -0.48314643450000
H            4.40935436380000       -2.41811542620000       -0.49017627150000
H            2.00012201040000       -2.57831851410000       -0.44422047310000
H            4.15922985430000        1.78258757580000        0.14767367590000
H            2.81147146980000        3.70282554420000        0.35631275420000
H           -1.41542125710000        3.46069089440000        0.29986663580000
H           -9.26971598980000       -0.83033305820000       -0.39113740750000
H           -9.23322741420000        1.77140719230000       -0.49269115270000
H           -6.79281846830000        2.66290901800000       -0.33523395780000
H           -4.37145641770000        1.45168886280000       -0.11061827550000
H           -4.62798040730000       -1.58666487140000       -0.01340926560000
H           -3.36697257360000       -3.55939575370000        0.29826727710000
H            0.82396576240000       -3.56066022730000        0.61666310080000
48
 energy: -81.892228567460 gnorm: 0.051337309742 xtb: 6.5.1 (fef0646)
N            6.64873689740995        0.96189823674043       -0.11794277370147
C            7.97126770069873        0.68985603442888       -0.23037486324211
C            8.12235119648492       -0.66642625597709       -0.39150779940488
C            6.84619851804537       -1.23153417254935       -0.37681106506196
C            5.92873329066477       -0.20616725004898       -0.20460875609643
C            4.48719021623686       -0.29767497402384       -0.13128044523585
C            3.83175898442179       -1.52796881917471       -0.29977479640490
C            2.46718663322610       -1.62031657631919       -0.23946602858924
C            1.65294406163483       -0.50435963328795        0.02096895368990
C            2.31213509094246        0.74823882185805        0.12174444846155
C            3.69724288940372        0.82765776577102        0.05921906279199
C            1.50635298092014        1.93074988662188        0.23392430444270
C            1.80522774663696        3.27398007594751        0.32683921586827
O            0.67050771401432        4.00017636119063        0.35950191977024
C           -0.36785710046178        3.14533556192969        0.28533650514924
C            0.09454922782635        1.84849920901120        0.20572177354143
C           -0.57583836581919        0.57883104070599        0.13977542823948
C           -1.94208697277903        0.47586404279418        0.09142560441716
C           -7.14318664279438       -0.62082415674572       -0.23244393851581
C           -8.41345522080802       -0.19795550970299       -0.34837304958020
N           -8.39376752741384        1.19275059632906       -0.40165910646589
C           -7.11555518937254        1.61354099540971       -0.31924221327348
C           -6.27459848915965        0.49419202556913       -0.20843280986941
C           -4.86786721335966        0.50063993399887       -0.10804079908150
C           -4.13226942505581       -0.63639206982480       -0.01915524673398
C           -2.72154497313436       -0.63926540797107        0.06563606033713
C           -1.95474356793229       -1.85198143633823        0.16313031133987
C           -2.34326861785112       -3.17133163577658        0.29550587690250
O           -1.26184230107194       -3.94730180986713        0.46048099331337
C           -0.17220602245374       -3.16303175719215        0.41944312188211
C           -0.52301283907513       -1.83235188340632        0.21908545359070
C            0.21564724429734       -0.60161471997653        0.12845684394613
H            6.25216665094514        1.88264687366585        0.00754594746011
H            8.74422694814497        1.43558135246580       -0.19746752273051
H            9.05094122639692       -1.19248093194122       -0.50701056383788
H            6.61859240189978       -2.27428888744721       -0.48075279714515
H            4.41412037596627       -2.41281314986222       -0.49769119751390
H            2.00884347523988       -2.56670559797712       -0.45542037782029
H            4.15809522685245        1.79709370650283        0.14853331486950
H            2.77487582712791        3.73503560024435        0.36418047806418
H           -1.38922460277717        3.47811003938182        0.29969661553559
H           -9.30639765131365       -0.79199878578194       -0.39561119684472
H           -9.22345114724590        1.76526662313093       -0.49083436076207
H           -6.81144150358157        2.64354507678726       -0.33593204378483
H           -4.35595270290543        1.45307186514537       -0.11054958859731
H           -4.64919961935232       -1.58335935630045       -0.01882696014123
H           -3.33868708913265       -3.57395691272222        0.29909397560783
H            0.78887754521330       -3.59117672361522        0.62675173761401
48
 energy: -81.896887544282 gnorm: 0.015872928471 xtb: 6.5.1 (fef0646)
N            6.65106494156867        0.94086434355750       -0.11782302643329
C            7.97452220434365        0.68198032630599       -0.23022833901619
C            8.13703377976011       -0.66946105835487       -0.39188940109814
C            6.85805591132245       -1.24169644526892       -0.37688366023745
C            5.93918592495091       -0.22248945304791       -0.20621506140281
C            4.49965973049518       -0.29412534549771       -0.13528832998469
C            3.83841366654776       -1.52085432614963       -0.30943917063288
C            2.47164928814441       -1.61277561790473       -0.24616214973053
C            1.65931952398232       -0.49827405870220        0.01893623206748
C            2.32177883465681        0.74944481213012        0.12061022169128
C            3.70687681003020        0.83073054339981        0.05651644107175
C            1.51799942256593        1.92873906186568        0.23752456229637
C            1.79831691504295        3.26701309576103        0.33028270508609
O            0.66563269229016        3.98055823298904        0.35933528658364
C           -0.36330242761483        3.12816266783764        0.28444314841321
C            0.09494575384910        1.83969423887942        0.20609958260572
C           -0.56531050224261        0.57178679537376        0.14304683420642
C           -1.93801890230481        0.46364923592108        0.09376417603598
C           -7.15491499091265       -0.62405073034299       -0.23397862109454
C           -8.43476446623879       -0.19441232265152       -0.34866119964539
N           -8.40621441329995        1.17884168417833       -0.40037729945732
C           -7.12140319890359        1.59796243211360       -0.31905381950515
C           -6.28685510519705        0.49600848390091       -0.21129342124096
C           -4.86854253437373        0.49714253135589       -0.11285180255245
C           -4.14684405587020       -0.63434914639207       -0.02752288077303
C           -2.72367086943334       -0.63185766698692        0.06313395813488
C           -1.95150659027319       -1.84116508719075        0.16772565459426
C           -2.33415841605459       -3.15220521437588        0.30497749399192
O           -1.26027914191743       -3.92279391638556        0.46498224379873
C           -0.17188922498401       -3.14977988843606        0.42630019321827
C           -0.50923345466578       -1.82591261881585        0.22698796171518
C            0.22592376697794       -0.59895599867722        0.12867308197922
H            6.25311787776304        1.85413072873544        0.00616634701744
H            8.71876811145517        1.45376329398717       -0.19196514118731
H            9.06645082464604       -1.18824414693357       -0.50755107603090
H            6.63479141482128       -2.28333780111187       -0.47890332360062
H            4.41498261448789       -2.40943888552317       -0.51164697505664
H            2.01253399431975       -2.56313959308974       -0.45307015049094
H            4.15752107373021        1.80813442687443        0.14938608587141
H            2.73694044757152        3.78580476906676        0.37523900660259
H           -1.36470932035892        3.51074156695162        0.29965598628679
H           -9.34614184911773       -0.75260090668557       -0.39876998741938
H           -9.21819443720890        1.76561835476303       -0.48958767779548
H           -6.84224272265494        2.63405048089764       -0.33677201448839
H           -4.35166414644602        1.45142564566462       -0.11286480757953
H           -4.66306933328060       -1.58412653244975       -0.02802555356710
H           -3.30669817725182       -3.60253446068260        0.30985976136600
H            0.76545804108213       -3.62838321905308        0.62596557178647
48
 energy: -81.897491732743 gnorm: 0.011093671388 xtb: 6.5.1 (fef0646)
N            6.65417549102072        0.93402626805141       -0.11823629953866
C            7.97909971710233        0.68028967648831       -0.22863725833684
C            8.14670487591929       -0.67062063036150       -0.39064523875308
C            6.86896487379855       -1.24789119301101       -0.37836935819967
C            5.94595374303258       -0.23101498662441       -0.20885996948744
C            4.50520015144967       -0.29556937969791       -0.14045278329401
C            3.84137565537271       -1.52020010413825       -0.31805743792939
C            2.47517842278088       -1.61208097990906       -0.25040531980643
C            1.66427171163366       -0.49742542917070        0.01779383052546
C            2.32756783777046        0.75037080745961        0.11964755330263
C            3.71381174937107        0.83018220663744        0.05470052667010
C            1.52376352647272        1.93103639054224        0.23984886553091
C            1.79880739456485        3.27082374161988        0.33524500074974
O            0.66379383000026        3.98165879902626        0.36273483642161
C           -0.36327539682005        3.12688714155950        0.28390464869212
C            0.09758979926094        1.83932934649462        0.20668547077234
C           -0.56031057065815        0.57079637916632        0.14346560852354
C           -1.93550284801061        0.46327931842926        0.09506365386956
C           -7.16834464310729       -0.62619523424832       -0.23747194932665
C           -8.44798678646432       -0.19273921760658       -0.34952631466204
N           -8.41611795904972        1.17923787610683       -0.39958209833217
C           -7.12972695949964        1.59724800976570       -0.32028242574799
C           -6.29804859441954        0.49348315918492       -0.21530617354236
C           -4.87579478988683        0.49240579247956       -0.11779805921049
C           -4.15051253998812       -0.63731251823421       -0.03383574131936
C           -2.72375066200713       -0.62951760243878        0.06204743986572
C           -1.95037175891317       -1.83983564844560        0.17274585165278
C           -2.33268918512982       -3.15040249918846        0.31377181451238
O           -1.25922691792461       -3.92200172116511        0.47896522138946
C           -0.16913268454449       -3.15049379140592        0.43101206350384
C           -0.50518355393252       -1.82678071272085        0.22988432335664
C            0.22983117281506       -0.59856499230523        0.12853417140288
H            6.25256435067827        1.84641406184935        0.00549529398633
H            8.71157275071310        1.46312629054235       -0.18698266782155
H            9.07827946438309       -1.18664619387770       -0.50563054554119
H            6.65141651350911       -2.29139616506394       -0.47971526157462
H            4.41633818900746       -2.40832399494025       -0.52612169329309
H            2.01512829359283       -2.56186435196487       -0.45613723413321
H            4.16106265381709        1.80911570270228        0.15035549880694
H            2.72494734823733        3.81079245339015        0.38589966507949
H           -1.35834478733679        3.52521860921573        0.29742336235697
H           -9.36820672844324       -0.73804271066812       -0.39918570488219
H           -9.22272569699004        1.77516107548384       -0.48743886505724
H           -6.86107401257647        2.63617652638871       -0.33807156031527
H           -4.36173138525261        1.44797590817751       -0.11588516756020
H           -4.66118576013105       -1.58965372679270       -0.03686579995368
H           -3.29778204177075       -3.61580092914409        0.32245571968924
H            0.76094203235297       -3.64537751583767        0.62460815335810
48
 energy: -81.897733891707 gnorm: 0.004206652962 xtb: 6.5.1 (fef0646)
N            6.65740850385530        0.92966966662124       -0.11955709053130
C            7.98402162124971        0.67997455982631       -0.22587064660300
C            8.15506056607799       -0.67061440511545       -0.38804076259643
C            6.87923491177903       -1.25208553949978       -0.38045366381587
C            5.95150555300650       -0.23776062764904       -0.21294494958101
C            4.50905368266843       -0.29838786481859       -0.14708477383316
C            3.84280650617129       -1.52117018302781       -0.32855154837815
C            2.47705978409057       -1.61263967612870       -0.25573307633934
C            1.66814536211163       -0.49712591208247        0.01555832891344
C            2.33226784636373        0.75081834576344        0.11897744702551
C            3.71985221225773        0.82821186239071        0.05323145490189
C            1.52865609891593        1.93329622847218        0.24261520563323
C            1.80241367007993        3.27392918432781        0.34166347634122
O            0.66443954606033        3.98409995391200        0.36749017124657
C           -0.36306119807149        3.12714548157092        0.28459083306883
C            0.10123537256454        1.84031847132490        0.20629436308008
C           -0.55692113524121        0.57126023359621        0.14128307418831
C           -1.93370378158563        0.46511428259334        0.09428108917573
C           -7.18433939247781       -0.62833017326640       -0.24341699230333
C           -8.46181359610219       -0.19124634118251       -0.35109850143267
N           -8.42561213628227        1.18223145521803       -0.39853114321347
C           -7.13765527420613        1.59725017876544       -0.32234212125743
C           -6.30942260682806        0.48797268594503       -0.22148097201028
C           -4.88531847107726        0.48532749697017       -0.12397100651142
C           -4.15180944160582       -0.64115437460137       -0.04042081447392
C           -2.72359581896781       -0.62736617508408        0.06075738064248
C           -1.94959504347105       -1.83908743292109        0.17913839649556
C           -2.33223976444307       -3.14923268681635        0.32838682094885
O           -1.25619229287613       -3.92278843831888        0.48848414626456
C           -0.16472401915270       -3.14967626970840        0.43659207477902
C           -0.50322926341803       -1.82711918629895        0.23111469469046
C            0.23210327868398       -0.59777442890131        0.12661263987395
H            6.25177798030663        1.84140262199081        0.00385477374077
H            8.70783372219365        1.47035179312374       -0.18015873431413
H            9.08882108173009       -1.18467668946067       -0.50096390466931
H            6.66843036618125       -2.29767632043244       -0.48178768772278
H            4.41736346858635       -2.40792747940314       -0.54328063382354
H            2.01455709386260       -2.56183539355535       -0.45791113115109
H            4.16521700738662        1.80737822654516        0.15231246023746
H            2.71903533831142        3.82717640597731        0.39853607736088
H           -1.35396366703079        3.53477671113453        0.29584889465445
H           -9.38888803977782       -0.72653145087435       -0.39898678960130
H           -9.22744748345514        1.78719997682939       -0.48345049707524
H           -6.87577449779921        2.63773768000812       -0.33934273556117
H           -4.37709969380757        1.44309809062457       -0.11933268492957
H           -4.65413672381489       -1.59720413276769       -0.04713612504450
H           -3.29233538001666       -3.62393677798009        0.34526667279291
H            0.76189343281369       -3.65311032183573        0.62174615711722
48
 energy: -81.897784203539 gnorm: 0.002119493882 xtb: 6.5.1 (fef0646)
N            6.65835793411280        0.92927802366499       -0.12066802377397
C            7.98563851509685        0.68060741609723       -0.22370018905455
C            8.15735504450129       -0.66985316513150       -0.38575908195929
C            6.88223391609159       -1.25222028917315       -0.38156409294471
C            5.95289747800417       -0.23893073180194       -0.21582667198859
C            4.50996150705570       -0.29965902341103       -0.15106045808337
C            3.84311139484640       -1.52178198879652       -0.33497318684293
C            2.47745865995197       -1.61289165995725       -0.26035057485545
C            1.66913516507934       -0.49734418087311        0.01316715012864
C            2.33356946502989        0.75030339015556        0.11842578034101
C            3.72153535677870        0.82677301327900        0.05267299392751
C            1.53029293492319        1.93327073525669        0.24390267076563
C            1.80542995458013        3.27338789721480        0.34565258563150
O            0.66665463440670        3.98433525165801        0.37175792573434
C           -0.36179948372236        3.12727191184455        0.28553015682164
C            0.10329348154254        1.84079735428470        0.20551994430487
C           -0.55625460686518        0.57187583730075        0.13882957286063
C           -1.93322272349219        0.46647431544491        0.09240272861360
C           -7.19211820551862       -0.62957050803821       -0.24791416735944
C           -8.46817146798491       -0.19045886835728       -0.35234310381967
N           -8.42880122256960        1.18404388003299       -0.39787969063851
C           -7.13971742067307        1.59590422106592       -0.32362537208622
C           -6.31373130873858        0.48351968278595       -0.22577373506700
C           -4.88991833562940        0.48085664545978       -0.12778193941559
C           -4.15124592850478       -0.64278958921605       -0.04378175575117
C           -2.72347355441076       -0.62612247188594        0.06036707786262
C           -1.94964508000489       -1.83830780221471        0.18322685871830
C           -2.33278702160762       -3.14773966517728        0.33714390957136
O           -1.25570350804186       -3.92153331917846        0.49876176314437
C           -0.16339780007761       -3.14825738678263        0.43890522902082
C           -0.50354752541531       -1.82659630070798        0.23074433292668
C            0.23241796080599       -0.59737938685736        0.12418995227435
H            6.25117168392124        1.84051852562766        0.00230875598673
H            8.70775740831369        1.47204134868239       -0.17564397311469
H            9.09180313610334       -1.18354607515453       -0.49650768888457
H            6.67424310323371       -2.29842424655941       -0.48360690603390
H            4.41801825458832       -2.40752356225868       -0.55325091006478
H            2.01382535461083       -2.56103656102120       -0.46385983242224
H            4.16688942896020        1.80547907769006        0.15456234872010
H            2.72012630895320        3.82812483581899        0.40585671673153
H           -1.35206558709933        3.53586923897845        0.29570859985649
H           -9.39708104624237       -0.72244376890753       -0.39891531363983
H           -9.22837966333341        1.79260150945225       -0.48038573351550
H           -6.87765631704464        2.63616135828011       -0.33969896833707
H           -4.38564697162790        1.44042276902471       -0.12123114081530
H           -4.64868267642311       -1.60124712099395       -0.05240653227471
H           -3.29214371379549       -3.62308380313333        0.36040157441349
H            0.76332837313142       -3.65189345171056        0.62125806078682
48
 energy: -81.897825693829 gnorm: 0.003098432848 xtb: 6.5.1 (fef0646)
N            6.65860691182881        0.92949226221055       -0.12207616329915
C            7.98649985244179        0.68158870582064       -0.22029525214051
C            8.15891723996869       -0.66873960398479       -0.38207103225718
C            6.88424353172803       -1.25160589093477       -0.38269072909269
C            5.95364266907050       -0.23923403290053       -0.21973290211765
C            4.51049919431632       -0.30097648998341       -0.15643487476653
C            3.84313942312628       -1.52228390095797       -0.34474437581972
C            2.47742981748096       -1.61287135968761       -0.26918728174068
C            1.66969674485970       -0.49767138785441        0.00810758256811
C            2.33460181746848        0.74915201413436        0.11713859451544
C            3.72270271108931        0.82488094454591        0.05193772283103
C            1.53191150978646        1.93228547270431        0.24556085258452
C            1.80927249566843        3.27132082702622        0.35196905307072
O            0.67041684945997        3.98378362808011        0.37800127068851
C           -0.35916198916478        3.12744200638518        0.28750356487088
C            0.10566993741524        1.84122153911171        0.20425727717741
C           -0.55585811031636        0.57286671248259        0.13458164223105
C           -1.93279983046292        0.46814724167519        0.08831008996731
C           -7.20105542882619       -0.63169051555746       -0.25449024308942
C           -8.47562650734086       -0.18929061327243       -0.35440979016566
N           -8.43159407475955        1.18597659502341       -0.39702649449361
C           -7.14082053861370        1.59278225591546       -0.32524985065821
C           -6.31799590884778        0.47701105888346       -0.23168306228641
C           -4.89486803972156        0.47500430157045       -0.13289253486890
C           -4.15024224036121       -0.64470845657139       -0.04832321601394
C           -2.72326556032448       -0.62445091559249        0.05910600005148
C           -1.94971678498805       -1.83668325338495        0.18889335548476
C           -2.33318893332731       -3.14477005529604        0.35158605276209
O           -1.25502108567253       -3.91877869739974        0.51083350158763
C           -0.16248685991226       -3.14532637770750        0.44380062273964
C           -0.50413569998524       -1.82508365743015        0.23043817399759
C            0.23257577113237       -0.59666141057817        0.11947779531839
H            6.24986040323595        1.84007792735777       -0.00019363613664
H            8.70800293929892        1.47311214521817       -0.16921560725086
H            9.09398812232802       -1.18215611791474       -0.48931451979563
H            6.67884539572779       -2.29816396709418       -0.48611203536154
H            4.41849421576717       -2.40680760843218       -0.56714802888883
H            2.01257817833062       -2.55973964433029       -0.47566701152419
H            4.16855683293296        1.80281425511617        0.15808873536874
H            2.72355118880722        3.82544755409070        0.41654732474684
H           -1.34934679414324        3.53586139292608        0.29652223751334
H           -9.40626736961643       -0.71775424258769       -0.39936034609649
H           -9.22841482365169        1.79836113289510       -0.47595000760753
H           -6.87601625526286        2.63223619677291       -0.33979049778026
H           -4.39545949307271        1.43712076674553       -0.12418417836417
H           -4.64181349441220       -1.60626589254812       -0.05895956202043
H           -3.29258119820162       -3.61927912737010        0.38411496701710
H            0.76534855351580       -3.64771040551982        0.62321446294423
48
 energy: -81.897855625944 gnorm: 0.003357295929 xtb: 6.5.1 (fef0646)
N            6.65786527581321        0.92971498143464       -0.12308248425701
C            7.98610090456973        0.68219486131653       -0.21662749919367
C            8.15934177199289       -0.66804707205132       -0.37801994108561
C            6.88473141048436       -1.25113066818845       -0.38324357038569
C            5.95349170703227       -0.23915965934957       -0.22332976457344
C            4.51037438920056       -0.30196553001220       -0.16193997457151
C            3.84252629160723       -1.52238970311542       -0.35541567074970
C            2.47664571162726       -1.61251920634345       -0.27986507335939
C            1.66961505041213       -0.49780912175141        0.00172682604550
C            2.33508173498109        0.74799842234760        0.11520022971814
C            3.72304191787537        0.82329827601899        0.05084275262697
C            1.53297926878661        1.93096299684729        0.24709019527101
C            1.81218665582031        3.26896704358412        0.35879300643174
O            0.67407764492472        3.98290874722400        0.38549455741155
C           -0.35625518375494        3.12803707738293        0.28980548120700
C            0.10719667438576        1.84168109445661        0.20287909897350
C           -0.55582565173236        0.57405591516171        0.12996563396869
C           -1.93266988104646        0.46942932120036        0.08345535816359
C           -7.20785516829004       -0.63418766963744       -0.26087079016625
C           -8.48144055736828       -0.18807769809200       -0.35684012288290
N           -8.43308550894785        1.18726692170821       -0.39641179811802
C           -7.14080998400225        1.58919621085638       -0.32650005330672
C           -6.32090660782008        0.47092689057255       -0.23713363923808
C           -4.89820631910787        0.46989689574937       -0.13787594867453
C           -4.14947844521668       -0.64667507128268       -0.05284777726891
C           -2.72305387794195       -0.62320288076686        0.05758211593313
C           -1.94950663836572       -1.83487527675022        0.19442642324353
C           -2.33246246089929       -3.14172559762414        0.36645145410193
O           -1.25373735757313       -3.91489086210327        0.52629259524221
C           -0.16140566030561       -3.14203895197809        0.44860921849232
C           -0.50423953397228       -1.82312921810349        0.23012479414405
C            0.23259686592010       -0.59563233464628        0.11396957371188
H            6.24805412720162        1.83988261626776       -0.00287226583746
H            8.70791295666367        1.47325650272684       -0.16291403863312
H            9.09488631360276       -1.18119760383930       -0.48161940996954
H            6.68062025749782       -2.29770957860253       -0.48805499272101
H            4.41795691959666       -2.40597776145781       -0.58151917732776
H            2.01069121024649       -2.55840212995494       -0.48966280593597
H            4.16972341389616        1.80037140132851        0.16158714799511
H            2.72751893603492        3.82098165691934        0.42750137910972
H           -1.34669492778151        3.53589881344836        0.29820542016851
H           -9.41341053814056       -0.71379320794810       -0.40066014257021
H           -9.22775581972963        1.80243213736145       -0.47188785577000
H           -6.87187276702538        2.62767910814958       -0.33929529791205
H           -4.40241777702984        1.43410454931500       -0.12765488298025
H           -4.63667868891934       -1.61061466593122       -0.06472606507458
H           -3.29235417426785       -3.61476496264072        0.40794089140123
H            0.76822140486548       -3.64194269740605        0.62571453560209
48
 energy: -81.897881490890 gnorm: 0.002247709026 xtb: 6.5.1 (fef0646)
N            6.65660085280213        0.92949692409066       -0.12371821477154
C            7.98497302927178        0.68202984125966       -0.21281578208219
C            8.15909775266861       -0.66817922393133       -0.37361384843889
C            6.88432595651235       -1.25132670854742       -0.38319820120495
C            5.95283904227059       -0.23928012592803       -0.22649259604239
C            4.50979748051220       -0.30252095912627       -0.16766588762658
C            3.84142646340114       -1.52178875926101       -0.36718658029855
C            2.47538420568448       -1.61153111734563       -0.29237619829917
C            1.66915387072377       -0.49753020067072       -0.00568961426827
C            2.33518984660462        0.74729079596556        0.11262598581957
C            3.72292101676675        0.82227766133979        0.04932923510000
C            1.53351430110957        1.92983712569948        0.24854564225855
C            1.81385924626298        3.26703465455547        0.36617069405015
O            0.67693220209676        3.98213804316945        0.39341621094998
C           -0.35380544703100        3.12907271804134        0.29267401726069
C            0.10769790832961        1.84229731087286        0.20150115148295
C           -0.55605108933212        0.57533744926454        0.12504279037571
C           -1.93281550163698        0.47002996116726        0.07815543257775
C           -7.21239322639502       -0.63685321441596       -0.26674479143241
C           -8.48535076408591       -0.18695029026563       -0.35974245131758
N           -8.43355298365472        1.18797973996025       -0.39625973577550
C           -7.14019244848790        1.58595233672220       -0.32744583229960
C           -6.32275325999525        0.46589499123046       -0.24179522437069
C           -4.90000616929075        0.46574212693550       -0.14241596726421
C           -4.14918142019116       -0.64893723194850       -0.05698685687479
C           -2.72286918269694       -0.62273870636887        0.05579420885079
C           -1.94899128050908       -1.83329756450222        0.19975914971324
C           -2.33071535414631       -3.13905216199241        0.38208252868946
O           -1.25156888795551       -3.91094976233878        0.54159533754082
C           -0.16009054248197       -3.13875673500671        0.45524019114051
C           -0.50370644662530       -1.82118120024285        0.23009255351705
C            0.23253518463237       -0.59439969722634        0.10786354078611
H            6.24620878151991        1.83960903014603       -0.00583567541158
H            8.70739277423494        1.47252921140911       -0.15686430475182
H            9.09503713056020       -1.18109056158151       -0.47355333018895
H            6.68030619102523       -2.29774591985766       -0.48895502907469
H            4.41644703967717       -2.40462718205390       -0.59731373576013
H            2.00862932747648       -2.55619234758911       -0.50716486366899
H            4.17052722462854        1.79843192559248        0.16491480142918
H            2.73089786936230        3.81634813997713        0.43870641580375
H           -1.34445441626596        3.53671094543123        0.30097980284459
H           -9.41841591134118       -0.71056917723762       -0.40307665331484
H           -9.22683009819779        1.80497020067076       -0.46867194473371
H           -6.86687674235789        2.62349105545314       -0.33827281236937
H           -4.40626367055614        1.43119726410933       -0.13156928587599
H           -4.63373828438999       -1.61428462468377       -0.06940737214793
H           -3.29104634650965       -3.61071281711117        0.43160438570324
H            0.77129006180036       -3.63591985202890        0.63152636017121
48
 energy: -81.897901081037 gnorm: 0.001231594476 xtb: 6.5.1 (fef0646)
N            6.65512585967206        0.92846220233024       -0.12414263582159
C            7.98356015346196        0.68080038344147       -0.20913321411955
C            8.15837640405828       -0.66942899850626       -0.36914392010923
C            6.88338614528370       -1.25250704800309       -0.38271076718319
C            5.95176736226340       -0.24010192285146       -0.22921894625042
C            4.50865350863071       -0.30287093668077       -0.17358168496869
C            3.83949319289862       -1.52067309301754       -0.37967236833840
C            2.47327395485147       -1.61001583137791       -0.30549634400635
C            1.66828909238243       -0.49659302686108       -0.01333517756530
C            2.33489683405462        0.74736182871806        0.10960539648778
C            3.72249135773908        0.82178250792108        0.04736245883952
C            1.53341673563086        1.92939918297578        0.24977184133596
C            1.81418490772177        3.26602833316053        0.37351480792832
O            0.67838320577257        3.98175745675474        0.40193048755245
C           -0.35256008000014        3.13043649580002        0.29577263946471
C            0.10713246402013        1.84323978023925        0.20021087533006
C           -0.55667803994499        0.57677050260670        0.12036354159882
C           -1.93338409839196        0.46987464391415        0.07318377587863
C           -7.21440302186595       -0.63908670372560       -0.27187625315430
C           -8.48698934030341       -0.18616899199040       -0.36311473562932
N           -8.43318574540744        1.18819466217439       -0.39673313448888
C           -7.13929906986761        1.58386844746169       -0.32816019567345
C           -6.32351163787227        0.46266733366183       -0.24548438007598
C           -4.90033463393248        0.46276802413781       -0.14632468482267
C           -4.14932236712034       -0.65148462648767       -0.06030930286368
C           -2.72275608601529       -0.62332335100314        0.05410706555459
C           -1.94808132102718       -1.83239956550771        0.20458580514166
C           -2.32768065096356       -3.13738066773419        0.39707658654156
O           -1.24773302755217       -3.90712158108074        0.55804495039096
C           -0.15742004761954       -3.13534848844045        0.46193527259609
C           -0.50254675940758       -1.81928515988066        0.23036572763439
C            0.23222382001755       -0.59278616717766        0.10212228674348
H            6.24462999076060        1.83887504169106       -0.00899216560810
H            8.70638933912588        1.47095733714927       -0.15124382888737
H            9.09465275774637       -1.18221375580169       -0.46566103909173
H            6.67864176991575       -2.29873259794248       -0.48868395192906
H            4.41369603613704       -2.40291335692114       -0.61411376739278
H            2.00543938961568       -2.55356182426562       -0.52451369782706
H            4.17101496953435        1.79698938388343        0.16758284031447
H            2.73273435829110        3.81294065228961        0.44970676494550
H           -1.34310715522342        3.53857879203107        0.30450535843459
H           -9.42084202655600       -0.70846195312102       -0.40674971810360
H           -9.22593106669846        1.80606913372869       -0.46672475161908
H           -6.86273096514909        2.62070504995695       -0.33681322922599
H           -4.40691863204131        1.42843044847823       -0.13560917353613
H           -4.63301818732249       -1.61720393170199       -0.07251112825210
H           -3.28796129769972       -3.60864729680468        0.45343958407013
H            0.77585693419685       -3.62936343581953        0.63765377616034
48
 energy: -81.897918231542 gnorm: 0.002159736077 xtb: 6.5.1 (fef0646)
N            6.65330160346514        0.92611839688347       -0.12498085915725
C            7.98181386599082        0.67758931537536       -0.20426864080200
C            8.15680359153336       -0.67282515009157       -0.36271236087103
C            6.88146417081720       -1.25525899261202       -0.38169536852840
C            5.94986019935244       -0.24196570976481       -0.23292587444180
C            4.50645456481423       -0.30287241370197       -0.18239159390155
C            3.83612160000332       -1.51826879808251       -0.39813271479231
C            2.46978999194566       -1.60695630309645       -0.32452284081767
C            1.66683014650121       -0.49441272749367       -0.02400522991291
C            2.33401004186250        0.74859101276191        0.10496410349974
C            3.72163807564611        0.82184736171055        0.04404633515348
C            1.53241875211352        1.92982181990205        0.25122716418389
C            1.81315695839443        3.26579902198277        0.38384564752865
O            0.67836595436132        3.98183889814944        0.41405033377671
C           -0.35278513388876        3.13230907042370        0.30076210645992
C            0.10532904756626        1.84489674882817        0.19854226603541
C           -0.55810938993885        0.57881133301855        0.11408077128424
C           -1.93473828600835        0.46893255735363        0.06702006745992
C           -7.21413380200280       -0.64095813246682       -0.27859870902076
C           -8.48644287149690       -0.18584740925876       -0.36864636277006
N           -8.43178004574126        1.18798208150221       -0.39838474383544
C           -7.13779668307992        1.58273411668620       -0.32917795672558
C           -6.32300539459925        0.46066940522814       -0.24971650237182
C           -4.89919060394794        0.45998906545822       -0.15090290558473
C           -4.14966407494430       -0.65519136891599       -0.06334776248148
C           -2.72263357372692       -0.62548246410266        0.05237594669239
C           -1.94653492139244       -1.83237981861732        0.21105778107409
C           -2.32252987080686       -3.13649196218730        0.41741737150446
O           -1.24072908952211       -3.90279723539299        0.58028878314356
C           -0.15245258892732       -3.13058460654733        0.47290682209418
C           -0.50062253496669       -1.81704274964991        0.23111958606093
C            0.23140603672071       -0.59031739905828        0.09453282605393
H            6.24328994476255        1.83734955043674       -0.01394722458397
H            8.70488348622155        1.46742081336433       -0.14371904166739
H            9.09335627137594       -1.18594622312501       -0.45455625892378
H            6.67507978953088       -2.30127525802043       -0.48699064553380
H            4.40896436490304       -2.39952209973011       -0.63966238814407
H            2.00030168240964       -2.54820275079116       -0.55087727279289
H            4.17136410494276        1.79566669085634        0.17072464778765
H            2.73295951770458        3.81030274881182        0.46533149490312
H           -1.34278278620342        3.54186441997168        0.31053953247575
H           -9.42078973956804       -0.70746488850972       -0.41371707440642
H           -9.22477154566473        1.80602411171638       -0.46583465312906
H           -6.85907850104736        2.61905234787690       -0.33440655150271
H           -4.40434856301767        1.42478438587703       -0.14122554580961
H           -4.63395978898259       -1.62043199001450       -0.07438992900653
H           -3.28193337420412       -3.60848813721122        0.48236493987196
H            0.78316468653984       -3.62012737393142        0.64932613087101
48
 energy: -81.897926525717 gnorm: 0.001744299796 xtb: 6.5.1 (fef0646)
N            6.65295226955393        0.92498971255172       -0.12570807361402
C            7.98148555885110        0.67562450070747       -0.20299861964209
C            8.15575798874139       -0.67497326556279       -0.36063185473102
C            6.88017813096925       -1.25659427188814       -0.38140537762405
C            5.94886811946270       -0.24272525554228       -0.23433789590978
C            4.50529410519320       -0.30254887578359       -0.18555636202324
C            3.83452042533368       -1.51705747232782       -0.40468724851303
C            2.46818302022587       -1.60547073629129       -0.33072461452013
C            1.66614019680576       -0.49320542579888       -0.02699389461696
C            2.33337050581174        0.74956913719697        0.10357913796719
C            3.72111430284698        0.82225622083800        0.04280475617122
C            1.53155760945772        1.93051041442225        0.25165726296407
C            1.81208014423460        3.26625120914557        0.38679255772534
O            0.67713488534971        3.98211576758805        0.41804636653395
C           -0.35405235413431        3.13262187349759        0.30268148341005
C            0.10436428981811        1.84553680410483        0.19836296498991
C           -0.55893640064915        0.57943717981266        0.11291592525362
C           -1.93543429136887        0.46828658307715        0.06623924127971
C           -7.21216765682400       -0.64072418083380       -0.28066664015937
C           -8.48458632471491       -0.18638122146940       -0.37097664020327
N           -8.43075852892216        1.18758924226435       -0.39972202062633
C           -7.13702983255675        1.58328220053966       -0.32976369745293
C           -6.32171440703305        0.46146478663522       -0.25065706924546
C           -4.89793965437164        0.45986869016953       -0.15165328343697
C           -4.14957681302984       -0.65616481204469       -0.06300463072072
C           -2.72254842116960       -0.62679474682681        0.05270664536008
C           -1.94586655905343       -1.83305478645402        0.21311292871356
C           -2.32038236152969       -3.13696947741616        0.42291471349435
O           -1.23748127310697       -3.90180066535873        0.58730345198040
C           -0.14993496407414       -3.12879194350664        0.47654737040140
C           -0.49999940688236       -1.81639274413635        0.23194301202519
C            0.23088460722822       -0.58938329749852        0.09309909156131
H            6.24352528958760        1.83665186048722       -0.01594845719389
H            8.70461542813535        1.46525375772161       -0.14148039668814
H            9.09215248947677       -1.18873118161507       -0.45094058178304
H            6.67308318320799       -2.30256442983896       -0.48609067448448
H            4.40700858544653       -2.39777436463916       -0.64895211607994
H            1.99775639918817       -2.54582792394130       -0.55893610043009
H            4.17122512369907        1.79559831472243        0.17141059348675
H            2.73159973322534        3.81078796224971        0.46993925484097
H           -1.34375775953234        3.54272829967435        0.31296672975875
H           -9.41864473614538       -0.70851127722102       -0.41703485155179
H           -9.22424482544809        1.80513505140668       -0.46703366336723
H           -6.85932741209964        2.61979795134202       -0.33380899294106
H           -4.40176547605748        1.42392138612555       -0.14268421846367
H           -4.63484724138185       -1.62089066966196       -0.07318618017301
H           -3.27903759689151       -3.61002763552101        0.48995450869046
H            0.78649719092684       -3.61663493330055        0.65339380598747
48
 energy: -81.897936763690 gnorm: 0.001117969250 xtb: 6.5.1 (fef0646)
N            6.65221023023866        0.92119519444073       -0.12940159339196
C            7.98064445772540        0.66770109473419       -0.19957154390059
C            8.15118232003872       -0.68377079806714       -0.35383796673574
C            6.87426241033014       -1.26138103289075       -0.38052978157593
C            5.94493402926704       -0.24467740840914       -0.23981199684424
C            4.50092190890370       -0.30051195171795       -0.19644059544254
C            3.82889031677160       -1.51223225458383       -0.42646740447650
C            2.46271777924451       -1.59975294607840       -0.35063851451694
C            1.66374899756146       -0.48857799042328       -0.03566657842348
C            2.33088584161330        0.75356950456956        0.09959461593129
C            3.71896034299951        0.82449577332956        0.03867112254683
C            1.52816094582667        1.93351530436707        0.25351006803941
C            1.80774340281696        3.26855268277421        0.39592974258669
O            0.67177898490059        3.98363956603173        0.43004904667648
C           -0.35929865281988        3.13343463928928        0.31005871719125
C            0.10101515176973        1.84781447607546        0.19904008551733
C           -0.56189343548656        0.58151536773224        0.11120477174995
C           -1.93772967994013        0.46607929330449        0.06645054536532
C           -7.20334997807310       -0.63939987419414       -0.28734700947899
C           -8.47645596618648       -0.18920723886560       -0.37975700269011
N           -8.42652787393281        1.18555593021322       -0.40577280840322
C           -7.13393535125806        1.58545104078284       -0.33237129334119
C           -6.31589919493129        0.46535257145011       -0.25322634520011
C           -4.89278097371277        0.46043115549465       -0.15259265068305
C           -4.14875806146585       -0.65863187063933       -0.05933633989315
C           -2.72209482596382       -0.63137211469481        0.05596747799296
C           -1.94350344253147       -1.83583467200153        0.22021379757510
C           -2.31309628012371       -3.13942836415428        0.43945581124828
O           -1.22632058051392       -3.89963143648449        0.60687291683275
C           -0.14149963698224       -3.12297854481985        0.48929456932573
C           -0.49802938624709       -1.81429135575815        0.23566057644876
C            0.22911400991281       -0.58617778234244        0.09008568586439
H            6.24540235890943        1.83455968441764       -0.02380595050712
H            8.70472360091222        1.45593190550768       -0.13491889033269
H            9.08646965945202       -1.20075793064213       -0.43864912925546
H            6.66439008291716       -2.30711609802378       -0.48296791016330
H            4.40043665677929       -2.39075820536257       -0.68067533907692
H            1.98901404096729       -2.53659664221584       -0.58652304817404
H            4.17054241662321        1.79621604092096        0.17362812123810
H            2.72575036611742        3.81415792469354        0.48362129672638
H           -1.34834535087215        3.54457983991068        0.32208308216220
H           -9.40893853883679       -0.71396176987386       -0.42971083585521
H           -9.22192196186914        1.80084231320558       -0.47395695274030
H           -6.86130174447444        2.62309550083570       -0.33273299288148
H           -4.39147284163801        1.42180786006565       -0.14642565347782
H           -4.63789682393181       -1.62146481165651       -0.06612951026982
H           -3.26902232678005       -3.61656572553429        0.51211041131833
H            0.79748788177318       -3.60513253291140        0.66855082179442
48
 energy: -81.897940339274 gnorm: 0.000427151650 xtb: 6.5.1 (fef0646)
N            6.65272231521284        0.92203067394135       -0.12969770460268
C            7.98102244938819        0.66856080052133       -0.20099822573820
C            8.15156172869598       -0.68286477416951       -0.35552232563643
C            6.87452049289881       -1.26052991549270       -0.38098851509522
C            5.94549065205536       -0.24381714499292       -0.23938919334098
C            4.50166949274520       -0.30039291672050       -0.19432185316168
C            3.82989282717454       -1.51283354348206       -0.42168740692166
C            2.46376369041194       -1.60059248196585       -0.34550666050869
C            1.66422985896857       -0.48921652798311       -0.03266406079549
C            2.33137210580294        0.75306243349677        0.10120301797275
C            3.71929947659377        0.82448565743478        0.03971322700297
C            1.52886590713585        1.93327055393492        0.25369344640263
C            1.80860994047464        3.26853378615892        0.39326906582724
O            0.67267596950178        3.98368308192673        0.42717412801765
C           -0.35828462409419        3.13334079720178        0.30904061364402
C            0.10189553595228        1.84749841808491        0.20025133704919
C           -0.56123778911320        0.58122342302742        0.11378864629296
C           -1.93717186011544        0.46699013407294        0.06895956041613
C           -7.20482635843307       -0.63970942292267       -0.28579155761879
C           -8.47788347406885       -0.18920308419408       -0.37867341361321
N           -8.42727844390341        1.18542883838673       -0.40581250479250
C           -7.13448438646313        1.58454402234789       -0.33254859726505
C           -6.31676462338069        0.46451445315194       -0.25249402919923
C           -4.89377434292586        0.46049279430469       -0.15132462769252
C           -4.14859758090021       -0.65760987123239       -0.05847342321549
C           -2.72204530335007       -0.63004088754543        0.05716736657335
C           -1.94386737001510       -1.83516030600700        0.21925101932340
C           -2.31450097879564       -3.13911004964433        0.43461867572726
O           -1.22858572454384       -3.90037437568966        0.60099000748804
C           -0.14315059561540       -3.12424907776074        0.48549462419620
C           -0.49841055192019       -1.81453242091915        0.23569551571909
C            0.22961257406141       -0.58665048958688        0.09244654125497
H            6.24569017522617        1.83514512064934       -0.02320259874530
H            8.70551325480446        1.45657292014014       -0.13717203438678
H            9.08668645261509       -1.19986725486107       -0.44107665243463
H            6.66506791331789       -2.30623923200701       -0.48393619633848
H            4.40178863152278       -2.39161294872805       -0.67388609419896
H            1.99051561204078       -2.53830661354800       -0.57889715485002
H            4.17075116458927        1.79652404753059        0.17305451866583
H            2.72664539444675        3.81454671288550        0.47898805141445
H           -1.34777739287230        3.54363542895078        0.32070431388433
H           -9.41052382855560       -0.71356940657448       -0.42801181345880
H           -9.22207745728126        1.80120401341589       -0.47477396706693
H           -6.86131843743660        2.62212437524475       -0.33413630005022
H           -4.39371260270447        1.42262824804261       -0.14460715831406
H           -4.63672215899637       -1.62101484063118       -0.06592002537748
H           -3.27097144041043       -3.61566836044117        0.50519022528430
H            0.79541899605847       -3.60759147595162        0.66360783866275
