35
 energy: -70.443012046794 gnorm: 0.082094350587 xtb: 6.5.1 (fef0646)
C            7.93260498860000        0.06929086030000        0.00748801160000
N            7.66707819180000        1.33518891420000        0.00565155730000
C            6.32418605680000        1.57848779340000        0.00257196970000
C            5.51335556840000        0.47194346660000        0.00167472800000
S            6.51580036220000       -0.93264660780000        0.00489914480000
C            4.09037297320000        0.41166143460000       -0.00123979500000
S            3.01303190930000        1.77140513690000       -0.00254646590000
C            1.58713864870000        0.78295358910000       -0.00410914070000
C            0.24421505540000        1.24229341400000       -0.00459518030000
C           -0.23364163020000        2.53283244140000       -0.00451962690000
N           -1.58185134010000        2.67834094560000       -0.00340832820000
C           -2.20953306220000        1.52359554460000       -0.00290748470000
S           -1.10010703110000        0.16389708450000       -0.00430574700000
C           -3.62938253230000        1.34657987760000       -0.00030679960000
S           -4.86778231080000        2.58765950300000        0.00374254980000
C           -6.17040195980000        1.44345128050000        0.00379898530000
C           -5.67339867510000        0.17178964110000        0.00236824020000
C           -6.31760929490000       -1.15827627670000        0.00715612020000
C           -5.47898032230000       -2.19351141850000        0.00606257320000
Se          -3.65351623700000       -1.66307879070000       -0.00042332580000
C           -4.24665786690000        0.12952179450000        0.00044664300000
C            1.94198367800000       -0.56771372740000       -0.00375800900000
N            1.05523413180000       -1.59668601910000       -0.00372268940000
C            1.63305987430000       -2.75889207440000       -0.00327643310000
C            3.01855502960000       -2.96464330150000       -0.00307788190000
N            3.90959821310000       -2.02112792490000       -0.00276000910000
C            3.36102225830000       -0.77775894230000       -0.00276321430000
H            8.93689239340000       -0.31333284550000        0.01030760250000
H            5.93886926830000        2.58856965370000       -0.00163604110000
H            0.41841276160000        3.39466895520000       -0.00573221590000
H           -7.21115944310000        1.69982736230000        0.00768634280000
H           -7.38958726840000       -1.26466948730000        0.01062617180000
H           -5.77959274470000       -3.22374561910000        0.01025541040000
H            0.97735574080000       -3.61674962550000       -0.00487514330000
H            3.39616555210000       -3.97620631890000       -0.00355407210000
35
 energy: -70.451156354575 gnorm: 0.034522766646 xtb: 6.5.1 (fef0646)
C            7.89374925346639        0.08547530790763        0.00731563886407
N            7.64400554923950        1.35031540706193        0.00542582836266
C            6.31772731103167        1.59371944488743        0.00189124280667
C            5.50629904019818        0.48063122460168        0.00124202322791
S            6.49443038065753       -0.94344610028998        0.00517007627588
C            4.08455927503208        0.41034392250698       -0.00130980913653
S            3.00371476343208        1.76955665701826       -0.00253308553887
C            1.57633941160756        0.78058362932364       -0.00400872377435
C            0.23341707863624        1.24399882170465       -0.00451333553157
C           -0.25100644352518        2.53842611543237       -0.00446638741119
N           -1.58488330621988        2.67385534827278       -0.00339714678969
C           -2.19805252811479        1.51709885776356       -0.00269041903421
S           -1.10236449526085        0.14007939769319       -0.00384598941672
C           -3.61051524679676        1.31326841691240       -0.00049552278553
S           -4.82288715548037        2.57917482974565        0.00212660546422
C           -6.12727612461330        1.44398403785539        0.00498314904953
C           -5.66544351175595        0.15824348734504        0.00363235086825
C           -6.31456121887928       -1.13554446395726        0.00673416632605
C           -5.46431799722500       -2.17130761462814        0.00617492087611
Se          -3.62634745448329       -1.69018915846058        0.00011447407280
C           -4.24021044632002        0.08824067142705        0.00035556418029
C            1.93749502966515       -0.56768591842656       -0.00370525152884
N            1.06199226099991       -1.59837029397800       -0.00423531544029
C            1.62167517163442       -2.77577915685504       -0.00392384649062
C            3.01907805121124       -2.98205345353874       -0.00322669749469
N            3.89545990525974       -2.01765045638977       -0.00250522645025
C            3.35458118877630       -0.77640014627693       -0.00246152049357
H            8.89251254361835       -0.30604527655802        0.01019074414055
H            5.94917151689052        2.60459879583611       -0.00082249472022
H            0.38476250209331        3.40803510480713       -0.00532378038770
H           -7.15804983233678        1.74239514870103        0.00741000103391
H           -7.38686968775772       -1.23602124605403        0.01017567480056
H           -5.75209967181862       -3.20774715085654        0.00944518603976
H            0.95611056508532       -3.62812620759991       -0.00435138074677
H            3.40953525885228       -3.99073826943443       -0.00335326591761
35
 energy: -70.453409954481 gnorm: 0.011110093038 xtb: 6.5.1 (fef0646)
C            7.86591606165976        0.10068994927343        0.00724817150222
N            7.62178507248803        1.36361663594624        0.00501270014587
C            6.30425918276381        1.60967802966935        0.00169124689966
C            5.49178196983943        0.49404947786488        0.00114978896501
S            6.47568507713964       -0.93962942577945        0.00507379877333
C            4.07504574862266        0.40906425823304       -0.00135571084605
S            2.99507974479451        1.77016447431415       -0.00254266796421
C            1.56983051643854        0.77783788670345       -0.00399409286298
C            0.23463479311745        1.24847316799323       -0.00438424974964
C           -0.25886688025594        2.54268831031677       -0.00433784099757
N           -1.58386021599370        2.66606074470935       -0.00349983048011
C           -2.18490647409591        1.50892289776049       -0.00287936757703
S           -1.09229013764707        0.12424247184824       -0.00348310697871
C           -3.58537871834598        1.28421215738283       -0.00080188304152
S           -4.77286762516796        2.56836283386307        0.00179167836338
C           -6.08037993491347        1.44721210083711        0.00468228982940
C           -5.65071913464838        0.14688254241576        0.00414004791680
C           -6.30843942759295       -1.12300009650905        0.00735123921023
C           -5.46577837499935       -2.17205954480369        0.00628225420377
Se          -3.63120773045147       -1.71113245131928        0.00106915464798
C           -4.22622832251479        0.06020322772986        0.00079556102558
C            1.93135730778271       -0.57028339096870       -0.00374951394121
N            1.06731579118151       -1.60263138552707       -0.00441331487748
C            1.61028584685803       -2.79079701454848       -0.00406644997962
C            3.01483329259266       -2.99709332826569       -0.00315484752906
N            3.87740005982919       -2.01719021880232       -0.00220044908025
C            3.34634204353361       -0.77765162751204       -0.00236094587835
H            8.85990262660570       -0.30110434031825        0.01004840335871
H            5.94808067791447        2.62293712993764       -0.00036938077585
H            0.36072255841936        3.42177165194088       -0.00492685170118
H           -7.09880092272584        1.79066185084459        0.00694600686779
H           -7.38101231571856       -1.21304742825037        0.01009175842020
H           -5.75096145252115       -3.21048778173985        0.00809833872130
H            0.93520412797343       -3.63572063914429       -0.00445450048386
H            3.41796610483805       -4.00098341259589       -0.00327898680654
35
 energy: -70.453748773657 gnorm: 0.006212935922 xtb: 6.5.1 (fef0646)
C            7.86040331720292        0.11085459713839        0.00696653642621
N            7.61328194637416        1.37298404923220        0.00499700202425
C            6.29472646703870        1.61870752652529        0.00168162392305
C            5.48400261012578        0.50194158332801        0.00112456537336
S            6.47187548486442       -0.93037098128628        0.00498466636159
C            4.07090481833253        0.40698004658615       -0.00135487928646
S            2.99271855388895        1.76911322578487       -0.00256811968523
C            1.56986387058779        0.77517976914154       -0.00397011576787
C            0.24068217588283        1.24927455913099       -0.00428796480569
C           -0.25775514907762        2.54156132975328       -0.00430663492998
N           -1.58306672911420        2.65724224711016       -0.00346855067331
C           -2.17836326957406        1.49837382843680       -0.00264565523394
S           -1.08053808101622        0.11641442443056       -0.00349456509547
C           -3.57293557422873        1.26856606644948       -0.00057258653444
S           -4.74756043397281        2.56091684746557        0.00108536607167
C           -6.06079585601772        1.45283137953846        0.00491665346395
C           -5.64464497647735        0.14697880881117        0.00449208114607
C           -6.30942295106367       -1.11800727842197        0.00694751710911
C           -5.47345316814225       -2.17437606645065        0.00607156661789
Se          -3.63894576801072       -1.72377817352851        0.00125947260964
C           -4.21979031041332        0.04880753852161        0.00124518106866
C            1.92876909093065       -0.57379437307750       -0.00375310910101
N            1.06781945871514       -1.60615744564735       -0.00446768051346
C            1.60527432228386       -2.79639577087245       -0.00407759482541
C            3.01036056422952       -3.00299779648854       -0.00307297049766
N            3.86970319667474       -2.02083818505546       -0.00209424998190
C            3.34358462983166       -0.78103931571649       -0.00233112933515
H            8.85266602345598       -0.29449041642923        0.00980203538387
H            5.93977986584081        2.63290849670026       -0.00016174132860
H            0.35451338607715        3.42600431943513       -0.00484144308480
H           -7.07108708196941        1.81743986468328        0.00692312813431
H           -7.38243607202174       -1.20296346411217        0.00977013948605
H           -5.76199712370286       -3.21143566568473        0.00800195359450
H            0.92561783132211       -3.63706742124603       -0.00451650370823
H            3.41797586794296       -4.00444844068589       -0.00306554710560
35
 energy: -70.453855858935 gnorm: 0.003355538305 xtb: 6.5.1 (fef0646)
C            7.86207111478419        0.12308013491616        0.00682169725741
N            7.60914703493108        1.38419881672893        0.00490347461854
C            6.28826464059495        1.62553983016153        0.00177824293853
C            5.48193378083694        0.50640591655805        0.00116425812581
S            6.47647140835167       -0.92155334407528        0.00469099116250
C            4.07093543528633        0.40307990840429       -0.00131287033674
S            2.99377134165831        1.76551847097829       -0.00255139826196
C            1.57232031003581        0.77176594206960       -0.00396829432845
C            0.24620741194021        1.24742433498587       -0.00423682308896
C           -0.25534012757136        2.53771586894128       -0.00424019733840
N           -1.58217156811536        2.64847946009649       -0.00338302858021
C           -2.17371735373712        1.48770844577555       -0.00271736623077
S           -1.07100877254358        0.10943525719398       -0.00334855527134
C           -3.56600789481839        1.25777355691337       -0.00060690108088
S           -4.73149809804241        2.55583706001100        0.00130146146320
C           -6.05088262169627        1.45841940872631        0.00454598123278
C           -5.64319264580558        0.15003896490119        0.00454193524842
C           -6.31445807137447       -1.11320490058705        0.00717312584365
C           -5.48489088529038       -2.17455147577458        0.00609338745250
Se          -3.64847413188537       -1.73336945805085        0.00175320596967
C           -4.21828602033879        0.04243900555974        0.00151388665224
C            1.92920942695103       -0.57782371964940       -0.00374849973960
N            1.06820733062162       -1.60921863924450       -0.00450284523277
C            1.60299982553944       -2.80001563352011       -0.00405878162054
C            3.00717049882564       -3.00754332664135       -0.00294218895854
N            3.86716566294279       -2.02665340716556       -0.00198431711201
C            3.34446356998833       -0.78580879978233       -0.00230656211385
H            8.85417481339546       -0.28181415461402        0.00946494279936
H            5.93041784261015        2.63916559709666       -0.00005462869712
H            0.35244735202506        3.42538586416546       -0.00474368498145
H           -7.05486839682885        1.83602723953559        0.00666205432485
H           -7.38782199827141       -1.19400660154370        0.00955920429521
H           -5.77917120673106       -3.20961050054255        0.00740410796093
H            0.91978940392615       -3.63744879591821       -0.00460627975081
H            3.41635252460521       -4.00789661310997       -0.00284028732123
35
 energy: -70.453901957892 gnorm: 0.002694157986 xtb: 6.5.1 (fef0646)
C            7.86638649097180        0.13489428397972        0.00653816589093
N            7.60741984943103        1.39481084944846        0.00487790605003
C            6.28483374809574        1.63006763248867        0.00183728621475
C            5.48365375819530        0.50776472745330        0.00113684274136
S            6.48490266495599       -0.91550656463913        0.00451916810601
C            4.07322686070044        0.39880884670183       -0.00128804683018
S            2.99625111184900        1.76128600072391       -0.00251790650373
C            1.57528381955560        0.76834759252140       -0.00394159175840
C            0.24934317083827        1.24383954878387       -0.00416325363363
C           -0.25358904161694        2.53291889361572       -0.00416567169773
N           -1.58123049167529        2.64167582903565       -0.00324814013600
C           -2.17083014030743        1.47969441072174       -0.00242278849578
S           -1.06609900158308        0.10355545193760       -0.00333272170448
C           -3.56331841445204        1.25166506184392       -0.00032680371191
S           -4.72292839480137        2.55382095950356        0.00091726351128
C           -6.04713937425808        1.46273634092448        0.00463853723227
C           -5.64458320879954        0.15321411930906        0.00461017268825
C           -6.32055195527682       -1.10857020501673        0.00684398234306
C           -5.49569464635104       -2.17297957729648        0.00597545556059
Se          -3.65707982654328       -1.73915173296463        0.00176160472505
C           -4.22000384813149        0.03941606102996        0.00174989192634
C            1.93151662475332       -0.58137029167418       -0.00373187454330
N            1.06918283965553       -1.61146913722585       -0.00452600687605
C            1.60260810700598       -2.80273473810789       -0.00404311993133
C            3.00587421983284       -3.01136513983298       -0.00282286096722
N            3.86784878566500       -2.03223999887198       -0.00188509065110
C            3.34712596715316       -0.79033404761254       -0.00226955166524
H            8.85954530339036       -0.26703840304583        0.00911285549086
H            5.92266643924855        2.64231396439701        0.00012418393136
H            0.35210101123401        3.42194539152019       -0.00471953948589
H           -7.04759763790964        1.84726149387806        0.00651976839643
H           -7.39417116145703       -1.18596707187481        0.00927225646496
H           -5.79517450867978       -3.20648397881212        0.00747930530626
H            0.91705047731390       -3.63819336949274       -0.00466166528001
H            3.41490133879699       -4.01171348985038       -0.00262956540785
35
 energy: -70.453944857593 gnorm: 0.002167811362 xtb: 6.5.1 (fef0646)
C            7.87229005239721        0.14870609692637        0.00628335736783
N            7.60592994146718        1.40698999556040        0.00476316173603
C            6.28181679341780        1.63425042326483        0.00189644224272
C            5.48716536468732        0.50757269953108        0.00111810964161
S            6.49649103401758       -0.90992104444353        0.00416327194485
C            4.07671072860032        0.39350756558507       -0.00123323023443
S            2.99968229243755        1.75620894968576       -0.00246197665794
C            1.57882235418459        0.76436687600171       -0.00389263648748
C            0.25172408975047        1.23862191893545       -0.00408193287229
C           -0.25189750073326        2.52690853571286       -0.00404331469812
N           -1.57991336905908        2.63483152678338       -0.00307552295260
C           -2.16815604517393        1.47190182115926       -0.00237348680085
S           -1.06300130178136        0.09718061841520       -0.00311378252361
C           -3.56186828060769        1.24690486726660       -0.00029917444901
S           -4.71612326454607        2.55320143391510        0.00114757226481
C           -6.04510182714006        1.46709583894375        0.00434599132498
C           -5.64711446345902        0.15668560081569        0.00452459961635
C           -6.32759588537461       -1.10313102059788        0.00688323897238
C           -5.50713859148842       -2.17032915640547        0.00593729340805
Se          -3.66622579425605       -1.74376621590360        0.00208572016117
C           -4.22311661714585        0.03743827076585        0.00182520569156
C            1.93491907978823       -0.58527098899059       -0.00368613799181
N            1.07047116969186       -1.61361404129527       -0.00453970058401
C            1.60251354171633       -2.80564884083211       -0.00401472233375
C            3.00492802961397       -3.01577709381001       -0.00266798169105
N            3.86964833273583       -2.03870263224464       -0.00174775834863
C            3.35073218205222       -0.79557652936801       -0.00220497745241
H            8.86749914720783       -0.24817361777992        0.00865515147605
H            5.91381383222061        2.64445076571096        0.00032446013199
H            0.35262944962734        3.41660030695446       -0.00460740471181
H           -7.04305720413558        1.85676064294437        0.00614574127156
H           -7.40148302116163       -1.17677900899500        0.00905594497767
H           -5.81185356306750       -3.20239365603161        0.00717643038009
H            0.91485233274712       -3.63943232429652       -0.00470044830516
H            3.41273791756871       -4.01674887038419       -0.00236905621482
35
 energy: -70.453978332071 gnorm: 0.001922022813 xtb: 6.5.1 (fef0646)
C            7.87751552704274        0.16215879674832        0.00587881011318
N            7.60386231831573        1.41870143331780        0.00465170717261
C            6.27866117464721        1.63804998334405        0.00192973241456
C            5.49048893492413        0.50673015521751        0.00104631088593
S            6.50767307151968       -0.90499526958596        0.00384576357260
C            4.07988513711380        0.38842413815481       -0.00119896876956
S            3.00244410179958        1.75134578624876       -0.00238700075103
C            1.58174541109060        0.75998462560344       -0.00378858155187
C            0.25330339341949        1.23256071802729       -0.00393339507682
C           -0.25027381086482        2.52071522335312       -0.00389541854577
N           -1.57818367069819        2.62881128719068       -0.00288837980815
C           -2.16593244951266        1.46545575504854       -0.00201023947211
S           -1.06174114447577        0.09112212095480       -0.00300504394029
C           -3.56090061030788        1.24363801559272        0.00000031212295
S           -4.71068173232062        2.55383119897473        0.00086592312982
C           -6.04365297966900        1.47142808575532        0.00435832717803
C           -5.64967042444314        0.16002324242144        0.00446801570336
C           -6.33425205648609       -1.09737108692065        0.00649628510190
C           -5.51737215315495       -2.16715877993704        0.00585724683318
Se          -3.67472603521769       -1.74692421066437        0.00196772455910
C           -4.22621557622478        0.03633235946858        0.00194880680799
C            1.93826632351940       -0.58945295815125       -0.00360465130182
N            1.07218703611772       -1.61641949740474       -0.00449581308281
C            1.60312785024520       -2.80918377313942       -0.00394565194941
C            3.00515993224187       -3.02036478594646       -0.00249880799558
N            3.87186606174600       -2.04459342355259       -0.00160229158902
C            3.35410936233042       -0.80063171767963       -0.00212707811877
H            8.87517664814607       -0.22882355350211        0.00813127066619
H            5.90469917967858        2.64604042156115        0.00059531555637
H            0.35410160616460        3.41043683839161       -0.00451846359570
H           -7.04028420544009        1.86457003838354        0.00587715360204
H           -7.40840974097993       -1.16724235842904        0.00867586625409
H           -5.82615384229677       -3.19811759873237        0.00731427038683
H            0.91433763626995       -3.64206803647422       -0.00468344482820
H            3.41157066255961       -4.02209346013862       -0.00210716438390
35
 energy: -70.454011217371 gnorm: 0.001844733082 xtb: 6.5.1 (fef0646)
C            7.88226636829094        0.17803214343353        0.00544301393476
N            7.60003621115246        1.43247433591431        0.00439366245353
C            6.27383564107792        1.64273201073806        0.00195752334635
C            5.49326683557246        0.50575729851592        0.00098293176538
S            6.51956968041582       -0.89896546197220        0.00324561799692
C            4.08271923457561        0.38270682832939       -0.00112368783508
S            3.00410828851551        1.74547748795598       -0.00226623947237
C            1.58404501261453        0.75349793659058       -0.00360041791402
C            0.25454087162244        1.22420399144248       -0.00371873112824
C           -0.24801102430183        2.51297642235495       -0.00365265996023
N           -1.57543049334140        2.62237853433697       -0.00265477545320
C           -2.16382030508884        1.45917510907716       -0.00205485421497
S           -1.06192243085499        0.08412223261839       -0.00256060032320
C           -3.55988561273727        1.24120254235339       -0.00015365308315
S           -4.70509194931893        2.55579619797119        0.00140376550417
C           -6.04200791362653        1.47725508472327        0.00382254486696
C           -5.65245120227484        0.16449607894024        0.00416592259048
C           -6.34177287158443       -1.08966616638975        0.00656814070489
C           -5.52859133234345       -2.16251107231397        0.00569238375996
Se          -3.68449854059299       -1.74916014975266        0.00257496159393
C           -4.22952301923636        0.03605380336499        0.00181210310053
C            1.94179253509644       -0.59560487021859       -0.00343254046685
N            1.07500672100260       -1.62191497678835       -0.00435596845940
C            1.60547544414495       -2.81504971058496       -0.00380259568940
C            3.00766669124285       -3.02634833889577       -0.00228679210058
N            3.87515068125163       -2.05095330074937       -0.00142402847842
C            3.35764244248064       -0.80667990779899       -0.00200411012146
H            8.88306103980167       -0.20523497243443        0.00738418561001
H            5.89265332933696        2.64794538145891        0.00088556844295
H            0.35745423159454        3.40194647632091       -0.00424696612508
H           -7.03797550449179        1.87290884075620        0.00535906645889
H           -7.41622499788630       -1.15494011064898        0.00843206484855
H           -5.84103133594201       -3.19242947731308        0.00680615421594
H            0.91683089181157       -3.64801982374588       -0.00457091353965
H            3.41284731882037       -4.02874068409019       -0.00180162952899
35
 energy: -70.454035058266 gnorm: 0.001381835277 xtb: 6.5.1 (fef0646)
C            7.88349642578198        0.18785126587009        0.00487449077242
N            7.59626570804291        1.44112529466403        0.00423689403711
C            6.26950988562437        1.64623570153900        0.00194236077293
C            5.49342221028286        0.50593760811567        0.00086021160319
S            6.52500161818399       -0.89442810306026        0.00293884668198
C            4.08328982468911        0.37956640360568       -0.00109963900417
S            3.00310325497682        1.74138123310245       -0.00213080808639
C            1.58413793212160        0.74768899823969       -0.00336213729229
C            0.25483125454873        1.21805294669447       -0.00343388094097
C           -0.24612085624355        2.50775638406804       -0.00346077445003
N           -1.57311644055793        2.61889630156426       -0.00249100676655
C           -2.16308894295136        1.45640456125754       -0.00139003149761
S           -1.06315412655078        0.07987687741462       -0.00255938256835
C           -3.55933561443090        1.24079803010625        0.00042592872937
S           -4.70208109046773        2.55791562344080        0.00053557889490
C           -6.04087956042598        1.48198612441243        0.00411713284092
C           -5.65399560103894        0.16827605394749        0.00416912997987
C           -6.34624248473857       -1.08396168185244        0.00579124642433
C           -5.53522863643488       -2.15868693172026        0.00577712536455
Se          -3.69054297552545       -1.74935338436444        0.00167888507059
C           -4.23130201107836        0.03688059460578        0.00203708630583
C            1.94338884629267       -0.60108202116007       -0.00323759696129
N            1.07769204424404       -1.62829532722719       -0.00411506288994
C            1.60923910997802       -2.82084318088555       -0.00359725004392
C            3.01200625567642       -3.03068990512327       -0.00212601451446
N            3.87822272606624       -2.05431867582424       -0.00131757704387
C            3.35942831039368       -0.81059658570890       -0.00189949275855
H            8.88608546488937       -0.19062037952481        0.00674828406405
H            5.88389934611714        2.64970652940997        0.00115232455629
H            0.36109570520468        3.39557134527057       -0.00414750428577
H           -7.03676407220239        1.87833659685222        0.00526102079512
H           -7.42082211207866       -1.14644081151978        0.00769510232626
H           -5.84935038447148       -3.18806290669022        0.00734296186503
H            0.92210082459535       -3.65501436261721       -0.00436499265562
H            3.41753909828696       -4.03293050340282       -0.00163301202506
35
 energy: -70.454059562236 gnorm: 0.001063345259 xtb: 6.5.1 (fef0646)
C            7.88297112001495        0.19618291184080        0.00453838727727
N            7.59197030977836        1.44867145980433        0.00388359919345
C            6.26475567900474        1.64986311339070        0.00191355857109
C            5.49219800183973        0.50700083087999        0.00082336140157
S            6.52781317844988       -0.88984381763819        0.00229527692641
C            4.08265017755064        0.37733146786102       -0.00098944652341
S            3.00016524953631        1.73723257607310       -0.00195633437994
C            1.58291897770775        0.74071514110124       -0.00308917288858
C            0.25436296367113        1.21177815602583       -0.00319249678984
C           -0.24411873715051        2.50274185509481       -0.00318481805639
N           -1.57067516204657        2.61642742498231       -0.00233702480224
C           -2.16322434483607        1.45525098955742       -0.00206510165243
S           -1.06554907316465        0.07631003746659       -0.00190933558784
C           -3.55937610076856        1.24178190623087       -0.00044119756114
S           -4.70033500378404        2.56076628047092        0.00181832224573
C           -6.04030431752294        1.48719534228136        0.00320906634551
C           -5.65557758381178        0.17265679431837        0.00365486973275
C           -6.35006655175780       -1.07822604302669        0.00632075689348
C           -5.54077879197567       -2.15438302570626        0.00498618920687
Se          -3.69567940970487       -1.74811627158584        0.00358498373082
C           -4.23306958685362        0.03883190171973        0.00150269519026
C            1.94433277433279       -0.60753424942006       -0.00295694918643
N            1.08107001214286       -1.63691680948106       -0.00378789614477
C            1.61527755041712       -2.82808206242672       -0.00333078876507
C            3.01889389797196       -3.03501088846208       -0.00198246360793
N            3.88241410906315       -2.05658782070035       -0.00123048495437
C            3.36079615781850       -0.81410278977007       -0.00175324914040
H            8.88689341294417       -0.17851844960546        0.00601671933982
H            5.87552908890858        2.65190996201848        0.00126089191227
H            0.36562220332312        3.38888817735927       -0.00371542958673
H           -7.03630706375376        1.88358082150388        0.00478900500305
H           -7.42471410500993       -1.13860972930633        0.00805791298087
H           -5.85602884917975       -3.18336812590381        0.00602392419537
H            0.93075302856907       -3.66441166886148       -0.00402811948269
H            3.42614772507564       -4.03648568458710       -0.00151076373649
35
 energy: -70.454083763245 gnorm: 0.001163164857 xtb: 6.5.1 (fef0646)
C            7.88172181194258        0.20406336898311        0.00379471953002
N            7.58767971816467        1.45600721474426        0.00355554902615
C            6.25995784430770        1.65385115857722        0.00182832554748
C            5.49041552008828        0.50891103863048        0.00066638529930
S            6.52946453898547       -0.88505499895678        0.00183570967669
C            4.08142074761540        0.37565266701082       -0.00091252266156
S            2.99603214510950        1.73274912533880       -0.00170400342054
C            1.58106893955055        0.73260252001091       -0.00267441079817
C            0.25328808197617        1.20505932371619       -0.00274534072550
C           -0.24212037256489        2.49733514760084       -0.00290875175370
N           -1.56831431930566        2.61407087462294       -0.00213397965825
C           -2.16395633864061        1.45463967371173       -0.00117673311365
S           -1.06871623230507        0.07266931664335       -0.00184740725746
C           -3.56011347906860        1.24346219249270        0.00046075881978
S           -4.69924999787103        2.56415811326677        0.00075697837808
C           -6.04042829537228        1.49300126265475        0.00341762485412
C           -5.65785066452143        0.17770277461488        0.00377426554398
C           -6.35425022847310       -1.07223527350652        0.00550886178917
C           -5.54662863746187       -2.14961100671969        0.00589822088456
Se          -3.70097363414778       -1.74613800415449        0.00126284253096
C           -4.23556944296798        0.04152257474575        0.00200724645873
C            1.94523905692053       -0.61486903455218       -0.00258780808091
N            1.08526754434674       -1.64728555182072       -0.00327955886171
C            1.62348331889788       -2.83652264565407       -0.00291436970548
C            3.02793888158502       -3.03941479300794       -0.00179064853870
N            3.88802362491123       -2.05824462415305       -0.00114785837274
C            3.36236766248227       -0.81746878612551       -0.00157599048066
H            8.88664884244209       -0.16781984558897        0.00510211989507
H            5.86770493819544        2.65475097275911        0.00146861691728
H            0.37034647326659        3.38165093010877       -0.00353146978438
H           -7.03627872451997        1.88995914906214        0.00451217197457
H           -7.42897366545562       -1.13098431965528        0.00657268368906
H           -5.86319005730776       -3.17816884175356        0.00667424892865
H            0.94207241556470       -3.67547360995453       -0.00352687043528
H            3.43820292043072       -4.03960835019274       -0.00142115879509
35
 energy: -70.454102727099 gnorm: 0.001146645110 xtb: 6.5.1 (fef0646)
C            7.88092158909296        0.21062024119059        0.00298596187045
N            7.58460547082915        1.46208909674360        0.00322680314146
C            6.25643435472890        1.65737861519283        0.00170861422720
C            5.48913592894228        0.51101782546396        0.00049293519757
S            6.53088473120561       -0.88097267665524        0.00146592572436
C            4.08049529914839        0.37467503750672       -0.00083021283576
S            2.99238907885148        1.72905306899990       -0.00144546494000
C            1.57962358869542        0.72558325744458       -0.00228097619739
C            0.25221437548254        1.19902353902468       -0.00234562038490
C           -0.24066201066484        2.49222750153142       -0.00255350941909
N           -1.56666489692082        2.61138258583086       -0.00191459270815
C           -2.16471989294325        1.45344694351902       -0.00086198864028
S           -1.07144255878128        0.06899836512523       -0.00175246544873
C           -3.56107319552077        1.24448976871999        0.00034910711831
S           -4.69812074157651        2.56693231179137       -0.00003809650774
C           -6.04092264467239        1.49807592415264        0.00374613208270
C           -5.66051859006825        0.18211187328767        0.00345610119619
C           -6.35871098218670       -1.06694391662494        0.00452494088742
C           -5.55272407791211       -2.14551412837450        0.00389236620251
Se          -3.70639340627235       -1.74477440830732        0.00296955095385
C           -4.23844221083263        0.04365585150083        0.00165110682351
C            1.94638852877477       -0.62109626400041       -0.00222102903569
N            1.08942400793213       -1.65623194580289       -0.00277215142987
C            1.63141225081012       -2.84375928232191       -0.00249171238831
C            3.03638653434885       -3.04289794732801       -0.00160074804623
N            3.89353040256191       -2.05923890277026       -0.00105631993775
C            3.36417120436499       -0.82006373369166       -0.00137945300824
H            8.88648034044340       -0.15951708037482        0.00420352194647
H            5.86218999338938        2.65751787018485        0.00165214880452
H            0.37359739020550        3.37531688333357       -0.00319183687638
H           -7.03609505447610        1.89674875265592        0.00456755000854
H           -7.43352852094593       -1.12429711464538        0.00701285062778
H           -5.87080936874251       -3.17357068270826        0.00638626951822
H            0.95248659192175       -3.68477177024087       -0.00298957993648
H            3.44978742758680       -4.04177574585436       -0.00134768129025
35
 energy: -70.454118333479 gnorm: 0.000844504699 xtb: 6.5.1 (fef0646)
C            7.88073588500845        0.21539393222505        0.00263634087930
N            7.58297636615326        1.46649668348630        0.00272920217391
C            6.25446761506985        1.66016058099612        0.00158782459077
C            5.48856438523914        0.51302887397996        0.00046247866766
S            6.53209517472929       -0.87787530296401        0.00084547031090
C            4.08012605345865        0.37442480653488       -0.00068292771507
S            2.98975202224000        1.72651488236827       -0.00124304317689
C            1.57879620930707        0.72041125324396       -0.00195088824646
C            0.25136591423482        1.19415566881431       -0.00204335131918
C           -0.23987859447052        2.48785091744906       -0.00226359198081
N           -1.56584398858623        2.60850365046208       -0.00169339669791
C           -2.16537571478570        1.45155394452528       -0.00117400444341
S           -1.07333685104954        0.06555097112993       -0.00106752578537
C           -3.56204307261339        1.24454769888757        0.00019050757997
S           -4.69689628139099        2.56872181582226        0.00123675197275
C           -6.04157286488866        1.50200402349850        0.00261542504977
C           -5.66322787852241        0.18550383883668        0.00329776777524
C           -6.36314658359131       -1.06267402634629        0.00526554872765
C           -5.55875353570277       -2.14239288090772        0.00528920333794
Se          -3.71176332398878       -1.74439189969373        0.00171189267630
C           -4.24133003400774        0.04485995374292        0.00178216679807
C            1.94774223490351       -0.62559381506134       -0.00187342296976
N            1.09315334169922       -1.66281892433707       -0.00232786550440
C            1.63816388829965       -2.84904252344950       -0.00211480296117
C            3.04337929989519       -3.04515467345493       -0.00143516933291
N            3.89833197406688       -2.05954183579596       -0.00098079840670
C            3.36607957262738       -0.82166582547110       -0.00119848094667
H            8.88658398684572       -0.15395011140104        0.00339413878184
H            5.85924472264695        2.65992303003744        0.00158877128012
H            0.37516641847072        3.37037321646252       -0.00276483288588
H           -7.03570623689423        1.90306805714164        0.00369456597479
H           -7.43806735621851       -1.11875083622734        0.00591868594293
H           -5.87849616064583       -3.16993594412931        0.00552018832637
H            0.96094003424734       -3.69144484853690       -0.00248116919007
H            3.45950431501341       -4.04289463836915       -0.00125321198377
35
 energy: -70.454131509064 gnorm: 0.000562605162 xtb: 6.5.1 (fef0646)
C            7.88139807122298        0.21877084743123        0.00215361600787
N            7.58272798976123        1.46961072866883        0.00232095275882
C            6.25398218093277        1.66229959471905        0.00142643797859
C            5.48888904183240        0.51475605888112        0.00037585234238
S            6.53350837894121       -0.87559587385010        0.00047858462325
C            4.08054453841680        0.37468713932004       -0.00058445664466
S            2.98842058496260        1.72510958624247       -0.00103944756333
C            1.57875121948765        0.71720116233252       -0.00163770981876
C            0.25094934909890        1.19038632260257       -0.00171294810605
C           -0.23974496451672        2.48416566899556       -0.00195379387645
N           -1.56575560494522        2.60529347277444       -0.00145753908106
C           -2.16574256149707        1.44865451901760       -0.00088839157914
S           -1.07413843246478        0.06220188560765       -0.00090250211055
C           -3.56279706995836        1.24331659238801        0.00028679327322
S           -4.69527463306706        2.56940986547159        0.00101214940684
C           -6.04205517762080        1.50488669749217        0.00253913336965
C           -5.66583283311716        0.18789297842659        0.00306497160816
C           -6.36775244453590       -1.05923388561865        0.00481666144970
C           -5.56518035504467       -2.14024574471784        0.00471532689541
Se          -3.71747490578394       -1.74536950378892        0.00195086451179
C           -4.24412117482807        0.04486598058612        0.00169291695574
C            1.94939618933146       -0.62831309322467       -0.00157953941034
N            1.09637134130254       -1.66684781298234       -0.00192583962632
C            1.64337702611478       -2.85225589853704       -0.00175753940862
C            3.04866820303124       -3.04629146646525       -0.00125259834322
N            3.90225479654579       -2.05938700959928       -0.00088622530379
C            3.36812843715376       -0.82239036456819       -0.00103436016520
H            8.88737329950341       -0.15026267226953        0.00268933575279
H            5.85838153580550        2.66193184878701        0.00153238701942
H            0.37523577949728        3.36669176921226       -0.00246183130252
H           -7.03499198047477        1.90861448370631        0.00348910698385
H           -7.44276336446668       -1.11374235178810        0.00570141073268
H           -5.88682519078744       -3.16720251015595        0.00521641998663
H            0.96712869704789       -3.69545002337294       -0.00202138465658
H            3.46669496991834       -4.04323927822506       -0.00114836736036
35
 energy: -70.454143684079 gnorm: 0.000507467131 xtb: 6.5.1 (fef0646)
C            7.88257918597311        0.22140068980950        0.00145117585545
N            7.58333515518789        1.47205904878722        0.00198090788576
C            6.25445782513936        1.66417066866508        0.00120103605879
C            5.48980486713254        0.51637137109550        0.00020515036155
S            6.53506863729286       -0.87366495757780        0.00038298916628
C            4.08148643889530        0.37530787948517       -0.00054443417032
S            2.98792815463172        1.72450995009711       -0.00088353990227
C            1.57924298398861        0.71521367049362       -0.00135902376804
C            0.25090148199347        1.18723953539773       -0.00140804758051
C           -0.24009195948290        2.48084559182292       -0.00163777360842
N           -1.56613293345961        2.60166267050129       -0.00117940360284
C           -2.16581771987175        1.44482679921446       -0.00064369667487
S           -1.07404304675172        0.05870817709882       -0.00064383177423
C           -3.56321820493300        1.24089293973817        0.00037479789443
S           -4.69300402747753        2.56925298778378        0.00083223693643
C           -6.04207603702383        1.50729239096095        0.00255257812078
C           -5.66835060365033        0.18967251483875        0.00289932623233
C           -6.37276339243755       -1.05606564996854        0.00426432935889
C           -5.57238671059742       -2.13867721083227        0.00412152193945
Se          -3.72382219519057       -1.74758271662134        0.00211356683951
C           -4.24687019181576        0.04380953930154        0.00160664798483
C            1.95130565848559       -0.62991236328019       -0.00130022091125
N            1.09935264438771       -1.66929176957996       -0.00153926409481
C            1.64766983706371       -2.85417682697312       -0.00140258797304
C            3.05303713899629       -3.04673499787544       -0.00104971238114
N            3.90567967392519       -2.05891692179271       -0.00077803794361
C            3.37028295054159       -0.82251617053888       -0.00087768412712
H            8.88863121353832       -0.14746083134246        0.00201371610801
H            5.85873763865541        2.66375725579571        0.00148655728568
H            0.37439820169501        3.36368825695936       -0.00210602554903
H           -7.03386057524146        1.91370726427117        0.00327535587206
H           -7.44789766088495       -1.10844792880978        0.00535292992353
H           -5.89626301082073       -3.16494993112047        0.00502170136885
H            0.97209878857070       -3.69790858258529       -0.00157474078765
H            3.47233073034459       -4.04316262972038       -0.00099005304366
35
 energy: -70.454155069585 gnorm: 0.000514363916 xtb: 6.5.1 (fef0646)
C            7.88403154897332        0.22379528752950        0.00135762650257
N            7.58430968702233        1.47430666312275        0.00131781582114
C            6.25535463501377        1.66598074984983        0.00095721286948
C            5.49104492493368        0.51793772738109        0.00021238389552
S            6.53680125922755       -0.87180629565004       -0.00025345413497
C            4.08272180029673        0.37608375942933       -0.00038945582492
S            2.98779921693547        1.72428190195301       -0.00065748855305
C            1.57999294363474        0.71374697201546       -0.00101322866404
C            0.25106333143825        1.18427735212787       -0.00102682808885
C           -0.24068901418162        2.47758778478988       -0.00127281904197
N           -1.56673113669139        2.59768440224319       -0.00092617170360
C           -2.16573607776530        1.44039687917913       -0.00023087490103
S           -1.07347767254929        0.05501938947338       -0.00053441230628
C           -3.56342024916315        1.23775618901217        0.00060435566412
S           -4.69027004720109        2.56863484931969        0.00066000401975
C           -6.04173742525653        1.50958562788976        0.00239643249850
C           -5.67082235415656        0.19123763139397        0.00263697217678
C           -6.37813313567567       -1.05281294590750        0.00389025326953
C           -5.58030687535986       -2.13728044916283        0.00365201421697
Se          -3.73080433139475       -1.75048631824826        0.00220839861858
C           -4.24964221648815        0.04219231211681        0.00161979413701
C            1.95340101808875       -0.63102294500668       -0.00098537758552
N            1.10230935723030       -1.67105583082577       -0.00113631919025
C            1.65163362153219       -2.85551155898828       -0.00104484825392
C            3.05712677897747       -3.04684449592833       -0.00082461741321
N            3.90899285944579       -2.05830401371103       -0.00064052252500
C            3.37254993483794       -0.82236197047327       -0.00069903091913
H            8.89019661823555       -0.14479428127945        0.00136563866700
H            5.85949078281232        2.66550450185932        0.00107745162262
H            0.37321315274846        3.36082190560260       -0.00173961017006
H           -7.03247566927704        1.91840053031605        0.00303944705766
H           -7.45339222139752       -1.10258862725658        0.00495442821606
H           -5.90667920274032       -3.16277342816660        0.00456824006467
H            0.97672302039700       -3.69975498188524       -0.00114078872194
H            3.47729207431648       -4.04291456061576       -0.00078417402042
35
 energy: -70.454165049139 gnorm: 0.000490055039 xtb: 6.5.1 (fef0646)
C            7.88544187260872        0.22623611276900        0.00003234957988
N            7.58518609206104        1.47661168116916        0.00113938425372
C            6.25617240957362        1.66777591861545        0.00057659008032
C            5.49227781029254        0.51941688934615       -0.00017722565327
S            6.53857840590302       -0.86992704744550        0.00024881681473
C            4.08398945759789        0.37678549718957       -0.00047729766573
S            2.98780113951907        1.72408977117326       -0.00060847495925
C            1.58080453208723        0.71235456289963       -0.00076561037792
C            0.25132343395930        1.18139800718912       -0.00073724198274
C           -0.24127102542545        2.47441264905976       -0.00092557824304
N           -1.56729863444511        2.59371470034814       -0.00051745988236
C           -2.16557672353564        1.43593433246373       -0.00018779628911
S           -1.07276271562087        0.05134928075754        0.00001153578064
C           -3.56349202768957        1.23447998947460        0.00058553411270
S           -4.68738439259355        2.56793147619120        0.00097764026927
C           -6.04117002131994        1.51191023617016        0.00219106328867
C           -5.67315180764015        0.19276322398485        0.00250566948823
C           -6.38345758115879       -1.04950814042480        0.00348749110016
C           -5.58824643960051       -2.13588716360496        0.00344770054257
Se          -3.73779428228025       -1.75353535960091        0.00207119794062
C           -4.25229621823026        0.04043683456802        0.00155507961835
C            1.95548145991505       -0.63207578864513       -0.00070080155072
N            1.10516517252051       -1.67271562538392       -0.00073301392928
C            1.65538622852922       -2.85675161849576       -0.00064674824295
C            3.06106222974280       -3.04694183935406       -0.00054340708018
N            3.91217479219122       -2.05774566490279       -0.00048178291972
C            3.37476228641126       -0.82221583302371       -0.00053625891679
H            8.89178351383354       -0.14188524797311        0.00066841609129
H            5.85999393422342        2.66717064529991        0.00112895383620
H            0.37214727344898        3.35797234478771       -0.00126911737932
H           -7.03106144545069        1.92278033201724        0.00265222444311
H           -7.45883601913309       -1.09653399856394        0.00429550848925
H           -5.91710963736160       -3.16058785547410        0.00417839604153
H            0.98120290106779       -3.70155693085327       -0.00067687423451
H            3.48190496279911       -4.04273665822915       -0.00055041516457
35
 energy: -70.454173230219 gnorm: 0.000365858153 xtb: 6.5.1 (fef0646)
C            7.88651345838934        0.22876159270236        0.00019880037195
N            7.58559097604454        1.47898292832779        0.00036493918833
C            6.25650374226023        1.66945023948074        0.00031256064076
C            5.49318527762542        0.52065464810400       -0.00010580159328
S            6.54022355860639       -0.86811200320358       -0.00052623503654
C            4.08497381054980        0.37717470488800       -0.00029719303556
S            2.98768883077109        1.72367613861446       -0.00040271789647
C            1.58141558484821        0.71081664843235       -0.00044170033299
C            0.25154338084042        1.17873915309066       -0.00037938544838
C           -0.24160728663090        2.47157759333561       -0.00054596887021
N           -1.56759632201411        2.59035685939522       -0.00020950003826
C           -2.16540816490803        1.43224774669840        0.00019085280588
S           -1.07224635561589        0.04816197613865        0.00019568644412
C           -3.56348880108784        1.23182184882234        0.00080335144386
S           -4.68485344517214        2.56749003377598        0.00091776261134
C           -6.04054621714013        1.51412097801241        0.00208384687937
C           -5.67505996850384        0.19424987224947        0.00232473649864
C           -6.38797212737872       -1.04645919412661        0.00308479912686
C           -5.59502799460777       -2.13449984894766        0.00308093810697
Se          -3.74377768931995       -1.75598883941792        0.00200158024737
C           -4.25449960567031        0.03907603276523        0.00155316205259
C            1.95721033768508       -0.63330301248221       -0.00039208105638
N            1.10763004966671       -1.67454751079302       -0.00037768519660
C            1.65870139110238       -2.85816223965936       -0.00033011277875
C            3.06459149031821       -3.04728949107707       -0.00031981522479
N            3.91494522659029       -2.05746935996834       -0.00032144909365
C            3.37660410673523       -0.82232928450706       -0.00034938777199
H            8.89311146294611       -0.13868083220044        0.00012591098360
H            5.85978031501161        2.66861714727506        0.00049789831448
H            0.37159475896084        3.35528521259699       -0.00089583826815
H           -7.02984860287063        1.92650615214732        0.00240981927125
H           -7.46344938495990       -1.09107721819143        0.00376576568489
H           -5.92599643767077       -3.15852143879129        0.00375946922466
H            0.98527970848587       -3.70356214472854       -0.00026846011455
H            3.48602187291298       -4.04284537525948       -0.00029010084060
35
 energy: -70.454179787049 gnorm: 0.000307591503 xtb: 6.5.1 (fef0646)
C            7.88720093605505        0.23144435938862       -0.00020066627940
N            7.58537568098227        1.48147039178730       -0.00006989711333
C            6.25616944578719        1.67098251958964       -0.00000409345920
C            5.49366676476376        0.52160354889547       -0.00024202809917
S            6.54171857534734       -0.86636903838492       -0.00064059409836
C            4.08554748007089        0.37713309466001       -0.00026119884889
S            2.98727205021652        1.72286047444338       -0.00028534645754
C            1.58167999464658        0.70896360620062       -0.00017871171470
C            0.25162537981272        1.17626586330842       -0.00004734326581
C           -0.24159593557906        2.46910229112066       -0.00020672004924
N           -1.56752345253466        2.58782998928743        0.00001085624918
C           -2.16530883830913        1.42967567255798        0.00055689504231
S           -1.07217275155597        0.04563095593678        0.00028614028296
C           -3.56349902361889        1.23018557840608        0.00103648166638
S           -4.68296671622373        2.56749992494669        0.00092362639457
C           -6.04006352512721        1.51616131056996        0.00185498287430
C           -5.67650068229551        0.19575282341584        0.00206187664772
C           -6.39138371269579       -1.04377081268685        0.00288520865443
C           -5.60017521626784       -2.13306716191869        0.00276824984568
Se          -3.74836207180089       -1.75742401141324        0.00198115888817
C           -4.25618066926890        0.03844223326122        0.00162222256249
C            1.95847147757963       -0.63487090068301       -0.00015061325323
N            1.10964993805986       -1.67675361744239       -0.00003625145049
C            1.66159695338904       -2.85992812184633       -0.00000439620800
C            3.06768943723080       -3.04803744154872       -0.00008458381552
N            3.91727736830266       -2.05760166893163       -0.00018218888972
C            3.37799515592145       -0.82285365735629       -0.00021366734070
H            8.89411888936256       -0.13512622176930       -0.00038536322729
H            5.85865326308125        2.66983594276517        0.00018791232043
H            0.37170057731881        3.35274577357077       -0.00057154107037
H           -7.02895028468903        1.92954548254284        0.00221951846261
H           -7.46692410708027       -1.08657908281985        0.00337232733221
H           -5.93272722369301       -3.15657236735005        0.00321050550362
H            0.98892916558304       -3.70592209683875        0.00006714540758
H            3.48972661402832       -4.04333592216585       -0.00006145619390
35
 energy: -70.454185708456 gnorm: 0.000272350807 xtb: 6.5.1 (fef0646)
C            7.88758114879242        0.23441801146388       -0.00056587383423
N            7.58459936936238        1.48418406774714       -0.00050756718759
C            6.25523153925716        1.67245195006679       -0.00029288812123
C            5.49380439159893        0.52233904665230       -0.00034728770389
S            6.54315071911581       -0.86461409792608       -0.00075346552957
C            4.08582039570036        0.37670442808009       -0.00022099235393
S            2.98664162952975        1.72166783559594       -0.00021679051424
C            1.58171935803556        0.70676880658578        0.00001054746131
C            0.25161761249777        1.17384108136251        0.00016053579766
C           -0.24126945990959        2.46682730862874        0.00005101324029
N           -1.56712769034721        2.58589159586927        0.00038096162562
C           -2.16526170961081        1.42791777362973        0.00060678059360
S           -1.07245769548105        0.04354507074572        0.00072637255481
C           -3.56354569431466        1.22932656338649        0.00103371848100
S           -4.68153599362507        2.56792259488000        0.00113198400197
C           -6.03972416117100        1.51817716062126        0.00189416213224
C           -5.67765638223552        0.19732652809162        0.00203602922820
C           -6.39401238479547       -1.04131986344436        0.00237314310784
C           -5.60408492221361       -2.13154865825314        0.00249249295937
Se          -3.75183541130662       -1.75811363690326        0.00181103170295
C           -4.25751379687633        0.03834498712947        0.00152164852002
C            1.95940642506111       -0.63680452865972        0.00008011982335
N            1.11136151959635       -1.67935708284273        0.00024725681211
C            1.66421986922771       -2.86207661292360        0.00026779016087
C            3.07049726127905       -3.04916529696884        0.00012666031204
N            3.91930673693531       -2.05810001423020       -0.00004861732554
C            3.37907803362369       -0.82375765486565       -0.00008065503174
H            8.89488205511792       -0.13109552540675       -0.00079583359031
H            5.85669696991468        2.67090057133479       -0.00015880764254
H            0.37236347651256        3.35024336514164       -0.00019754398300
H           -7.02830973897577        1.93237329094564        0.00202323985838
H           -7.46959684994454       -1.08280077409499        0.00282101539282
H           -5.93780308571487       -3.15466427894783        0.00300593290210
H            0.99228730734614       -3.70865634477642        0.00042921107779
H            3.49320009481734       -4.04417795421626        0.00017312237121
35
 energy: -70.454190791065 gnorm: 0.000216783916 xtb: 6.5.1 (fef0646)
C            7.88790115277904        0.23739593451028       -0.00076450114185
N            7.58364616454696        1.48684334451737       -0.00042731585892
C            6.25407753178497        1.67374002794097       -0.00033354034816
C            5.49383957165350        0.52288356368801       -0.00042451424751
S            6.54462439360824       -0.86295846189126       -0.00052458168888
C            4.08601578291048        0.37599372711382       -0.00026627752885
S            2.98609278622188        1.72024547933082       -0.00021720613674
C            1.58174397495486        0.70457357960664        0.00003291681474
C            0.25166530434651        1.17173538407347        0.00021156974164
C           -0.24068642986745        2.46489301142625        0.00008999231860
N           -1.56651909576697        2.58451523654805        0.00030711416643
C           -2.16527767057371        1.42691466737685        0.00072139443332
S           -1.07285568760518        0.04199947643941        0.00056706361782
C           -3.56367325802460        1.22915320152415        0.00111547727629
S           -4.68069571100923        2.56857430864178        0.00114209435384
C           -6.03972145504235        1.51991418362352        0.00170560654699
C           -5.67866050029391        0.19876906799203        0.00194137737949
C           -6.39606504984787       -1.03934752715365        0.00262651599880
C           -5.60706372507542       -2.13025341637725        0.00255171175090
Se          -3.75448830440559       -1.75826333997251        0.00185844017885
C           -4.25857687724405        0.03867335894863        0.00160327011285
C            1.96013317714606       -0.63879668080130        0.00007239884971
N            1.11277824088946       -1.68192982635393        0.00026293672766
C            1.66644398765794       -2.86427818138532        0.00028974308521
C            3.07280811189579       -3.05049482420460        0.00013419150490
N            3.92097496051617       -2.05889717603349       -0.00004998240965
C            3.37998032138904       -0.82489903055513       -0.00008502834512
H            8.89555714638911       -0.12711562297005       -0.00080688904241
H            5.85452427452314        2.67178849601649       -0.00010020958520
H            0.37329093094887        3.34808008900513       -0.00022948171945
H           -7.02793913775641        1.93500214548445        0.00200943187055
H           -7.47171000361056       -1.07997804409858        0.00288270825676
H           -5.94167454334904       -3.15308359824216        0.00275010219789
H            0.99502278066265       -3.71127631039649        0.00041755235943
H            3.49621779144750       -4.04519652987341        0.00015436580982
35
 energy: -70.454196449614 gnorm: 0.000205420640 xtb: 6.5.1 (fef0646)
C            7.88802884030592        0.24123159470952       -0.00053600016137
N            7.58206029473238        1.49026746474259       -0.00053546172999
C            6.25223403262721        1.67530356701731       -0.00035376223561
C            5.49360182429037        0.52339725853589       -0.00033870983440
S            6.54631079577728       -0.86095998812013       -0.00072885649392
C            4.08595264489469        0.37489749643621       -0.00021122718757
S            2.98511370481690        1.71827856373696       -0.00019828182980
C            1.58147311866681        0.70161428706613        0.00003073193908
C            0.25147422328871        1.16905707785478        0.00018914866204
C           -0.23990046387349        2.46258983793445        0.00009142775315
N           -1.56564761476594        2.58316186033751        0.00036663745009
C           -2.16532325815942        1.42609714086968        0.00070104061132
S           -1.07375410680611        0.04021857271295        0.00068839525091
C           -3.56383333424615        1.22936046667965        0.00111484768149
S           -4.67983045960870        2.56966484532487        0.00109814338718
C           -6.03968162470197        1.52205735549831        0.00182173062323
C           -5.67960666522571        0.20064314985983        0.00196390736520
C           -6.39789727897443       -1.03697113342591        0.00243831578079
C           -5.60965532939517       -2.12842726146298        0.00246132868892
Se          -3.75675167917270       -1.75786147080765        0.00183673313029
C           -4.25963413743744        0.03942952118782        0.00157692436697
C            1.96073158587844       -0.64149839212098        0.00008604764712
N            1.11424777570263       -1.68538042508815        0.00026509410181
C            1.66895561818295       -2.86724656809724        0.00028205078423
C            3.07544861829993       -3.05235786306882        0.00012081961065
N            3.92279925939954       -2.06005910807075       -0.00005531003513
C            3.38080004765778       -0.82651318551085       -0.00007750368428
H            8.89617568142598       -0.12191653292778       -0.00077200633101
H            5.85128951080236        2.67279804848069       -0.00028092765633
H            0.37469751754153        3.34535693120135       -0.00016638413598
H           -7.02752574244611        1.93804580821738        0.00200690284998
H           -7.47357912752754       -1.07688839968870        0.00284679502597
H           -5.94499889379313       -3.15101781353719        0.00290715466129
H            0.99819561562073       -3.71477633318430        0.00042820836948
H            3.49975994302170       -4.04667665979345        0.00015049287392
35
 energy: -70.454202194088 gnorm: 0.000210670936 xtb: 6.5.1 (fef0646)
C            7.88808436387312        0.24562598647656       -0.00077848210193
N            7.58010579370895        1.49418157707730       -0.00052263397992
C            6.24999946940144        1.67703807834378       -0.00041004809577
C            5.49324481171865        0.52385475671657       -0.00044670983429
S            6.54815155012751       -0.85878950953122       -0.00038120612092
C            4.08576436558322        0.37360143578410       -0.00028143447426
S            2.98392948869900        1.71608647258314       -0.00022257437502
C            1.58109283028374        0.69826738973916        0.00003971418783
C            0.25119144452926        1.16598357043835        0.00022242521642
C           -0.23900031077591        2.45999029324083        0.00012173230991
N           -1.56460065511983        2.58172722422559        0.00042579291817
C           -2.16529488950512        1.42525932880073        0.00068578384332
S           -1.07488953382615        0.03828829875965        0.00071600914421
C           -3.56394297169695        1.22971833803271        0.00109500925111
S           -4.67880464626443        2.57098082853894        0.00121957387799
C           -6.03949313372851        1.52441612180267        0.00177158121267
C           -5.68049625125826        0.20273785035342        0.00199588078189
C           -6.39966973050440       -1.03431697511695        0.00246622329597
C           -5.61225296834591       -2.12634964181429        0.00255450963368
Se          -3.75911690028508       -1.75719888902911        0.00180882277680
C           -4.26070424364412        0.04041096362770        0.00155764877472
C            1.96131689131628       -0.64455536067871        0.00008323839856
N            1.11576374053793       -1.68925018625756        0.00027562339257
C            1.67160833686210       -2.87059151571298        0.00028672028549
C            3.07827508055864       -3.05449249346651        0.00011944279581
N            3.92474175094129       -2.06141448407830       -0.00006720931689
C            3.38159919982339       -0.82837157256665       -0.00009039591963
H            8.89683518461732       -0.11585930217441       -0.00076432410278
H            5.84738330396435        2.67386045403082       -0.00023532291676
H            0.37640309817388        3.34217761140878       -0.00014712509711
H           -7.02697726704817        1.94124184806496        0.00192725259608
H           -7.47535105632670       -1.07345287359401        0.00275580138696
H           -5.94830141108661       -3.14869898687506        0.00285373351284
H            1.00163566054305       -3.71874949159426        0.00044935900963
H            3.50350054095285       -4.04843743205676        0.00013403503239
35
 energy: -70.454207430853 gnorm: 0.000195485859 xtb: 6.5.1 (fef0646)
C            7.88825247117824        0.25000187084603       -0.00049401625534
N            7.57821392205491        1.49803149379587       -0.00062801333520
C            6.24782427718605        1.67870466744362       -0.00048089166682
C            5.49297612222541        0.52426639984012       -0.00034246972822
S            6.55007189211611       -0.85661633493063       -0.00066262071908
C            4.08569517526249        0.37230250468973       -0.00019945603544
S            2.98291680877364        1.71395962182443       -0.00016745127652
C            1.58085846081419        0.69507535735797        0.00008920729281
C            0.25107567282396        1.16301527877560        0.00028635288611
C           -0.23803961247702        2.45744352046712        0.00018096864569
N           -1.56351825657757        2.58027567935372        0.00039387686254
C           -2.16518310708778        1.42434689202384        0.00081648869492
S           -1.07582130472516        0.03648439270152        0.00060524082773
C           -3.56399304318855        1.23001309545562        0.00117247834266
S           -4.67775662787665        2.57218974285836        0.00110558534387
C           -6.03932431973867        1.52674192181194        0.00171572283716
C           -5.68142871014844        0.20474869843238        0.00189541336370
C           -6.40159199421827       -1.03174859470993        0.00250605571917
C           -5.61505221407037       -2.12443272326502        0.00239788749598
Se          -3.76167685001981       -1.75673583785219        0.00197994786943
C           -4.26175434836543        0.04128313580786        0.00161487142411
C            1.96197234138238       -0.64748097707740        0.00011267580620
N            1.11726317574413       -1.69290511911248        0.00030170782481
C            1.67415304287263       -2.87375396679260        0.00030612524623
C            3.08097513530358       -3.05654418169036        0.00011671338870
N            3.92663781922405       -2.06279780329098       -0.00006075296977
C            3.38244710625824       -0.83020164850208       -0.00006542645977
H            8.89760518439679       -0.10977300875293       -0.00072040372218
H            5.84347725745868        2.67482804502080       -0.00050144836297
H            0.37818437916475        3.33905173428815       -0.00013918655282
H           -7.02646928658528        1.94438149914912        0.00198515382441
H           -7.47730829159257       -1.07002988759844        0.00283738906334
H           -5.95187861856108       -3.14652372162024        0.00270287882056
H            1.00494929453948       -3.72252779195487        0.00043998131982
H            3.50697798325271       -4.05015424129470        0.00011786148394
35
 energy: -70.454211894087 gnorm: 0.000175522908 xtb: 6.5.1 (fef0646)
C            7.88854445247694        0.25389576579874       -0.00067798839826
N            7.57668974480953        1.50145602648275       -0.00064980610566
C            6.24605583365861        1.68020610736793       -0.00052931053423
C            5.49289144318689        0.52466448921979       -0.00042320918909
S            6.55190814165339       -0.85465625056199       -0.00038766873812
C            4.08579190969506        0.37118536179586       -0.00025384890670
S            2.98218038441814        1.71210540766144       -0.00019277573946
C            1.58076307655307        0.69235778295947        0.00006198151614
C            0.25100870337708        1.16039639537161        0.00024272174093
C           -0.23729693476772        2.45515508238880        0.00018100100811
N           -1.56267526391675        2.57880073679758        0.00050164349779
C           -2.16506986951751        1.42324330299027        0.00074805482845
S           -1.07650440913807        0.03472171332389        0.00084646384014
C           -3.56403196919228        1.22998195338119        0.00117439060474
S           -4.67667297582864        2.57308174891318        0.00114234406027
C           -6.03913273030215        1.52881651267845        0.00182061537234
C           -5.68233361125324        0.20651306597325        0.00198485532967
C           -6.40353304165840       -1.02937651194474        0.00231626949251
C           -5.61785451616640       -2.12269165919716        0.00252062488183
Se          -3.76414901856601       -1.75663565321470        0.00167937509850
C           -4.26277050878630        0.04181223413919        0.00161700735737
C            1.96266174679747       -0.64997042757985        0.00012075191988
N            1.11864026129538       -1.69598903110904        0.00031379430016
C            1.67639155392393       -2.87642080736561        0.00030939900195
C            3.08334615153453       -3.05828012952872        0.00011415402056
N            3.92835116280866       -2.06399610757514       -0.00007403775828
C            3.38330845728266       -0.83176194163618       -0.00007493619731
H            8.89841607749117       -0.10438688357640       -0.00071620181994
H            5.84017321757778        2.67570606587782       -0.00051201726334
H            0.37957817404400        3.33631915517418       -0.00002899483543
H           -7.02593763462182        1.94727134921971        0.00191984481913
H           -7.47929426818123       -1.06677154635982        0.00261768798805
H           -5.95551872301945       -3.14450685615099        0.00291519218197
H            1.00783067117521       -3.72570637214208        0.00046981216980
H            3.50997524795623       -4.05162036607375        0.00012125775529
