  9
 Etot=          -2.0670879680
 O         -2.4033292702       -0.0194030582        0.0911930631
 C         -1.3181572791       -0.0129019369       -0.3983595661
 C         -0.0217565681       -0.0011123939        0.4288192494
 C          0.7408096490        1.1892291784        0.1045814611
 N          1.3319240026        2.1296956541       -0.1555475666
 C          0.7637135501       -1.1764806059        0.1048319623
 N          1.3731527324       -2.1051690065       -0.1554090403
 H         -1.1403966716       -0.0146865209       -1.4863124540
 H         -0.2629083238       -0.0030698800        1.5015808405
  9
 Etot=          -2.0705882815
 O         -2.3875062904       -0.0193241174        0.1031034365
 C         -1.3075327569       -0.0128870186       -0.4002657800
 C         -0.0162170119       -0.0009850377        0.4018396028
 C          0.7382163959        1.1866450412        0.1253044302
 N          1.3540950900        2.1282727187       -0.1525694190
 C          0.7609235174       -1.1735035216        0.1240282805
 N          1.3953793616       -2.1034661135       -0.1510073510
 H         -1.1861513234       -0.0147996177       -1.4860211953
 H         -0.2881551610       -0.0038509031        1.4709659445
  9
 Etot=          -2.0710338736
 O         -2.3670546497       -0.0187426764        0.1198149647
 C         -1.2961875347       -0.0136060623       -0.4059501705
 C         -0.0002199881       -0.0007368883        0.3618947467
 C          0.7515278641        1.1724191497        0.0910550365
 N          1.3375731611        2.1654043727       -0.0814072175
 C          0.7732709922       -1.1609274425        0.0953808411
 N          1.3793662383       -2.1394914465       -0.0852616427
 H         -1.2445620399       -0.0166062864       -1.4941913206
 H         -0.2706622220       -0.0016112896        1.4340427116
  9
 Etot=          -2.0715822269
 O         -2.3662090256       -0.0198301742        0.1110749359
 C         -1.2914153609       -0.0122413708       -0.4062802831
 C         -0.0050031483       -0.0005971552        0.3658329609
 C          0.7458107091        1.1739203973        0.1233839734
 N          1.3590045106        2.1250301294       -0.1125405244
 C          0.7701148341       -1.1578165991        0.1184976483
 N          1.3989718965       -2.1018403735       -0.1077099434
 H         -1.2612556792       -0.0150958860       -1.4934360825
 H         -0.2869669150       -0.0054275377        1.4365552642
  9
 Etot=          -2.0716740763
 O         -2.3727984699       -0.0180556075        0.1068613426
 C         -1.2964331673       -0.0139604473       -0.4065956005
 C         -0.0065072135       -0.0009074319        0.3692292783
 C          0.7498993456        1.1723041853        0.1133642120
 N          1.3579073572        2.1326183394       -0.1046348002
 C          0.7698265743       -1.1630090167        0.1200220849
 N          1.4004509512       -2.1049152977       -0.1106525583
 H         -1.2596051642       -0.0171924152       -1.4935439507
 H         -0.2796883921       -0.0007808782        1.4413279412
  9
 Etot=          -2.0716678349
 O         -2.3766458245       -0.0210213551        0.1040404403
 C         -1.2992223983       -0.0113683116       -0.4068770537
 C         -0.0061312343       -0.0004407605        0.3683457522
 C          0.7489507957        1.1783040109        0.1182929944
 N          1.3608448044        2.1346731374       -0.1065657636
 C          0.7761688014       -1.1579529017        0.1068099249
 N          1.3987756747       -2.1137726843       -0.0960347509
 H         -1.2656556798       -0.0145154046       -1.4940388545
 H         -0.2740331179       -0.0078043003        1.4414052603
  9
 Etot=          -2.0717054109
 O         -2.3756135247       -0.0190175550        0.1040427798
 C         -1.2979842198       -0.0130074763       -0.4066476410
 C         -0.0054916580       -0.0007193916        0.3666220728
 C          0.7511858991        1.1744514944        0.1141438348
 N          1.3613179686        2.1344598662       -0.1010115761
 C          0.7737572247       -1.1610579040        0.1141545314
 N          1.4020208049       -2.1090188965       -0.1013373867
 H         -1.2700670203       -0.0167368540       -1.4938968975
 H         -0.2760736533       -0.0032518530        1.4393082316
