  10
 Etot=          -1.5649859146
 C         -1.2861947382        0.6961961632       -0.0000166854
 C         -0.0000101026       -0.0931636075        0.0001284541
 C          1.2861138427        0.6963400835       -0.0000233444
 O          0.0000878633       -1.3030078579       -0.0000340415
 H         -1.1196723068        1.7678292270        0.0008199449
 H         -1.8710746662        0.4152117785        0.8746449203
 H         -1.8701016419        0.4165711378       -0.8757608133
 H          1.1194607630        1.7679483571        0.0014674246
 H          1.8697999774        0.4171356220       -0.8760302677
 H          1.8712775327        0.4149435656        0.8743454707
  10
 Etot=          -1.5658749716
 C         -1.2909880030        0.6834974428       -0.0000392969
 C          0.0000002877       -0.0797270364       -0.0000092646
 C          1.2911241964        0.6833008127       -0.0000348511
 O         -0.0000542873       -1.2827446970        0.0000100897
 H         -1.1287475932        1.7592160760        0.0008296669
 H         -1.8791175197        0.4174770364        0.8776108521
 H         -1.8782698563        0.4188187171       -0.8786627167
 H          1.1285271292        1.7589637554        0.0014577512
 H          1.8779342384        0.4197065855       -0.8793000456
 H          1.8792779311        0.4174957769        0.8776788770
  10
 Etot=          -1.5659674335
 C         -1.2917193655        0.6785340214       -0.0000488366
 C          0.0000022332       -0.0726003369        0.0001351246
 C          1.2917458512        0.6785083062       -0.0000349111
 O         -0.0000051463       -1.2742841882        0.0000243612
 H         -1.1345642567        1.7564964063        0.0008528641
 H         -1.8793376256        0.4173937096        0.8795467576
 H         -1.8783513274        0.4187236923       -0.8806973854
 H          1.1344288504        1.7564517492        0.0014914585
 H          1.8779995820        0.4195165648       -0.8811628629
 H          1.8794877280        0.4172645447        0.8794344920
  10
 Etot=          -1.5659694647
 C         -1.2912611546        0.6784442935       -0.0000606382
 C         -0.0000027084       -0.0714720885       -0.0001018059
 C          1.2911827496        0.6785716754       -0.0000444562
 O          0.0000477395       -1.2739934796        0.0000778709
 H         -1.1357380132        1.7567525366        0.0008369491
 H         -1.8778682624        0.4169390750        0.8800940018
 H         -1.8771022443        0.4182852411       -0.8811250692
 H          1.1355799239        1.7568724390        0.0014697388
 H          1.8767896897        0.4189385939       -0.8814112344
 H          1.8780588036        0.4166661829        0.8798057055
