  13
 Etot=          -2.3786875407
 O         -0.7833170059        1.7685182658       -0.1564172236
 C         -0.3713590093        0.5030357662        0.3189813924
 C         -1.4051020530       -0.5045919820        0.1127368964
 N         -2.2334656649       -1.2746286124       -0.0566555188
 C          0.8890888703        0.0984419016       -0.4364869746
 C          1.6105580672       -1.1437097512       -0.0811766762
 N          2.1175422698        0.1494888147        0.3158174470
 H         -1.5642156673        2.0603376563        0.3292682760
 H         -0.1349438004        0.5353924451        1.3964080849
 H          0.8670714590        0.4227392527       -1.4731349822
 H          2.1013906014       -1.7026533295       -0.8690894067
 H          1.2348111607       -1.7522895954        0.7311280958
 H          2.9231060461        0.4735657878       -0.2089850901
  13
 Etot=          -2.3819807470
 O         -0.7927090842        1.7872184395       -0.1320117204
 C         -0.3868427423        0.4961721070        0.3037489832
 C         -1.4184968502       -0.4957157355        0.1280513198
 N         -2.2469713779       -1.2813072093       -0.0688204270
 C          0.8958748011        0.0985929524       -0.4344126433
 C          1.6218691904       -1.1425750269       -0.0722170515
 N          2.1371692126        0.1546013203        0.3229268785
 H         -1.5941254046        2.0655212949        0.3497888457
 H         -0.1483977673        0.5498155748        1.3800547047
 H          0.8947996182        0.4136722292       -1.4831125752
 H          2.1242733205       -1.7019558666       -0.8622779893
 H          1.2300046021       -1.7605738560        0.7338030630
 H          2.9347177550        0.4501803959       -0.2431270679
  13
 Etot=          -2.3824398686
 O         -0.7919663978        1.8059681131       -0.1015357169
 C         -0.3992830685        0.4843283196        0.2846957690
 C         -1.4172842376       -0.4941026227        0.0802183595
 N         -2.2794446019       -1.2685127608       -0.0092880976
 C          0.9080929583        0.1044558763       -0.4360938372
 C          1.6322323485       -1.1371373198       -0.0663421517
 N          2.1569117067        0.1605512109        0.3305254318
 H         -1.6248439131        2.0576143459        0.3569838503
 H         -0.1750633686        0.5355504186        1.3635828900
 H          0.9289160193        0.4148276527       -1.4905908075
 H          2.1471933765       -1.6983489463       -0.8523475909
 H          1.2203683212       -1.7614055093        0.7300061420
 H          2.9453361307        0.4298578414       -0.2674199206
  13
 Etot=          -2.3827296843
 O         -0.7922706729        1.8088508157       -0.0892597347
 C         -0.3999721953        0.4836422930        0.2908114389
 C         -1.4289060775       -0.4864384441        0.1184994985
 N         -2.2580427368       -1.2682336367       -0.0653859030
 C          0.9046722728        0.1007648756       -0.4359741594
 C          1.6319982029       -1.1367667340       -0.0617191168
 N          2.1602791511        0.1633255023        0.3237706711
 H         -1.6318081297        2.0556434748        0.3582207554
 H         -0.1647670103        0.5430015430        1.3668993530
 H          0.9222390874        0.4044327761       -1.4913125751
 H          2.1469970520       -1.7035956239       -0.8429863661
 H          1.2202739611       -1.7561814831        0.7372594056
 H          2.9404723688        0.4252012608       -0.2864289472
  13
 Etot=          -2.3828682363
 O         -0.7877738182        1.8066944760       -0.0901828114
 C         -0.3954833703        0.4852816332        0.2938784705
 C         -1.4262211276       -0.4869741344        0.1102045457
 N         -2.2624162196       -1.2672443581       -0.0594961419
 C          0.9040459661        0.1008193410       -0.4371940457
 C          1.6303916593       -1.1362894148       -0.0633110009
 N          2.1573174793        0.1630528223        0.3209288691
 H         -1.6270713629        2.0528770335        0.3513199576
 H         -0.1610057970        0.5348470183        1.3707272177
 H          0.9159963042        0.4060424305       -1.4900280956
 H          2.1433482938       -1.7046096898       -0.8426770646
 H          1.2216140345       -1.7524059095        0.7376969729
 H          2.9384232319        0.4315553713       -0.2794725532
  13
 Etot=          -2.3829188189
 O         -0.7822731687        1.8100936458       -0.0799474888
 C         -0.3941121850        0.4844538871        0.2949646541
 C         -1.4266762114       -0.4842056935        0.1022447343
 N         -2.2679641816       -1.2624972239       -0.0583039367
 C          0.9049363580        0.1011423689       -0.4376280622
 C          1.6313318380       -1.1346039186       -0.0615220031
 N          2.1599512802        0.1652257643        0.3181034680
 H         -1.6329208516        2.0465174894        0.3458748960
 H         -0.1610023441        0.5258165428        1.3724762463
 H          0.9149360620        0.4043032940       -1.4907803496
 H          2.1443691537       -1.7059945796       -0.8383694806
 H          1.2219058449       -1.7480149873        0.7409978641
 H          2.9386836792        0.4314100303       -0.2857162215
  13
 Etot=          -2.3829709898
 O         -0.7721768057        1.8159708764       -0.0594457542
 C         -0.3920694720        0.4827798598        0.2979306646
 C         -1.4302335290       -0.4777075927        0.0936848505
 N         -2.2753824496       -1.2527851941       -0.0668034814
 C          0.9051454491        0.1002343554       -0.4380778368
 C          1.6336527737       -1.1318334071       -0.0571356445
 N          2.1641646193        0.1701823046        0.3116626241
 H         -1.6420607997        2.0356687548        0.3368418307
 H         -0.1596636373        0.5100883464        1.3762139982
 H          0.9101754579        0.3977077277       -1.4927771135
 H          2.1462815733       -1.7089711003       -0.8299247443
 H          1.2251694253       -1.7398716364        0.7498149924
 H          2.9381626685        0.4321833252       -0.2995900654
  13
 Etot=          -2.3830055215
 O         -0.7633410343        1.8200708023       -0.0408790582
 C         -0.3910440652        0.4808685315        0.3011883478
 C         -1.4349583672       -0.4716874845        0.0878665041
 N         -2.2811180758       -1.2434633994       -0.0811087731
 C          0.9037956242        0.0979509180       -0.4381553477
 C          1.6364738258       -1.1297052530       -0.0522608900
 N          2.1666062510        0.1757147142        0.3048957241
 H         -1.6458194430        2.0287866375        0.3308750946
 H         -0.1586937467        0.4960120049        1.3798598727
 H          0.9029626541        0.3885431714       -1.4950028311
 H          2.1478208937       -1.7115675528       -0.8224575492
 H          1.2319588489       -1.7327630284        0.7605342245
 H          2.9365219081        0.4348865579       -0.3129609984
