  11
 Etot=          -2.1318148995
 C          2.0345757307       -0.0004553381       -0.0000775787
 N          0.6023114878        0.0019308354        0.0001067384
 N         -0.1013545296       -1.1033528278        0.0000450143
 C         -1.3654216019       -0.6993867148       -0.0000665197
 C         -1.3673191713        0.6967265630       -0.0000590805
 N         -0.1048908056        1.1051747796        0.0000524153
 H          2.3652007842       -1.0363193432        0.0068570242
 H          2.4067365918        0.5191933708        0.8834635828
 H          2.4070051492        0.5070534379       -0.8906043027
 H         -2.1797189324       -1.3934150576       -0.0000012464
 H         -2.1836861827        1.3884620556       -0.0001311463
  11
 Etot=          -2.1342936428
 C          2.0380154091       -0.0021142769       -0.0000322253
 N          0.5932307339        0.0005039700        0.0001253324
 N         -0.1096836841       -1.1181900685        0.0000281958
 C         -1.3575518731       -0.7028297170       -0.0000834573
 C         -1.3578768660        0.7020986083       -0.0000566281
 N         -0.1104361419        1.1186464707        0.0000358803
 H          2.3919556116       -1.0303020032        0.0069204416
 H          2.4085181322        0.5156508347        0.8824037944
 H          2.4084539824        0.5034938346       -0.8895411503
 H         -2.1951899164       -1.3830190082       -0.0000949527
 H         -2.1959968674        1.3816731162       -0.0001203302
  11
 Etot=          -2.1351668842
 C          2.0409582895       -0.0032121890        0.0000004149
 N          0.5824961512       -0.0013320080        0.0001599874
 N         -0.1157642640       -1.1340478707        0.0000009420
 C         -1.3478884773       -0.7062210728       -0.0000968060
 C         -1.3465329683        0.7067014967       -0.0000408455
 N         -0.1136420100        1.1323974500        0.0000579406
 H          2.4110325144       -1.0256529704        0.0070209668
 H          2.4096524237        0.5137615662        0.8820401406
 H          2.4093238248        0.5014996648       -0.8892484331
 H         -2.2093430743       -1.3642187425       -0.0002175667
 H         -2.2068538895        1.3659364367       -0.0000918403
  11
 Etot=          -2.1352060991
 C          2.0415482733       -0.0032255472       -0.0000003279
 N          0.5813353355       -0.0019454991        0.0001837822
 N         -0.1148955047       -1.1360013145       -0.0000016249
 C         -1.3472357666       -0.7066124624       -0.0001054755
 C         -1.3455051470        0.7069310420       -0.0000253116
 N         -0.1121681573        1.1334637056        0.0000968224
 H          2.4109298335       -1.0256654284        0.0070624682
 H          2.4097873055        0.5144555249        0.8821126118
 H          2.4094512092        0.5020972233       -0.8893922960
 H         -2.2114963963       -1.3588661345       -0.0002705609
 H         -2.2083124649        1.3609806510       -0.0000751871
  11
 Etot=          -2.1352234478
 C          2.0419160855       -0.0030983348       -0.0000038042
 N          0.5805172453       -0.0025998070        0.0002185436
 N         -0.1132665657       -1.1371577937       -0.0000184440
 C         -1.3466624554       -0.7068484127       -0.0001260747
 C         -1.3445556326        0.7068881026        0.0000042184
 N         -0.1099368483        1.1336536040        0.0001651615
 H          2.4099288417       -1.0258649381        0.0071475473
 H          2.4097947176        0.5153521270        0.8820638642
 H          2.4094505443        0.5028141882       -0.8894704749
 H         -2.2138310764       -1.3530998604       -0.0003590147
 H         -2.2099163359        1.3555728857       -0.0000366218
