33
 energy: -59.318941265027 gnorm: 0.099782570981 xtb: 6.5.1 (fef0646)
C           -5.85193198760000       -0.88156150830000       -1.25915176630000
C           -6.52082886350000       -0.37153532980000       -0.20276468860000
C           -5.66605393750000        0.16622386770000        0.80916093830000
C           -4.34855613150000        0.05776114110000        0.51434113850000
S           -4.14921282170000       -0.70931605770000       -1.02887439310000
C           -3.17602087530000        0.51194229280000        1.33471315250000
C           -2.41638133820000        1.63120833360000        0.64676296810000
C           -1.19454843190000        1.18595526700000        0.35716812510000
Se           0.40842815960000        1.78109125130000       -0.49039939470000
C            1.13305970660000        0.04951926920000       -0.08698764700000
C            0.29005101120000       -0.76746802770000        0.57787001380000
S            0.97804565040000       -2.39476911880000        0.94589658050000
C            2.27420073150000       -2.10366130090000       -0.25351211620000
C            3.14087126020000       -2.34922280440000       -1.25337755560000
C            3.41577151980000       -0.87791362990000       -1.53291542990000
C            4.53646361410000       -0.19494230140000       -0.74524573970000
C            5.79357684600000        0.30739732290000       -0.44321158480000
O            5.79227274810000        0.81169649560000        0.82628027840000
C            4.53851940280000        0.63230909420000        1.33739056000000
C            3.73747913250000        0.01137914530000        0.39147266150000
C            2.49544484260000       -0.60794490480000       -0.27188884360000
C           -1.02616660130000       -0.17761911480000        0.85639227600000
C           -2.14479936990000       -0.58779735560000        1.47975425970000
H           -6.29716736150000       -1.33246360850000       -2.12566217860000
H           -7.59865205380000       -0.36574141570000       -0.12691336960000
H           -6.03014785680000        0.61521788050000        1.72057613550000
H           -2.80382199230000        2.59887590550000        0.38097863620000
H            3.35263600330000       -3.26892068530000       -1.78301730610000
H            3.04381803300000       -0.41510172770000       -2.46809196960000
H            6.64769436430000        0.30133297540000       -1.10650001110000
H            4.22139416210000        0.93362435020000        2.32641377160000
H           -3.51564323610000        0.84267037940000        2.32929186120000
H           -2.29669960040000       -1.56142296890000        1.91032283160000
33
 energy: -59.338581522538 gnorm: 0.049749521934 xtb: 6.5.1 (fef0646)
C           -5.83910536018584       -0.87097113484658       -1.24218645604966
C           -6.52074334755961       -0.36195373349084       -0.18875905491526
C           -5.67115120729248        0.17021961568681        0.81468501283696
C           -4.35122241835720        0.05701686072092        0.51171253512875
S           -4.13373812419015       -0.71175809357330       -1.03078873678099
C           -3.16976783822505        0.50217654179718        1.32347728931376
C           -2.39782864916026        1.60625392049382        0.63176638714687
C           -1.16408063077666        1.15809497300590        0.35926869559890
Se           0.42421754789505        1.77926579796104       -0.48744273714532
C            1.14032917475017        0.05851905793625       -0.07089423119705
C            0.29503930731228       -0.76821695576955        0.58854802805415
S            0.92288821259580       -2.42711245271699        0.88688989213568
C            2.28528840129576       -2.05140943793171       -0.20086792944355
C            3.09580357795667       -2.31211253010908       -1.24071991953053
C            3.39290912502751       -0.85019169769078       -1.53017694753686
C            4.53381989903536       -0.21402298110016       -0.75064751096728
C            5.77455987659812        0.27459881180276       -0.46079021541984
O            5.75175217196736        0.78811928551726        0.79587923671558
C            4.51363153454260        0.62064295779937        1.32479280207506
C            3.72679566023142        0.01861803010704        0.38869788412637
C            2.48277128117047       -0.55264684370500       -0.27722245715989
C           -1.00760732129535       -0.20639105875236        0.86234338840724
C           -2.14571183836254       -0.60048012578068        1.45845910650329
H           -6.26445969315298       -1.32600572966915       -2.11579111290051
H           -7.59539604021381       -0.36036196945089       -0.11634611619741
H           -6.03505009327268        0.61565056102015        1.72439129363587
H           -2.80153478120908        2.57204836564037        0.38279937570686
H            3.36761824840559       -3.23695218841371       -1.73055912120334
H            3.09382478535809       -0.43358883148003       -2.49581502910554
H            6.65096065809527        0.30756862050655       -1.08306188992067
H            4.25194715236013        0.94752903937807        2.31557623626021
H           -3.52129500925912        0.83656009343190        2.30898927959588
H           -2.32236953328481       -1.55790365682456        1.91006521623227
33
 energy: -59.345537297993 gnorm: 0.022667472106 xtb: 6.5.1 (fef0646)
C           -5.83070836422249       -0.86281308041231       -1.22945359535799
C           -6.51900699911290       -0.35429492737726       -0.17755823356580
C           -5.67065269889941        0.17283234125650        0.82077777889441
C           -4.35062238475355        0.05569870596849        0.51157904963243
S           -4.12688755051234       -0.71118858309114       -1.03087035786974
C           -3.16073868251251        0.49125379422908        1.31404640786711
C           -2.38602223635598        1.58654728032884        0.62195313048224
C           -1.14920589184115        1.13410990100850        0.36567393594367
Se           0.43224207417125        1.78640711517570       -0.44975708580175
C            1.13883736725856        0.06741154205679       -0.06660139255520
C            0.28802637801880       -0.77552950203261        0.57672558931264
S            0.89963461584987       -2.43622691210750        0.84020548158159
C            2.26677323173469       -1.99333199470961       -0.18803070128874
C            3.06433410664168       -2.29217908938179       -1.21798766123846
C            3.37034732941754       -0.83472643825259       -1.52801929333213
C            4.52349807106809       -0.21929683938515       -0.76459016530934
C            5.75819538544945        0.24186793765258       -0.47492456256614
O            5.74001006286289        0.73866543667710        0.78508357691200
C            4.49369770096801        0.62939592004111        1.30366490466949
C            3.71234720896845        0.04094865076555        0.37715741774582
C            2.46612423730845       -0.49685465973550       -0.28405916118982
C           -0.99897684477059       -0.23740112435040        0.86369821902059
C           -2.14968118750781       -0.61622388411154        1.44598516115537
H           -6.23191340977164       -1.32102327789122       -2.11257167030434
H           -7.59141837461619       -0.35448311835334       -0.10914713938689
H           -6.03214369551973        0.61716757679622        1.73023967218045
H           -2.80752294193582        2.54608269470151        0.38282479778073
H            3.38961871251582       -3.21407438411178       -1.67483798921832
H            3.13441019816729       -0.46501926936844       -2.52273688769428
H            6.66679659323732        0.30113296165940       -1.04359452103861
H            4.29997465392476        0.98014990412116        2.30076320552561
H           -3.51838519879264        0.82830571065714        2.29253663248322
H           -2.35788673763814       -1.56250727692347        1.90809765053018
33
 energy: -59.346982259426 gnorm: 0.013924381654 xtb: 6.5.1 (fef0646)
C           -5.83055935907444       -0.85802184472549       -1.22803794264991
C           -6.52001158147864       -0.35132943171119       -0.17595997265751
C           -5.67152131867457        0.17245905070541        0.82467143686645
C           -4.35283197580584        0.05441117201742        0.51475877925897
S           -4.12913575700089       -0.70858590045021       -1.02797886802292
C           -3.16287753453766        0.48436966996366        1.31629913049214
C           -2.39121793121323        1.58218954187077        0.62955015698529
C           -1.15642663286349        1.13084221496071        0.37736299611349
Se           0.42259484006305        1.80104237696429       -0.41805216992830
C            1.12835792585360        0.07670943277179       -0.06990297023110
C            0.27765123650147       -0.77732507159495        0.56384884852175
S            0.89176049483224       -2.43468396755206        0.80756071113426
C            2.28157636870961       -1.97379976568619       -0.16846650766392
C            3.06467723079690       -2.28503671854325       -1.20370771861909
C            3.36459138107338       -0.82863793600593       -1.53579685705544
C            4.52235287560306       -0.22257916414333       -0.77583493098439
C            5.76743435253914        0.20485233339592       -0.47488539399731
O            5.74747543903267        0.73459742562474        0.77470855836769
C            4.49646722673412        0.63916154545538        1.29032048835547
C            3.70618755624868        0.06700607684083        0.35948960697279
C            2.45933790563440       -0.47417330058096       -0.29283526908893
C           -1.00767558506776       -0.24869912008896        0.86115231580579
C           -2.16036306067921       -0.62851175825911        1.43926140250523
H           -6.21879108369512       -1.31632643729056       -2.11640709961712
H           -7.59240283711171       -0.35113142461056       -0.10930708404634
H           -6.03100256850269        0.61609518319883        1.73576206441734
H           -2.82063443705120        2.53669002903292        0.39058105025498
H            3.41082372978777       -3.20298593934283       -1.64287416902267
H            3.14339812467603       -0.48182843911609       -2.53950617077597
H            6.69500001400463        0.25439922830326       -1.01160254137913
H            4.33138731337621        1.01631891693826        2.28266302225310
H           -3.51826941458918        0.81829414888716        2.29583338643151
H           -2.38425820932132       -1.57497901572964        1.89360390500382
33
 energy: -59.347632543552 gnorm: 0.008638377652 xtb: 6.5.1 (fef0646)
C           -5.83507234836495       -0.85278536309406       -1.23009682135910
C           -6.52511633552179       -0.34925976487739       -0.17743383702776
C           -5.67680671843414        0.17010131123441        0.82744031675186
C           -4.35893687790409        0.05126348849811        0.51873023260540
S           -4.13503579888075       -0.70570076609221       -1.02524643180784
C           -3.17005379498646        0.47480879122430        1.32246394576206
C           -2.40107710114592        1.58067436767103        0.64684209905731
C           -1.16766358673760        1.13351002216892        0.39112220527426
Se           0.40850032210846        1.81838035175319       -0.39327762943410
C            1.11753766843831        0.08846977258390       -0.07849964155058
C            0.27142053440327       -0.77551779626142        0.55039277107521
S            0.89563903164359       -2.42496209127993        0.79068721551612
C            2.28303612100529       -1.95467884045153       -0.16459906048059
C            3.07467827668763       -2.28172437871426       -1.18704419554978
C            3.36861329866595       -0.82778482100590       -1.54346361562834
C            4.52372900320945       -0.21632773217812       -0.78769650976021
C            5.78037267543553        0.17535018146582       -0.47663643846965
O            5.76753795864196        0.70754916284309        0.77484211744279
C            4.50069829940391        0.66235596836247        1.27297730184691
C            3.70387776201286        0.10042557885647        0.33854241676296
C            2.45637472029840       -0.45450739769578       -0.30419900032257
C           -1.01716033458563       -0.25368941128314        0.85671369822585
C           -2.16925371857358       -0.64051323866136        1.43161711591697
H           -6.21419931217479       -1.30880623978257       -2.12289550936558
H           -7.59791562099818       -0.34749975202528       -0.11202580733290
H           -6.03494496127775        0.61186459851659        1.74055271334489
H           -2.83565888504820        2.53325847946189        0.41270922119041
H            3.44140695424298       -3.19938364113822       -1.60493296167968
H            3.15318700504917       -0.50135136681731       -2.55367996576036
H            6.72605209544726        0.18746812104400       -0.98306963900351
H            4.35381541509945        1.06054789128374        2.25816987470615
H           -3.52144574028120        0.80065529948444        2.30661452384369
H           -2.40304127807838       -1.59138767359381        1.87065148920971
33
 energy: -59.347901864410 gnorm: 0.006571728377 xtb: 6.5.1 (fef0646)
C           -5.84202998993690       -0.84732800553699       -1.23350499943413
C           -6.53181098553985       -0.34698711581999       -0.17976988464564
C           -5.68347087989319        0.16726539040199        0.82890409583087
C           -4.36545232055375        0.04775540862219        0.52171327270937
S           -4.14180857869865       -0.70303602349903       -1.02444269075736
C           -3.17658766173008        0.46560358638056        1.32811217107379
C           -2.40999824274607        1.58177244279371        0.66478346567614
C           -1.17619162973952        1.14024760232823        0.40115805680017
Se           0.39867345144991        1.83067322211436       -0.38199717505977
C            1.11425084790008        0.09844404740958       -0.08741852529267
C            0.27032424766057       -0.76972255421184        0.53885994029810
S            0.89806441351110       -2.41554999809702        0.78225700292092
C            2.28342333916492       -1.94417264216411       -0.16436212404142
C            3.08550016829860       -2.28244503197847       -1.17608499700639
C            3.37780300922370       -0.83207758718225       -1.54636869902345
C            4.53216595082794       -0.22542994829509       -0.78778711408191
C            5.79103810698655        0.15238392558688       -0.47530804914272
O            5.77174237120851        0.71696819961642        0.76470539656060
C            4.50493801219603        0.67875998696887        1.26142109457676
C            3.70936037832473        0.11155968946899        0.32900786610721
C            2.45791241379430       -0.44466731105659       -0.31209167637146
C           -1.02131698605815       -0.25134527067809        0.85147867820603
C           -2.17149438148349       -0.64847717169979        1.42323741830371
H           -6.21837366560440       -1.29929966619977       -2.12912423885760
H           -7.60494664499302       -0.34298699462270       -0.11483300587722
H           -6.04126200763602        0.60626512994219        1.74369412121665
H           -2.84669385027310        2.53617715250661        0.44126087359643
H            3.46347487411771       -3.20132636783119       -1.57826943378511
H            3.16190045603889       -0.51324219953889       -2.55765350187484
H            6.74407412597963        0.13298885656140       -0.96704911116370
H            4.36139697749731        1.09791057836577        2.23693585869288
H           -3.52444379781382        0.77993291763285        2.31813564084679
H           -2.40706679268038       -1.60581113678871        1.84667246699908
33
 energy: -59.348053020615 gnorm: 0.005658188655 xtb: 6.5.1 (fef0646)
C           -5.84919310042659       -0.84142211832398       -1.23648532966555
C           -6.53799205061092       -0.34349421872761       -0.18128837177710
C           -5.68913672636010        0.16528345317953        0.82996408637783
C           -4.37059352283945        0.04429058058211        0.52366792368343
S           -4.14781009218204       -0.70142732099608       -1.02499945199546
C           -3.18045706265988        0.45672340112070        1.33179477700290
C           -2.41595628006635        1.58227398493243        0.67898941043194
C           -1.18085710448902        1.14617652514398        0.40677877947942
Se           0.39322409921363        1.83807557978311       -0.38056022393529
C            1.11391136315585        0.10475117859356       -0.09542826007507
C            0.27096971264935       -0.76347290155665        0.53091847237453
S            0.89608543443746       -2.40958681209830        0.77856042781632
C            2.29029034359469       -1.94011408787427       -0.15723348567588
C            3.09544900666495       -2.28368924634557       -1.16634370910078
C            3.38598808134454       -0.83730980540466       -1.54664226859983
C            4.53689272088341       -0.22696163607483       -0.78822363871723
C            5.79767479836186        0.13908202944719       -0.47300258110610
O            5.77833107902874        0.71028328399684        0.76395102152575
C            4.50667585694259        0.69459885838347        1.25106549283820
C            3.71100253917717        0.12589989643335        0.31926862535446
C            2.45953283449701       -0.44017741230487       -0.31741511848613
C           -1.02227799041107       -0.24754976095400        0.84526996502238
C           -2.17032954645025       -0.65540069973429        1.41339646732702
H           -6.22710498905342       -1.28875467401531       -2.13365198062038
H           -7.61125894390278       -0.33691843897699       -0.11615692372851
H           -6.04705609703896        0.60115717895150        1.74613306886621
H           -2.85277773978264        2.54029468651358        0.46899185786783
H            3.47975559037346       -3.20525468980275       -1.55543200866443
H            3.16800744431485       -0.52396608908109       -2.55952071962113
H            6.75073327866419        0.09818846555594       -0.96043446714327
H            4.35926239254226        1.12953172941593        2.21834921369678
H           -3.52556708569153        0.75863432869142        2.32728174060376
H           -2.40232351508090       -1.61894213695334        1.82470940264349
33
 energy: -59.348128582816 gnorm: 0.004047214650 xtb: 6.5.1 (fef0646)
C           -5.85491935351704       -0.83451615713746       -1.23838003914216
C           -6.54197624789442       -0.33842885669643       -0.18109385070447
C           -5.69176220878452        0.16459801519670        0.83135342535627
C           -4.37305253846460        0.04117717341387        0.52450742194595
S           -4.15225133292640       -0.70003551225131       -1.02708152954250
C           -3.18057876582350        0.44809915300312        1.33284591878852
C           -2.41796001611277        1.58010191380853        0.68752931014428
C           -1.18175531559972        1.14814410210345        0.40878495397165
Se           0.39202433317594        1.84301432973432       -0.38108754414103
C            1.11454305933364        0.10797014802847       -0.10212431023452
C            0.27206064056120       -0.75984360619992        0.52489421335301
S            0.89773403719927       -2.40333196970039        0.78434376265561
C            2.29024168659803       -1.93553678306751       -0.15464483253653
C            3.09925726402289       -2.28510645164170       -1.15880193574748
C            3.39115617715147       -0.84273576710114       -1.54576430452942
C            4.53979656768341       -0.23011867074629       -0.78700146676637
C            5.80041970938335        0.13214007674185       -0.46914204863530
O            5.77772326811963        0.71287261813854        0.76246406707561
C            4.50554317082146        0.70657361436227        1.24350637032777
C            3.71128422984011        0.13284146942177        0.31368191390430
C            2.46004305406985       -0.43651849837570       -0.32198142238062
C           -1.02141422497067       -0.24687400749832        0.83832325228334
C           -2.16779630192616       -0.66272469638146        1.40342137598598
H           -6.23642541841944       -1.27714858464044       -2.13650850064249
H           -7.61514178675792       -0.32929604639349       -0.11521600234028
H           -6.04947365620040        0.59723122820358        1.74898046836447
H           -2.85470990729322        2.54103045203152        0.48983748807160
H            3.48752975204001       -3.21005487648023       -1.53648005619702
H            3.17610269157086       -0.53296705881753       -2.56149031807090
H            6.75237595198574        0.07934452355275       -0.95602207384911
H            4.35281737601303        1.15193396226598        2.20519994561855
H           -3.52386711405392        0.73965492732368        2.33197036476316
H           -2.39447405202507       -1.63068705270104        1.80744817685032
33
 energy: -59.348164681532 gnorm: 0.002152870688 xtb: 6.5.1 (fef0646)
C           -5.85919701028487       -0.82710348848325       -1.23954724151526
C           -6.54404819375678       -0.33262386907502       -0.17987580134210
C           -5.69183820338432        0.16473137566483        0.83330103928786
C           -4.37364411405858        0.03890959726212        0.52491162405332
S           -4.15586500543652       -0.69788123259410       -1.02970352037379
C           -3.17919132343810        0.44110836736398        1.33297335495137
C           -2.41830296864710        1.57691323069095        0.69256795850778
C           -1.18213769629654        1.14715813830592        0.40961222258502
Se           0.38972294205436        1.84278542766397       -0.38453652780878
C            1.11459412337075        0.10758713749017       -0.10799602379053
C            0.27246937695552       -0.75962088830905        0.52038742939792
S            0.89971124780385       -2.40069618616136        0.78875872256892
C            2.29372372905458       -1.93323552721486       -0.15042834927915
C            3.10212370601616       -2.28661084227421       -1.15297206312996
C            3.39373200516408       -0.84668036092627       -1.54532790863035
C            4.54113406456375       -0.23173345403901       -0.78651974492688
C            5.80164750984595        0.12925549127924       -0.46518963398864
O            5.77535589933131        0.71686501391403        0.76201747842179
C            4.50246509644040        0.71752284786763        1.23756786220829
C            3.70974231337204        0.13908255765590        0.30924191770044
C            2.46046081325475       -0.43434603330138       -0.32541434922344
C           -1.02040449948463       -0.24852473514678        0.83391827374323
C           -2.16606241499432       -0.66897609923308        1.39683940036313
H           -6.24407683433309       -1.26547486627815       -2.13852099330345
H           -7.61705797067648       -0.32107835982529       -0.11315113011807
H           -6.04853686941034        0.59466320271254        1.75252772171346
H           -2.85608874735699        2.53829642866178        0.50137672490663
H            3.49066486206827       -3.21324709916529       -1.52405711733582
H            3.18180243489006       -0.54002163379786       -2.56237957413288
H            6.75453548010171        0.06991624799733       -0.95073273920470
H            4.34597988825192        1.16762212150118        2.19653045602559
H           -3.52136915220893        0.72610221014915        2.33390728132981
H           -2.38894975997175       -1.63986160885578        1.79618544433950
33
 energy: -59.348185359954 gnorm: 0.001451723027 xtb: 6.5.1 (fef0646)
C           -5.86274848302827       -0.81910652871812       -1.24041135631562
C           -6.54533419127146       -0.32652648835743       -0.17823777590058
C           -5.69085388985571        0.16531234734896        0.83565655914784
C           -4.37353115453883        0.03725099900629        0.52536898804686
S           -4.15921634507789       -0.69494722487646       -1.03219097175330
C           -3.17765989756731        0.43551676065194        1.33312042684373
C           -2.41821411313285        1.57272703395040        0.69432818109293
C           -1.18251401623302        1.14388158880677        0.40906344289370
Se           0.38741342518402        1.84066787192551       -0.38761204798305
C            1.11382322205051        0.10534241957560       -0.11299627855383
C            0.27293052826375       -0.76174064521427        0.51754948545476
S            0.90348379871738       -2.40006472143966        0.79322355451462
C            2.29660969411333       -1.93220687349702       -0.14792504805399
C            3.10475651985353       -2.28875116607463       -1.14879017324459
C            3.39554489974877       -0.84992080151824       -1.54539802834603
C            4.54191522635893       -0.23239095853447       -0.78626553619276
C            5.80184147674643        0.12939348082478       -0.46176355986470
O            5.77239241419360        0.72225807088053        0.76200175064440
C            4.49902205115839        0.72547572003766        1.23379436736492
C            3.70787920957326        0.14332926658103        0.30606039939114
C            2.46080186495171       -0.43340403233005       -0.32840950360148
C           -1.01977098862552       -0.25208599256003        0.83130144047513
C           -2.16536556476256       -0.67445804044467        1.39307081845748
H           -6.25027230272724       -1.25345607476630       -2.14030891367054
H           -7.61822024198945       -0.31274140055273       -0.11068837004809
H           -6.04583712139739        0.59292134398963        1.75664903344422
H           -2.85752917843303        2.53346804026047        0.50563269921856
H            3.49416674199458       -3.21689712664909       -1.51551610630609
H            3.18784134967738       -0.54665860409573       -2.56419913169877
H            6.75547640284880        0.06907923270906       -0.94595547608170
H            4.33925318303828        1.17891524475519        2.19098925431416
H           -3.51890032001464        0.71738170187034        2.33494862383203
H           -2.38608947101734       -1.64676133204534        1.79018144647892
33
 energy: -59.348206103567 gnorm: 0.002234733428 xtb: 6.5.1 (fef0646)
C           -5.86779952466164       -0.80707418747600       -1.24126532349410
C           -6.54724093449703       -0.31759687033380       -0.17554254632629
C           -5.68935284786341        0.16632017618251        0.83943170520402
C           -4.37333988769308        0.03520140919184        0.52625511037771
S           -4.16416815965019       -0.69002704773360       -1.03535499553610
C           -3.17577776381537        0.42890082131992        1.33334701245741
C           -2.41760920119343        1.56625651247679        0.69410722444807
C           -1.18280162035433        1.13737144196196        0.40683134623152
Se           0.38397074413916        1.83422721889852       -0.39435243331757
C            1.11280206838715        0.10010231831501       -0.11878787559577
C            0.27397546386630       -0.76708369795150        0.51482106721494
S            0.90925016227734       -2.40241951185647        0.79732422712709
C            2.30162692099601       -1.93350791871344       -0.14533200979374
C            3.11004439644598       -2.29268930740776       -1.14431217434879
C            3.39879269791032       -0.85418614796261       -1.54536870105747
C            4.54317008606980       -0.23210717494883       -0.78559132362287
C            5.80128994879716        0.13399291636012       -0.45796505939860
O            5.76732382885320        0.73264070349662        0.76221922113794
C            4.49301026633551        0.73555167534662        1.23018165115948
C            3.70559160724625        0.14677539497938        0.30317348809163
C            2.46186048663195       -0.43479250750666       -0.33163753239360
C           -1.01895991303290       -0.25861946974097        0.82922770749284
C           -2.16469505812501       -0.68111274120123        1.39100409166692
H           -6.25830480500736       -1.23557105579544       -2.14272333289487
H           -7.61998545698397       -0.30059134962652       -0.10677544842869
H           -6.04116094652428        0.59088127143410        1.76311129968504
H           -2.85929316463131        2.52552643035862        0.50506660786360
H            3.49878712081311       -3.22112301808390       -1.50954401290896
H            3.19572927315858       -0.55537216611002       -2.56569158638096
H            6.75719407983352        0.07386350785551       -0.93882461904013
H            4.32892056412280        1.19117506082494        2.18573297725453
H           -3.51567794858222        0.70973044475683        2.33580065247519
H           -2.38407775446852       -1.65384001981070        1.78770577865092
33
 energy: -59.348220046175 gnorm: 0.001970181919 xtb: 6.5.1 (fef0646)
C           -5.87104914723722       -0.80010897750026       -1.24159729404819
C           -6.54884006788231       -0.31263196716010       -0.17393516137973
C           -5.68914803536964        0.16674383685841        0.84174789945105
C           -4.37367775601444        0.03403217751308        0.52707746473250
S           -4.16720825542994       -0.68699023613657       -1.03669011841303
C           -3.17514705935154        0.42573896072155        1.33356428997078
C           -2.41729747640714        1.56261585473100        0.69290746691244
C           -1.18297039498055        1.13323130654821        0.40459504955577
Se           0.38259761193463        1.82997162483131       -0.39848953460768
C            1.11225294848217        0.09663220147923       -0.12156810415270
C            0.27466043531188       -0.77067897721602        0.51351879039226
S            0.91208796930802       -2.40496324157751        0.79798407856687
C            2.30411435388712       -1.93545803516929       -0.14482346395565
C            3.11410986600508       -2.29506400117687       -1.14237346852438
C            3.40125520358623       -0.85640895359696       -1.54522944548751
C            4.54396083014281       -0.23139827628097       -0.78492266050129
C            5.80112458458713        0.13745587267074       -0.45639398540200
O            5.76463832005650        0.73868156351435        0.76254140429026
C            4.48952676626422        0.73980109306406        1.22917425940659
C            3.70431782826946        0.14817537140850        0.30207062196806
C            2.46241015073379       -0.43688679608285       -0.33304887890225
C           -1.01867771277673       -0.26259817367077        0.82821275815018
C           -2.16424115777071       -0.68446013169771        1.39093551309194
H           -6.26284784294466       -1.22507485975626       -2.14414475348029
H           -7.62151200341202       -0.29372821744182       -0.10440093131796
H           -6.03902178264979        0.58952986781839        1.76698763486555
H           -2.85970677782550        2.52148721597464        0.50290730686618
H            3.50444737973740       -3.22377014562817       -1.50694423378896
H            3.19984119858483       -0.56002804480446       -2.56649018999000
H            6.75772311726294        0.07915550413751       -0.93553061033260
H            4.32293248244716        1.19738415576074        2.18349841906165
H           -3.51397458284529        0.70716095943215        2.33637056791397
H           -2.38358626490384       -1.65674542006752        1.78876150308857
33
 energy: -59.348248219677 gnorm: 0.001403488958 xtb: 6.5.1 (fef0646)
C           -5.87929123867780       -0.78329415634012       -1.24202857959738
C           -6.55303951263627       -0.30087240113345       -0.16960054120863
C           -5.68913668903808        0.16761697442427        0.84762751337651
C           -4.37474540045105        0.03141439717770        0.52926581775885
S           -4.17461966100233       -0.67921707528567       -1.03961142120734
C           -3.17357930344892        0.41915550516049        1.33355551424668
C           -2.41597208919864        1.55394114189862        0.68809402379831
C           -1.18279495172726        1.12273070030546        0.39756721186561
Se           0.38081200938157        1.81824538061331       -0.40968484471716
C            1.11186451583442        0.08715063660068       -0.12741452060812
C            0.27639011818881       -0.78012742163643        0.51033204900422
S            0.91781935958431       -2.41277279711509        0.79756841466913
C            2.31018308232249       -1.94237048088119       -0.14397428675631
C            3.12526448123249       -2.30151103442134       -1.13802004522763
C            3.40828374948078       -0.86240854209304       -1.54405633055306
C            4.54582601879701       -0.22912188213435       -0.78255633350006
C            5.79941562563026        0.15042309269382       -0.45397955653049
O            5.75696899275969        0.75552721406856        0.76337267660805
C            4.48034131816672        0.74884074066485        1.22808641448254
C            3.70182558973095        0.14821126854564        0.30137039509325
C            2.46402642435322       -0.44430438315525       -0.33552558195183
C           -1.01789892989732       -0.27241516845571        0.82521510056319
C           -2.16269841423572       -0.69181611157871        1.39144182234442
H           -6.27408900987769       -1.19958201872365       -2.14726397064771
H           -7.62549989046594       -0.27740530898269       -0.09785223417253
H           -6.03435870042371        0.58582060060583        1.77669230870170
H           -2.85888274313165        2.51232494901777        0.49484453930694
H            3.51763007636467       -3.22914081794238       -1.50336304108721
H            3.20824717965858       -0.57077049636609       -2.56661120998213
H            6.75833129130165        0.09593504883884       -0.92840945913901
H            4.30833662592970        1.20923724333874        2.17990369928236
H           -3.50932796124283        0.70332273889030        2.33701504232809
H           -2.38253723446207       -1.66196442510010        1.79427160745725
33
 energy: -59.348268003693 gnorm: 0.001579832657 xtb: 6.5.1 (fef0646)
C           -5.88790714851644       -0.76805624949395       -1.24227414380942
C           -6.55734912437309       -0.29035351090977       -0.16502264737492
C           -5.68947320744435        0.16820787336341        0.85327513253662
C           -4.37611301998369        0.02925383048577        0.53108023550544
S           -4.18211496695804       -0.67161966893048       -1.04284722788289
C           -3.17186760590361        0.41244376847494        1.33299285191245
C           -2.41479793066719        1.54682934345445        0.68587017898565
C           -1.18273978112493        1.11462899222744        0.39187856338015
Se           0.37936207067905        1.80937433596677       -0.41926548179138
C            1.11158771102879        0.07944401435711       -0.13415755523709
C            0.27706066191613       -0.78774629700469        0.50485568197695
S            0.92112134600781       -2.41885717180552        0.79583918543447
C            2.31517026395654       -1.94747028281436       -0.14274587064164
C            3.13584077351584       -2.30679564265191       -1.13235815140217
C            3.41476438733591       -0.86825779930569       -1.54270705113706
C            4.54757226938192       -0.22782123911088       -0.78026141785566
C            5.79904661866069        0.15871159945052       -0.45073584137409
O            5.75034737847915        0.76919957542663        0.76423652679112
C            4.47218393782025        0.75853418764412        1.22601443635641
C            3.69893767363224        0.15053108617523        0.29977474796343
C            2.46504758221359       -0.44979658144536       -0.33826793793990
C           -1.01743633246236       -0.28041425376323        0.81994931260730
C           -2.16117020693158       -0.69948759171293        1.38847564236638
H           -6.28623536440815       -1.17643394790529       -2.14958624922567
H           -7.62954994323548       -0.26287263658860       -0.09060337050122
H           -6.03090911684868        0.58155966971160        1.78592143344257
H           -2.85713271476806        2.50558779855367        0.49279234690947
H            3.53408895610599       -3.23494352174023       -1.49270742343244
H            3.21590768959493       -0.58109545691182       -2.56714783750346
H            6.75903650562773        0.10777348055324       -0.92230941518167
H            4.29563072174906        1.22338374063494        2.17488595735363
H           -3.50414075799298        0.69619897536421        2.33779027303748
H           -2.38067459728702       -1.66883730824986        1.79363730973177
33
 energy: -59.348287419399 gnorm: 0.001155133636 xtb: 6.5.1 (fef0646)
C           -5.89768415462528       -0.75215428223708       -1.24190172393455
C           -6.56207591532885       -0.27957157434256       -0.15928484250926
C           -5.68974003410453        0.16920136430542        0.85934535653600
C           -4.37771786561402        0.02802525308617        0.53232037651127
S           -4.19062582771492       -0.66284796283351       -1.04689478606050
C           -3.16978286611519        0.40557400214677        1.33138214307651
C           -2.41305982074676        1.53965867278938        0.68355281248884
C           -1.18230797763471        1.10632918670771        0.38543016760015
Se           0.37914265361852        1.80095452049818       -0.42770607847848
C            1.11174084103628        0.07112924195414       -0.14187907655635
C            0.27740681914479       -0.79588217423309        0.49759962226656
S            0.92435702603576       -2.42473113562449        0.79412876202327
C            2.32082557270010       -1.95291730816515       -0.14027572933130
C            3.14724761291663       -2.31305054626217       -1.12511977042022
C            3.42227494423523       -0.87556996739197       -1.54045729631691
C            4.54953716167676       -0.22640796868027       -0.77769365539201
C            5.79763340635055        0.16969533310221       -0.44776704713937
O            5.74286981830958        0.78433171928639        0.76492350514615
C            4.46391935897302        0.76836480156021        1.22370646807903
C            3.69648726530673        0.15148843849991        0.29864674962199
C            2.46650799885248       -0.45561505784106       -0.34102077526450
C           -1.01717247230176       -0.28888658260560        0.81231085752124
C           -2.16010445917479       -0.70795692931376        1.38245280746233
H           -6.30019937245435       -1.15267317356342       -2.15080526541002
H           -7.63392389003002       -0.24853318866631       -0.08129114965096
H           -6.02729011421414        0.57717881735796        1.79573835621618
H           -2.85397584867609        2.49952651250357        0.49266112896349
H            3.55041364690883       -3.24091497733602       -1.47907675916672
H            3.22363776034652       -0.59269919577929       -2.56620920529107
H            6.75906586282869        0.12139474165857       -0.91661018462781
H            4.28307487938714        1.23772370065520        2.16947469753984
H           -3.49802989263915        0.68758522614193        2.33794362255697
H           -2.37935738845311       -1.67694639587861        1.78864810594090
33
 energy: -59.348305259796 gnorm: 0.001087347329 xtb: 6.5.1 (fef0646)
C           -5.91048818157959       -0.73294059473234       -1.24079839194849
C           -6.56818570508494       -0.26672354674976       -0.15136669138806
C           -5.68977517435909        0.17081523332996        0.86690321916085
C           -4.37977603835902        0.02787354488103        0.53283037441898
S           -4.20208091544008       -0.65095649261384       -1.05282179067026
C           -3.16711883545188        0.39749000816218        1.32839430764023
C           -2.40990840473140        1.53175282990714        0.68205822859740
C           -1.18103211546476        1.09664590772167        0.37896641563786
Se           0.37895181028806        1.79006116872839       -0.43778585978339
C            1.11207619008738        0.06064615793000       -0.15063187659488
C            0.27728486901110       -0.80671496152716        0.48788608083313
S            0.92686745237015       -2.43337918516937        0.79009771634767
C            2.32766563556914       -1.95959848270607       -0.13701465597728
C            3.16163944051725       -2.32049271009642       -1.11528408286203
C            3.43083584677912       -0.88415232706066       -1.53721156141648
C            4.55212255103741       -0.22485122706430       -0.77456340094118
C            5.79683290843502        0.18147760343397       -0.44351672656605
O            5.73397303085855        0.80359354857898        0.76518371814793
C            4.45376928325850        0.78260625231294        1.22004701212236
C            3.69332822972042        0.15395068597779        0.29711373781239
C            2.46853111263446       -0.46273816308110       -0.34343422300129
C           -1.01725575308696       -0.29963454548370        0.80219220557165
C           -2.15991727257116       -0.71855309875509        1.37311955548710
H           -6.31850388455180       -1.12447820302834       -2.15111539755787
H           -7.63954965229428       -0.23233147458650       -0.06818496835590
H           -6.02222012588057        0.57232640538491        1.80791395740051
H           -2.84898875517517        2.49295258062894        0.49430640221547
H            3.57294264581828       -3.24810410753068       -1.45942353056490
H            3.23330710754889       -0.60736389528975       -2.56526271974933
H            6.75974910855731        0.13770898718304       -0.91020888217747
H            4.26823614811147        1.25554130619498        2.16269596935532
H           -3.49051245614634        0.67637324355679        2.33729057988862
H           -2.37970537162557       -1.68799933693847        1.77789747291824
33
 energy: -59.348314781610 gnorm: 0.000898104545 xtb: 6.5.1 (fef0646)
C           -5.92403296467681       -0.71416695135855       -1.23911620560911
C           -6.57476895951300       -0.25448372218343       -0.14270043309394
C           -5.68979414527500        0.17285771041582        0.87430422428827
C           -4.38201876603615        0.02857485592959        0.53241760294434
S           -4.21445595002866       -0.63871390252453       -1.05936904688147
C           -3.16455484110124        0.38972270363081        1.32437691355179
C           -2.40646583826317        1.52388124500711        0.67948028039364
C           -1.17939929124588        1.08681493638049        0.37208057148272
Se           0.38068201770939        1.78092352125091       -0.44370551156814
C            1.11239836789947        0.05023305121828       -0.15951641771283
C            0.27734481265769       -0.81760848447733        0.47807872160075
S            0.93081475385425       -2.44116232193095        0.78766787650572
C            2.33515009338677       -1.96619384081155       -0.13292322661836
C            3.17545137337473       -2.32841184324929       -1.10550901666122
C            3.43967291173299       -0.89311933050557       -1.53374543479431
C            4.55489902865896       -0.22310352778935       -0.77156014597751
C            5.79570201452572        0.19433142562630       -0.43957493930345
O            5.72563568882950        0.82201814318759        0.76540073597573
C            4.44478940742444        0.79410386861903        1.21717137791812
C            3.69060791167088        0.15569602396282        0.29576889318058
C            2.47087820898183       -0.46971757248115       -0.34587537035304
C           -1.01742991011205       -0.31064726905459        0.79163197617487
C           -2.16046346836388       -0.72913577761405        1.36227227918072
H           -6.33791946301106       -1.09735235250447       -2.15039568863287
H           -7.64559166823092       -0.21759475344359       -0.05375452349157
H           -6.01654160379835        0.56830275406837        1.81990027414441
H           -2.84355606423259        2.48682526749195        0.49613832995140
H            3.59470902558645       -3.25588715544596       -1.44008699921728
H            3.24330621002669       -0.62245176973298       -2.56338820433040
H            6.75954226019455        0.15613326269717       -0.90491211144120
H            4.25293701653652        1.27410625486923        2.15589214540453
H           -3.48309796193321        0.66554145671442        2.33565973739969
H           -2.38133547842901       -1.69951279446360        1.76416352959040
33
 energy: -59.348317943934 gnorm: 0.000664786562 xtb: 6.5.1 (fef0646)
C           -5.93087790282814       -0.70649410409782       -1.23769728616275
C           -6.57818128799234       -0.24949265214736       -0.13824747958582
C           -5.68988513269549        0.17389154973268        0.87745965901928
C           -4.38325453881851        0.02938300864446        0.53147676791924
S           -4.22086609238372       -0.63328880511572       -1.06263503130510
C           -3.16355708836706        0.38666117292819        1.32155663278187
C           -2.40437803164426        1.52099498358960        0.67822705402995
C           -1.17792128660991        1.08302733709804        0.36986870247461
Se           0.38204016119157        1.77647340709213       -0.44621959303767
C            1.11326304365434        0.04578242447396       -0.16232045418130
C            0.27768757833648       -0.82240055220187        0.47414497113045
S            0.93189715749109       -2.44528863206349        0.78575684297639
C            2.33829077446935       -1.96915557560335       -0.13120140910763
C            3.18179660997985       -2.33185470374421       -1.10084672757904
C            3.44387174009185       -0.89692174491769       -1.53173079241320
C            4.55658138161559       -0.22257249338103       -0.76977362474060
C            5.79535953471988        0.20041935107023       -0.43771798023251
O            5.72189347078721        0.83156158484368        0.76518033410452
C            4.44054335157627        0.80106005506250        1.21558833312453
C            3.68997701504370        0.15616649238144        0.29572801657861
C            2.47249786851154       -0.47304144669968       -0.34614769039944
C           -1.01734561624246       -0.31539595237638        0.78705410271668
C           -2.16111762876692       -0.73361244001895        1.35649809294809
H           -6.34772186469836       -1.08664386124478       -2.14880772677181
H           -7.64869722051473       -0.21205024883840       -0.04620227511630
H           -6.01351053867393        0.56703802353366        1.82502091954216
H           -2.84068041139476        2.48458494004436        0.49666803068858
H            3.60334000133296       -3.25856706196259       -1.43292751056852
H            3.24886066299952       -0.62959128327667       -2.56273619965480
H            6.75977928241000        0.16390371051060       -0.90243522007002
H            4.24637355396026        1.27966478952391        2.15357483870621
H           -3.47994370580103        0.66120924501785        2.33390314225377
H           -2.38302011194006       -1.70464740635842        1.75621275393262
