  11
 Etot=          -2.1318149008
 C          2.0345756948       -0.0004553544       -0.0000781083
 N          0.6023114646        0.0019307134        0.0001075363
 N         -0.1013546144       -1.1033528566        0.0000454990
 C         -1.3654216938       -0.6993866519       -0.0000669448
 C         -1.3673190838        0.6967266849       -0.0000594638
 N         -0.1048906821        1.1051747589        0.0000525391
 H          2.3652011866       -1.0363189847        0.0068960491
 H          2.4067362784        0.5192281531        0.8834425268
 H          2.4070052543        0.5070184633       -0.8906248836
 H         -2.1797189939       -1.3934150280       -0.0000035631
 H         -2.1836860492        1.3884622350       -0.0001298158
  11
 Etot=          -2.1342936440
 C          2.0380154000       -0.0021142947       -0.0000326205
 N          0.5932307254        0.0005038917        0.0001261118
 N         -0.1096837468       -1.1181900891        0.0000282193
 C         -1.3575519277       -0.7028296483       -0.0000839305
 C         -1.3578768006        0.7020986992       -0.0000569435
 N         -0.1104360456        1.1186464677        0.0000362226
 H          2.3919558656       -1.0303016647        0.0069594760
 H          2.4085185388        0.5156852990        0.8823829292
 H          2.4084535071        0.5034591813       -0.8895614738
 H         -2.1951899705       -1.3830189316       -0.0000970127
 H         -2.1959967842        1.3816732226       -0.0001196071
  11
 Etot=          -2.1351668851
 C          2.0409583174       -0.0032122103        0.0000001196
 N          0.5824961639       -0.0013320348        0.0001607953
 N         -0.1157642980       -1.1340478707        0.0000004949
 C         -1.3478884890       -0.7062210053       -0.0000974595
 C         -1.3465329256        0.7067015519       -0.0000409017
 N         -0.1136419437        1.1323974597        0.0000586097
 H          2.4110326278       -1.0256526721        0.0070602056
 H          2.4096533947        0.5137959598        0.8820192863
 H          2.4093229327        0.5014650991       -0.8892686863
 H         -2.2093431459       -1.3642185926       -0.0002194618
 H         -2.2068538728        1.3659364484       -0.0000916314
  11
 Etot=          -2.1352060997
 C          2.0415482949       -0.0032255633       -0.0000006207
 N          0.5813353530       -0.0019455051        0.0001846395
 N         -0.1148955251       -1.1360012940       -0.0000021246
 C         -1.3472357759       -0.7066124018       -0.0001062067
 C         -1.3455051159        0.7069310944       -0.0000252619
 N         -0.1121681043        1.1334637170        0.0000976285
 H          2.4109298983       -1.0256651483        0.0071018260
 H          2.4097882567        0.5144900595        0.8820916545
 H          2.4094503530        0.5020625079       -0.8894126521
 H         -2.2114964375       -1.3588660287       -0.0002725285
 H         -2.2083124356        1.3609806954       -0.0000749832
  11
 Etot=          -2.1352234483
 C          2.0419160998       -0.0030983458       -0.0000041044
 N          0.5805172589       -0.0025997941        0.0002194698
 N         -0.1132665682       -1.1371577667       -0.0000190459
 C         -1.3466624526       -0.7068483610       -0.0001269291
 C         -1.3445556000        0.7068881547        0.0000044184
 N         -0.1099368044        1.1336536302        0.0001661926
 H          2.4099288653       -1.0258646680        0.0071871473
 H          2.4097956283        0.5153869209        0.8820427251
 H          2.4094497381        0.5027791969       -0.8894910099
 H         -2.2138310997       -1.3530997677       -0.0003611344
 H         -2.2099163041        1.3555729337       -0.0000363588
