  15
 Etot=          -2.6767387881
 C         -3.2967574577       -0.3442670598        0.2648838429
 C         -1.9047563807       -0.0788438277       -0.0240574965
 C         -0.7574753858        0.1545067223       -0.2818159401
 C          0.6474083264        0.4403986744       -0.5434904027
 C          1.1550660261        1.6123510537        0.2971913117
 C          1.4287685246       -0.8282311501       -0.2905862663
 O          2.3838212967       -0.9326108214        0.4285672960
 H         -3.8975449882       -0.2119309745       -0.6346390720
 H         -3.6522319526        0.3416292690        1.0334344681
 H         -3.4125178923       -1.3671970359        0.6225866100
 H          0.7570677776        0.6685218446       -1.6139644304
 H          1.0438365294        1.3862128075        1.3554674062
 H          0.5917341110        2.5136120561        0.0685934139
 H          2.2090980292        1.7848948761        0.0913659340
 H          1.0254420058       -1.7028610754       -0.8396234516
  15
 Etot=          -2.6797621994
 C         -3.2903853203       -0.3422431053        0.2614348319
 C         -1.9227669241       -0.0775016649       -0.0344623083
 C         -0.7628400213        0.1757883743       -0.2907558879
 C          0.6313306645        0.4292391201       -0.5430658060
 C          1.1593366442        1.5974611393        0.2905012367
 C          1.4287653768       -0.8272190976       -0.2953326560
 O          2.3817624443       -0.9109378585        0.4223349596
 H         -3.9091881097       -0.2152671469       -0.6280508710
 H         -3.6574845401        0.3375750184        1.0316500893
 H         -3.4171808422       -1.3642395816        0.6215370688
 H          0.7385910945        0.6839623953       -1.6109244916
 H          1.0547844673        1.3771749766        1.3522120342
 H          0.6056262957        2.5125126762        0.0790410934
 H          2.2156338986        1.7758751659        0.0911503413
 H          1.0649734414       -1.7159950526       -0.8133564109
  15
 Etot=          -2.6804292198
 C         -3.2838849468       -0.3344314422        0.2557877870
 C         -1.9321787474       -0.0563227136       -0.0241678654
 C         -0.7684463931        0.1722500743       -0.2864927571
 C          0.6129679405        0.4208048115       -0.5401105981
 C          1.1578700688        1.5862287072        0.2876502857
 C          1.4300415921       -0.8232037639       -0.2988414779
 O          2.3890320303       -0.8859808009        0.4108478706
 H         -3.9096868865       -0.2138791708       -0.6307939191
 H         -3.6732706612        0.3346902839        1.0265488625
 H         -3.4158649712       -1.3573639591        0.6146151501
 H          0.7119758230        0.6846078350       -1.6083787636
 H          1.0657542049        1.3665193158        1.3514910988
 H          0.6118084391        2.5108377825        0.0904066851
 H          2.2148921643        1.7615649933        0.0830925338
 H          1.1099489126       -1.7301365940       -0.7977416691
  15
 Etot=          -2.6804917300
 C         -3.2854428211       -0.3324765412        0.2555292116
 C         -1.9353758964       -0.0621473428       -0.0350565940
 C         -0.7729384145        0.1774746479       -0.2889481250
 C          0.6099324479        0.4203711713       -0.5374352302
 C          1.1568813832        1.5854424176        0.2895123805
 C          1.4316075844       -0.8208726577       -0.2982268431
 O          2.3943336223       -0.8788427491        0.4073797044
 H         -3.9163350804       -0.2124401740       -0.6279419062
 H         -3.6707574930        0.3379052673        1.0267030716
 H         -3.4194437486       -1.3549525306        0.6154521646
 H          0.7075059408        0.6821428216       -1.6061583609
 H          1.0693712370        1.3628335208        1.3530333107
 H          0.6120175388        2.5105054249        0.0945692055
 H          2.2136656846        1.7559091585        0.0796862068
 H          1.1259365846       -1.7346670756       -0.7941849728
  15
 Etot=          -2.6805202260
 C         -3.2895535253       -0.3295810241        0.2546768133
 C         -1.9380597414       -0.0582243051       -0.0340934361
 C         -0.7735926982        0.1725265355       -0.2861271811
 C          0.6094614142        0.4189248890       -0.5358915338
 C          1.1555819181        1.5846266278        0.2906800744
 C          1.4372332785       -0.8190281206       -0.2998168554
 O          2.4038325819       -0.8735948172        0.4012644994
 H         -3.9192591240       -0.2095264527       -0.6294379039
 H         -3.6759831446        0.3399365827        1.0259765105
 H         -3.4222304834       -1.3525595394        0.6135876396
 H          0.7026724110        0.6794288813       -1.6051559989
 H          1.0732352779        1.3591855143        1.3539023166
 H          0.6087630790        2.5082643186        0.0980597496
 H          2.2113391545        1.7543266696        0.0757507932
 H          1.1375181711       -1.7385204009       -0.7894622639
