     -2.681178863273     -2.681291488591         0.76290E-03
     -2.681193748600     -2.681305809200         0.86254E-03
     -2.681196117376     -2.681309501290         0.53319E-03
     -2.681174612996     -2.681286955935         0.73552E-03
     -2.681184677822     -2.681297787937         0.89886E-03
     -2.681191952949     -2.681303873295         0.42809E-03
     -2.681189180058     -2.681300572531         0.63248E-03
     -2.681187597072     -2.681300184215         0.44546E-03
     -2.681075279906     -2.681190701513         0.70528E-03
     -2.681176860891     -2.681290081767         0.53918E-03
     -2.681073742039     -2.681189226433         0.76475E-03
     -2.681081386486     -2.681196980995         0.31951E-03
     -2.681065129538     -2.681181141843         0.91054E-03
     -2.681080505396     -2.681196438186         0.36782E-03
     -2.681081230167     -2.681196306231         0.35654E-03
     -2.681202264064     -2.681314138632         0.50010E-03
     -2.681063654417     -2.681177783248         0.91705E-03
     -2.681068625835     -2.681183678677         0.63022E-03
     -2.681081473817     -2.681196679642         0.55345E-03
     -2.681083001628     -2.681198848462         0.54072E-03
     -2.681079641828     -2.681193655509         0.98370E-03
     -2.681189837104     -2.681302664884         0.91360E-03
     -2.681189195039     -2.681302413037         0.85719E-03
     -2.681192589706     -2.681303755024         0.79502E-03
     -2.681190659257     -2.681303031087         0.77889E-03
     -2.681203510040     -2.681316241563         0.73390E-03
     -2.681075913386     -2.681191564132         0.34171E-03
     -2.681186503646     -2.681298999905         0.34784E-03
     -2.681083439331     -2.681198441692         0.30396E-03
     -2.681076669914     -2.681191675776         0.42744E-03
     -2.681076233710     -2.681192586547         0.70762E-03
     -2.681189020314     -2.681300046754         0.67704E-03
     -2.681178720070     -2.681290403982         0.85414E-03
     -2.681195303422     -2.681306048393         0.96115E-03
     -2.681191491901     -2.681304517965         0.46707E-03
     -2.681079525572     -2.681195044109         0.40337E-03
     -2.681199376446     -2.681310814523         0.87983E-03
     -2.681196231659     -2.681309449560         0.84219E-03
     -2.681077919513     -2.681193786064         0.52622E-03
     -2.681085387529     -2.681201139187         0.52678E-03
     -2.681182274279     -2.681292725738         0.97727E-03
     -2.681080186446     -2.681194365533         0.99046E-03
     -2.681083127963     -2.681198305332         0.94352E-03
     -2.681061399790     -2.681177759691         0.76634E-03
     -2.681082774446     -2.681198489693         0.61626E-03
     -2.681079162395     -2.681194336931         0.33880E-03
     -2.681190706032     -2.681302710399         0.69967E-03
     -2.681195093990     -2.681307644482         0.58311E-03
     -2.681079172918     -2.681195133068         0.66413E-03
     -2.681205664573     -2.681318512071         0.40259E-03
     -2.681085842425     -2.681202000234         0.52421E-03
     -2.681183924166     -2.681296248253         0.44105E-03
     -2.679965339579     -2.680083253122         0.57227E-03
     -2.681070547680     -2.681185780495         0.78799E-03
     -2.681080039594     -2.681194154977         0.83972E-03
     -2.679972630419     -2.680089950724         0.52467E-03
     -2.681200457989     -2.681312849414         0.34324E-03
     -2.679975008257     -2.680093472617         0.51615E-03
     -2.679963906956     -2.680081784291         0.55345E-03
     -2.679975866783     -2.680093579142         0.25433E-03
     -2.679962657025     -2.680080016763         0.45686E-03
     -2.679967861757     -2.680085366346         0.53873E-03
     -2.679960741597     -2.680078449547         0.40051E-03
     -2.679964170841     -2.680081552814         0.51961E-03
     -2.679963319575     -2.680081741886         0.70185E-03
     -2.679958224834     -2.680075535295         0.49810E-03
     -2.681199611321     -2.681312521253         0.26395E-03
     -2.679969730515     -2.680087716491         0.19367E-03
     -2.681198038153     -2.681310569501         0.64206E-03
     -2.679959565146     -2.680076652928         0.80064E-03
