15
 energy: -20.912232402021 gnorm: 0.083477011358 xtb: 6.7.0 (08769fc)
C           -3.35621564930000       -0.33384150250000        0.16961761930000
C           -1.98116029620000       -0.10480517760000       -0.03961225890000
C           -0.79706791970000        0.09243098380000       -0.21811375510000
C            0.59858308340000        0.32525321340000       -0.41495902560000
C            1.07733431190000        1.63040144470000        0.22290758900000
C            1.44268556240000       -0.82000316770000        0.07250661580000
O            2.63700010750000       -0.80329357730000        0.10813324440000
H           -3.82672666050000       -0.76987993110000       -0.71408835790000
H           -3.88493020690000        0.59380622520000        0.39847638260000
H           -3.52369424850000       -1.02034367100000        1.00217524140000
H            0.75884579920000        0.39357410970000       -1.50527063560000
H            0.53182514890000        2.49152960930000       -0.16498280480000
H            2.14170023320000        1.78527223340000        0.04163413390000
H            0.93006202500000        1.59996398030000        1.30236291830000
H            0.95197083150000       -1.72996173220000        0.39767454670000
15
 energy: -20.915133330155 gnorm: 0.018627546721 xtb: 6.7.0 (08769fc)
C           -3.37074395785721       -0.33613239095833        0.17443977215983
C           -1.97263384094361       -0.10329598283341       -0.03547774972423
C           -0.80471710219678        0.08912557762726       -0.21353563317826
C            0.60563438331145        0.32824061235850       -0.42106048726351
C            1.07773661156550        1.63449961991894        0.22820488279271
C            1.45710868026203       -0.82045737725177        0.06146920888446
O            2.66016726255740       -0.79994769744693        0.11592492590607
H           -3.82975142794787       -0.77116027276259       -0.71650323928405
H           -3.88819920753244        0.59859209252238        0.40163353324468
H           -3.52695842678166       -1.02360815357193        1.00882589632967
H            0.78289153951056        0.39838113730730       -1.50755444265631
H            0.52654687622043        2.48274255112321       -0.17388138801999
H            2.14048338818151        1.77884971145171        0.03907359159933
H            0.92017284155927        1.59879691926717        1.30592468561181
H            0.92247450199144       -1.72452330635150        0.39097789709779
15
 energy: -20.915564382648 gnorm: 0.007851527530 xtb: 6.7.0 (08769fc)
C           -3.38160876449686       -0.33798775602329        0.17941736067406
C           -1.97043433511570       -0.10676386632101       -0.03017092765713
C           -0.80084104488483        0.08364740144048       -0.20966457756230
C            0.61572496071629        0.32934702554983       -0.42339275393717
C            1.07716208753637        1.64124718927269        0.22868007927293
C            1.46556837154744       -0.81911117519491        0.06955141113586
O            2.66843940744977       -0.80620399157573        0.12042046458846
H           -3.82957565876083       -0.77149616656705       -0.71636034164725
H           -3.88717100684047        0.60245019819642        0.40416329877025
H           -3.52986910091872       -1.02473849978197        1.01413360169717
H            0.80078113214027        0.39878687629684       -1.50717228268443
H            0.52317455611187        2.48102883292645       -0.18388397744409
H            2.13949077378379        1.78284361727087        0.04365348772185
H            0.90852176917883        1.60410603422301        1.30365896432656
H            0.90084897445277       -1.72705267931264        0.36542764624522
15
 energy: -20.915614343645 gnorm: 0.004243345056 xtb: 6.7.0 (08769fc)
C           -3.38249629673190       -0.33855239187785        0.18200014692499
C           -1.96821211459808       -0.10833979101895       -0.02901216544844
C           -0.79805847962641        0.08135277843191       -0.21054461303567
C            0.61915980682393        0.32863249377976       -0.42646340499381
C            1.07545985909055        1.64255388737238        0.22838495531614
C            1.46759068425599       -0.82622665800110        0.05697335804021
O            2.66752017758779       -0.80822853403067        0.13039619717831
H           -3.82659081045877       -0.77099644881322       -0.71479115449397
H           -3.88239208134676        0.60385353881903        0.40607836864333
H           -3.52752898673807       -1.02444345222510        1.01663082862458
H            0.80421148003042        0.40264694228260       -1.50877758186245
H            0.52230756107054        2.48070187375935       -0.18747667973944
H            2.13823811728146        1.78587474608603        0.04956010512122
H            0.90024417388089        1.60518844526149        1.30172128162923
H            0.89075903137841       -1.72391438942566        0.36378181159576
15
 energy: -20.915653247460 gnorm: 0.002023563395 xtb: 6.7.0 (08769fc)
C           -3.38009778209815       -0.33865698446113        0.18301552137861
C           -1.96670916864933       -0.10866946954642       -0.02864277518915
C           -0.79756033717290        0.08284970599131       -0.21082234415010
C            0.61887683880894        0.32851357107271       -0.42605273735029
C            1.07447116318378        1.64305850760422        0.22761663818166
C            1.46607047918221       -0.82607770320765        0.06134925464331
O            2.66492622270243       -0.80970410293807        0.13454492723581
H           -3.82418896157876       -0.77093763591839       -0.71338888006310
H           -3.87917824500703        0.60378213740171        0.40698178699263
H           -3.52513483135309       -1.02405256792898        1.01766007705236
H            0.80354924184727        0.40142384080183       -1.50842237925056
H            0.52339197144750        2.48093211725416       -0.19171958142841
H            2.13819263313922        1.78683762411123        0.05363348891270
H            0.89499926135913        1.60809799596684        1.30032591626201
H            0.88860363608878       -1.72729399580337        0.35238254027252
15
 energy: -20.915681079156 gnorm: 0.001746958425 xtb: 6.7.0 (08769fc)
C           -3.37701971734406       -0.33874269302444        0.18533947060130
C           -1.96489394881223       -0.10846729510115       -0.02826622737520
C           -0.79625729368351        0.08400073520362       -0.21248817442239
C            0.61920381506774        0.32891476794472       -0.42682248465750
C            1.07297218535644        1.64380383834028        0.22651542785456
C            1.46423407645038       -0.82729410001104        0.06274065569674
O            2.66187176061512       -0.81004621610876        0.14752558325940
H           -3.82185700584076       -0.77122672297834       -0.71024548596911
H           -3.87538055579723        0.60367016034849        0.40966113567458
H           -3.52106943028754       -1.02369859609976        1.02027054979974
H            0.80415724316490        0.40065275162164       -1.50921032593622
H            0.52645146962201        2.48162325692598       -0.19928272810540
H            2.13843878947004        1.78670299503535        0.06105936123777
H            0.88500212392852        1.61230168026441        1.29801146581465
H            0.88435860999019       -1.73209152196102        0.33365323002707
15
 energy: -20.915750342375 gnorm: 0.005738429039 xtb: 6.7.0 (08769fc)
C           -3.36729053094329       -0.33930013995478        0.19526313149553
C           -1.95879894776942       -0.10867115464959       -0.02684106648089
C           -0.79224081017330        0.08735924077472       -0.21990325760373
C            0.62112169517812        0.33151431231683       -0.43023879672228
C            1.06828278448556        1.64744401805328        0.22180856878522
C            1.45776605398802       -0.83227970842527        0.06305329528318
O            2.65049088034252       -0.80579252782308        0.20903794154353
H           -3.81689502691443       -0.77309106780647       -0.69675902854024
H           -3.86371350857961        0.60321913016389        0.42141868159582
H           -3.50669096116946       -1.02278601743549        1.03189646438321
H            0.80945458451486        0.39809500993828       -1.51258870047252
H            0.54248493399324        2.48628287264260       -0.22980911080677
H            2.14070664230168        1.78211911174233        0.08991880996666
H            0.84582905564104        1.62927986052961        1.28798671654738
H            0.86970527700445       -1.75328989966685        0.25421780452588
15
 energy: -20.915808839186 gnorm: 0.007435646551 xtb: 6.7.0 (08769fc)
C           -3.36439518052269       -0.33958260995335        0.20037952220341
C           -1.95742766927533       -0.10777395113612       -0.02586762483616
C           -0.79160157649861        0.08818358564298       -0.22357620192922
C            0.62184397825443        0.33310279812820       -0.43105192497846
C            1.06720002081386        1.64933667058295        0.21926808302022
C            1.45502904414338       -0.83421702325494        0.06055956900180
O            2.64320189955807       -0.79925884691199        0.24606039373750
H           -3.81744767237849       -0.77456779579181       -0.68968173333896
H           -3.86164100744585        0.60247898819502        0.42766401871431
H           -3.50100163615478       -1.02274708909481        1.03805988747439
H            0.81256795015513        0.39553573732938       -1.51361469271513
H            0.55480716005760        2.48969806366207       -0.24537169683734
H            2.14270746775294        1.77613682647270        0.10417797851851
H            0.82752470995580        1.63899116097787        1.28198619948237
H            0.86884463348454       -1.76521347444816        0.20946967598275
15
 energy: -20.915906239753 gnorm: 0.015206074757 xtb: 6.7.0 (08769fc)
C           -3.36266880920916       -0.34042935818348        0.21062570016625
C           -1.95749529299546       -0.10612670148251       -0.02231627504354
C           -0.79293087837675        0.08914037574493       -0.22939017559405
C            0.62271451031901        0.33695712604484       -0.43024359900078
C            1.06768728489555        1.65364074800051        0.21405899819747
C            1.45091386316921       -0.83635659090675        0.05215722184116
O            2.62516247665160       -0.78019064810935        0.32805761156047
H           -3.82321597911623       -0.77816537526948       -0.67584897054879
H           -3.86375188681225        0.60032095158735        0.43999754149848
H           -3.49390942264263       -1.02362198471326        1.05030301203777
H            0.81796387463536        0.38791916732591       -1.51386538704184
H            0.58734742841964        2.49819751828069       -0.27751211289378
H            2.14867199292858        1.75754452289205        0.13234654466940
H            0.79359200579666        1.66153479988182        1.26845971866953
H            0.88013095423685       -1.79026151069326        0.11163162498226
15
 energy: -20.915984284970 gnorm: 0.005848947887 xtb: 6.7.0 (08769fc)
C           -3.36867105490477       -0.34073288963243        0.20778903727237
C           -1.96179300266854       -0.10504315200338       -0.02085705084632
C           -0.79627167864284        0.08758514625465       -0.22565180582445
C            0.62160044281605        0.33723268340916       -0.42688694859064
C            1.07147025448292        1.65325318106089        0.21541765176842
C            1.45374210334596       -0.83349445364156        0.04816323575083
O            2.62426442603739       -0.77795622608301        0.31469721119887
H           -3.82828633849962       -0.77855160503142       -0.68022892933557
H           -3.87339640450969        0.59908828022498        0.43671801180224
H           -3.50146047397711       -1.02543788746593        1.04669096604321
H            0.81527538786184        0.38617794731910       -1.51130341894907
H            0.59192090684981        2.49893316752911       -0.27088696558758
H            2.15019359646702        1.75193146662034        0.12625558739569
H            0.80505052601988        1.66070209844009        1.26966496491092
H            0.89657343122170       -1.78358471660058        0.12887990649110
15
 energy: -20.916059139357 gnorm: 0.004184483817 xtb: 6.7.0 (08769fc)
C           -3.36989145416432       -0.34170934944591        0.21149473265717
C           -1.96133521571076       -0.10609557398698       -0.01752836201450
C           -0.79671116047149        0.08856118019827       -0.22495387153548
C            0.62232120754884        0.33783265847490       -0.42667906460015
C            1.07212826087544        1.65533836727177        0.21341224956770
C            1.45378194107968       -0.83280048625956        0.04932789461449
O            2.61809871739530       -0.77374555870541        0.34284331105611
H           -3.82759523497680       -0.77937217850736       -0.67676914410744
H           -3.87287364381124        0.59857885940498        0.43993553468098
H           -3.50105547546732       -1.02581910793488        1.05047586344439
H            0.81563290398099        0.38514501402165       -1.51107012011301
H            0.60120493077693        2.50032614499533       -0.28255320374028
H            2.15249329932194        1.74709606380022        0.13377169661508
H            0.79555244281755        1.66967984873202        1.26535704450818
H            0.89846060270527       -1.79291284165902        0.09139689246677
15
 energy: -20.916095819052 gnorm: 0.011334844553 xtb: 6.7.0 (08769fc)
C           -3.37102132143750       -0.34316947504547        0.21808793999467
C           -1.96116150665356       -0.10675532635292       -0.01093306124360
C           -0.79789477114174        0.08958685714801       -0.22388565543567
C            0.62172834472188        0.33874354220388       -0.42788941722379
C            1.07403598493778        1.65723893360827        0.20896920416225
C            1.45248308886399       -0.83118999128776        0.04818835325497
O            2.60289513221994       -0.76351173075263        0.40199205561194
H           -3.82613170003352       -0.77977038838078       -0.67092872785390
H           -3.87271402038006        0.59686132021791        0.44707927948659
H           -3.50041304992788       -1.02759151915331        1.05622176130355
H            0.81107860700568        0.38348118596108       -1.51302400574950
H            0.62096207914197        2.50265231319496       -0.30278888958297
H            2.15734219221661        1.73577084102385        0.14743137934856
H            0.78011738225177        1.68399841549476        1.25655485410376
H            0.90890568011464       -1.80624193747985        0.02338638332315
15
 energy: -20.916152874799 gnorm: 0.004743945048 xtb: 6.7.0 (08769fc)
C           -3.37133996046429       -0.34335976693167        0.21642840015117
C           -1.96064848444371       -0.10786670717586       -0.00971515117559
C           -0.79734919373035        0.08941140375565       -0.22095756219872
C            0.62113571134857        0.33780143690898       -0.42887411786252
C            1.07442377054569        1.65636184762812        0.20913320440501
C            1.45292510506528       -0.83023464899359        0.05059640109225
O            2.60335966116502       -0.76773615889278        0.39251272178466
H           -3.82292234464301       -0.77813801638291       -0.67448585085424
H           -3.87126325914725        0.59703190224592        0.44525098372615
H           -3.50278150190117       -1.02833024144893        1.05319955865149
H            0.80671530376540        0.38609002500737       -1.51400535502699
H            0.61517415453216        2.50067038955200       -0.29743195876904
H            2.15668643711921        1.73925446102895        0.14091468916549
H            0.78796600847746        1.67990823915960        1.25855801648769
H            0.90813071421098       -1.80076112506087        0.03733747392320
15
 energy: -20.916206768875 gnorm: 0.003445068146 xtb: 6.7.0 (08769fc)
C           -3.37060013578719       -0.34383090396298        0.21793176604916
C           -1.95986376386251       -0.10830448795004       -0.00542426717451
C           -0.79670621834927        0.08870140646107       -0.21749200599092
C            0.62034722974168        0.33815439471081       -0.42946040454897
C            1.07547628215241        1.65704550179689        0.20669536737901
C            1.45111336862834       -0.83011387548829        0.05009400045063
O            2.59349895857166       -0.76612675175456        0.41623093141231
H           -3.81996827341286       -0.77649344318289       -0.67499384473068
H           -3.87037250992494        0.59624522718140        0.44779757411563
H           -3.50410145734516       -1.03053321502031        1.05288327825050
H            0.80080603223757        0.38599713973048       -1.51541611896093
H            0.61965621257187        2.50180572782133       -0.30173681590831
H            2.15791048735526        1.73720964325079        0.14030176643171
H            0.78823162669829        1.68276913263333        1.25559193139746
H            0.91478428262485       -1.80242245582703        0.01545829532790
15
 energy: -20.916297939056 gnorm: 0.009636431388 xtb: 6.7.0 (08769fc)
C           -3.36801234864723       -0.34557595873794        0.22422552716625
C           -1.95724092163594       -0.10952578799454        0.00759869238145
C           -0.79471645570253        0.08838877028294       -0.20743457948755
C            0.61964398529607        0.34063624631704       -0.42947171681901
C            1.07903187774393        1.66100589846642        0.19863613668208
C            1.44511475162602       -0.83092481603971        0.04885113147601
O            2.55939468431754       -0.76054389527317        0.50162528759496
H           -3.81321351361672       -0.77238727234188       -0.67391531416103
H           -3.86828027882306        0.59353069222956        0.45761180972635
H           -3.50698072504544       -1.03756759807263        1.05429944910874
H            0.78863799901218        0.38137030569516       -1.51783144691120
H            0.63509074337078        2.50604966254603       -0.31976303491091
H            2.16241378382044        1.73165933070880        0.14073185739911
H            0.78465043937297        1.69671286578274        1.24506414303572
H            0.93467810081098       -1.81272540316882       -0.07176648878097
15
 energy: -20.916361259650 gnorm: 0.004146947776 xtb: 6.7.0 (08769fc)
C           -3.36646661380148       -0.34582686945746        0.22395274181190
C           -1.95640184703298       -0.10921533861797        0.00955980073694
C           -0.79343938134971        0.08912358090526       -0.20333505184537
C            0.62038600212658        0.34176854701856       -0.42821073466165
C            1.08032527813181        1.66224529699922        0.19701009755334
C            1.44297894244338       -0.83251792561696        0.04972213386877
O            2.54955046796201       -0.76386340211837        0.51454866450221
H           -3.81216126401296       -0.77019969710068       -0.67592492338850
H           -3.86821384678375        0.59262000277650        0.45944826636121
H           -3.50830996934221       -1.04059437561961        1.05201879965023
H            0.78815611041693        0.37822238025788       -1.51706793910787
H            0.63020106550470        2.50636471101337       -0.31813439010679
H            2.16289355798054        1.73659539989707        0.13206227040152
H            0.79222356251094        1.69653429115108        1.24522308210711
H            0.93849005714619       -1.81115356108789       -0.08241136438305
15
 energy: -20.916426010739 gnorm: 0.007718819086 xtb: 6.7.0 (08769fc)
C           -3.36446470110456       -0.34738240214287        0.22732116948158
C           -1.95427970186911       -0.10979112341400        0.01731747536847
C           -0.79145028142479        0.09164924582843       -0.19365444788725
C            0.62182787099868        0.34410689369946       -0.42786765734763
C            1.08479262050080        1.66543147551403        0.18985186493207
C            1.43779438798940       -0.83414316420444        0.05349745919114
O            2.51446619712844       -0.76700426484329        0.58767874710740
H           -3.80852201443856       -0.76438836915955       -0.67717153094884
H           -3.86690826962855        0.58952685217547        0.46879505221986
H           -3.51064356237546       -1.04873783297957        1.04959397485379
H            0.78343053399978        0.37127686783852       -1.51793685745584
H            0.62695790843665        2.50641094924342       -0.32349594765794
H            2.16635502122020        1.74378338262200        0.11539317805820
H            0.80631067883730        1.70247622271043        1.24045428988751
H            0.95454543362975       -1.81311169248806       -0.15131531630253
15
 energy: -20.916491266463 gnorm: 0.002383684820 xtb: 6.7.0 (08769fc)
C           -3.36470916917097       -0.34735815253173        0.22659970643555
C           -1.95423095054181       -0.10979566383678        0.01403608472062
C           -0.79115521997168        0.09369645305606       -0.19295116850573
C            0.62348781575344        0.34379657119588       -0.42890823050712
C            1.08658608385589        1.66514195086110        0.18744509084346
C            1.43651742167859       -0.83463697241838        0.05984255453405
O            2.49945493290219       -0.77278136664063        0.61344882047140
H           -3.81041842032753       -0.76076480272362       -0.67802820135957
H           -3.86610944104889        0.58861431298957        0.47260804509683
H           -3.50892743464583       -1.05126764786560        1.04642581824218
H            0.78645404206935        0.36880031863569       -1.51818194945518
H            0.61028113781790        2.50287080697496       -0.31434704283154
H            2.16624759948816        1.75584363711518        0.09407473453463
H            0.82725801464034        1.69651286423746        1.24315928922693
H            0.95947570940083       -1.80856926864917       -0.16676209794650
15
 energy: -20.916536524945 gnorm: 0.006842248908 xtb: 6.7.0 (08769fc)
C           -3.36344614129887       -0.34691089448216        0.22721103753507
C           -1.95364229708838       -0.10933960653647        0.01017810483672
C           -0.78978928352721        0.09431613573056       -0.19184970043227
C            0.62566270626486        0.34418979442202       -0.42926625978442
C            1.08919751115977        1.66667472812025        0.18156451222892
C            1.43113996882472       -0.83685734226558        0.06679717862360
O            2.46345136854044       -0.77737322795751        0.68183808859669
H           -3.81369603148055       -0.75474836693522       -0.67751765877657
H           -3.86429369736766        0.58731360233183        0.48126636184740
H           -3.50411042908861       -1.05564195186697        1.04329737862547
H            0.78801054794515        0.36342674993111       -1.51839403570223
H            0.59024091764382        2.50167012860820       -0.30473883096814
H            2.16604437590826        1.77093779083752        0.06085388927763
H            0.85757206334236        1.69071978140015        1.24442494269156
H            0.97787054212189       -1.80827428093775       -0.21720355509944
15
 energy: -20.916588503582 gnorm: 0.003368789734 xtb: 6.7.0 (08769fc)
C           -3.36333254044223       -0.34453861045317        0.22507245338137
C           -1.95468345361531       -0.10817783760506       -0.00018286354754
C           -0.78953394861027        0.09141790450381       -0.19878047458898
C            0.62666535595662        0.34265809450372       -0.42849578538498
C            1.08756442572333        1.66639675777514        0.18156023199304
C            1.42923411886091       -0.83820249753421        0.07039875974715
O            2.45382061318551       -0.77726442173948        0.69367948927261
H           -3.82038414977276       -0.75411223627335       -0.67556559796715
H           -3.86297289935733        0.58984731455115        0.48093067140447
H           -3.49705878759724       -1.05177273359239        1.04340759617670
H            0.79340236791692        0.36203764673352       -1.51699843020728
H            0.57258465251388        2.50135628155222       -0.28970620263492
H            2.16137890632834        1.78050169736548        0.04005106716613
H            0.87674633874559        1.68050906641290        1.24935350727070
H            0.98678112206405       -1.81055338580026       -0.21626296858132
15
 energy: -20.916615439766 gnorm: 0.003475665590 xtb: 6.7.0 (08769fc)
C           -3.36282075987459       -0.34257518942238        0.22440922772811
C           -1.95453381864041       -0.10836297851323       -0.00828834096806
C           -0.78867762397853        0.08998846157108       -0.20466301666787
C            0.62802629632809        0.34122468613045       -0.43087125543061
C            1.08702435187580        1.66553174100835        0.18000682205030
C            1.42646915684726       -0.83800453097644        0.07570545361139
O            2.43508284345056       -0.77626710417398        0.72545183884267
H           -3.82525572649800       -0.75274080042130       -0.67321865567410
H           -3.85862065804025        0.59321094505561        0.48153543645150
H           -3.49106384503608       -1.04829598412764        1.04474737303113
H            0.79704041238537        0.35947314398485       -1.51913489482862
H            0.55307126218766        2.49813088936578       -0.27400218259969
H            2.15634890316458        1.79244659231325        0.01668838271182
H            0.89888126226084        1.66912168479964        1.25253801669938
H            0.99924006546768       -1.81277851619403       -0.23244275145736
15
 energy: -20.916631369219 gnorm: 0.002477237715 xtb: 6.7.0 (08769fc)
C           -3.36050383888615       -0.34291155916802        0.22535337066895
C           -1.95268726520072       -0.10703705666644       -0.00836817703804
C           -0.78757305455998        0.09128153270561       -0.20909867343319
C            0.62897304069025        0.34166031380757       -0.43700402878458
C            1.08680110151064        1.66392150118794        0.17989883144470
C            1.42845581377815       -0.83684707007456        0.06895925043304
O            2.42822863604081       -0.77402910548878        0.73039298786323
H           -3.82347503303168       -0.75322952369774       -0.67193784860319
H           -3.85586226448117        0.59299891762031        0.48270202775408
H           -3.48836938811663       -1.04856324118945        1.04594236031610
H            0.79792096066421        0.36307579482347       -1.52519166425302
H            0.55241076252550        2.49684700872959       -0.27074808353715
H            2.15514526136612        1.79319189149406        0.01921108586327
H            0.89728870055174        1.66337419777074        1.25136178632491
H            0.99345868904891       -1.81363056145431       -0.22301177151909
15
 energy: -20.916649866613 gnorm: 0.001085391671 xtb: 6.7.0 (08769fc)
C           -3.35910909288018       -0.34275155151643        0.22654439871849
C           -1.95180680931589       -0.10630501293809       -0.00914483973641
C           -0.78743158264993        0.09276127609042       -0.21317559871357
C            0.62926616676053        0.34170239749477       -0.44055559742463
C            1.08657017852557        1.66307393949547        0.17925158902645
C            1.42464063043303       -0.83635452464021        0.07270003892736
O            2.42321527813117       -0.77231799744679        0.73481142785986
H           -3.82298780408616       -0.75342068446213       -0.67011162424739
H           -3.85390174193777        0.59333817216778        0.48422597185742
H           -3.48601386385465       -1.04823846011240        1.04748535552786
H            0.79960752680139        0.36339709121533       -1.52850023307099
H            0.55240263208616        2.49626949816612       -0.26991382622659
H            2.15457420246471        1.79327230121787        0.02126325521019
H            0.89505120409151        1.65965174137059        1.24991738786731
H            0.99613519733049       -1.81397514570230       -0.22633625207537
15
 energy: -20.916659624239 gnorm: 0.001001408916 xtb: 6.7.0 (08769fc)
C           -3.35668547095389       -0.34209287812840        0.22845181181346
C           -1.94986650210990       -0.10859231324451       -0.01272455875613
C           -0.78644422114569        0.09220099504955       -0.22045671759407
C            0.63038868823397        0.34223709153419       -0.44547118266473
C            1.08534705271737        1.66294645693517        0.17827724301791
C            1.42120811959856       -0.83619246422620        0.07432956331006
O            2.41398729459037       -0.77159194185347        0.74551327012572
H           -3.82401187399177       -0.75330502208622       -0.66613589456138
H           -3.84940067761303        0.59484401756770        0.48710240543152
H           -3.48146544060613       -1.04674229354737        1.05041187178389
H            0.80373879126433        0.36540518772489       -1.53252373413238
H            0.55077825341855        2.49703061529738       -0.26884685026214
H            2.15353693609885        1.79439994983908        0.02304580102711
H            0.89128076200589        1.65395195937252        1.24856325023717
H            0.99782041039251       -1.81439631983429       -0.23107482527604
15
 energy: -20.916669914864 gnorm: 0.001398815022 xtb: 6.7.0 (08769fc)
C           -3.35352100778863       -0.34178419659043        0.23061457114791
C           -1.94715486495847       -0.10898185994915       -0.01354256446455
C           -0.78511903907004        0.09237087838323       -0.22859578783787
C            0.63211781366177        0.34275051468245       -0.45150153423143
C            1.08364356879109        1.66260882685277        0.17705494885198
C            1.41783686865022       -0.83651237306996        0.07430972134157
O            2.39979845941145       -0.77265874782435        0.76220213957808
H           -3.82424258450419       -0.75351227083545       -0.66194281151733
H           -3.84453676840109        0.59572918945756        0.49023332174098
H           -3.47584021770539       -1.04532925947283        1.05389620353225
H            0.80946537715323        0.36709176285351       -1.53742023261938
H            0.54808408326013        2.49730344428253       -0.26804788460252
H            2.15198379399660        1.79639771303932        0.02390309963470
H            0.88775798427538        1.64892408513153        1.24718414518480
H            0.99993865512792       -1.81429466654074       -0.23988588223920
15
 energy: -20.916680441991 gnorm: 0.002270192052 xtb: 6.7.0 (08769fc)
C           -3.34961727401176       -0.34093539317432        0.23399009201459
C           -1.94361714669795       -0.11178507478332       -0.01555556749091
C           -0.78339024358682        0.09040386363066       -0.23924078954818
C            0.63447799801562        0.34341127907904       -0.45690976266235
C            1.08130296605280        1.66283846156174        0.17544263717416
C            1.41389640939352       -0.83759205626168        0.07426636671849
O            2.37796057040724       -0.77666460643932        0.78812946128323
H           -3.82517916321601       -0.75314522610173       -0.65565099127307
H           -3.83761691814219        0.59799175995287        0.49437393640177
H           -3.46941790776081       -1.04298529151049        1.05896893191116
H            0.81738980890614        0.36816988918381       -1.54147185018307
H            0.54358239283415        2.49712138613024       -0.26822976804226
H            2.14962539724531        1.80085409053060        0.02378721745722
H            0.88439746153693        1.64587581278949        1.24540118698777
H            1.00641777092381       -1.81345585418758       -0.25883964724855
15
 energy: -20.916686214161 gnorm: 0.001504553912 xtb: 6.7.0 (08769fc)
C           -3.34850058628603       -0.34058895162777        0.23501871857346
C           -1.94240691978807       -0.11107760617921       -0.01335832054263
C           -0.78263869610686        0.08982409820525       -0.24080756178325
C            0.63529320198757        0.34336465400956       -0.45799041999215
C            1.08052706737009        1.66287241160143        0.17467307823540
C            1.41302968738030       -0.83815912345398        0.07433914067020
O            2.36943958111732       -0.77889914084286        0.79792674602021
H           -3.82398635920802       -0.75285928839306       -0.65459072412531
H           -3.83628077295923        0.59849701612062        0.49512832296769
H           -3.46860529120679       -1.04234492830462        1.06020042023417
H            0.81895773441449        0.36769869149608       -1.54247306711417
H            0.54150875518587        2.49649242778764       -0.26871185911267
H            2.14853535325016        1.80255860607239        0.02249616510766
H            0.88425384025864        1.64579856130083        1.24469279863111
H            1.01108552649054       -1.81307438739227       -0.26808198426971
15
 energy: -20.916693744134 gnorm: 0.000807845289 xtb: 6.7.0 (08769fc)
C           -3.34695857052425       -0.33924264378174        0.23752114928008
C           -1.94029578703836       -0.11055991538485       -0.00849757927323
C           -0.78113464166824        0.08667744447053       -0.24198050319484
C            0.63658321227877        0.34285773737874       -0.45892502518729
C            1.07927964488299        1.66285486013481        0.17291088094999
C            1.41292679157574       -0.83911711597731        0.07417226987693
O            2.35009158762932       -0.78378497759170        0.82187225352807
H           -3.82097856351341       -0.75128384759851       -0.65294688254720
H           -3.83434055268821        0.60043704877889        0.49622541770975
H           -3.46961363647891       -1.04063318446553        1.06265744423797
H            0.81953497425876        0.36597784480017       -1.54381072025063
H            0.53647747360794        2.49438100204535       -0.26974152478361
H            2.14624969274697        1.80659065388376        0.01775664829783
H            0.88618054605945        1.64679167667450        1.24335572648362
H            1.02620995077141       -1.81184354296712       -0.29210810162747
15
 energy: -20.916696071880 gnorm: 0.000871849887 xtb: 6.7.0 (08769fc)
C           -3.34767803165539       -0.33888838995174        0.23745038678610
C           -1.94081231692128       -0.11075286444698       -0.00819366447970
C           -0.78109201246867        0.08576057910716       -0.23964448238088
C            0.63627227062030        0.34247692178260       -0.45846777673518
C            1.07964483932094        1.66273544647347        0.17263231390932
C            1.41399593567730       -0.83884266140039        0.07408587554283
O            2.34953768448202       -0.78299319063938        0.82314961315981
H           -3.82077705516333       -0.75074369178510       -0.65369935134024
H           -3.83521110960396        0.60084641760481        0.49570943854637
H           -3.47143730145045       -1.04038727571236        1.06230614431183
H            0.81698168488439        0.36574137560384       -1.54372179882804
H            0.53626022576662        2.49431523663929       -0.26912958262454
H            2.14640951263696        1.80627002162553        0.01619102233557
H            0.88792432857214        1.64634235487915        1.24332610976966
H            1.03019346720237       -1.81177723937990       -0.29353279447292
15
 energy: -20.916698739829 gnorm: 0.001178901730 xtb: 6.7.0 (08769fc)
C           -3.34781102122126       -0.33780361077942        0.23876553180218
C           -1.94079593417001       -0.11116305708833       -0.00778761942608
C           -0.78035737546987        0.08380599599174       -0.23754914380148
C            0.63638628105059        0.34173069426089       -0.46029932188436
C            1.07992160129538        1.66217959378033        0.17089617081219
C            1.41446028683513       -0.83845134944945        0.07451683671538
O            2.33659564216494       -0.78203254433720        0.84127123437797
H           -3.82051859968493       -0.74948673868799       -0.65287808622337
H           -3.83476309542554        0.60243684087108        0.49631318908322
H           -3.47300999577768       -1.03893352293197        1.06366091291461
H            0.81314127189821        0.36546234436890       -1.54601445470498
H            0.53377793244164        2.49368138972225       -0.26738319996771
H            2.14593477805746        1.80704609330958        0.01107758190296
H            0.89198038384462        1.64309607800373        1.24223510861636
H            1.04526996606128       -1.81146516663415       -0.30836328671690
15
 energy: -20.916700174240 gnorm: 0.000322107098 xtb: 6.7.0 (08769fc)
C           -3.34808417303415       -0.33828319061233        0.23790065775106
C           -1.94124437721734       -0.11096032396250       -0.00869486132056
C           -0.78060708330476        0.08484431907995       -0.23586125196367
C            0.63612616868321        0.34197847090368       -0.45948548357254
C            1.08054775879652        1.66233054241924        0.17122307305145
C            1.41406391214200       -0.83841909941968        0.07463460030390
O            2.33829411261644       -0.78174400317817        0.83804111909557
H           -3.82135457938240       -0.75010370139464       -0.65328395072557
H           -3.83517456553997        0.60178884484607        0.49576871441242
H           -3.47236576776178       -1.03939062475859        1.06292689952936
H            0.81249289988536        0.36510422757501       -1.54518029963970
H            0.53433669333233        2.49379793346655       -0.26707893028302
H            2.14655983270815        1.80693490739872        0.01052994045112
H            0.89335324536095        1.64363106340210        1.24272456078420
H            1.04326804461541       -1.81140632536539       -0.30570333437402
15
 energy: -20.916701176436 gnorm: 0.000196028416 xtb: 6.7.0 (08769fc)
C           -3.34762764999276       -0.33881904494757        0.23787815167513
C           -1.94112793077424       -0.11092173499717       -0.00998225632380
C           -0.78043233746303        0.08614632874893       -0.23613274003241
C            0.63645650527144        0.34250757896107       -0.45987694638496
C            1.08114304535885        1.66261051706427        0.17089038845701
C            1.41271755362292       -0.83861767273926        0.07492568467178
O            2.33397043085027       -0.78295677026816        0.84193506634689
H           -3.82198309697836       -0.75097919835694       -0.65247029450589
H           -3.83466993609994        0.60117945044917        0.49617595900325
H           -3.47044932824424       -1.03979189517601        1.06326094393506
H            0.81310332740140        0.36523897406510       -1.54546713225502
H            0.53405676325460        2.49400386495196       -0.26650741706373
H            2.14690240132517        1.80798129165784        0.00912123358880
H            0.89520088634526        1.64347468805353        1.24256293448035
H            1.04295148802264       -1.81095333706676       -0.30785212209247
15
 energy: -20.916702264357 gnorm: 0.000406363162 xtb: 6.7.0 (08769fc)
C           -3.34643726702811       -0.33961993334213        0.23822939201513
C           -1.94044589952771       -0.11087611486616       -0.01162345753488
C           -0.77990812377835        0.08789109358045       -0.23664066823132
C            0.63707057527227        0.34356719809072       -0.46124523579695
C            1.08225104524082        1.66319086968627        0.16985034975957
C            1.40983972561128       -0.83889573852111        0.07579518366710
O            2.32270680723869       -0.78570598515341        0.85318575611467
H           -3.82226874265171       -0.75248198798898       -0.65094133145630
H           -3.83359818088766        0.60015531558217        0.49716744991157
H           -3.46706032181425       -1.04031382033723        1.06421012165269
H            0.81398845298589        0.36563740708410       -1.54673282273776
H            0.53291492333193        2.49446700327824       -0.26506522675650
H            2.14736128923076        1.81027604341897        0.00524526617168
H            0.89942824091328        1.64268141715200        1.24204782338220
H            1.04436959776285       -1.80986972726391       -0.31502114666091
15
 energy: -20.916702646181 gnorm: 0.000335332611 xtb: 6.7.0 (08769fc)
C           -3.34596271783330       -0.34019629062512        0.23853666720946
C           -1.94023238074503       -0.11050073139032       -0.01186198163052
C           -0.77974398208051        0.08907963746003       -0.23718973327472
C            0.63734024650532        0.34422133789391       -0.46189816343621
C            1.08304757209596        1.66359751603287        0.16929583382311
C            1.40831454220260       -0.83897995867258        0.07630521126803
O            2.31774158669407       -0.78720651318865        0.85776295498267
H           -3.82167327197853       -0.75339549065700       -0.65054023103931
H           -3.83373028854195        0.59922724165584        0.49756396344358
H           -3.46585211566358       -1.04100079064292        1.06453893398357
H            0.81435360268417        0.36611474862675       -1.54733375366331
H            0.53284825279575        2.49497831518324       -0.26430818887658
H            2.14785035165723        1.81113363265902        0.00330672285629
H            0.90172164217003        1.64235399101182        1.24172515701455
H            1.04418908193774       -1.80932360494688       -0.31744193916061
15
 energy: -20.916702991597 gnorm: 0.000231024475 xtb: 6.7.0 (08769fc)
C           -3.34538699180223       -0.34074441893080        0.23891702754228
C           -1.93981864107126       -0.11016277956490       -0.01155634342840
C           -0.77958294396649        0.08990356100583       -0.23758246172090
C            0.63750195411115        0.34498571664366       -0.46261203704049
C            1.08399954600773        1.66408625870430        0.16861137627387
C            1.40650832898708       -0.83898298079266        0.07680359120522
O            2.31142478133208       -0.78873355949980        0.86354111497657
H           -3.82056410347611       -0.75435402614320       -0.65029666882856
H           -3.83401940808098        0.59822391775959        0.49792800115562
H           -3.46482884898571       -1.04171437787696        1.06483012743787
H            0.81441588631096        0.36662552383294       -1.54800905021030
H            0.53275399265170        2.49562175732778       -0.26334869045002
H            2.14843100487965        1.81203191951939        0.00067800859627
H            0.90476056351849        1.64196675680497        1.24136779365733
H            1.04461700148393       -1.80865022839013       -0.32081033566637
15
 energy: -20.916703125057 gnorm: 0.000073924651 xtb: 6.7.0 (08769fc)
C           -3.34514169418087       -0.34115868133683        0.23912738908238
C           -1.93963660735429       -0.10982539532345       -0.01105970708928
C           -0.77962305371222        0.09054297135167       -0.23790708701783
C            0.63751430099463        0.34549077872490       -0.46300708762691
C            1.08470238772732        1.66433855086430        0.16824700899576
C            1.40533355842344       -0.83889098803710        0.07714045608866
O            2.30774769339382       -0.78941419375787        0.86666121107750
H           -3.81976355956762       -0.75501376877081       -0.65030430287723
H           -3.83448795653093        0.59744273992586        0.49806858441402
H           -3.46440138320894       -1.04228189489359        1.06493764693479
H            0.81433685390833        0.36695808338898       -1.54838821084486
H            0.53299934619336        2.49605565232905       -0.26275323873782
H            2.14894687945461        1.81225562113929       -0.00098613659828
H            0.90682921798277        1.64178622153932        1.24122307936837
H            1.04485613837658       -1.80818265674372       -0.32253815166928
15
 energy: -20.916703148133 gnorm: 0.000095915382 xtb: 6.7.0 (08769fc)
C           -3.34498639442769       -0.34128319657863        0.23926432340502
C           -1.93950011749862       -0.10983370236107       -0.01092134569913
C           -0.77958786255975        0.09071496076183       -0.23809003181043
C            0.63756603616581        0.34568094726216       -0.46325415198962
C            1.08494000835688        1.66443520920545        0.16801799521448
C            1.40481078874263       -0.83889083345964        0.07724514005427
O            2.30545280548014       -0.78972861621797        0.86886410850662
H           -3.81957821022940       -0.75524100093651       -0.65013077408868
H           -3.83445353348384        0.59725709767381        0.49819232497717
H           -3.46412587340940       -1.04240075214424        1.06509613814266
H            0.81434409945106        0.36707241269211       -1.54861863098476
H            0.53294793164227        2.49622331933588       -0.26247989235404
H            2.14909084137494        1.81247716265118       -0.00178355043990
H            0.90771248473224        1.64159504165742        1.24108768911635
H            1.04557911756269       -1.80797500914178       -0.32402788855002
