  15
 Etot=          -2.5346454381
 C         -2.6538409344       -0.2250785748        0.0001982109
 N         -1.2507467473       -0.5534940806        0.0003364110
 C         -0.2492034310        0.3553461515       -0.0000002792
 N         -0.3243866335        1.6273028678       -0.0005688499
 C          1.1212440730       -0.2806759863       -0.0001778760
 C          2.2833533438        0.6597780743        0.0006423684
 O          1.2279502856       -1.4901766809       -0.0004843634
 H         -3.2347481056       -1.1429358729       -0.0010252661
 H         -2.9154052888        0.3592019575       -0.8878327740
 H         -2.9161964403        0.3573314674        0.8892518967
 H         -0.9683540531       -1.5231311668        0.0009281097
 H         -1.2719256031        1.9952154658       -0.0006607448
 H          1.9295896436        1.6847972345        0.0018728354
 H          2.8984495237        0.4669668063       -0.8768656969
 H          2.8989460833        0.4649274807        0.8773566468
  15
 Etot=          -2.5390053885
 C         -2.6641522511       -0.2282464372        0.0001555880
 N         -1.2592031481       -0.5630751357        0.0002702199
 C         -0.2365016038        0.3484791876       -0.0000601520
 N         -0.3527969004        1.6212601374       -0.0005404036
 C          1.1223502459       -0.2595141916        0.0001264832
 C          2.2983711237        0.6541607506        0.0006251908
 O          1.2328583180       -1.4643449114       -0.0004571053
 H         -3.2688400892       -1.1340186846       -0.0010337353
 H         -2.9127165640        0.3572821697       -0.8863164124
 H         -2.9133766953        0.3554318865        0.8876778291
 H         -0.9960796785       -1.5495697670        0.0008854694
 H         -1.2746842333        1.9829020261       -0.0006235221
 H          1.9745827263        1.6934382162        0.0018994280
 H          2.9121144629        0.4715835425       -0.8804651369
 H          2.9128000028        0.4696063546        0.8808268876
  15
 Etot=          -2.5400935338
 C         -2.6704128518       -0.2307983837        0.0001626609
 N         -1.2633674188       -0.5700379901        0.0002561895
 C         -0.2224383270        0.3431229132       -0.0000714720
 N         -0.3793535390        1.6142561034       -0.0004935623
 C          1.1247639122       -0.2437634665       -0.0001572686
 C          2.3110558015        0.6512279576        0.0005969221
 O          1.2386174687       -1.4474027547       -0.0002552207
 H         -3.2938390527       -1.1259697413       -0.0010151402
 H         -2.9098755599        0.3563623540       -0.8854568688
 H         -2.9104430907        0.3545207288        0.8868523104
 H         -1.0172188157       -1.5654137762        0.0007890772
 H         -1.2888488485        1.9772815773       -0.0005574856
 H          2.0093664796        1.6996732746        0.0018116944
 H          2.9231477099        0.4721249845       -0.8827206253
 H          2.9235718481        0.4701913630        0.8832294174
  15
 Etot=          -2.5401701218
 C         -2.6715613397       -0.2305647441        0.0000989119
 N         -1.2642007614       -0.5712014802        0.0001661859
 C         -0.2198979052        0.3416618904       -0.0000711908
 N         -0.3859232423        1.6109221192       -0.0004088214
 C          1.1274540872       -0.2423976698        0.0003202672
 C          2.3145775272        0.6522851062        0.0005865442
 O          1.2441265231       -1.4466532184       -0.0002029187
 H         -3.2977110750       -1.1234441832       -0.0010500461
 H         -2.9097553508        0.3573773113       -0.8855153970
 H         -2.9102732160        0.3555354738        0.8868027112
 H         -1.0223609762       -1.5659732446        0.0007207430
 H         -1.2977201278        1.9766147386       -0.0005205484
 H          2.0149223408        1.7006392779        0.0018468759
 H          2.9260966002        0.4712110117       -0.8828513406
 H          2.9269526320        0.4693627548        0.8830486522
  15
 Etot=          -2.5401908374
 C         -2.6721407089       -0.2294438670        0.0001367634
 N         -1.2648969867       -0.5720603068        0.0001645508
 C         -0.2184992238        0.3397540893       -0.0000544396
 N         -0.3900446800        1.6072527556       -0.0003648464
 C          1.1301601798       -0.2429961035       -0.0002009613
 C          2.3164111100        0.6538885568        0.0005601261
 O          1.2504905872       -1.4474402500        0.0000460770
 H         -3.2996875119       -1.1208859385       -0.0010111260
 H         -2.9096644372        0.3591639277       -0.8854908726
 H         -2.9101498957        0.3573178404        0.8868621772
 H         -1.0272104012       -1.5658504392        0.0006102169
 H         -1.3031760652        1.9745466895       -0.0004435569
 H          2.0158577255        1.7012758913        0.0017022550
 H          2.9284291587        0.4713447096       -0.8823022318
 H          2.9288468653        0.4695075885        0.8827564968
