     -2.540558478571     -2.540719598482         0.44656E-03
     -2.540534484892     -2.540695817605         0.97151E-03
     -2.540544099519     -2.540704972832         0.60803E-03
     -2.540543516992     -2.540703440407         0.48957E-03
     -2.540546416591     -2.540707980081         0.59278E-03
     -2.540450822516     -2.540614022290         0.65202E-03
     -2.540319696071     -2.540481113462         0.35273E-03
     -2.540334687275     -2.540499075553         0.60135E-03
     -2.540339397460     -2.540502799423         0.90841E-03
     -2.540324079917     -2.540485201484         0.45053E-03
     -2.540289103449     -2.540451082022         0.33695E-03
     -2.540339315353     -2.540502397116         0.98186E-03
     -2.540248332551     -2.540413236646         0.33115E-03
     -2.540266699711     -2.540430515765         0.72997E-03
     -2.540327166709     -2.540490128548         0.51005E-03
     -2.540407633624     -2.540570464521         0.52065E-03
     -2.540324611530     -2.540487002865         0.43979E-03
     -2.540259095495     -2.540421407038         0.41705E-03
     -2.540308524998     -2.540471671698         0.66734E-03
     -2.540312240756     -2.540476077687         0.38163E-03
     -2.540319799309     -2.540484030806         0.37783E-03
     -2.540321026088     -2.540483343777         0.46389E-03
     -2.540293553656     -2.540456462967         0.40955E-03
     -2.540210375167     -2.540366242428         0.46249E-03
     -2.540324984686     -2.540487774927         0.52368E-03
     -2.540340539285     -2.540503701932         0.53199E-03
     -2.540341854678     -2.540504293401         0.40002E-03
     -2.540278093548     -2.540442756821         0.68372E-03
     -2.540298313397     -2.540460979240         0.92917E-03
     -2.540323252972     -2.540484713233         0.64716E-03
     -2.540258597747     -2.540425211883         0.79138E-03
     -2.540337461870     -2.540499829618         0.63138E-03
     -2.540306062885     -2.540467695936         0.57270E-03
     -2.540279530207     -2.540443595526         0.46684E-03
     -2.540318794332     -2.540481956525         0.29239E-03
     -2.540322085519     -2.540485743983         0.87679E-03
     -2.540182787272     -2.540348658521         0.44442E-03
     -2.540325200075     -2.540487884606         0.49964E-03
     -2.540330433116     -2.540494016668         0.73271E-03
     -2.540202978356     -2.540368210405         0.61697E-03
     -2.540329961797     -2.540492987305         0.41516E-03
     -2.540151397508     -2.540316887025         0.46307E-03
     -2.540338168071     -2.540502010929         0.45580E-03
     -2.540335533011     -2.540497492949         0.36377E-03
     -2.540172716256     -2.540338041623         0.53530E-03
     -2.540200681324     -2.540355785227         0.79672E-03
     -2.540157269353     -2.540323393545         0.39593E-03
     -2.540290068587     -2.540452863775         0.59570E-03
     -2.540344566003     -2.540506240472         0.84679E-03
     -2.540275595835     -2.540439305812         0.33893E-03
     -2.540210291744     -2.540374571487         0.57091E-03
     -2.540278283604     -2.540442529462         0.66866E-03
     -2.540168079857     -2.540332437842         0.49351E-03
     -2.540230090693     -2.540394333333         0.56585E-03
     -2.540291299331     -2.540454221118         0.29356E-03
     -2.540172449813     -2.540335112140         0.66019E-03
     -2.540155912304     -2.540319703326         0.70319E-03
     -2.540060652933     -2.540219467031         0.64059E-03
     -2.540322766847     -2.540483528422         0.76983E-03
     -2.540302918772     -2.540466336413         0.91041E-03
     -2.540328249910     -2.540490697375         0.98733E-03
     -2.540151806728     -2.540317795767         0.38067E-03
     -2.540329567684     -2.540493939039         0.49273E-03
     -2.540344498242     -2.540508125142         0.76875E-03
     -2.540527020918     -2.540688168353         0.73164E-03
     -2.540327905879     -2.540488855964         0.83291E-03
     -2.540334843066     -2.540496732712         0.65487E-03
     -2.540343209580     -2.540505413235         0.28576E-03
     -2.540332398771     -2.540493844491         0.62541E-03
     -2.540326431721     -2.540486169531         0.69323E-03
     -2.539278202834     -2.539451452044         0.69099E-03
     -2.539288967559     -2.539463197735         0.60580E-03
     -2.540334200360     -2.540497241154         0.31996E-03
     -2.540277954309     -2.540439491364         0.94169E-03
     -2.540246789872     -2.540411123136         0.99417E-03
     -2.540332808114     -2.540495632658         0.52132E-03
     -2.540300738069     -2.540464846129         0.50330E-03
     -2.540350683071     -2.540512894641         0.76273E-03
     -2.540311516631     -2.540474889660         0.64721E-03
     -2.540335924525     -2.540498648555         0.40228E-03
     -2.540344648652     -2.540506652698         0.82077E-03
     -2.540342639123     -2.540504283610         0.40254E-03
     -2.540336517387     -2.540499896004         0.72913E-03
     -2.540324899658     -2.540487470385         0.78563E-03
