15
 energy: -22.523796498168 gnorm: 0.076702463528 xtb: 6.7.0 (08769fc)
C           -2.14118262980000        0.74955544790000       -0.10882554280000
N           -1.47877064670000       -0.51936973140000        0.10576038790000
C           -0.09741836480000       -0.70282046030000        0.03295517750000
N            0.38876998430000       -1.88604338720000       -0.02350986670000
C            0.81183258850000        0.45632642750000        0.02037740730000
C            2.27834259060000        0.20663451750000       -0.06094681860000
O            0.39332442510000        1.59017144940000        0.06702547750000
H           -3.20000238770000        0.69968017430000        0.14528374190000
H           -2.03439078000000        1.05540293890000       -1.14955233740000
H           -1.67172410070000        1.50843738840000        0.51704172410000
H           -2.07424548810000       -1.32582266510000       -0.07727944680000
H           -0.23046783950000       -2.65216286720000       -0.00849316890000
H            2.79413140790000        0.72650338760000        0.74542139990000
H            2.67252841220000        0.57386047480000       -1.00796627410000
H            2.50037386270000       -0.85760098980000        0.01615196220000
15
 energy: -22.528624906396 gnorm: 0.036533678710 xtb: 6.7.0 (08769fc)
C           -2.16001302453213        0.75407437462019       -0.11158571985270
N           -1.46345434408123       -0.49943949657553        0.09325996807557
C           -0.10054322652611       -0.69081857821379        0.01697430921193
N            0.41842085247187       -1.85857746704200       -0.01038517142512
C            0.82240332620534        0.47961702009513        0.01972387088165
C            2.28483511447850        0.17089006533029       -0.05586394947713
O            0.43097985239378        1.62852241504345        0.06015963366351
H           -3.21272506634765        0.63819061478317        0.14740713908811
H           -2.07867858729504        1.08486468992122       -1.15178489052645
H           -1.72684193096805        1.52469315628352        0.52404663805773
H           -2.03426565058060       -1.32060352922695       -0.06975288459249
H           -0.21583974659403       -2.64203358188636       -0.00833232479007
H            2.79863587408351        0.70361225979330        0.74307837985399
H            2.67287212839886        0.54740139681330       -1.00135143804864
H            2.47531546289299       -0.89764123443892        0.01785026288011
15
 energy: -22.529975498721 gnorm: 0.009311320554 xtb: 6.7.0 (08769fc)
C           -2.17168236179140        0.75817391691905       -0.11353201694764
N           -1.45104808619290       -0.48320648280034        0.07639153641527
C           -0.10672368122608       -0.68422199060334        0.00987498368234
N            0.44238689824951       -1.83743173821787       -0.00191534610737
C            0.82830782488682        0.49598257707375        0.01449936945832
C            2.28900027790975        0.15044120894136       -0.05188486055573
O            0.44890658213338        1.64727828974647        0.05666280629843
H           -3.21788487063211        0.59164349432370        0.14888437770063
H           -2.11259311993597        1.10748165527217       -1.15126696893792
H           -1.76208092630330        1.53485081110042        0.52995952405760
H           -2.00447776181902       -1.31894599156665       -0.06173692141878
H           -0.20404258611193       -2.62590837155355       -0.00899458573442
H            2.80950475579179        0.68420162432651        0.74148836957440
H            2.67917472370026        0.52235147369400       -0.99848196821634
H            2.44435336534118       -0.91993837135567        0.02349552373120
15
 energy: -22.530130668865 gnorm: 0.004697486874 xtb: 6.7.0 (08769fc)
C           -2.17933421111570        0.75754520434140       -0.11347239827888
N           -1.44834877014300       -0.47872711786357        0.06283256667271
C           -0.10699713317973       -0.68087672659630        0.00532495596399
N            0.44670356534893       -1.83197142966711       -0.00291600576376
C            0.83442624682202        0.50086818071222        0.01370119240855
C            2.29371538443367        0.14862322929012       -0.05092565721219
O            0.45500996991822        1.65054154323393        0.05473398306028
H           -3.22182997883283        0.57935344601197        0.14878034557223
H           -2.12602189271579        1.11533449101506       -1.14774563737147
H           -1.77591394392866        1.53198771600621        0.53564918875594
H           -1.99881661971655       -1.31999274048190       -0.05926872039521
H           -0.20434844545462       -2.61702225827242       -0.00355556076888
H            2.81940134383907        0.67904870538306        0.74076028140710
H            2.68779273193885        0.51031102721938       -0.99996922817847
H            2.43566278678610       -0.92227116503202        0.02951451712804
15
 energy: -22.530208577523 gnorm: 0.003623028525 xtb: 6.7.0 (08769fc)
C           -2.18409172596417        0.75684576707426       -0.11252561818243
N           -1.44591567716700       -0.47626926750217        0.04676313985609
C           -0.10544033728385       -0.67868849888987        0.00186065488247
N            0.44789890313012       -1.83035796395613       -0.00263161692960
C            0.83933258479112        0.50447705611332        0.00853183284593
C            2.29713573648656        0.14911037345572       -0.05002035201474
O            0.45578759612352        1.65182611727503        0.05043502795341
H           -3.22366806357725        0.56989603709939        0.14874838986714
H           -2.13489180246804        1.12532386489212       -1.14235080739524
H           -1.78454734560114        1.52651140015420        0.54449306903863
H           -1.99599124181014       -1.32086005451977       -0.05693706438996
H           -0.20756244717729       -2.61041344883196        0.00039638223953
H            2.82588275490600        0.67924741257563        0.73945203114563
H            2.69628286548141        0.49801236329353       -1.00169660853384
H            2.43088923413013       -0.92190905293330        0.03892536261698
15
 energy: -22.530250454992 gnorm: 0.003155827650 xtb: 6.7.0 (08769fc)
C           -2.18531029921481        0.75685121752485       -0.11094565187206
N           -1.44389267159859       -0.47591889121013        0.03050727240886
C           -0.10331828741013       -0.67816615131633       -0.00144709854021
N            0.44775645903091       -1.83153237267994        0.00013745341625
C            0.84160442986571        0.50587028586035        0.00587043124286
C            2.29814172420784        0.14993637867285       -0.04931630107221
O            0.45327660427464        1.65168044959094        0.04444464494797
H           -3.22387762704003        0.56357717381308        0.14805589937623
H           -2.13750322666492        1.13838582714622       -1.13585507543056
H           -1.78797646697557        1.51985106270650        0.55570222009672
H           -1.99478437769783       -1.32119499560144       -0.05844234147819
H           -0.21048795338914       -2.60804724271571        0.00389894430787
H            2.82861368183153        0.68583412070755        0.73512795453378
H            2.69932346968688        0.48630041335927       -1.00469765749646
H            2.42953557509349       -0.92067517055806        0.05040312855913
15
 energy: -22.530288574110 gnorm: 0.002796232827 xtb: 6.7.0 (08769fc)
C           -2.18462470702099        0.75737983628175       -0.10773322001689
N           -1.44189140121661       -0.47684594803467        0.01060919300733
C           -0.10106127897074       -0.67872334826586       -0.00512054854406
N            0.44721705073294       -1.83394351969903        0.00510445185467
C            0.84197069827500        0.50592612995333        0.00013831751469
C            2.29777173239919        0.15068324742779       -0.04821401725714
O            0.44922232126191        1.65071472283379        0.03438487216511
H           -3.22356267271180        0.55790088290888        0.14526120638726
H           -2.13509933013598        1.15817366623739       -1.12531413919627
H           -1.78987354533723        1.50962868118947        0.57353365830652
H           -1.99412021621602       -1.32156024071061       -0.06305457773375
H           -0.21297298831843       -2.60814532567302        0.00743731245072
H            2.82871132927123        0.69957411935706        0.72733599590817
H            2.69957397681691        0.47068897564202       -1.00908976340855
H            2.42984006517059       -0.91869977414828        0.06816508156216
15
 energy: -22.530317268209 gnorm: 0.002584591469 xtb: 6.7.0 (08769fc)
C           -2.18282847735526        0.75815402037114       -0.10454617172026
N           -1.44122461655550       -0.47834012878045       -0.00432797712672
C           -0.10030354035939       -0.67993205168362       -0.00855151135429
N            0.44679485432430       -1.83574961087422        0.00885501332765
C            0.84045139099438        0.50462669162679       -0.00364453125421
C            2.29654640420811        0.15102391204932       -0.04706837357384
O            0.44643208805450        1.64950538383515        0.02545052786431
H           -3.22325569931788        0.55550757938294        0.14078253322772
H           -2.12881221372512        1.17563560936615       -1.11526044166093
H           -1.79010762331714        1.49981432956662        0.58997462270292
H           -1.99479880593131       -1.32209369148084       -0.06777731826193
H           -0.21324796547405       -2.61025759283254        0.00944355644478
H            2.82733211935908        0.71455636774102        0.71852251604145
H            2.69641027213597        0.45673180112477       -1.01356076989606
H            2.43171284695927       -0.91643051411223        0.08515214823939
15
 energy: -22.530345520696 gnorm: 0.002140225991 xtb: 6.7.0 (08769fc)
C           -2.18065639627728        0.75901906685839       -0.10130944092937
N           -1.44158654774239       -0.47988967534766       -0.01520851873433
C           -0.10083565917594       -0.68139760107467       -0.01169792254647
N            0.44677745558555       -1.83660942935750        0.01061066272039
C            0.83782889783536        0.50281015634862       -0.00733986062004
C            2.29504126902436        0.15113794942095       -0.04577137350839
O            0.44498130391089        1.64842569929281        0.01758418616817
H           -3.22338472758390        0.55502778351996        0.13412132102900
H           -2.11941682747330        1.19135466975676       -1.10515749300391
H           -1.79069791139295        1.49012221789810        0.60603275408219
H           -1.99640176743711       -1.32284929989511       -0.07113455071695
H           -0.21153831069855       -2.61320746537537        0.00945647536091
H            2.82531019935340        0.73020454478449        0.70871203017542
H            2.69155284979744        0.44231859676896       -1.01823306667771
H            2.43412720627438       -0.91371510829872        0.10277862020108
15
 energy: -22.530376039653 gnorm: 0.002323495928 xtb: 6.7.0 (08769fc)
C           -2.17840522132648        0.76006063284093       -0.09751479849286
N           -1.44259083414521       -0.48148234393756       -0.02515198351909
C           -0.10215575184255       -0.68312053299272       -0.01514172632839
N            0.44737957428267       -1.83694212393592        0.01061850826139
C            0.83481834835530        0.50097039843346       -0.01042436475504
C            2.29351664224793        0.15135460090630       -0.04435451877837
O            0.44394227337403        1.64743618560396        0.00955908029844
H           -3.22432941830038        0.55479353010787        0.12355750218440
H           -2.10578260447115        1.20928827184926       -1.09303900955262
H           -1.79408321079991        1.47877921907629        0.62591864812267
H           -1.99856313352499       -1.32386146818327       -0.07431122879342
H           -0.20824144515073       -2.61642311454021        0.00822744472471
H            2.82406857553807        0.74899169815359        0.69538571598513
H            2.68503770978353        0.42284287389997       -1.02489163224850
H            2.43648952997984       -0.90993572198195        0.12500618589152
15
 energy: -22.530412503900 gnorm: 0.003064477026 xtb: 6.7.0 (08769fc)
C           -2.17593536279808        0.76112546461409       -0.09285946381647
N           -1.44389633045065       -0.48309346003727       -0.03370520373546
C           -0.10385320797296       -0.68508416879152       -0.01862163299173
N            0.44828064436033       -1.83717216266985        0.00866058116738
C            0.83170131079073        0.49946738007717       -0.01371469833220
C            2.29191072800680        0.15192905383045       -0.04292400573491
O            0.44233596311407        1.64643434554396        0.00161194474176
H           -3.22601968195968        0.55460623325265        0.10779209096924
H           -2.08647139528431        1.22952136248923       -1.07808548214400
H           -1.80118441529068        1.46535778225532        0.65036800647842
H           -2.00102649242209       -1.32493324973739       -0.07695446403601
H           -0.20435377158125       -2.61954699191979        0.00511699633770
H            2.82390902508129        0.77144217677420        0.67760376436687
H            2.67697931334216        0.39718492079932       -1.03346581315711
H            2.43872470706427       -0.90448658118055        0.15262120288650
15
 energy: -22.530469457564 gnorm: 0.005116114799 xtb: 6.7.0 (08769fc)
C           -2.17183207203178        0.76267035850213       -0.08482666494738
N           -1.44580080217996       -0.48557292394185       -0.04511409013677
C           -0.10630191228032       -0.68828218130351       -0.02407149862402
N            0.44981908386158       -1.83785823874296        0.00367389938003
C            0.82719208308965        0.49776062247605       -0.01815533126982
C            2.28924534393969        0.15335189990659       -0.04100976722083
O            0.43848739952277        1.64480323541547       -0.00974485848165
H           -3.22923430188554        0.55422330130070        0.07659003139191
H           -2.04957598953392        1.26343858764611       -1.05140552624594
H           -1.81730307169788        1.44205584535206        0.69312859778952
H           -2.00480285706032       -1.32653450306682       -0.08031449808438
H           -0.19866771045087       -2.62395391557089       -0.00168462243990
H            2.82544657730128        0.80994417522506        0.64406128208166
H            2.66259598603548        0.35034796524315       -1.04855736394868
H            2.44183327737011       -0.89364212314127        0.20087423375622
15
 energy: -22.530524531616 gnorm: 0.007060870081 xtb: 6.7.0 (08769fc)
C           -2.16697717921626        0.76398064334940       -0.07633819291912
N           -1.44785693664547       -0.48809864265856       -0.05138105960535
C           -0.10875061934225       -0.69189404646424       -0.02878125599565
N            0.45127418304961       -1.83916230893124       -0.00318242832822
C            0.82264769174840        0.49645038006545       -0.02159015220658
C            2.28597840841898        0.15554140882332       -0.04012437739052
O            0.43297809124765        1.64284676539133       -0.01780308043025
H           -3.23194592449848        0.55658070240220        0.03779492040662
H           -2.00464145904816        1.29585600941429       -1.02143463504190
H           -1.83830710956058        1.41694355756880        0.73727239542237
H           -2.00880608018693       -1.32779590624587       -0.08275145199678
H           -0.19349982065230       -2.62833518051190       -0.00966246857362
H            2.82774549951933        0.84832755686157        0.60478735634003
H            2.64590651455857        0.30038890284797       -1.06288758287231
H            2.44535577460783       -0.87887773661250        0.24952583619126
15
 energy: -22.530614836366 gnorm: 0.004687731697 xtb: 6.7.0 (08769fc)
C           -2.16464254420986        0.76407559776698       -0.07266821428250
N           -1.44872001678096       -0.48874752391061       -0.04442366274629
C           -0.10954806204794       -0.69344269840353       -0.02949855902504
N            0.45228481190704       -1.83996280980712       -0.00996340937273
C            0.82154772483608        0.49721842111307       -0.02064868493418
C            2.28428156100632        0.15741158833385       -0.04148388641123
O            0.42903126971978        1.64218002571342       -0.01446327700802
H           -3.23206108003785        0.56150502763557        0.01080765734260
H           -1.97586712224431        1.30494972201962       -1.00469512378832
H           -1.85640438896454        1.40499062913797        0.75522053864393
H           -2.01033036001063       -1.32794118389182       -0.08150921875290
H           -0.19193353551865       -2.62907063038915       -0.01568449335329
H            2.83070314845243        0.86204485730567        0.57992966972993
H            2.63636424936977        0.27454545733048       -1.06713393452907
H            2.44639537852327       -0.86700437465438        0.26965842148709
15
 energy: -22.530693340490 gnorm: 0.008191322716 xtb: 6.7.0 (08769fc)
C           -2.16243531783963        0.76494241224335       -0.06341514052600
N           -1.44713522844560       -0.48938154187125       -0.05141965221153
C           -0.10785637079517       -0.69416021631376       -0.03470060056880
N            0.45506055159443       -1.84037813181645       -0.02224541746288
C            0.82211443567076        0.50022346008526       -0.02051795316856
C            2.28271194232525        0.15954206065928       -0.04179260407342
O            0.42267984272254        1.64251877451714       -0.01347412528961
H           -3.23351624632988        0.55858467300979       -0.04506103145565
H           -1.92369595412596        1.34511191042053       -0.96192003795375
H           -1.90111445385796        1.37270871544559        0.80866030883543
H           -2.01044867794749       -1.32935339135727       -0.07998130902455
H           -0.19104436189400       -2.62713504165509       -0.03392704381210
H            2.84251692346848        0.91075180082227        0.51737421217189
H            2.61669364851213        0.19391743296703       -1.08548651627906
H            2.44657030094204       -0.84514081185640        0.34135073381858
15
 energy: -22.530776221879 gnorm: 0.004292595173 xtb: 6.7.0 (08769fc)
C           -2.16740255076810        0.76420339229915       -0.06732146779069
N           -1.44299204709918       -0.48636482307639       -0.05065044900444
C           -0.10308380653709       -0.68953314730605       -0.03224983448657
N            0.45475585563404       -1.83895117241884       -0.02172206131483
C            0.82874653192889        0.50405788123102       -0.01605937929039
C            2.28607009247475        0.15798448809182       -0.04393727048764
O            0.42578591292306        1.64538366277600        0.00009901328290
H           -3.23196130046991        0.54965135246110       -0.04455925080413
H           -1.93791352464263        1.34032984356725       -0.96477351838896
H           -1.91354900729183        1.37731074061286        0.79885719610418
H           -2.00471257062416       -1.32821570920231       -0.07648199015353
H           -0.19803254454261       -2.61966644625779       -0.03647390840660
H            2.85090964553710        0.90194417314498        0.51401486755268
H            2.62054675381277        0.19031693779315       -1.08268928730921
H            2.44393359366481       -0.84569906841593        0.33739116349722
15
 energy: -22.530840488223 gnorm: 0.004686356825 xtb: 6.7.0 (08769fc)
C           -2.16815218108805        0.76441767729610       -0.06617512010840
N           -1.44103479149538       -0.48477382685125       -0.04990534891115
C           -0.10060343776184       -0.68714288744440       -0.03000491733367
N            0.45426662797854       -1.83848801620341       -0.02320593074022
C            0.83093521974947        0.50614368022079       -0.01070323104791
C            2.28625433136283        0.15831748739873       -0.04830053003269
O            0.42546948796375        1.64649866186714        0.01797757696969
H           -3.23462699399626        0.54126446806492       -0.08588543706922
H           -1.90800948796891        1.36052638540142       -0.94478559705636
H           -1.94574624093002        1.36081468681387        0.82458886803089
H           -2.00166831775192       -1.32605780036543       -0.07506810599965
H           -0.20183621346453       -2.61620867123724       -0.04087050241008
H            2.86360038362215        0.91809300894122        0.47547208224281
H            2.60536533026520        0.15124085292604       -1.09125557258338
H            2.44688731751491       -0.83189360152849        0.36156558904930
15
 energy: -22.530881042821 gnorm: 0.008189680119 xtb: 6.7.0 (08769fc)
C           -2.16826839017235        0.76434951905282       -0.06478223607302
N           -1.43903941511753       -0.48361204871323       -0.05029700004945
C           -0.09826258202352       -0.68497893565818       -0.03016872319358
N            0.45421925970859       -1.83800551453466       -0.02854679061027
C            0.83139140832128        0.50769355776003       -0.00045827745737
C            2.28544072387686        0.15956907665885       -0.05239455019671
O            0.42406998214476        1.64714335682399        0.04819786761398
H           -3.23392336402898        0.53892149442688       -0.13083351648099
H           -1.87608887499322        1.38154561695440       -0.92033817084080
H           -1.97722146589765        1.33949967736433        0.84697046553232
H           -1.99880696650965       -1.32375199835000       -0.07270805072407
H           -0.20394932535674       -2.61407842745084       -0.05281607488810
H            2.87775324513404        0.94498098881557        0.42418139003188
H            2.58028771307370        0.09646495467453       -1.10482918773710
H            2.45349908584034       -0.81298921252447        0.40226667807327
15
 energy: -22.530972625219 gnorm: 0.005792459730 xtb: 6.7.0 (08769fc)
C           -2.16843312079944        0.76433783281379       -0.06944016167377
N           -1.43873046315184       -0.48256979278127       -0.04925703050028
C           -0.09808033959857       -0.68340983059099       -0.02851217516062
N            0.45351405707765       -1.83713805309925       -0.02451559286675
C            0.82937802749410        0.50639849233454        0.01034562809976
C            2.28456325178756        0.15969760091522       -0.05758910382434
O            0.42610996313030        1.64677375357466        0.08181746470319
H           -3.23192078886515        0.54071173717383       -0.14442973905923
H           -1.87192599022461        1.38176068597529       -0.92186365621777
H           -1.97988035910838        1.33619302554635        0.83957163994915
H           -1.99703290491323       -1.32151010639919       -0.07134516582183
H           -0.20324316033960       -2.61513032682741       -0.05046777755117
H            2.88155050039871        0.94313272573532        0.40914942399977
H            2.56344444123321        0.09054099760672       -1.10955350055281
H            2.46178791987923       -0.80703663667758        0.39953356947668
15
 energy: -22.531092673306 gnorm: 0.006719822740 xtb: 6.7.0 (08769fc)
C           -2.16932038465287        0.76595923652588       -0.07584196901690
N           -1.43629741067328       -0.47988026899444       -0.06017761874116
C           -0.09618952838842       -0.68042504051121       -0.02838917039273
N            0.45661034706220       -1.83387505135315       -0.01918730222059
C            0.82931801754220        0.50745560308445        0.02944901348188
C            2.28405868653608        0.15898727467697       -0.06751162051230
O            0.42965969718539        1.64727746238973        0.14116810487865
H           -3.22751034439026        0.53915626740971       -0.18729124191712
H           -1.85141040436886        1.40034290589038       -0.90807554653752
H           -2.01222006789039        1.32168868930947        0.85214190116701
H           -1.99337927512844       -1.32146050633931       -0.06782082798859
H           -0.19964496804145       -2.61297106521679       -0.04990179611257
H            2.89284211543132        0.95525294295455        0.35749681486790
H            2.53232810500232        0.04617825747935       -1.12361316807413
H            2.47225644877441       -0.79093460200560        0.42099825011817
15
 energy: -22.531200253721 gnorm: 0.012687453770 xtb: 6.7.0 (08769fc)
C           -2.16843575422344        0.76889866049234       -0.08742032845926
N           -1.43520290882982       -0.47721674291098       -0.07804381185792
C           -0.09547537420031       -0.67843618845046       -0.01934308616955
N            0.46092408410135       -1.82902645272590       -0.00690476136172
C            0.82926149675481        0.50690380811230        0.06966447790004
C            2.28243478823164        0.15846886723851       -0.08558887394151
O            0.43660136552933        1.64288753102187        0.25054235452945
H           -3.21943836971742        0.54310262434000       -0.25675367998985
H           -1.81420942384455        1.42348418157402       -0.88788354789430
H           -2.05986792419802        1.30210469527778        0.86420499026979
H           -1.99115311877116       -1.32180428838196       -0.06726833708079
H           -0.19242391179668       -2.61094977355304       -0.05061451370480
H            2.91026582043514        0.97966922555562        0.26780914886284
H            2.47604832240855       -0.02035019675115       -1.14751323872956
H            2.49177194212052       -0.76498384553894        0.44855703062713
15
 energy: -22.531358584130 gnorm: 0.003190630750 xtb: 6.7.0 (08769fc)
C           -2.16511335081921        0.76840917586746       -0.08869969673705
N           -1.43666037359272       -0.47960293541887       -0.07859215007174
C           -0.09780181924352       -0.68217355570342       -0.01093976052990
N            0.45832508581402       -1.83255706281055       -0.00030584833338
C            0.82908249392108        0.50426885526427        0.07305360865506
C            2.28015443313279        0.16203137056132       -0.08788727003943
O            0.43517833071274        1.63484738243404        0.25719861697072
H           -3.21693198332299        0.55185197872935       -0.26254910726850
H           -1.80100344113114        1.42458036939687       -0.88138177829647
H           -2.05942170962962        1.29770884162446        0.86213824318278
H           -1.99533927109650       -1.32197153687791       -0.07579536504619
H           -0.19416477934197       -2.61346751694178       -0.04757925876655
H            2.90245313219216        0.98522115925228        0.25633180308219
H            2.47237975166352       -0.01812176315611       -1.14538482508720
H            2.49996453474131       -0.75827265692140        0.44383661128567
15
 energy: -22.531399372496 gnorm: 0.001768803819 xtb: 6.7.0 (08769fc)
C           -2.16104860531015        0.76865035935235       -0.09023145070747
N           -1.43724420109755       -0.48171496826994       -0.08166501186879
C           -0.09916062251365       -0.68545536323250       -0.00599636473258
N            0.45745337994847       -1.83537520018438        0.00747060857181
C            0.82827492598529        0.50288925558617        0.08031963062320
C            2.27731246599960        0.16433536284456       -0.09167673688655
O            0.43282818503287        1.63067615843977        0.26958004913005
H           -3.21296347348614        0.55867593453312       -0.27086999695193
H           -1.78864423301897        1.42708712635656       -0.87653125287829
H           -2.05928431478325        1.29284665795519        0.86278231281519
H           -1.99864404182832       -1.32207548938016       -0.08624227772144
H           -0.19395952498850       -2.61652879906270       -0.03970869307057
H            2.89668784007676        0.99068048340730        0.24482791260526
H            2.46379841833782       -0.01829258661260       -1.14827368251665
H            2.50569483564569       -0.75364682643275        0.43965877658877
15
 energy: -22.531450649816 gnorm: 0.003276043408 xtb: 6.7.0 (08769fc)
C           -2.15472658244601        0.76924830513800       -0.09342782119637
N           -1.43795192317661       -0.48502958587550       -0.08829187892660
C           -0.10119985557723       -0.69005550248002        0.00286201871535
N            0.45750936606396       -1.83850135671566        0.02474223404992
C            0.82638916974103        0.50184665244105        0.09025791099134
C            2.27243981702003        0.16767604493888       -0.10003541450840
O            0.42997923876320        1.62525320443174        0.29904233166506
H           -3.20582825031265        0.56875863450058       -0.28966334668270
H           -1.76773711904066        1.43362612930519       -0.86750233608499
H           -2.06232789236896        1.28259246952431        0.86606810042270
H           -2.00363695935425       -1.32222968488302       -0.10584057608972
H           -0.19127748618891       -2.62134085654441       -0.02412124020066
H            2.89087129324987        0.99905257954978        0.22313467890395
H            2.44604694240038       -0.02186808401267       -1.15694051612472
H            2.51255127522678       -0.74627684401825        0.43315967806585
15
 energy: -22.531510419072 gnorm: 0.003067265217 xtb: 6.7.0 (08769fc)
C           -2.15045583811538        0.76988538797553       -0.09812330220046
N           -1.43767464128166       -0.48684414316421       -0.09694780803207
C           -0.10222996516276       -0.69266937728989        0.00957365380955
N            0.45808959812830       -1.83985105624568        0.04257583172953
C            0.82519654914019        0.50057739102342        0.10504205380253
C            2.26856846451572        0.17031082184439       -0.10953963329712
O            0.42950755509224        1.62032219223293        0.33630951250825
H           -3.19966946872866        0.57528352805627       -0.31075945580494
H           -1.75117330655424        1.44160664050255       -0.85985396308774
H           -2.06911689751452        1.27216847183824        0.86871782333480
H           -2.00611488876383       -1.32182991461618       -0.12400139489034
H           -0.18869977197716       -2.62441531089982       -0.00715278125430
H            2.89049364924503        1.00565019674067        0.19827697195127
H            2.42531632996920       -0.02838424078998       -1.16805576430471
H            2.51906366600750       -0.73905848190824        0.42738207873575
15
 energy: -22.531602015349 gnorm: 0.005124974540 xtb: 6.7.0 (08769fc)
C           -2.14476963058018        0.77095658725921       -0.10765391054644
N           -1.43581981619826       -0.48836521687966       -0.11260237034813
C           -0.10294430806944       -0.69507279069701        0.02190424749412
N            0.45949611798731       -1.84035499636884        0.07477392657422
C            0.82361199193712        0.49883127835711        0.12991841705565
C            2.26214396914022        0.17413413949597       -0.12774851603844
O            0.43179943122508        1.61096041042315        0.41089712903610
H           -3.18912842441904        0.58348564211160       -0.35142307997255
H           -1.72468949423312        1.45656393577865       -0.84662600765330
H           -2.08643247151532        1.25388568988964        0.87221148552890
H           -2.00725092253672       -1.32061560312744       -0.15234578058882
H           -0.18438345775075       -2.62761736229650        0.02158844087761
H            2.89241944145994        1.01536704800084        0.15170897935073
H            2.38735480499898       -0.04299381869745       -1.18867428941895
H            2.52969380255416       -0.72641283794927        0.41751515164933
15
 energy: -22.531656686780 gnorm: 0.006872243062 xtb: 6.7.0 (08769fc)
C           -2.14155482622026        0.77177074681324       -0.11515471866164
N           -1.43319415224966       -0.48813546719266       -0.12289255372916
C           -0.10251761946420       -0.69580825141860        0.03029736471851
N            0.45942430195102       -1.84059655096660        0.09552991162931
C            0.82323687033294        0.49642870238076        0.14956592965632
C            2.25790969608871        0.17691746702094       -0.14049192756492
O            0.43550689312728        1.60196568004279        0.46394298939925
H           -3.18136178378295        0.58717810777978       -0.38044149820562
H           -1.70852203456085        1.46605218473734       -0.83871268415379
H           -2.10072135415197        1.24305023753415        0.87206830516290
H           -2.00535417286379       -1.31949192414844       -0.16612378687931
H           -0.18393190883492       -2.62846282186688        0.03901515269207
H            2.89375033917768        1.02133867992958        0.11987090316589
H            2.36057552862996       -0.05167782934587       -1.20238209322861
H            2.53785525682100       -0.71777685599955        0.40935252899883
15
 energy: -22.531735728164 gnorm: 0.006062891815 xtb: 6.7.0 (08769fc)
C           -2.13928216793609        0.77264728967025       -0.12345674000495
N           -1.42908698671942       -0.48639686206497       -0.13052822194349
C           -0.10099033286517       -0.69551831294294        0.03847597039013
N            0.45792876120721       -1.84102927257375        0.11256173220501
C            0.82363542488736        0.49292877600778        0.16820588289045
C            2.25400788546360        0.17968891645761       -0.15247699963372
O            0.44162477877752        1.59031843723646        0.51473863416449
H           -3.17324705975268        0.58833321954757       -0.40898822129875
H           -1.69537408575590        1.47293037127495       -0.83349387583831
H           -2.11682681557263        1.23597958551080        0.86801297460511
H           -2.00035626000556       -1.31832703821188       -0.16867961497432
H           -0.18693533704416       -2.62778545239730        0.05208663290625
H            2.89378872698082        1.02520516424072        0.09383444363202
H            2.33645094456095       -0.05482117464931       -1.21434482662745
H            2.54576355777415       -0.71140154180603        0.39749605252758
15
 energy: -22.531828178672 gnorm: 0.005379582586 xtb: 6.7.0 (08769fc)
C           -2.13555276473754        0.77397665937786       -0.13544609308988
N           -1.42376271516268       -0.48422824893343       -0.13752635624212
C           -0.09899652973977       -0.69621842859071        0.05084421287166
N            0.45412994350469       -1.84396880882116        0.13282957222715
C            0.82457679945640        0.48726424709739        0.19114384133150
C            2.24874487375730        0.18442832799002       -0.16838513180292
O            0.44966276131677        1.57180440713725        0.58119113583055
H           -3.16120176752360        0.59104267680694       -0.45090645462360
H           -1.67287875371484        1.48062890486531       -0.82671174687779
H           -2.13998099320742        1.22798182536731        0.86032128965558
H           -1.99432589253022       -1.31759194703558       -0.16183777734534
H           -0.19423105430263       -2.62761714958069        0.06834909340571
H            2.89022789548899        1.03110018629858        0.06390824576911
H            2.30664256445914       -0.05109570169729       -1.22988220970225
H            2.55804666693540       -0.70475484498184        0.37555220159272
15
 energy: -22.531895616012 gnorm: 0.004314593319 xtb: 6.7.0 (08769fc)
C           -2.13038837938236        0.77517198246707       -0.14568110942133
N           -1.42039618578377       -0.48384828826027       -0.14112715344026
C           -0.09807090813795       -0.69888075441126        0.06152615848394
N            0.45008136872510       -1.84878295523015        0.14821007499555
C            0.82576248154598        0.48169766996300        0.20979023145097
C            2.24385992700780        0.18980127931914       -0.18064344745651
O            0.45566411981143        1.55405022975030        0.63273253936505
H           -3.14827833106567        0.59638487667169       -0.48883476134828
H           -1.64844401557834        1.48559590594678       -0.81985425799540
H           -2.15968386024558        1.22182960521907        0.85277603578015
H           -1.99226923856468       -1.31758680595850       -0.14945233781336
H           -0.20148630044432       -2.62927558050276        0.08098052227744
H            2.88443608996308        1.03841415235126        0.04261011881374
H            2.28132336921664       -0.04178939671601       -1.24292415244281
H            2.56899089693264       -0.70002981530941        0.35333536175118
15
 energy: -22.531953798273 gnorm: 0.007816155386 xtb: 6.7.0 (08769fc)
C           -2.12005698335476        0.77673617889709       -0.16097745575622
N           -1.41726592810754       -0.48584067982405       -0.14625311361950
C           -0.09823382820902       -0.70488993102741        0.07625650571411
N            0.44563733929037       -1.85618379542209        0.17279388353215
C            0.82647400412178        0.47437879153903        0.23603613361732
C            2.23470108965330        0.19851693419722       -0.20002675959136
O            0.46237708658628        1.52819599146620        0.71370007112938
H           -3.12596829777895        0.60861947483654       -0.54742595616779
H           -1.60630741817636        1.49181407086772       -0.80775768790903
H           -2.18722422409115        1.21155399946940        0.84165769287877
H           -1.99400388768574       -1.31733230829402       -0.13381653099938
H           -0.20842225341771       -2.63410372353479        0.10506973288402
H            2.87402778803270        1.05023067157163        0.01113092780844
H            2.24247602040029       -0.02600706692165       -1.26441213513272
H            2.58289052673651       -0.69293650252087        0.31746851461189
15
 energy: -22.532016839783 gnorm: 0.007441876473 xtb: 6.7.0 (08769fc)
C           -2.10726876222703        0.77791476646367       -0.17291246485916
N           -1.41708349612483       -0.49063407677095       -0.14026551763090
C           -0.09993832780230       -0.71378997616205        0.08703680257517
N            0.44083145684415       -1.86601341120118        0.18412524472424
C            0.82754306511168        0.46626949737934        0.25247366081435
C            2.22533672250021        0.20821355520479       -0.21081451007853
O            0.46702391310096        1.50184642155285        0.75735504022138
H           -3.09986930798432        0.62356882973858       -0.59478512853921
H           -1.56467470523709        1.48791639993811       -0.79819825950158
H           -2.20763849044145        1.21026749821555        0.82589023335817
H           -2.00209778965352       -1.31747604900116       -0.09705578679997
H           -0.21562674215571       -2.64129634163874        0.11648482495997
H            2.85878864458632        1.06054096384114        0.00652557684912
H            2.21574933607594        0.00860328342869       -1.27894165320883
H            2.59002551740702       -0.69317925568870        0.27652576011588
15
 energy: -22.532072505519 gnorm: 0.005185602182 xtb: 6.7.0 (08769fc)
C           -2.09785265150003        0.77889487903559       -0.18314233737620
N           -1.41657223366894       -0.49419315902243       -0.14291578158981
C           -0.10160168237573       -0.71956344723434        0.09961454624462
N            0.43998543142757       -1.87034570975867        0.20671775280477
C            0.82655933354538        0.46078473641226        0.27380845069647
C            2.21660859282272        0.21507387060832       -0.22615864406145
O            0.47023045548317        1.48361131728468        0.81359283614724
H           -3.08011398187867        0.63473100255614       -0.63817788334800
H           -1.53023741582637        1.49222104825472       -0.78569069156748
H           -2.22634678942893        1.20152446205675        0.81909443644835
H           -2.00780918413072       -1.31545260227075       -0.09595639884894
H           -0.21513216192640       -2.64686557670155        0.13709499264214
H            2.85307155221214        1.06887540483361       -0.01722471121892
H            2.18406632539790        0.02050021262605       -1.29695605642273
H            2.59624544384693       -0.68704433338044        0.24974331245007
15
 energy: -22.532116665436 gnorm: 0.004801648166 xtb: 6.7.0 (08769fc)
C           -2.09514378990361        0.77849764910204       -0.18260288589375
N           -1.41871820449352       -0.49707100817260       -0.14033495349831
C           -0.10343525896124       -0.72116630968530        0.09920651523625
N            0.44401660516683       -1.86840592001463        0.21133172680271
C            0.82401055807596        0.46134275563622        0.27297324616427
C            2.21292738477758        0.21528178186267       -0.22807632460252
O            0.46864571927572        1.48544122442427        0.81433170261086
H           -3.07473889931973        0.63645562383903       -0.63352718513254
H           -1.52982798759542        1.48849029894390       -0.78467326533633
H           -2.22020128153222        1.20386663869919        0.81654091598832
H           -2.01374931112059       -1.31249628677148       -0.10930123542620
H           -0.20626585460602       -2.64992722492729        0.14474156220310
H            2.85466638480897        1.06551693112980       -0.01240578702473
H            2.18228813225696        0.02557752873654       -1.29986494063299
H            2.58662683717034       -0.68865157750242        0.24510473154197
15
 energy: -22.532155375569 gnorm: 0.003273336645 xtb: 6.7.0 (08769fc)
C           -2.08915438082958        0.77887829812202       -0.18594060196532
N           -1.41875930245039       -0.49999801181724       -0.13560681118107
C           -0.10474632390573       -0.72494933033058        0.10726274407975
N            0.44468670911418       -1.87041161958670        0.22405966146786
C            0.82226164660265        0.45818964144175        0.27996925796508
C            2.20623753705669        0.21874051591655       -0.23605632046482
O            0.47051700165570        1.47676625903382        0.82960971366076
H           -3.06101860108406        0.64319235607972       -0.66028751458607
H           -1.50589718878097        1.48991698408781       -0.77286787480522
H           -2.23292952401063        1.19964627288390        0.81491727149988
H           -2.01882682015555       -1.31129356200382       -0.10901703891585
H           -0.20334226490791       -2.65417915880569        0.15840590805326
H            2.84991870080445        1.06658871434888       -0.01517234745079
H            2.16767621640645        0.04218661622528       -1.30994344742033
H            2.58447762848471       -0.69052187029579        0.22411122306302
15
 energy: -22.532185882116 gnorm: 0.004487712946 xtb: 6.7.0 (08769fc)
C           -2.07786995754301        0.77984266184872       -0.19779437421203
N           -1.41687314248962       -0.50394797690627       -0.12746801973460
C           -0.10577164136750       -0.73188552616086        0.12113673847454
N            0.44300688353445       -1.87641286453869        0.24614122773217
C            0.82086313307669        0.45098358868528        0.29732877530815
C            2.19449626208789        0.22632281786265       -0.25208358484317
O            0.47734781578165        1.45544301474982        0.87894186736767
H           -3.03395547250786        0.65502574624540       -0.71013642440295
H           -1.46635126102343        1.48800971760723       -0.76005507821440
H           -2.25593508393866        1.19766098903453        0.80011723534702
H           -2.02502121900766       -1.31068149778028       -0.09297581367802
H           -0.20408829426314       -2.66111372813524        0.18378442872232
H            2.83894417199288        1.06869259098416       -0.01841318944815
H            2.13774559928892        0.08175665348039       -1.33049686040611
H            2.58456324037844       -0.69694408167691        0.17541689498770
15
 energy: -22.532216103662 gnorm: 0.004600785815 xtb: 6.7.0 (08769fc)
C           -2.07769360819603        0.77956549517228       -0.19905303405475
N           -1.41617838510781       -0.50363463705098       -0.12100870804961
C           -0.10525299092150       -0.73200759161477        0.12443138594789
N            0.44261005064215       -1.87688961086542        0.24974700031876
C            0.82099376699497        0.45013669682258        0.29690961335747
C            2.19349227783537        0.22664634715773       -0.25299576169654
O            0.48048841687372        1.45542564350224        0.87396757515726
H           -3.02948109205780        0.65317283769151       -0.71319554670299
H           -1.46542963074338        1.48547045836109       -0.75914670468280
H           -2.25910099402044        1.20072978397435        0.79506601295577
H           -2.02464711971555       -1.31154156212034       -0.09079021949476
H           -0.20449564596749       -2.66144007228613        0.18859655256454
H            2.84085512394458        1.06291766961644       -0.00638997651550
H            2.13688680525753        0.09967643052407       -1.33319697037401
H            2.57805405918170       -0.70547578358471        0.16050260426941
15
 energy: -22.532247349013 gnorm: 0.002781956778 xtb: 6.7.0 (08769fc)
C           -2.07385819603045        0.77938588997670       -0.20556101481526
N           -1.41476066703423       -0.50401818039408       -0.11750779951452
C           -0.10481882630674       -0.73378901714098        0.13380964448719
N            0.44115694708484       -1.87915012031214        0.26529941766577
C            0.82206215582149        0.44711918404125        0.30660192208071
C            2.18917311699875        0.23029074843032       -0.26154368066522
O            0.48720812657402        1.44677829024234        0.89826436114372
H           -3.01553926556703        0.65370854583658       -0.73674663465375
H           -1.45098246803317        1.48601271701311       -0.75233404561028
H           -2.27287163722294        1.19873031012798        0.78597173578122
H           -2.02409730128685       -1.31139881464831       -0.08857900780843
H           -0.20666239639203       -2.66300670219900        0.20470305886469
H            2.84359122155943        1.05934222053042       -0.00640217776712
H            2.12035431901489        0.12338545505528       -1.34379915800517
H            2.57114590482007       -0.71063842125955        0.13126720181661
15
 energy: -22.532273140227 gnorm: 0.002169838538 xtb: 6.7.0 (08769fc)
C           -2.06899703272664        0.77860957080095       -0.21393953058378
N           -1.41218972745434       -0.50415974408452       -0.11229837256136
C           -0.10362005152806       -0.73537732474839        0.14652225218206
N            0.43862961513365       -1.88160487194014        0.28725973478707
C            0.82436556017673        0.44383615740068        0.31909218198967
C            2.18304217146358        0.23436792250695       -0.27324846091856
O            0.49699367857455        1.43586027795650        0.92947110343182
H           -2.99595201237196        0.65328641678180       -0.77183596534194
H           -1.43181534246489        1.48713600312868       -0.74160724239530
H           -2.29515976518705        1.19538162899241        0.77327111697217
H           -2.02031951630493       -1.31180668127058       -0.08405448738461
H           -0.21161109314596       -2.66359605000043        0.23007649860205
H            2.84852856585846        1.05081376893188       -0.00381095094410
H            2.09808001325213        0.16107597561444       -1.35751237560240
H            2.56112597072476       -0.72107094477030        0.08605832076737
15
 energy: -22.532283248723 gnorm: 0.001727198916 xtb: 6.7.0 (08769fc)
C           -2.06967713476988        0.77755016127745       -0.21505093637169
N           -1.41118111993673       -0.50333427741718       -0.11110755249333
C           -0.10255397111818       -0.73401915435945        0.14969336717433
N            0.43779599349312       -1.88069860067086        0.29376347652271
C            0.82639008674856        0.44473120533920        0.32016433359484
C            2.18293430862934        0.23378820580126       -0.27498049085959
O            0.50014339112243        1.43719135317001        0.92958148018916
H           -2.99270529395224        0.65005652535582       -0.77722368638913
H           -1.43254909258960        1.48849515172811       -0.73880742799395
H           -2.30214321163878        1.19320441121872        0.77012144763465
H           -2.01583556780258       -1.31293447398841       -0.08540663890680
H           -0.21436133209632       -2.66131490016113        0.23813745966226
H            2.85498115377983        1.04264236946525        0.00101221333945
H            2.09501586893889        0.17432790419163       -1.35853435854001
H            2.55484695519217       -0.72693377565051        0.07208113643726
15
 energy: -22.532279953276 gnorm: 0.003701277198 xtb: 6.7.0 (08769fc)
C           -2.06393376619798        0.77636498518248       -0.22347931588884
N           -1.40883847829997       -0.50497097501345       -0.10399724024269
C           -0.10181669473467       -0.73622230872344        0.16418985562859
N            0.43627404402912       -1.88230694799569        0.31844003202716
C            0.82898575623917        0.44222266397113        0.33281148653131
C            2.17631595789593        0.23665969914748       -0.28593664366195
O            0.50792654571748        1.42846217232266        0.95321945214896
H           -2.97167116336896        0.65298568122504       -0.81373522880858
H           -1.41070583934351        1.48914147852482       -0.72693143059536
H           -2.32648423949158        1.18797496365245        0.75667182148158
H           -2.01395166114654       -1.31411409385731       -0.07988934702788
H           -0.21754541620560       -2.66201192696320        0.26524058896947
H            2.85991896446138        1.02939922275190        0.00897311171908
H            2.07091533542069        0.22113482153476       -1.37232597706320
H            2.54571168902508       -0.74196733045972        0.02019265778254
15
 energy: -22.532293137300 gnorm: 0.001773138927 xtb: 6.7.0 (08769fc)
C           -2.06597679226581        0.77663903994141       -0.21976465653526
N           -1.40957363711858       -0.50473309136337       -0.10690254039469
C           -0.10217404114935       -0.73533465873952        0.15849344042254
N            0.43725570630901       -1.88110802394247        0.30954650963078
C            0.82828940916280        0.44383234397169        0.32694738669004
C            2.17893997862141        0.23483795212204       -0.28141053918741
O            0.50415780804348        1.43339646507606        0.94096679043702
H           -2.97958815263888        0.65275592503379       -0.79986567672308
H           -1.41916885585516        1.48907192518570       -0.73076672755946
H           -2.31797915548733        1.18861886135722        0.76232329183826
H           -2.01505805243426       -1.31394147305588       -0.08175419597642
H           -0.21569804351267       -2.66149351280897        0.25572940355821
H            2.85837742118417        1.03214157908667        0.00737878328019
H            2.08068019953726        0.20533358071964       -1.36593895282667
H            2.54861724160394       -0.73726480728409        0.03846150634613
15
 energy: -22.532296069529 gnorm: 0.000801051512 xtb: 6.7.0 (08769fc)
C           -2.06641000938291        0.77668974966230       -0.21872623756934
N           -1.40950372736193       -0.50469843213350       -0.10877848902749
C           -0.10236261657684       -0.73517601953959        0.15704998718646
N            0.43783402782931       -1.88069873202470        0.30832260127779
C            0.82802925164289        0.44442331549222        0.32486902181370
C            2.17970605423827        0.23415541997160       -0.28014821261305
O            0.50293078571403        1.43593085998852        0.93615484420460
H           -2.98113535764814        0.65246602165393       -0.79615481286650
H           -1.42151381959700        1.48940662964295       -0.73080872894203
H           -2.31562277936214        1.18782739860030        0.76392643280934
H           -2.01612551644135       -1.31336377652459       -0.08294501287609
H           -0.21421709251999       -2.66175809860749        0.25483925675061
H            2.85886293492607        1.03163351439824        0.00828948664995
H            2.08273800753158        0.20287943139178       -1.36396935372365
H            2.54789089100819       -0.73696517667203        0.04152303992587
15
 energy: -22.532298689968 gnorm: 0.000395792802 xtb: 6.7.0 (08769fc)
C           -2.06640837414550        0.77669424298589       -0.21831799469800
N           -1.40914877370574       -0.50486751225367       -0.10989996197836
C           -0.10246274435348       -0.73535303594317        0.15779878398069
N            0.43764814283711       -1.88086378998665        0.30921712146516
C            0.82790506430154        0.44417488671077        0.32513348423474
C            2.17992866423582        0.23380409254943       -0.28008444481413
O            0.50158327441731        1.43779122008228        0.93286905742372
H           -2.98033634731230        0.65359338003858       -0.79743800619720
H           -1.42038418344173        1.49032998037710       -0.72762357462376
H           -2.31696986375811        1.18590537723078        0.76507781036454
H           -2.01619080878866       -1.31311968899191       -0.08325170991073
H           -0.21410108964332       -2.66203703378295        0.25446142964085
H            2.85869721813751        1.03206819181393        0.00782282513562
H            2.08264390709699        0.20192308549098       -1.36430250780645
H            2.54869694812261       -0.73729129102147        0.04198151078348
15
 energy: -22.532301380165 gnorm: 0.000582923774 xtb: 6.7.0 (08769fc)
C           -2.06708997005033        0.77656058876590       -0.21707314703230
N           -1.40870687624181       -0.50494282050236       -0.11185129849437
C           -0.10242996475534       -0.73500011656697        0.15825229375589
N            0.43793834794593       -1.88037087285975        0.30985284712023
C            0.82741831229824        0.44510464271711        0.32263998406963
C            2.18069832754482        0.23263252226210       -0.27961460952993
O            0.50048991996675        1.44147652905077        0.92576360997740
H           -2.97907517168516        0.65485862665023       -0.79955139154468
H           -1.41989626057875        1.49270471773224       -0.72118826646673
H           -2.32101260467245        1.18159992168170        0.76739028154756
H           -2.01619757978931       -1.31278705767880       -0.08313109766663
H           -0.21333083723305       -2.66188546305582        0.25457628531453
H            2.85945209597279        1.03086820340800        0.00862366317052
H            2.08429859222556        0.20071636788034       -1.36415919712532
H            2.54854470305215       -0.73878368418477        0.04291386590437
15
 energy: -22.532304248846 gnorm: 0.000590240796 xtb: 6.7.0 (08769fc)
C           -2.06874854657189        0.77624466646775       -0.21514603738560
N           -1.40811796744327       -0.50462986735308       -0.11503050601131
C           -0.10193904372683       -0.73411312019253        0.15712888797008
N            0.43815139244000       -1.87939485969458        0.31017566200993
C            0.82789577760016        0.44616114819807        0.31944475775009
C            2.18236571919785        0.23094719304083       -0.27914375493040
O            0.50002122416656        1.44638310884518        0.91561611637758
H           -2.97756313558122        0.65594651231875       -0.80281043574060
H           -1.42082140821929        1.49692325622023       -0.71157964905893
H           -2.32843637750564        1.17447401148331        0.77062103583004
H           -2.01595512205608       -1.31220281328111       -0.08251585926197
H           -0.21321355059752       -2.66090283870949        0.25647995446239
H            2.86145715791895        1.02839123027730        0.01009582760482
H            2.08797629008370        0.19939943106022       -1.36386745129364
H            2.54802862429455       -0.74087495338092        0.04397527467769
15
 energy: -22.532307046354 gnorm: 0.000464415738 xtb: 6.7.0 (08769fc)
C           -2.07164853325250        0.77563822014140       -0.21314658115755
N           -1.40792535254529       -0.50383927792427       -0.11708889635226
C           -0.10149204809331       -0.73223150855072        0.15595549944087
N            0.43850072741655       -1.87734748342989        0.31059286168758
C            0.82891913768151        0.44808021856338        0.31493650386771
C            2.18472561393160        0.22885380480082       -0.27903857709204
O            0.50093660091911        1.45114839870483        0.90610065970595
H           -2.97670199864077        0.65614443416060       -0.80695493342782
H           -1.42319263553551        1.50127927089674       -0.70141340580926
H           -2.33832133973509        1.16696759015383        0.77345935649533
H           -2.01518106260055       -1.31183627156250       -0.08094224207290
H           -0.21288665414776       -2.65889755983123        0.25779941627169
H            2.86502685501263        1.02438965333931        0.01251655742862
H            2.09365631443016        0.19841346995122       -1.36398576178598
H            2.54668540915926       -0.74401085411361        0.04465336580026
15
 energy: -22.532309566035 gnorm: 0.000362255373 xtb: 6.7.0 (08769fc)
C           -2.07527264301246        0.77494206267161       -0.21107975260873
N           -1.40783616665519       -0.50261530817183       -0.11808747532515
C           -0.10085473079054       -0.72981698057851        0.15392825140633
N            0.43888660587831       -1.87490255446758        0.31018139160629
C            0.83062834419921        0.45014259551233        0.31028178629322
C            2.18748954325835        0.22667532599373       -0.27934576840529
O            0.50266275104940        1.45563773568620        0.89723587572879
H           -2.97560158810056        0.65589741976227       -0.81235572324503
H           -1.42612443515697        1.50601620152226       -0.69002160349489
H           -2.35093118277398        1.15904582959145        0.77587133091139
H           -2.01359288768527       -1.31171705319238       -0.07893245220810
H           -0.21305305720465       -2.65620692381261        0.26028780837848
H            2.86955454623114        1.01965934695929        0.01508009447782
H            2.10025628523279        0.19762641651903       -1.36453104157755
H            2.54488964953044       -0.74763200869534        0.04493110106259
15
 energy: -22.532310885831 gnorm: 0.000301816774 xtb: 6.7.0 (08769fc)
C           -2.07810118195139        0.77448102689291       -0.20962181050378
N           -1.40800765477426       -0.50152295088925       -0.11722282568607
C           -0.10047126221744       -0.72788335648306        0.15279536111002
N            0.43920296498847       -1.87299333082315        0.30970398627242
C            0.83203571417498        0.45159675551405        0.30699998421900
C            2.18956169357507        0.22509101571447       -0.27973298104128
O            0.50411219736234        1.45885582094266        0.89099270868443
H           -2.97426400106193        0.65567213280606       -0.81730998805594
H           -1.42778560688291        1.50931433705892       -0.68088520696528
H           -2.36157346699038        1.15344030315709        0.77710161148973
H           -2.01224829883597       -1.31178773467771       -0.07706960843458
H           -0.21303775513601       -2.65412689115485        0.26113011571455
H            2.87299206303304        1.01623625263699        0.01643873757183
H            2.10502863792681        0.19655975332802       -1.36508370800198
H            2.54365699078963       -0.75018102872324        0.04520744662710
15
 energy: -22.532311861445 gnorm: 0.000258582445 xtb: 6.7.0 (08769fc)
C           -2.07981119128441        0.77429058959268       -0.20860259363860
N           -1.40823627125654       -0.50074523636999       -0.11509289465459
C           -0.10017223418386       -0.72673845389030        0.15222580700911
N            0.43959328156393       -1.87196696787833        0.30860295663903
C            0.83288584256464        0.45245212679690        0.30513109318469
C            2.19071220337136        0.22406450569212       -0.28008132233871
O            0.50506953879959        1.46088853618581        0.88725659254730
H           -2.97237203305422        0.65565635897271       -0.82169539131987
H           -1.42798896265028        1.51127233423708       -0.67408515153392
H           -2.36969699328025        1.15027203444343        0.77740158076600
H           -2.01134517179071       -1.31190059143910       -0.07560950229220
H           -0.21292284341589       -2.65296093323667        0.26134479627273
H            2.87479175508375        1.01443825404870        0.01665392310269
H            2.10744886737615        0.19535657114876       -1.36553597707618
H            2.54314524615678       -0.75162702300390        0.04552990633268
15
 energy: -22.532312994434 gnorm: 0.000230203027 xtb: 6.7.0 (08769fc)
C           -2.08117811347783        0.77426018276837       -0.20759860552115
N           -1.40868949965545       -0.49997229804176       -0.11091442534491
C           -0.09991865859123       -0.72591429496906        0.15233772990229
N            0.44004268487131       -1.87137223799641        0.30695722233247
C            0.83364570586002        0.45296412030658        0.30385378774436
C            2.19159710936517        0.22320290486820       -0.28053998230981
O            0.50602153175824        1.46270942668474        0.88389989336484
H           -2.96895416401653        0.65580763986691       -0.82773282486485
H           -1.42671358970960        1.51301413305018       -0.66627767852780
H           -2.37925420953379        1.14767746930626        0.77696884132072
H           -2.01088037476175       -1.31191184459519       -0.07347238530868
H           -0.21265644777334       -2.65223200309566        0.26029096306219
H            2.87600225775708        1.01350762817707        0.01560484641993
H            2.10871156131297        0.19341072569523       -1.36601822864298
H            2.54332524059475       -0.75239944672557        0.04608466937358
15
 energy: -22.532313539883 gnorm: 0.000141777523 xtb: 6.7.0 (08769fc)
C           -2.08147916612697        0.77434304927520       -0.20709635151742
N           -1.40894832650626       -0.49968430104349       -0.10780629894338
C           -0.09973381579937       -0.72585085444314        0.15273496210931
N            0.44040677715026       -1.87148204834576        0.30560864650067
C            0.83381564351568        0.45303341273556        0.30360778444264
C            2.19173107050852        0.22283530663812       -0.28084315857624
O            0.50636900054327        1.46348903545803        0.88258662083826
H           -2.96600099272054        0.65618897392075       -0.83195436316399
H           -1.42494226041295        1.51380922840820       -0.66154406500281
H           -2.38484666225137        1.14669437164868        0.77627629495152
H           -2.01112857099327       -1.31167821041176       -0.07178474312827
H           -0.21235677266082       -2.65230305997451        0.25919694875533
H            2.87587971504430        1.01379824803978        0.01415368877525
H            2.10832383640119        0.19186053613440       -1.36629874791761
H            2.54401155830836       -0.75230158274016        0.04660660487692
15
 energy: -22.532313724680 gnorm: 0.000082308579 xtb: 6.7.0 (08769fc)
C           -2.08139765036364        0.77440786471114       -0.20697152060540
N           -1.40905368179145       -0.49964469986572       -0.10652987064049
C           -0.09969268497137       -0.72599852623203        0.15311655488439
N            0.44050190078590       -1.87169891526790        0.30512891132852
C            0.83384029532237        0.45289492898344        0.30373435885178
C            2.19167556810047        0.22281832387051       -0.28104176231881
O            0.50653662744237        1.46355419857054        0.88238874233268
H           -2.96429001756764        0.65651388953528       -0.83416961426869
H           -1.42376134667661        1.51417647875646       -0.65931082741875
H           -2.38731542871743        1.14618727163276        0.77582756295018
H           -2.01160326757711       -1.31136475663856       -0.07072092088595
H           -0.21222471690550       -2.65252137435296        0.25847550968123
H            2.87557988013016        1.01435975880962        0.01299500082592
H            2.10770385198334        0.19094197776502       -1.36643346912341
H            2.54460170480617       -0.75187431497769        0.04695516740699
15
 energy: -22.532313840432 gnorm: 0.000085611981 xtb: 6.7.0 (08769fc)
C           -2.08128830949162        0.77445109993809       -0.20695551275262
N           -1.40904803695927       -0.49965178352556       -0.10614815347323
C           -0.09964571139853       -0.72611904535311        0.15328155190909
N            0.44056501263225       -1.87184078697123        0.30495450824022
C            0.83384632301875        0.45280560378218        0.30385883893214
C            2.19156672779960        0.22282815660892       -0.28126524146965
O            0.50670482523617        1.46342327220315        0.88267065050264
H           -2.96309252714601        0.65689350774325       -0.83575676874643
H           -1.42293738177119        1.51453666972182       -0.65771006909951
H           -2.38891450772524        1.14561379386222        0.77553794276861
H           -2.01197228189617       -1.31107577908179       -0.06992710017228
H           -0.21214452328518       -2.65267441923654        0.25826230398529
H            2.87523181718204        1.01484747255250        0.01202296210839
H            2.10717178517276        0.19020305137199       -1.36659775627161
H            2.54505782263168       -0.75148870831599        0.04721566653912
15
 energy: -22.532313990296 gnorm: 0.000118659919 xtb: 6.7.0 (08769fc)
C           -2.08112115559256        0.77450683469486       -0.20705485043882
N           -1.40900296429302       -0.49966404040150       -0.10611473402148
C           -0.09963511576974       -0.72624432983752        0.15348335573300
N            0.44054510409273       -1.87197100458151        0.30506519894489
C            0.83392384292675        0.45262679656563        0.30414792731414
C            2.19138301420548        0.22295616750256       -0.28168887552732
O            0.50710496590236        1.46290177983924        0.88370006774068
H           -2.96162430068544        0.65749648282115       -0.83779338666867
H           -1.42192139782888        1.51504953540879       -0.65574663646273
H           -2.39081193961785        1.14468298281878        0.77514667124933
H           -2.01236002459913       -1.31073793239797       -0.06908743889076
H           -0.21215322610951       -2.65280507602883        0.25829596932920
H            2.87479756850248        1.01560263096573        0.01049710317241
H            2.10633929544221        0.18918744298771       -1.36691764003725
H            2.54563736742416       -0.75083616505721        0.04751109156355
15
 energy: -22.532314172159 gnorm: 0.000116621922 xtb: 6.7.0 (08769fc)
C           -2.08093197217923        0.77458178553142       -0.20724050280442
N           -1.40888197478828       -0.49963486763682       -0.10642358747508
C           -0.09962842862700       -0.72631801206518        0.15372903886099
N            0.44045791717470       -1.87203956069018        0.30558276461938
C            0.83409687241526        0.45241500972582        0.30462781920305
C            2.19108257464806        0.22313344647525       -0.28240430178648
O            0.50780537214015        1.46206213814896        0.88558318123823
H           -2.95971879472633        0.65839445120289       -0.84058353925009
H           -1.42061567577075        1.51587441319870       -0.65299859836567
H           -2.39340736581320        1.14319360543643        0.77467631634877
H           -2.01257178980538       -1.31043551363199       -0.06845555616670
H           -0.21226907619604       -2.65285372012858        0.25882423193532
H            2.87423238322210        1.01656065369009        0.00825919840209
H            2.10510780977698        0.18780161493297       -1.36748480255167
H            2.54634318252898       -0.74998333888986        0.04775216079246
15
 energy: -22.532314319764 gnorm: 0.000077739943 xtb: 6.7.0 (08769fc)
C           -2.08077839973375        0.77464055903715       -0.20745502062918
N           -1.40874112528422       -0.49957205112113       -0.10683273716921
C           -0.09964428624214       -0.72632390389039        0.15403239531115
N            0.44030255362915       -1.87203864497233        0.30640136814132
C            0.83430510002205        0.45221533317998        0.30519494401356
C            2.19077005427143        0.22333168592682       -0.28312565220362
O            0.50856636943103        1.46119318543522        0.88762698568741
H           -2.95817203261776        0.65921857293559       -0.84288814321752
H           -1.41957836706578        1.51658397120096       -0.65071906229575
H           -2.39550916277167        1.14187825069265        0.77424922358405
H           -2.01244324094144       -1.31036473143789       -0.06857712204029
H           -0.21248662629309       -2.65280672729246        0.25965748415337
H            2.87380937103016        1.01734672770253        0.00620555614863
H            2.10384426503955        0.18671835092150       -1.36807423826638
H            2.54685656152653       -0.74926847301829        0.04774784178265
15
 energy: -22.532314405578 gnorm: 0.000042010802 xtb: 6.7.0 (08769fc)
C           -2.08068320241660        0.77467252496664       -0.20756718089851
N           -1.40860872681672       -0.49951137066135       -0.10720012392293
C           -0.09965224835819       -0.72628789182203        0.15430161200674
N            0.44016336959883       -1.87199744528484        0.30719833508802
C            0.83442428023528        0.45213669072477        0.30559730047066
C            2.19055085108594        0.22342757819631       -0.28354979583519
O            0.50901428447740        1.46077728154905        0.88882097174683
H           -2.95748849515736        0.65962665612642       -0.84389630938999
H           -1.41912167905868        1.51696713027273       -0.64968428891725
H           -2.39638182437747        1.14116366265362        0.77412356828361
H           -2.01210384543028       -1.31048897661729       -0.06936953353612
H           -0.21268445755574       -2.65272302410547        0.26046099726591
H            2.87364081662004        1.01761419241447        0.00517719525826
H            2.10303794760963        0.18638817265289       -1.36843307122840
H            2.54699396354393       -0.74901307576602        0.04746414660855
