  11
 Etot=          -2.2343861040
 C          1.4015553791        0.0002466519       -0.0000064579
 C          0.6942052300        1.1924787125        0.0000091396
 C         -0.6918411511        1.1335437613        0.0000628375
 N         -1.3729185843       -0.0002444090       -0.0000051205
 C         -0.6914238353       -1.1337731845       -0.0000664020
 C          0.6946302081       -1.1922320453        0.0000021351
 H          2.4825754989        0.0003980874       -0.0000234411
 H          1.2039261328        2.1439406675       -0.0001608607
 H         -1.2904158572        2.0359990648       -0.0002434300
 H         -1.2895754663       -2.0365088137        0.0003036754
 H          1.2045842774       -2.1435772252        0.0001802897
  11
 Etot=          -2.2351827068
 C          1.3963887271        0.0002391304        0.0000047707
 C          0.6884919660        1.1822728195       -0.0000656652
 C         -0.6894664730        1.1264027977       -0.0000524170
 N         -1.3823167390       -0.0002513390        0.0000110313
 C         -0.6890635039       -1.1266526771        0.0000639770
 C          0.6889117666       -1.1820429465        0.0000759604
 H          2.4747002077        0.0004090523       -0.0000069861
 H          1.1983225154        2.1316831202       -0.0001757464
 H         -1.2702355977        2.0372935385       -0.0001452688
 H         -1.2694592513       -2.0377802338        0.0001863295
 H          1.1990282141       -2.1313019946        0.0001563797
  11
 Etot=          -2.2353302070
 C          1.3945832778        0.0002334865       -0.0000026677
 C          0.6849875616        1.1759883374       -0.0000898464
 C         -0.6893903967        1.1207567178       -0.0000805439
 N         -1.3915828375       -0.0002574676        0.0000167537
 C         -0.6889966486       -1.1210232768        0.0001044697
 C          0.6854025330       -1.1757708344        0.0000942285
 H          2.4724984445        0.0004191755       -0.0000104731
 H          1.1953408225        2.1251769868       -0.0001582494
 H         -1.2571755397        2.0393871873       -0.0001322982
 H         -1.2564499003       -2.0398567423        0.0001565622
 H          1.1960845154       -2.1247823025        0.0001544297
  11
 Etot=          -2.2353364753
 C          1.3952648051        0.0002328362       -0.0000033283
 C          0.6849354230        1.1758139852       -0.0000884745
 C         -0.6900331430        1.1198443453       -0.0000757678
 N         -1.3934495925       -0.0002583501        0.0000159308
 C         -0.6896393534       -1.1201127701        0.0000981150
 C          0.6853495727       -1.1755978524        0.0000912249
 H          2.4734362602        0.0004211752       -0.0000099191
 H          1.1953354412        2.1252632439       -0.0001584542
 H         -1.2563502061        2.0396020257       -0.0001344169
 H         -1.2556308280       -2.0400699688        0.0001612829
 H          1.1960834529       -2.1248674023        0.0001561721
