  9
 Etot=          -2.0670901491
 O         -2.4033263412       -0.0105835500       -0.0913636323
 C         -1.3182827160       -0.0071309126        0.3983553337
 C         -0.0217020118       -0.0006067930       -0.4285288736
 C          0.7584651524       -1.1795406866       -0.1045546754
 N          1.3638939516       -2.1109277374        0.1552201399
 C          0.7460697574        1.1864147703       -0.1043828773
 N          1.3412466794        2.1244547459        0.1552590260
 H         -1.1408439928       -0.0078100684        1.4863458687
 H         -0.2626903403       -0.0018785531       -1.5013523009
  9
 Etot=          -2.0705807695
 O         -2.3875013450       -0.0104890260       -0.1030130648
 C         -1.3074912411       -0.0067917127        0.4002692890
 C         -0.0161901961       -0.0005845149       -0.4019072321
 C          0.7558270866       -1.1766994271       -0.1247915678
 N          1.3859791385       -2.1091185744        0.1520845839
 C          0.7438288477        1.1836508984       -0.1259745296
 N          1.3628457804        2.1227626579        0.1533282521
 H         -1.1861271192       -0.0079082245        1.4860078194
 H         -0.2883408134       -0.0024308616       -1.4710055416
  9
 Etot=          -2.0709835745
 O         -2.3671604857       -0.0105201078       -0.1204041474
 C         -1.2965446720       -0.0076739684        0.4059640361
 C         -0.0001308821       -0.0003628640       -0.3610576111
 C          0.7682999100       -1.1633779177       -0.0932221868
 N          1.3702870066       -2.1459718114        0.0829531372
 C          0.7559570743        1.1698492967       -0.0902054486
 N          1.3479697723        2.1599721915        0.0800873097
 H         -1.2457692458       -0.0088852097        1.4942307078
 H         -0.2700783390       -0.0006383941       -1.4333477884
  9
 Etot=          -2.0715911986
 O         -2.3664265408       -0.0108962348       -0.1111358156
 C         -1.2916081949       -0.0066850946        0.4061895386
 C         -0.0049822623       -0.0004318663       -0.3661971266
 C          0.7646667308       -1.1616997288       -0.1191087635
 N          1.3894985739       -2.1078157445        0.1089009768
 C          0.7514605751        1.1702671080       -0.1218940176
 N          1.3671824931        2.1203669444        0.1118450016
 H         -1.2602544014       -0.0076301473        1.4933182587
 H         -0.2867068350       -0.0030840211       -1.4369200438
  9
 Etot=          -2.0716793738
 O         -2.3728435141       -0.0100425137       -0.1070636272
 C         -1.2965640930       -0.0075110618        0.4065858576
 C         -0.0064273560       -0.0004950773       -0.3690626019
 C          0.7653623993       -1.1651990412       -0.1183064989
 N          1.3905545636       -2.1116828680        0.1093044475
 C          0.7545953720        1.1700695658       -0.1142258737
 N          1.3673198096        2.1269262629        0.1053924701
 H         -1.2597531883       -0.0094073523        1.4935723782
 H         -0.2794138545       -0.0002666994       -1.4411985431
  9
 Etot=          -2.0716805251
 O         -2.3761137864       -0.0122558958       -0.1043995967
 C         -1.2987798662       -0.0057296443        0.4068234671
 C         -0.0059901559       -0.0002083886       -0.3676655391
 C          0.7704932569       -1.1613502268       -0.1081260915
 N          1.3906096500       -2.1181002719        0.0968366146
 C          0.7543510325        1.1745169600       -0.1183891789
 N          1.3704359520        2.1280366355        0.1064659521
 H         -1.2671547744       -0.0066467691        1.4940359252
 H         -0.2750211699       -0.0058711838       -1.4405835443
  9
 Etot=          -2.0717058451
 O         -2.3763816334       -0.0105690117       -0.1035633461
 C         -1.2985279908       -0.0073549886        0.4066544864
 C         -0.0053786113       -0.0004346043       -0.3659800294
 C          0.7690500323       -1.1643766421       -0.1140264561
 N          1.3937179960       -2.1150949339        0.1004130951
 C          0.7569577928        1.1712003243       -0.1131335706
 N          1.3713478377        2.1292011066        0.0994929198
 H         -1.2726011367       -0.0087470990        1.4939604505
 H         -0.2753541480       -0.0014329363       -1.4388195411
