  16
 Etot=          -2.6305728895
 C         -1.1083375968       -1.6685504511       -0.2377935443
 C         -1.4729968266       -0.3754584882        0.4511301710
 C         -1.9148684570        0.8113910583       -0.3166254372
 N         -0.6483792340        0.8128834658        0.3758723893
 C          0.5749641277        0.8045053849       -0.3876387516
 C          1.6689338937        0.0947347079        0.3587567058
 O          2.6796553052       -0.3311651282       -0.1322007541
 H         -1.9480876153       -2.3578584473       -0.1794476593
 H         -0.2494686165       -2.1297617048        0.2501174931
 H         -0.8670399356       -1.5141563043       -1.2870047036
 H         -1.8980222447       -0.5150077746        1.4413522189
 H         -2.6645280379        1.4774067756        0.0880401044
 H         -1.9099086507        0.7433227624       -1.4003273138
 H          0.8964080725        1.8490242667       -0.5031115355
 H          0.4888316234        0.3805461933       -1.4011345154
 H          1.4655137057       -0.0003633479        1.4416923175
  16
 Etot=          -2.6337841206
 C         -1.1108680815       -1.6663434057       -0.2333115884
 C         -1.4869155823       -0.3724587488        0.4618653141
 C         -1.9317866921        0.8114251611       -0.3207262841
 N         -0.6520137225        0.8208744491        0.3650908375
 C          0.6018773750        0.8136477053       -0.3782912027
 C          1.6788159889        0.0952868373        0.3668841796
 O          2.6742807377       -0.3435925601       -0.1311671721
 H         -1.9395456644       -2.3751624998       -0.2032367821
 H         -0.2509646635       -2.1329707034        0.2485639783
 H         -0.8580491649       -1.5003201538       -1.2797083610
 H         -1.9186448027       -0.5132895463        1.4568076832
 H         -2.6908738872        1.4773462519        0.0843878840
 H         -1.9213364627        0.7469093468       -1.4076238668
 H          0.9040679230        1.8562880509       -0.5300535143
 H          0.4828357531        0.3746843961       -1.3763698407
 H          1.5117904594       -0.0108316119        1.4385659204
  16
 Etot=          -2.6347141856
 C         -1.1120893842       -1.6628743107       -0.2304800091
 C         -1.5002850714       -0.3704840582        0.4691920424
 C         -1.9518887089        0.8086365355       -0.3233112271
 N         -0.6592346035        0.8278961036        0.3521969155
 C          0.6222184119        0.8216107477       -0.3724445573
 C          1.6860455568        0.0975117409        0.3710626261
 O          2.6698389002       -0.3561738999       -0.1333574921
 H         -1.9350311024       -2.3811347840       -0.2259330290
 H         -0.2552640213       -2.1323637265        0.2542498524
 H         -0.8437102626       -1.4849313683       -1.2719544698
 H         -1.9356977831       -0.5126133290        1.4655327415
 H         -2.7178227355        1.4706291295        0.0827340128
 H         -1.9394178890        0.7482457991       -1.4112471947
 H          0.9214106377        1.8592392980       -0.5476407866
 H          0.4837738905        0.3670390367       -1.3568357707
 H          1.5598236779       -0.0187399459        1.4399135308
  16
 Etot=          -2.6347983878
 C         -1.1112675717       -1.6609682292       -0.2306519556
 C         -1.5028618537       -0.3700531171        0.4693614795
 C         -1.9587643223        0.8067769336       -0.3227990066
 N         -0.6629213011        0.8298624325        0.3483013749
 C          0.6243231387        0.8229900685       -0.3717869461
 C          1.6864899884        0.0966305338        0.3704386984
 O          2.6661335364       -0.3657752698       -0.1356091927
 H         -1.9357337431       -2.3765170512       -0.2364197530
 H         -0.2597231085       -2.1327330763        0.2611039364
 H         -0.8325899925       -1.4791393657       -1.2685899379
 H         -1.9385539237       -0.5132477965        1.4649110949
 H         -2.7266256358        1.4652308651        0.0842143986
 H         -1.9485915960        0.7471112964       -1.4104994578
 H          0.9288143533        1.8582345431       -0.5490147899
 H          0.4864165005        0.3654509566       -1.3542211280
 H          1.5781250442       -0.0123607553        1.4429383698
  16
 Etot=          -2.6348594332
 C         -1.1089854966       -1.6584812638       -0.2311712504
 C         -1.5027267127       -0.3694620418        0.4690687142
 C         -1.9652449751        0.8041787863       -0.3211205055
 N         -0.6663240359        0.8323446347        0.3443113739
 C          0.6244715769        0.8241901911       -0.3724048127
 C          1.6858061087        0.0958308393        0.3691622343
 O          2.6578600216       -0.3840287137       -0.1374322840
 H         -1.9383316061       -2.3671582864       -0.2528937076
 H         -0.2678845178       -2.1369102175        0.2723880916
 H         -0.8131288397       -1.4723362132       -1.2634374057
 H         -1.9377928848       -0.5140897700        1.4638938228
 H         -2.7354196594        1.4575994860        0.0879661523
 H         -1.9600908596        0.7440453835       -1.4085140391
 H          0.9349368004        1.8576293502       -0.5490933230
 H          0.4892748098        0.3664477401       -1.3550012381
 H          1.5962497836        0.0016930638        1.4459553622
  16
 Etot=          -2.6349134392
 C         -1.1055136588       -1.6562155364       -0.2315213016
 C         -1.4994826923       -0.3688359639        0.4693210480
 C         -1.9701553998        0.8010950192       -0.3188864613
 N         -0.6683828720        0.8354127701        0.3405943709
 C          0.6237212126        0.8261522698       -0.3741709008
 C          1.6836380275        0.0949213451        0.3673418157
 O          2.6443005996       -0.4096999259       -0.1389344746
 H         -1.9425362109       -2.3548505836       -0.2745041266
 H         -0.2794384642       -2.1463924789        0.2864324911
 H         -0.7868505054       -1.4657647261       -1.2563418882
 H         -1.9328971205       -0.5148269279        1.4642073102
 H         -2.7428546400        1.4491972557        0.0930068197
 H         -1.9713747887        0.7390634193       -1.4060668313
 H          0.9382074129        1.8589531396       -0.5479534999
 H          0.4912918203        0.3712292262       -1.3586526555
 H          1.6109967929        0.0220546662        1.4478054691
  16
 Etot=          -2.6349875144
 C         -1.0994066596       -1.6538198046       -0.2313523246
 C         -1.4913332581       -0.3681160220        0.4709477245
 C         -1.9754209130        0.7957569955       -0.3156242553
 N         -0.6698357042        0.8407257237        0.3354912842
 C          0.6222895349        0.8310911422       -0.3775803118
 C          1.6788156945        0.0936737516        0.3637528326
 O          2.6173211581       -0.4546558109       -0.1421886271
 H         -1.9503069940       -2.3338145854       -0.3117084088
 H         -0.3011083366       -2.1673507265        0.3098670041
 H         -0.7409491889       -1.4575266043       -1.2427631408
 H         -1.9211753551       -0.5156774421        1.4669815302
 H         -2.7519025965        1.4364488577        0.1005014582
 H         -1.9860899948        0.7293023599       -1.4025533107
 H          0.9400962477        1.8643052532       -0.5439702565
 H          0.4931087094        0.3837194785       -1.3663819826
 H          1.6285671694        0.0574304020        1.4482579695
  16
 Etot=          -2.6350637823
 C         -1.0949132461       -1.6535437671       -0.2302312355
 C         -1.4827678817       -0.3679972713        0.4734144537
 C         -1.9769982616        0.7909998952       -0.3139577826
 N         -0.6694497523        0.8448876221        0.3322131840
 C          0.6212247275        0.8366733563       -0.3803854629
 C          1.6740398534        0.0924061580        0.3600698718
 O          2.5925681954       -0.4884752825       -0.1455152166
 H         -1.9565873422       -2.3164522370       -0.3407322313
 H         -0.3213916250       -2.1881288699        0.3275621463
 H         -0.7044251477       -1.4549577406       -1.2294411944
 H         -1.9090774643       -0.5156948591        1.4712267637
 H         -2.7557033116        1.4277544875        0.1045016114
 H         -1.9932595737        0.7199281498       -1.4006729087
 H          0.9391892064        1.8715155283       -0.5374303663
 H          0.4935884381        0.3986396559       -1.3739131594
 H          1.6366326987        0.0839381431        1.4449687117
  16
 Etot=          -2.6351581286
 C         -1.0908416115       -1.6555435673       -0.2275902456
 C         -1.4731816082       -0.3686280585        0.4774986858
 C         -1.9756528414        0.7855428664       -0.3142148428
 N         -0.6681757331        0.8490819204        0.3307645053
 C          0.6204847263        0.8455926787       -0.3816272634
 C          1.6690183452        0.0921093126        0.3556160156
 O          2.5618630905       -0.5213192704       -0.1532493541
 H         -1.9606516026       -2.3003918170       -0.3669016062
 H         -0.3438565827       -2.2113259727        0.3427923916
 H         -0.6700767169       -1.4577942996       -1.2130095469
 H         -1.8964730566       -0.5150852451        1.4774885014
 H         -2.7559614892        1.4213668012        0.1037504708
 H         -1.9924463730        0.7092768682       -1.4007041116
 H          0.9360851441        1.8832005234       -0.5266078432
 H          0.4920535848        0.4193749439       -1.3803765065
 H          1.6404822375        0.1060352843        1.4380479348
  16
 Etot=          -2.6351819451
 C         -1.0834518687       -1.6572874139       -0.2238002906
 C         -1.4640616665       -0.3698928143        0.4828710891
 C         -1.9776741053        0.7773848425       -0.3142150369
 N         -0.6699737597        0.8551705872        0.3293288504
 C          0.6192448025        0.8591714741       -0.3809635967
 C          1.6625911796        0.0910208133        0.3482203637
 O          2.5122295210       -0.5795755332       -0.1723631305
 H         -1.9652349340       -2.2775411411       -0.4119763437
 H         -0.3763789758       -2.2420690276        0.3715221441
 H         -0.6117423114       -1.4563436367       -1.1882576653
 H         -1.8862720894       -0.5160963626        1.4838002717
 H         -2.7619470156        1.4101637634        0.1019732167
 H         -1.9934971105        0.6960592019       -1.4004243265
 H          0.9357082037        1.8985695019       -0.5125670774
 H          0.4883924666        0.4459949049       -1.3848573364
 H          1.6647371767        0.1467638087        1.4333860534
  16
 Etot=          -2.6352661282
 C         -1.0842704450       -1.6599890846       -0.2210831931
 C         -1.4674109672       -0.3713156211        0.4839614419
 C         -1.9752815224        0.7769884626       -0.3167722389
 N         -0.6708344864        0.8533316873        0.3328007436
 C          0.6190664380        0.8619714495       -0.3776957838
 C          1.6632437575        0.0901024931        0.3455166781
 O          2.5069775243       -0.5723685483       -0.1818728487
 H         -1.9615805628       -2.2808456522       -0.4085982765
 H         -0.3788356608       -2.2416525584        0.3726297093
 H         -0.6135462222       -1.4614340495       -1.1834854801
 H         -1.8933282566       -0.5160113488        1.4835094170
 H         -2.7588169421        1.4138935466        0.0945149474
 H         -1.9828502670        0.6971417284       -1.4030825222
 H          0.9350662919        1.9015616609       -0.5065037086
 H          0.4856933026        0.4511124175       -1.3815811239
 H          1.6693775312        0.1390063856        1.4294194236
  16
 Etot=          -2.6353147225
 C         -1.0788534506       -1.6614910495       -0.2153438300
 C         -1.4669024988       -0.3720905007        0.4864041227
 C         -1.9751978988        0.7731010768       -0.3187866303
 N         -0.6734399039        0.8555766081        0.3351792469
 C          0.6179016119        0.8726919263       -0.3746447550
 C          1.6629967997        0.0941276103        0.3397593534
 O          2.4771007568       -0.5985097422       -0.2000187783
 H         -1.9574867059       -2.2719914223       -0.4259326617
 H         -0.3937654511       -2.2525685976        0.3924272249
 H         -0.5841006855       -1.4636072787       -1.1655334571
 H         -1.8977796234       -0.5159086161        1.4837108957
 H         -2.7615156864        1.4099211383        0.0871706536
 H         -1.9765253883        0.6923365327       -1.4050295666
 H          0.9345035389        1.9128359144       -0.4960665325
 H          0.4832794405        0.4687679340       -1.3809118011
 H          1.6824546581        0.1383014349        1.4192937005
  16
 Etot=          -2.6353342462
 C         -1.0667299786       -1.6647202316       -0.2030048512
 C         -1.4665870302       -0.3746956915        0.4910563179
 C         -1.9760530246        0.7635555863       -0.3224558748
 N         -0.6801756859        0.8587327234        0.3405508770
 C          0.6131302334        0.8930342010       -0.3684675568
 C          1.6568134903        0.0888480634        0.3219770215
 O          2.4057705183       -0.6635946257       -0.2425768486
 H         -1.9517387627       -2.2472626918       -0.4780421898
 H         -0.4359846391       -2.2834088424        0.4440856326
 H         -0.5048975633       -1.4660745024       -1.1208342031
 H         -1.9094158992       -0.5171984409        1.4828771018
 H         -2.7687319095        1.3990092032        0.0727883821
 H         -1.9656448218        0.6805920351       -1.4085489732
 H          0.9348730374        1.9345456816       -0.4651918216
 H          0.4758746069        0.5137042600       -1.3843754321
 H          1.7321669417        0.1664262410        1.4018396035
  16
 Etot=          -2.6354377761
 C         -1.0684118302       -1.6626811306       -0.2037104026
 C         -1.4729677409       -0.3736763722        0.4873830881
 C         -1.9754082132        0.7679701824       -0.3228039149
 N         -0.6803491779        0.8553372647        0.3424188850
 C          0.6123043733        0.8858743038       -0.3683713789
 C          1.6578166875        0.0843426831        0.3230644217
 O          2.4262467539       -0.6424249287       -0.2353539611
 H         -1.9453092556       -2.2594651168       -0.4568391579
 H         -0.4182691218       -2.2651161629        0.4327249573
 H         -0.5303287117       -1.4647208012       -1.1300706749
 H         -1.9193679607       -0.5169412865        1.4772033762
 H         -2.7673947491        1.4035764109        0.0726462127
 H         -1.9657712137        0.6875635074       -1.4090324951
 H          0.9358608196        1.9261909313       -0.4681176407
 H          0.4762826760        0.5044413416       -1.3837262963
 H          1.7277361776        0.1512221423        1.4042621665
  16
 Etot=          -2.6354963042
 C         -1.0615486129       -1.6620551169       -0.1965649721
 C         -1.4753617253       -0.3731732322        0.4882146706
 C         -1.9746225129        0.7661400494       -0.3257596166
 N         -0.6831904652        0.8563955787        0.3463254732
 C          0.6091458493        0.8926430149       -0.3655302361
 C          1.6538318545        0.0785260652        0.3138872503
 O          2.3980270572       -0.6694323035       -0.2513386152
 H         -1.9338272657       -2.2559954412       -0.4686508699
 H         -0.4260499522       -2.2666075596        0.4505535391
 H         -0.5040765337       -1.4641272698       -1.1106900091
 H         -1.9303137880       -0.5158381667        1.4743202976
 H         -2.7701405485        1.4006746122        0.0642756948
 H         -1.9602505298        0.6837739908       -1.4118238435
 H          0.9350591654        1.9336495869       -0.4519709913
 H          0.4716295008        0.5255659677       -1.3864988925
 H          1.7443580204        0.1513531925        1.3929283057
  16
 Etot=          -2.6354039479
 C         -1.0304676342       -1.6587722450       -0.1643559655
 C         -1.4839161736       -0.3702572232        0.4934596586
 C         -1.9724930774        0.7577729096       -0.3381942897
 N         -0.6948688103        0.8623173221        0.3609046792
 C          0.5956285957        0.9207922491       -0.3554494499
 C          1.6347128473        0.0518473736        0.2704640475
 O          2.2731316490       -0.7844817275       -0.3192201941
 H         -1.8890429458       -2.2341524595       -0.5341227793
 H         -0.4695866888       -2.2834672426        0.5403440347
 H         -0.3713569528       -1.4575612780       -1.0200568387
 H         -1.9736094463       -0.5098543143        1.4646496876
 H         -2.7827244347        1.3871022399        0.0306454217
 H         -1.9410611105        0.6636372871       -1.4231879106
 H          0.9314685863        1.9648789361       -0.3804134016
 H          0.4503901737        0.6198372095       -1.4009877065
 H          1.8164649358        0.1518539316        1.3371981916
  16
 Etot=          -2.6356174892
 C         -1.0421502602       -1.6579428128       -0.1774768040
 C         -1.4814695120       -0.3696861446        0.4903595487
 C         -1.9726674047        0.7639005312       -0.3344120119
 N         -0.6893877548        0.8603649347        0.3550331247
 C          0.6008847574        0.9054378719       -0.3598949334
 C          1.6404150836        0.0595107626        0.2877346838
 O          2.3305311443       -0.7307317533       -0.2855396212
 H         -1.9013003712       -2.2495937854       -0.4958325645
 H         -0.4405198426       -2.2676724502        0.4965841635
 H         -0.4371342166       -1.4571800743       -1.0604088320
 H         -1.9573050992       -0.5108367190        1.4674628354
 H         -2.7767492328        1.3950784872        0.0439137690
 H         -1.9495701231        0.6726498827       -1.4196019119
 H          0.9326698096        1.9475020095       -0.4089384528
 H          0.4578417364        0.5791269506       -1.3944535363
 H          1.7785807991        0.1415652776        1.3571477281
  16
 Etot=          -2.6356412614
 C         -1.0388734197       -1.6580298204       -0.1772779174
 C         -1.4805794281       -0.3701074799        0.4907382961
 C         -1.9729386603        0.7623767381       -0.3365005555
 N         -0.6913418812        0.8622436394        0.3560153225
 C          0.5999051285        0.9089711008       -0.3568432244
 C          1.6363196091        0.0565225184        0.2853918086
 O          2.3083596667       -0.7501517892       -0.2931650204
 H         -1.8948771150       -2.2468236162       -0.5003598559
 H         -0.4440038144       -2.2705556475        0.4983187869
 H         -0.4296603578       -1.4582003378       -1.0539423750
 H         -1.9569768959       -0.5118497895        1.4672638218
 H         -2.7782122084        1.3935458265        0.0394902529
 H         -1.9460029921        0.6699236404       -1.4215635709
 H          0.9343747122        1.9500682972       -0.4000935543
 H          0.4553357749        0.5879595545       -1.3918565924
 H          1.7918413948        0.1556001338        1.3560615624
  16
 Etot=          -2.6356965483
 C         -1.0324372345       -1.6572126441       -0.1714018614
 C         -1.4812903096       -0.3692684503        0.4918214527
 C         -1.9735019210        0.7607205110       -0.3391251413
 N         -0.6940035153        0.8644927837        0.3573266249
 C          0.5975186595        0.9141679576       -0.3549433546
 C          1.6312442381        0.0514493901        0.2769158660
 O          2.2801417122       -0.7720101811       -0.3050019029
 H         -1.8864255881       -2.2414064605       -0.5149290138
 H         -0.4534897446       -2.2748092388        0.5165137495
 H         -0.4006994733       -1.4561830611       -1.0354039600
 H         -1.9616824259       -0.5103726642        1.4664170235
 H         -2.7809953714        1.3909398346        0.0335403205
 H         -1.9439830532        0.6650128935       -1.4238071177
 H          0.9352293520        1.9548046832       -0.3859584025
 H          0.4514083994        0.6060612399       -1.3937615086
 H          1.8056357888        0.1551063752        1.3434744106
  16
 Etot=          -2.6357570825
 C         -1.0187047290       -1.6554084910       -0.1599679044
 C         -1.4813816585       -0.3672335342        0.4937191361
 C         -1.9743579908        0.7570957959       -0.3452188870
 N         -0.6993651214        0.8701283315        0.3592063460
 C          0.5932308973        0.9258670109       -0.3506492313
 C          1.6197148900        0.0406048997        0.2609349490
 O          2.2195279071       -0.8180109355       -0.3266791703
 H         -1.8667123845       -2.2318573714       -0.5385416582
 H         -0.4681744476       -2.2812810471        0.5475431177
 H         -0.3502599608       -1.4534209406       -0.9995100753
 H         -1.9688457095       -0.5067668702        1.4650348047
 H         -2.7869052985        1.3851078689        0.0202477845
 H         -1.9391768777        0.6544945649       -1.4290888469
 H          0.9382757030        1.9651654167       -0.3562999603
 H          0.4445375544        0.6442584492       -1.3972887000
 H          1.8312667398        0.1527498208        1.3182354808
  16
 Etot=          -2.6358259532
 C         -1.0135591367       -1.6543349683       -0.1559658173
 C         -1.4807819961       -0.3659669235        0.4940133027
 C         -1.9756133319        0.7554438901       -0.3479256585
 N         -0.7019636381        0.8732091109        0.3579383823
 C          0.5921780957        0.9300114917       -0.3489080028
 C          1.6139282192        0.0352419817        0.2554465771
 O          2.1935130297       -0.8328273538       -0.3316754980
 H         -1.8588743674       -2.2286917266       -0.5450552689
 H         -0.4716705667       -2.2818575644        0.5569493774
 H         -0.3338073473       -1.4519757564       -0.9867139749
 H         -1.9687135450       -0.5044619085        1.4651218733
 H         -2.7900998375        1.3821528698        0.0151465500
 H         -1.9390966220        0.6499215801       -1.4313614753
 H          0.9418325617        1.9675284652       -0.3445835823
 H          0.4437509878        0.6588920692       -1.3982019253
 H          1.8416470079        0.1492077113        1.3074523256
  16
 Etot=          -2.6359218004
 C         -1.0116070977       -1.6535785807       -0.1584627179
 C         -1.4766989282       -0.3657077853        0.4941005652
 C         -1.9749309660        0.7539725816       -0.3472861743
 N         -0.7011756578        0.8755481604        0.3570549278
 C          0.5937215874        0.9339921063       -0.3485474915
 C          1.6154705176        0.0397717550        0.2573503539
 O          2.1723402838       -0.8458965691       -0.3231188599
 H         -1.8561465002       -2.2281363541       -0.5421763635
 H         -0.4666444316       -2.2808604388        0.5491823819
 H         -0.3397220905       -1.4527250006       -0.9926851324
 H         -1.9632893570       -0.5053366676        1.4658421055
 H         -2.7913102189        1.3781705513        0.0158402128
 H         -1.9386451582        0.6489266409       -1.4308177414
 H          0.9431316086        1.9711203931       -0.3484509895
 H          0.4453334190        0.6584017005       -1.3963606006
 H          1.8428425028        0.1538304758        1.3102127089
  16
 Etot=          -2.6360705505
 C         -1.0073355403       -1.6518506067       -0.1663889292
 C         -1.4685160955       -0.3657448656        0.4930505081
 C         -1.9748055401        0.7505821204       -0.3464481245
 N         -0.7009487021        0.8804769380        0.3546062162
 C          0.5962708575        0.9408309395       -0.3464078139
 C          1.6123638625        0.0434158369        0.2660187045
 O          2.1154779326       -0.8855670163       -0.2978783471
 H         -1.8523784068       -2.2289171525       -0.5360803989
 H         -0.4509525148       -2.2768361878        0.5302548665
 H         -0.3535256824       -1.4506632269       -1.0107082878
 H         -1.9511450326       -0.5086246447        1.4664745487
 H         -2.7955128282        1.3686648751        0.0174285567
 H         -1.9386138910        0.6475303697       -1.4302435797
 H          0.9469795396        1.9768715081       -0.3516150927
 H          0.4503892960        0.6584353164       -1.3923015003
 H          1.8649222587        0.1828887648        1.3119158582
  16
 Etot=          -2.6361489938
 C         -1.0021279161       -1.6496793790       -0.1784860502
 C         -1.4592511389       -0.3663483790        0.4900643093
 C         -1.9760390292        0.7464068729       -0.3465599177
 N         -0.7019134335        0.8861905932        0.3503954605
 C          0.5992670978        0.9471881676       -0.3422566543
 C          1.6063545173        0.0447089576        0.2793353608
 O          2.0306327328       -0.9461808932       -0.2572664372
 H         -1.8500466016       -2.2342748728       -0.5255905080
 H         -0.4233166975       -2.2682092651        0.5041262307
 H         -0.3735944529       -1.4444667236       -1.0395610277
 H         -1.9354599731       -0.5137473833        1.4660985854
 H         -2.8019429797        1.3564609034        0.0192965395
 H         -1.9400150317        0.6466634227       -1.4307234693
 H          0.9520496850        1.9821638810       -0.3485229871
 H          0.4593052985        0.6609931886       -1.3876212456
 H          1.9087674361        0.2336238776        1.3089489958
  16
 Etot=          -2.6362850886
 C         -1.0046850991       -1.6504782459       -0.1779214741
 C         -1.4619083037       -0.3666356260        0.4890825186
 C         -1.9771254010        0.7467850521       -0.3481556310
 N         -0.7028304001        0.8843990993        0.3489962488
 C          0.5991258227        0.9437630936       -0.3416295728
 C          1.6048859198        0.0402555090        0.2798551739
 O          2.0400533583       -0.9371168788       -0.2575943972
 H         -1.8540392288       -2.2382081344       -0.5210488437
 H         -0.4208290144       -2.2656481397        0.5053924633
 H         -0.3775947691       -1.4442362416       -1.0415781854
 H         -1.9371327131       -0.5126104315        1.4656754867
 H         -2.8015521389        1.3584838530        0.0180535600
 H         -1.9412229145        0.6469091140       -1.4322656010
 H          0.9519339324        1.9790643063       -0.3411291096
 H          0.4625044744        0.6634343064       -1.3892017858
 H          1.9130859884        0.2333323329        1.3051463343
  16
 Etot=          -2.6364287547
 C         -1.0044081340       -1.6502397048       -0.1836836075
 C         -1.4607231388       -0.3673589206        0.4852415470
 C         -1.9793058007        0.7457615979       -0.3509549330
 N         -0.7040961756        0.8848125206        0.3443845133
 C          0.6012385245        0.9435127173       -0.3387439679
 C          1.6033630925        0.0384588229        0.2860659527
 O          2.0000822848       -0.9645079184       -0.2307854144
 H         -1.8570348054       -2.2506737591       -0.5053424469
 H         -0.3960501996       -2.2537428859        0.4927247625
 H         -0.3952748548       -1.4393366333       -1.0624347003
 H         -1.9306520778       -0.5140729915        1.4641345663
 H         -2.8041887357        1.3552729691        0.0177498496
 H         -1.9445772481        0.6472963883       -1.4351829455
 H          0.9534658451        1.9795292305       -0.3274784691
 H          0.4722231989        0.6710599018       -1.3897332722
 H          1.9386077380        0.2557216340        1.2957157503
  16
 Etot=          -2.6365111315
 C         -1.0024694742       -1.6494893351       -0.1936047859
 C         -1.4602068288       -0.3691929840        0.4779055283
 C         -1.9827838332        0.7449119748       -0.3554383744
 N         -0.7064528921        0.8845959861        0.3386115839
 C          0.6041401324        0.9448548208       -0.3329538070
 C          1.5999655199        0.0353269472        0.2953755056
 O          1.9225873363       -1.0198339380       -0.1808026494
 H         -1.8552948597       -2.2720100298       -0.4813444746
 H         -0.3557621204       -2.2325102068        0.4698554176
 H         -0.4235599130       -1.4328091964       -1.0946098664
 H         -1.9229598800       -0.5185032751        1.4596485913
 H         -2.8086111615        1.3506371528        0.0173233740
 H         -1.9496535147        0.6493684940       -1.4399312198
 H          0.9554676649        1.9816859743       -0.3049536625
 H          0.4859129099        0.6850430734       -1.3889227886
 H          1.9923504276        0.2994175102        1.2755188129
  16
 Etot=          -2.6366147565
 C         -1.0032229144       -1.6502892921       -0.1904700881
 C         -1.4652658425       -0.3698122488        0.4766842423
 C         -1.9828512630        0.7471175669       -0.3567692184
 N         -0.7065315632        0.8812022719        0.3400378007
 C          0.6035040749        0.9441010585       -0.3326853137
 C          1.6035458407        0.0360290440        0.2901038934
 O          1.9330392270       -1.0132047923       -0.1819610053
 H         -1.8517630317       -2.2764200679       -0.4799370579
 H         -0.3573599033       -2.2291065864        0.4755013176
 H         -0.4209935659       -1.4348342366       -1.0882993908
 H         -1.9300058943       -0.5183070052        1.4574493403
 H         -2.8066063244        1.3555883258        0.0160463151
 H         -1.9500111661        0.6508206344       -1.4411686654
 H          0.9524621714        1.9818208088       -0.2998601063
 H          0.4843187864        0.6897156771       -1.3899769954
 H          1.9904108815        0.2870718105        1.2669821171
  16
 Etot=          -2.6367113009
 C         -1.0040653230       -1.6510838976       -0.1927179231
 C         -1.4714337039       -0.3721938047        0.4730493231
 C         -1.9837997989        0.7482455893       -0.3591786912
 N         -0.7089586571        0.8769238110        0.3424573077
 C          0.6023381887        0.9432980053       -0.3273450810
 C          1.6016996758        0.0318435946        0.2911439661
 O          1.9095429917       -1.0288938661       -0.1626478957
 H         -1.8469207177       -2.2845724217       -0.4749020185
 H         -0.3503067190       -2.2215279167        0.4694025181
 H         -0.4296698393       -1.4356214292       -1.0934310629
 H         -1.9383283223       -0.5220039373        1.4525219084
 H         -2.8068476771        1.3581084311        0.0128320302
 H         -1.9488525121        0.6535890994       -1.4436736547
 H          0.9506637093        1.9808287790       -0.2883163276
 H          0.4848978129        0.6951990805       -1.3860942476
 H          2.0327104054        0.3093538515        1.2485770336
  16
 Etot=          -2.6367247318
 C         -1.0031467157       -1.6527461941       -0.1996739190
 C         -1.4799995280       -0.3772824013        0.4650742967
 C         -1.9839475765        0.7497507648       -0.3639392863
 N         -0.7116182640        0.8691612618        0.3464202292
 C          0.6023399917        0.9463411796       -0.3174417302
 C          1.6039148969        0.0326524858        0.2930397695
 O          1.8350260473       -1.0781261586       -0.1062135382
 H         -1.8375458296       -2.3068632980       -0.4553754546
 H         -0.3207591702       -2.2009352362        0.4512118139
 H         -0.4549918308       -1.4343490435       -1.1154103766
 H         -1.9500293204       -0.5306148135        1.4424980176
 H         -2.8064642950        1.3608681850        0.0071800255
 H         -1.9454832196        0.6587867050       -1.4486587899
 H          0.9454176103        1.9848228077       -0.2657421798
 H          0.4892153493        0.7099708675       -1.3790285968
 H          2.1107413674        0.3500558566        1.2077369041
  16
 Etot=          -2.6368341733
 C         -1.0041659066       -1.6532602177       -0.1959106255
 C         -1.4778347893       -0.3762742740        0.4695101422
 C         -1.9809297829        0.7492894674       -0.3611228733
 N         -0.7095993600        0.8702650464        0.3495715068
 C          0.6015270341        0.9470496023       -0.3206475172
 C          1.6067170460        0.0369385486        0.2897313745
 O          1.8708067799       -1.0516312561       -0.1292216051
 H         -1.8416467731       -2.2966081127       -0.4640451293
 H         -0.3368224267       -2.2119090550        0.4599951074
 H         -0.4453388339       -1.4367432205       -1.1051480428
 H         -1.9516377753       -0.5285921929        1.4455097704
 H         -2.8037913712        1.3617386160        0.0071598994
 H         -1.9407347266        0.6571883200       -1.4457225697
 H          0.9446241144        1.9852422563       -0.2800783761
 H          0.4827467079        0.7012805341       -1.3789611507
 H          2.0787495764        0.3275189064        1.2210572741
  16
 Etot=          -2.6368702586
 C         -1.0060489291       -1.6545910719       -0.1985735857
 C         -1.4796728993       -0.3781274963        0.4682603886
 C         -1.9791115312        0.7494640680       -0.3614637328
 N         -0.7096328242        0.8676490118        0.3528800720
 C          0.6013020892        0.9476131292       -0.3177571741
 C          1.6086784201        0.0391068095        0.2913456427
 O          1.8572538075       -1.0581761363       -0.1141315687
 H         -1.8432591946       -2.3025224409       -0.4583372279
 H         -0.3303755072       -2.2088334567        0.4537050636
 H         -0.4558697913       -1.4371393898       -1.1133396968
 H         -1.9564948236       -0.5318072774        1.4426774999
 H         -2.8021030628        1.3628199756        0.0050525752
 H         -1.9357260287        0.6593241212       -1.4461411839
 H          0.9424176416        1.9864303707       -0.2780491604
 H          0.4820163575        0.7008801325       -1.3757641275
 H          2.0992957891        0.3394026194        1.2113134006
