     -2.630720619443     -2.630927092667         0.45327E-03
     -2.629514041870     -2.629700938542         0.43629E-03
     -2.630718990866     -2.630925203292         0.61656E-03
     -2.630720665030     -2.630926378609         0.40845E-03
     -2.629520480791     -2.629704045574         0.37021E-03
     -2.629515274869     -2.629698822020         0.35436E-03
     -2.629516035658     -2.629703558340         0.90480E-03
     -2.629524979249     -2.629709746374         0.95595E-03
     -2.629511337400     -2.629694734032         0.78298E-03
     -2.629524334333     -2.629709925571         0.50367E-03
     -2.629525622254     -2.629711724565         0.36705E-03
     -2.629530410264     -2.629716405574         0.50130E-03
     -2.629518272118     -2.629702914248         0.95291E-03
     -2.629511091677     -2.629696045624         0.86982E-03
     -2.629522230200     -2.629705670587         0.36281E-03
     -2.629534207766     -2.629718244488         0.44109E-03
     -2.629529824996     -2.629714693662         0.79321E-03
     -2.629529074684     -2.629713899571         0.61847E-03
     -2.629526273894     -2.629711118341         0.80554E-03
     -2.629514123653     -2.629699409189         0.69233E-03
     -2.629516810338     -2.629701315730         0.63458E-03
     -2.629521866582     -2.629706037837         0.92020E-03
     -2.630707440293     -2.630913655208         0.32458E-03
     -2.629495001188     -2.629684190254         0.80482E-03
     -2.630707188999     -2.630913874702         0.59879E-03
     -2.630705677324     -2.630913425221         0.99730E-03
     -2.629536205006     -2.629721173193         0.53283E-03
     -2.629530960867     -2.629717043662         0.22031E-03
     -2.627981181667     -2.628185229724         0.64544E-03
     -2.629526858709     -2.629712266667         0.77090E-03
     -2.630711820772     -2.630917336149         0.62248E-03
     -2.629527871645     -2.629712520739         0.72999E-03
     -2.630709578161     -2.630917976440         0.79334E-03
     -2.629525494726     -2.629710560354         0.37745E-03
     -2.629535434955     -2.629721213040         0.90140E-03
     -2.627972407915     -2.628176440681         0.97269E-03
     -2.629530462373     -2.629714679576         0.53493E-03
     -2.629520372070     -2.629704520626         0.78698E-03
     -2.629500948718     -2.629685301203         0.78508E-03
     -2.629533871010     -2.629718318569         0.76417E-03
     -2.626821715979     -2.627012728503         0.37683E-03
     -2.629529036372     -2.629713012822         0.35211E-03
     -2.629537373984     -2.629722007507         0.54164E-03
     -2.629536874895     -2.629722669452         0.79042E-03
     -2.629530156752     -2.629713371457         0.75743E-03
