16
 energy: -22.228138392380 gnorm: 0.055964197771 xtb: 6.7.0 (08769fc)
C           -1.25894462730000       -1.40934734120000        0.48136043690000
C           -1.53736568540000        0.00829688690000        0.01371345030000
C           -0.79911750500000        0.53928502960000       -1.16238168670000
N           -0.58305997050000        1.11898454940000        0.19200758190000
C            0.67438707180000        0.76698935870000        0.90048734980000
C            1.71998642470000        0.15058770400000        0.04003343820000
O            1.62386632370000       -0.93090257000000       -0.45667290400000
H           -1.52644573190000       -1.54156310280000        1.53018541640000
H           -0.20505665050000       -1.66096150370000        0.36990924610000
H           -1.82543459480000       -2.13318612090000       -0.10570852660000
H           -2.58870341700000        0.30079805020000        0.11078332750000
H           -1.32145451740000        1.16741862360000       -1.88322171920000
H           -0.00476175940000       -0.06799590650000       -1.59291088270000
H            0.43735662580000        0.09796238530000        1.73176981310000
H            1.05577440250000        1.68574674810000        1.35865395020000
H            2.61682105080000        0.71346595950000       -0.19437039200000
16
 energy: -22.234126839564 gnorm: 0.025242610567 xtb: 6.7.0 (08769fc)
C           -1.28089852790631       -1.42102536433491        0.48708710799588
C           -1.54297212007151       -0.01761779607781       -0.00324658130939
C           -0.82005185788230        0.53037304790296       -1.17311573899417
N           -0.57036755698068        1.05842541094884        0.17385239354747
C            0.68570211246556        0.76339419042173        0.89300081281039
C            1.77241539768377        0.15006345169614        0.06252951853837
O            1.72479913086739       -0.95038021076540       -0.43623462737088
H           -1.55172041920052       -1.53052966197652        1.53768084413656
H           -0.23482455902941       -1.69179411701432        0.36186919189441
H           -1.87430642789697       -2.12073663349390       -0.09857566470241
H           -2.57145072223594        0.31429062967077        0.13692493579822
H           -1.31942950895038        1.21623084680987       -1.84860620495538
H           -0.06233356964379       -0.08191750416781       -1.64376519278555
H            0.44961236047566        0.09104924986067        1.72431339582831
H            1.03017980136140        1.71225448720258        1.32363462828057
H            2.64349390704401        0.78349872351710       -0.16371091951239
16
 energy: -22.235630445593 gnorm: 0.017434939731 xtb: 6.7.0 (08769fc)
C           -1.30755237867360       -1.43865827552004        0.47590496845278
C           -1.54532691829681       -0.03110618919631       -0.00261770213055
C           -0.81548207038430        0.51592743636269       -1.16410753252213
N           -0.56094043283947        1.02005447383740        0.16971090287882
C            0.69223034489554        0.77189806692148        0.88748886799222
C            1.78919393074423        0.16971490155934        0.05154173490733
O            1.77849360578097       -0.94438404345315       -0.42583394736288
H           -1.57006579520752       -1.52863474780483        1.52960126024419
H           -0.26873424367939       -1.73043194004606        0.33626868798798
H           -1.93136082158958       -2.12442144000981       -0.09602501334014
H           -2.55780285519754        0.33199757725483        0.16370394213867
H           -1.29866847050448        1.23149665903956       -1.81829348630694
H           -0.07800747111069       -0.10944036942465       -1.65025813859091
H            0.47593259582297        0.09737056381609        1.72431989045304
H            1.01747823583069        1.74067465742116        1.28659518249838
H            2.65846018450899        0.83352141944232       -0.13436171809984
16
 energy: -22.235998951781 gnorm: 0.008074110027 xtb: 6.7.0 (08769fc)
C           -1.32758454865411       -1.44938679968061        0.46734537716695
C           -1.54552371269132       -0.03359017576121       -0.00028479911509
C           -0.81315456433349        0.50803628711274       -1.16363912742838
N           -0.54684292628930        1.00042481232238        0.16497003100016
C            0.70081473297445        0.77657498600492        0.88932362383301
C            1.81822602163380        0.17487870075431        0.07366256052911
O            1.80666025624292       -0.92305275802422       -0.42470493072047
H           -1.57528695644479       -1.53527979205477        1.52475763095276
H           -0.29535567575353       -1.75910855345791        0.31265898724883
H           -1.97402020165666       -2.12563174133284       -0.09231846391840
H           -2.55016649156986        0.34455621487072        0.17683677674040
H           -1.29188424944627        1.23165725033466       -1.81090314840007
H           -0.09676275416925       -0.13637718195725       -1.66203298755238
H            0.49341632282177        0.10819546770831        1.73330871735179
H            1.01383352698917        1.75293753800302        1.27431098206994
H            2.66147866044648        0.87074449535776       -0.12965333055812
16
 energy: -22.236156160103 gnorm: 0.003691435044 xtb: 6.7.0 (08769fc)
C           -1.33587353089528       -1.45318108444549        0.46540394276810
C           -1.54799532505155       -0.03358004217068        0.00248105109124
C           -0.81458768994509        0.50527557388016       -1.16450194003880
N           -0.54385971667987        0.99532740722243        0.16470981175568
C            0.70385192882473        0.78101230818563        0.88779707481052
C            1.82198798664410        0.18690093404160        0.06670119924337
O            1.81590960817679       -0.91187985250483       -0.42511788918064
H           -1.57154082929626       -1.54444605834974        1.52533644030783
H           -0.30754075687467       -1.77005337458559        0.29899633149062
H           -1.99255393934504       -2.12247557833457       -0.08989373362043
H           -2.55110441243133        0.34551191683424        0.18154693007663
H           -1.29059495194514        1.22767684561922       -1.81467892854479
H           -0.10391068532038       -0.14521716366557       -1.66346720938939
H            0.50650934179035        0.11549755674935        1.73661512792670
H            1.01319511409574        1.75803478289541        1.27034927792122
H            2.67595529835289        0.87117457882844       -0.10863958741781
16
 energy: -22.236203879460 gnorm: 0.002841536570 xtb: 6.7.0 (08769fc)
C           -1.33934454705238       -1.45434334427198        0.46447817842394
C           -1.54965993843790       -0.03315882888210        0.00539072907234
C           -0.81365270028750        0.50099659250822       -1.16370485127717
N           -0.54407424607269        0.99374306756343        0.16504789162747
C            0.70380959115712        0.78310178686072        0.88637063716747
C            1.82411244377610        0.19174284132081        0.06531705870530
O            1.81641240649038       -0.90350421245364       -0.43448281056383
H           -1.56435600881462       -1.54848530849401        1.52676865601100
H           -0.31428794652461       -1.77535554839244        0.28694368809718
H           -2.00512874467476       -2.11743309386003       -0.08655813394088
H           -2.55227195840836        0.34611193392855        0.18517425586128
H           -1.28430588826567        1.22266939413323       -1.81907006945299
H           -0.10281280600784       -0.15187961324389       -1.65714142181199
H            0.51157425755984        0.11849196178872        1.73692862672544
H            1.01000530523739        1.76086393976626        1.26971759194322
H            2.68182822042550        0.87201718192816       -0.09754212738774
16
 energy: -22.236267055992 gnorm: 0.002657428372 xtb: 6.7.0 (08769fc)
C           -1.34369866351276       -1.45532055473903        0.46326268009688
C           -1.55196032234697       -0.03209683745719        0.00910311793741
C           -0.81364363878063        0.49355510181758       -1.16365934973863
N           -0.54436309693651        0.99173946406289        0.16413098914167
C            0.70317980462621        0.78601370957580        0.88405140100247
C            1.82898187896515        0.19985528946943        0.06585074562345
O            1.81445520112515       -0.88451010442778       -0.45940377102103
H           -1.54630663817764       -1.55166782576044        1.53053089856527
H           -0.32541986703516       -1.78399339896592        0.26287546335121
H           -2.02794500751115       -2.10884341803490       -0.07530741985688
H           -2.55394506878251        0.34775525231335        0.18958876643742
H           -1.27671323307012        1.21271887660094       -1.82775514400922
H           -0.10416900928439       -0.16690475922951       -1.64817666790091
H            0.51801999981541        0.12089390080415        1.73573004139367
H            1.00443029052946        1.76466077584171        1.27033122325122
H            2.69694481047647        0.87172327832892       -0.06751507507396
16
 energy: -22.236328973674 gnorm: 0.005270336227 xtb: 6.7.0 (08769fc)
C           -1.34648261160076       -1.45561893306713        0.46371690191556
C           -1.55439819027280       -0.03178340218563        0.01087154230205
C           -0.81587256127995        0.48573073665749       -1.16571278181588
N           -0.54531280453571        0.98980131211530        0.16023811260764
C            0.70168360282902        0.78863792934804        0.87997510974379
C            1.83476163233659        0.20819557596351        0.06784522996432
O            1.80762152580699       -0.85773809247854       -0.49793680681463
H           -1.52088320659381       -1.55017770926637        1.53693337593212
H           -0.33672857634024       -1.79262987213510        0.23578791832358
H           -2.05204908510401       -2.10170079695392       -0.05522081918235
H           -2.55591148537090        0.34871624700556        0.19277175095849
H           -1.27253000862853        1.20229959942589       -1.83728674612210
H           -0.10706986362358       -0.18133454973811       -1.64190483184975
H            0.52160300415262        0.12075024197655        1.73071797222951
H            0.99775419203528        1.76742216999417        1.27143555703199
H            2.72166187628980        0.86500829353831       -0.01859358602428
16
 energy: -22.236384898400 gnorm: 0.009659963126 xtb: 6.7.0 (08769fc)
C           -1.34597286875580       -1.45527513661816        0.46552972888062
C           -1.55640181513787       -0.03267112078791        0.00973660948828
C           -0.82080338926193        0.48063951325044       -1.16973216998163
N           -0.54715985346391        0.98880500985687        0.15420576893641
C            0.69977273693031        0.79080675016824        0.87424861121577
C            1.83999327322997        0.21338225059875        0.07170957530986
O            1.79717400873553       -0.82952783109215       -0.53963541723326
H           -1.49339696650951       -1.54391019854919        1.54356571530879
H           -0.34471664476105       -1.79896788928200        0.21308103315902
H           -2.06926290001838       -2.09885288975746       -0.03074958242264
H           -2.55787058841543        0.34768146457837        0.19343024282589
H           -1.27567675374898        1.19542474056299       -1.84406672802756
H           -0.11194888795696       -0.18920110155238       -1.64237233587279
H            0.52169722270288        0.11966579742600        1.72329774646708
H            0.99148321849051        1.76945631855884        1.27087970263398
H            2.75093764804062        0.84812307283876        0.04050939851223
16
 energy: -22.236482597947 gnorm: 0.006455131185 xtb: 6.7.0 (08769fc)
C           -1.34071635790622       -1.45455187721018        0.46688841811865
C           -1.55613622412068       -0.03464480905737        0.00534370216198
C           -0.82577022085734        0.48390586840039       -1.17319688706473
N           -0.54908004451245        0.99000016008609        0.15031401820937
C            0.69861564412895        0.79093651558214        0.87100771695789
C            1.84001212604503        0.20878140142577        0.07650407953583
O            1.79113881449257       -0.82386672015465       -0.54841385675206
H           -1.48288137383481       -1.53617525759914        1.54466829436294
H           -0.34135111816269       -1.79750601725930        0.21190763020720
H           -2.06383029362839       -2.10401234006336       -0.01992612276691
H           -2.55826230214669        0.34447596309652        0.19021682734310
H           -1.28698527363843        1.19985771686379       -1.84115865115973
H           -0.11560003271369       -0.18071554381401       -1.65207710561622
H            0.51701742158256        0.11971130386603        1.71981837956295
H            0.99100803371103        1.76982371709101        1.26710197553773
H            2.76066864166124        0.82955866894630        0.06463948056207
16
 energy: -22.236603893006 gnorm: 0.005452016634 xtb: 6.7.0 (08769fc)
C           -1.33176709879555       -1.45438232706509        0.46879621835977
C           -1.55682071597080       -0.03893349261793       -0.00203775978965
C           -0.83407115490497        0.48897360229769       -1.17962704244176
N           -0.55337597062622        0.99109590565298        0.14305120855001
C            0.69499920224297        0.79221497066789        0.86331918336129
C            1.84023674521252        0.20023387642382        0.08518313706710
O            1.78283012244793       -0.80858842689193       -0.57405004024147
H           -1.45301879543615       -1.51977951110029        1.55026842865785
H           -0.33671432051185       -1.80038313762958        0.19765018478420
H           -2.06462830754810       -2.11259216301577        0.00498938205677
H           -2.55964814381784        0.33749988798287        0.18609770662745
H           -1.30768353783481        1.20673210736798       -1.83629222974202
H           -0.12172598767083       -0.16532989497637       -1.67101775290629
H            0.50853530762605        0.12559702152023        1.71580223235358
H            0.98823208416184        1.77225491036908        1.25497183765453
H            2.78246801152583        0.79096542121443        0.12653320484870
16
 energy: -22.236702741848 gnorm: 0.004795905846 xtb: 6.7.0 (08769fc)
C           -1.32255021240343       -1.45393560799859        0.46990510585348
C           -1.55774456546539       -0.04269738733673       -0.00791814452613
C           -0.83902717165693        0.49665293073661       -1.18289136121476
N           -0.55881411434273        0.99348439447561        0.14123317562755
C            0.69131748008899        0.79367309906093        0.85782427758490
C            1.83554541856623        0.18658313626761        0.09155410114220
O            1.77486965687131       -0.80433500212174       -0.59041091619769
H           -1.43429738611715       -1.50994817704339        1.55178910348874
H           -0.32829250226417       -1.79747515390266        0.19488111977887
H           -2.05297510064641       -2.12149393840403        0.01767663913695
H           -2.56212965920839        0.32846790055693        0.18012783520145
H           -1.32519724034662        1.21586824149111       -1.82950348329825
H           -0.12333057119617       -0.14512596765747       -1.68589609704871
H            0.50130774442073        0.13828219903490        1.71906698995962
H            0.99090328819072        1.77544457303234        1.23872243826505
H            2.78826237560943        0.75213351000858        0.16747711544679
16
 energy: -22.236481796625 gnorm: 0.022624776946 xtb: 6.7.0 (08769fc)
C           -1.30572399788335       -1.45489946300775        0.47036403784334
C           -1.56258998015981       -0.05079773857253       -0.01694498541709
C           -0.85438788289015        0.50488899862464       -1.19167725109139
N           -0.57213216869103        0.99615750960508        0.13356403125869
C            0.68227050752865        0.80276782110800        0.84009679624807
C            1.83239249463833        0.16562716873388        0.10793001517702
O            1.74998321731264       -0.76498514030834       -0.66673262283722
H           -1.36776403947275       -1.49219295285312        1.55875121596253
H           -0.32223299143691       -1.80117240221718        0.15785536333806
H           -2.05400920076818       -2.13278170998170        0.06244616927478
H           -2.56993194192572        0.30907899453254        0.17447199921329
H           -1.36059254473861        1.22391720074836       -1.82471088089914
H           -0.13373796405422       -0.11764849212234       -1.71069101329227
H            0.49305369108891        0.17350284911450        1.72340466441008
H            0.99215693571346        1.79011954911543        1.19813524746617
H            2.83109330583873        0.65399655768056        0.31737511254516
16
 energy: -22.236901501118 gnorm: 0.005687069203 xtb: 6.7.0 (08769fc)
C           -1.31077115484508       -1.45743276063727        0.46376254643633
C           -1.56068559209890       -0.04812407605657       -0.01049710086279
C           -0.84928093269138        0.50499432917867       -1.18568652556968
N           -0.56849403198527        0.99513965337085        0.14103611705781
C            0.68552469485216        0.80396513778122        0.84742512658900
C            1.83062277240881        0.16631070320796        0.10437983677220
O            1.76457995386261       -0.79226334134450       -0.61927905808055
H           -1.39422467787508       -1.50846947605566        1.54937765229372
H           -0.32049804439898       -1.80020234971536        0.16615783124718
H           -2.05176100116243       -2.12809502569847        0.03198233154659
H           -2.56742581094556        0.31360790684951        0.18174510599109
H           -1.34888686107615        1.22404690720934       -1.82327802186049
H           -0.13188905228408       -0.12334824369022       -1.69990079888079
H            0.50022073635524        0.17998917142813        1.73439122348078
H            0.99897781029525        1.79333942080877        1.19822320348655
H            2.80183863168884        0.68212079356363        0.25379842955312
16
 energy: -22.237013979335 gnorm: 0.004779754749 xtb: 6.7.0 (08769fc)
C           -1.30600104010135       -1.45987193633478        0.45973377114296
C           -1.56147939490267       -0.04971467842481       -0.00908893979438
C           -0.85450032254790        0.50828431159373       -1.18530462421918
N           -0.57300239181192        0.99655590459958        0.14248978937199
C            0.68366635850422        0.81079479326385        0.84224515282691
C            1.82797070800080        0.15724146743210        0.10996838450939
O            1.75807776618205       -0.78800715685224       -0.63122278578710
H           -1.38163034939641       -1.51542820383293        1.54502158441490
H           -0.31764007547805       -1.79990441779454        0.15567731753298
H           -2.04790083871164       -2.12959497564173        0.03145672589444
H           -2.56944950558550        0.30729330725812        0.18582233341419
H           -1.35741487748744        1.22671704041305       -1.82119967782528
H           -0.13620473605053       -0.11643518388627       -1.70116314451533
H            0.50201936836880        0.20393638407611        1.74217837095669
H            1.00507716361310        1.80425656889686        1.17628555862503
H            2.80625960750444        0.64945552543392        0.29073808265184
16
 energy: -22.236748845712 gnorm: 0.025627345999 xtb: 6.7.0 (08769fc)
C           -1.27894440114544       -1.47561309858811        0.43507140601830
C           -1.56493464370413       -0.05938040485714       -0.00149211236599
C           -0.88846595973155        0.52692884310449       -1.18554217902431
N           -0.59712393956940        1.00287636803088        0.14727198668100
C            0.67448664636095        0.85119495695935        0.81081852329834
C            1.81700101566775        0.10759248529183        0.14665115599568
O            1.72729701107422       -0.76054272641334       -0.69406866860839
H           -1.30246618846501       -1.55217417291534        1.52329362538605
H           -0.30267787139491       -1.80413794224713        0.08259871312869
H           -2.03803684895591       -2.13966240182226        0.03208125716271
H           -2.57860682626767        0.27255044097498        0.21429640750922
H           -1.41179763415475        1.24242356058480       -1.80943670228358
H           -0.16486360821276       -0.07767073653905       -1.71334143961931
H            0.51284861235275        0.34238829922898        1.78270526780315
H            1.03722798550885        1.86779026302605        1.04833896557382
H            2.83690409073701        0.46101501638104        0.51439169254466
16
 energy: -22.237341221611 gnorm: 0.004582522866 xtb: 6.7.0 (08769fc)
C           -1.28968670989206       -1.47069881156201        0.44121273274992
C           -1.56093603774616       -0.05387357546199       -0.00089552018242
C           -0.87447738377573        0.52060897819221       -1.18288863049628
N           -0.58547416858566        1.00121352763256        0.14828004789971
C            0.67996492413840        0.83717958302419        0.82575505470415
C            1.81921814242485        0.12489955352647        0.13483248824822
O            1.74148436695958       -0.78382052271938       -0.65104539772739
H           -1.34329846404265       -1.54786150595936        1.52691923213814
H           -0.30680466695133       -1.80030730505119        0.11356152948302
H           -2.03787903364873       -2.13437122960617        0.01680296084189
H           -2.57205711253105        0.28753105414853        0.20884704226522
H           -1.38730222108256        1.23638878469502       -1.81379313458696
H           -0.15274667734990       -0.09441391670890       -1.70284138422375
H            0.50986988046134        0.29731511272561        1.76990697640308
H            1.02951528855660        1.84398268838760        1.09388222105648
H            2.80845731316505        0.54180633493684        0.40510168062704
16
 energy: -22.237428832126 gnorm: 0.004804403256 xtb: 6.7.0 (08769fc)
C           -1.28512770225903       -1.47305090247166        0.43728170137630
C           -1.56111591036560       -0.05525958829162        0.00084883049596
C           -0.88123904505125        0.52459722123110       -1.18234056381288
N           -0.58906704307200        1.00235555482657        0.14919875668062
C            0.67983044491219        0.84320241694241        0.81967637566817
C            1.81689970533580        0.11732254537071        0.13999626116732
O            1.74014049831331       -0.78388018135780       -0.65318431359755
H           -1.33688832822327       -1.55482562616204        1.52229845330769
H           -0.30297882830403       -1.79956031170022        0.10610458365193
H           -2.03252428776571       -2.13649748465818        0.01173644674343
H           -2.57258630125942        0.28248465872625        0.21524016108709
H           -1.39851921076723        1.24003823769106       -1.81000792480135
H           -0.15833180742733       -0.08698102774466       -1.70557624510302
H            0.51258200681962        0.32021902993279        1.77349378655961
H            1.03547602780788        1.85226140007696        1.07063681692856
H            2.81129722140606        0.51315280778833        0.43823477284818
16
 energy: -22.237453633327 gnorm: 0.016215708534 xtb: 6.7.0 (08769fc)
C           -1.26361254834306       -1.48549546665030        0.41821045823661
C           -1.55972177646497       -0.06294124357148        0.00810110210827
C           -0.90951953907923        0.54222594000492       -1.17973541872263
N           -0.60315332994066        1.00620989014474        0.15356731560536
C            0.68019079253390        0.87179141506867        0.79528924753514
C            1.80567909572518        0.07805266000008        0.17236175946341
O            1.72685362023376       -0.77788417544761       -0.67650333402828
H           -1.30283012439762       -1.58648155435460        1.50213115028861
H           -0.28523408558129       -1.79911413204648        0.06622307367914
H           -2.01194160375281       -2.14773803087584       -0.01050829423309
H           -2.57235133755443        0.25853056811314        0.24413065629089
H           -1.44707936484661        1.25560782264310       -1.79254501026751
H           -0.17984252234691       -0.05137224875976       -1.71710029109541
H            0.52530880452759        0.43424328248812        1.79790233705274
H            1.06437468782264        1.89359466938202        0.95855197641630
H            2.81072667156449        0.37634935406128        0.59356117087050
16
 energy: -22.237648571841 gnorm: 0.003630727212 xtb: 6.7.0 (08769fc)
C           -1.27136322669564       -1.48098245176286        0.42435575867366
C           -1.55941424834867       -0.05983368437088        0.00601403597861
C           -0.89935948197799        0.53655895727627       -1.18003075691382
N           -0.59686756389076        1.00510232665881        0.15219403700111
C            0.68144989852499        0.86115826172946        0.80465491553144
C            1.80919008776217        0.09179305467654        0.16189395023555
O            1.73393162238960       -0.78565381856997       -0.65854277407543
H           -1.31951147020292       -1.57677694633467        1.50858350568699
H           -0.28993553605653       -1.79807178451189        0.08312935614129
H           -2.01696847068803       -2.14385146056653       -0.00821545682901
H           -2.57102169353832        0.26799307021239        0.23525555311860
H           -1.43020967827922        1.25085662114447       -1.79723184092258
H           -0.17287792232519       -0.06360450476225       -1.71342404910318
H            0.52102481174956        0.39504278885391        1.78792855511359
H            1.05489939376991        1.87658152822965        0.99739849936220
H            2.80488091790703        0.42926679229756        0.52967461020102
16
 energy: -22.237713699496 gnorm: 0.003105909083 xtb: 6.7.0 (08769fc)
C           -1.26636918723171       -1.48385051678461        0.41944012684663
C           -1.55865712626187       -0.06175693841330        0.00731598571432
C           -0.90531209905922        0.54146992719080       -1.17916819368829
N           -0.59911542462323        1.00602569526794        0.15334921541642
C            0.68238917711558        0.86686470516496        0.80008933340722
C            1.80611576361213        0.08155370905704        0.17052521068559
O            1.73249844951012       -0.78856798253466       -0.65733697963336
H           -1.31465671575214       -1.58424305176723        1.50340672485252
H           -0.28398353706242       -1.79706290961031        0.07706219166258
H           -2.00992437299170       -2.14738959969316       -0.01685484591479
H           -2.57013404469136        0.26277749228807        0.24170831911788
H           -1.44199021228601        1.25604463710332       -1.79118121560920
H           -0.17858965089215       -0.05367036088712       -1.71804649852624
H            0.52394362781191        0.42264644923602        1.79447980962777
H            1.06233510272397        1.88459413302700        0.97017962948265
H            2.79929769017812        0.40014336155526        0.55866908575837
16
 energy: -22.237737811494 gnorm: 0.001629591179 xtb: 6.7.0 (08769fc)
C           -1.26539557991914       -1.48378101588203        0.41968457146393
C           -1.55840059783945       -0.06204969324927        0.00717403190180
C           -0.90664691009528        0.54175137700369       -1.17967475521928
N           -0.59877396949697        1.00630180593054        0.15219555943283
C            0.68308935799201        0.86728681244978        0.79877317637139
C            1.80627700684545        0.08257297048452        0.17005252974387
O            1.73369837618013       -0.78475881590417       -0.66084654951145
H           -1.31429675879359       -1.58360538123722        1.50397134795021
H           -0.28178243991107       -1.79645413716510        0.07868457402504
H           -2.00822818964542       -2.14835959282899       -0.01713012209723
H           -2.56948044640565        0.26234100788731        0.24269334758692
H           -1.44483944793834        1.25628473773349       -1.78999332757145
H           -0.18126610969699       -0.05246261396080       -1.72044874106989
H            0.52525011217558        0.42495623127031        1.79291792211699
H            1.06252324806359        1.88438847871412        0.96653625279512
H            2.79611978858514        0.39116657895382        0.56904808128125
16
 energy: -22.237765226330 gnorm: 0.005131091553 xtb: 6.7.0 (08769fc)
C           -1.26134724687872       -1.48276711610834        0.42092873123025
C           -1.55768435780237       -0.06255780406347        0.00680141798415
C           -0.91155160634927        0.54242954368187       -1.18193355242213
N           -0.59768230538121        1.00780210577064        0.14743144715070
C            0.68486486230875        0.86738146196535        0.79475772491343
C            1.80580768918136        0.07592011450797        0.17783195441516
O            1.73915897806571       -0.76677437199721       -0.67983424437071
H           -1.31326543584785       -1.58132756768691        1.50598028665492
H           -0.27366522317266       -1.79310830276299        0.08513195368830
H           -2.00030423843902       -2.15148486405864       -0.01820747462961
H           -2.56744914551466        0.26129255301456        0.24661135572290
H           -1.45563315506703        1.25688460569148       -1.78642470306565
H           -0.19065193552439       -0.04883890885347       -1.72949402352946
H            0.52555799964836        0.43483515470229        1.78959394884780
H            1.06580678413268        1.88255169675652        0.95277615902031
H            2.78588577674032        0.36334044964036        0.60168691758970
16
 energy: -22.237797948354 gnorm: 0.004452033015 xtb: 6.7.0 (08769fc)
C           -1.25912339108929       -1.48244389184974        0.42145431084225
C           -1.55797652544995       -0.06281878287173        0.00749411649157
C           -0.91412864359052        0.54250023066311       -1.18243217131340
N           -0.59877624826881        1.00863040318357        0.14632077689279
C            0.68474767747148        0.86888604602552        0.79196943789447
C            1.80570670801192        0.07578649942687        0.17645356574001
O            1.74118925401532       -0.75972082557648       -0.68858123708300
H           -1.31189175213609       -1.58185107157485        1.50623701111200
H           -0.27109515672491       -1.79112169522895        0.08608331825093
H           -1.99612426416963       -2.15237545075248       -0.01849924300256
H           -2.56777549420985        0.25996525648929        0.24890130225238
H           -1.46047932060671        1.25677713836999       -1.78561855914249
H           -0.19323753905621       -0.04758794296753       -1.73167901455204
H            0.52551101203903        0.44078765169667        1.78934380607509
H            1.06744065882585        1.88476167732812        0.94579947105427
H            2.78386046503838        0.34540350783863        0.62039100768778
16
 energy: -22.237836823579 gnorm: 0.003178149048 xtb: 6.7.0 (08769fc)
C           -1.25415198790762       -1.48208994713075        0.42177570852670
C           -1.55837236666951       -0.06310631605804        0.00946523655123
C           -0.91984752264079        0.54301442005560       -1.18325743672614
N           -0.60130053035904        1.01047118438122        0.14468916992746
C            0.68364766872818        0.87179383835870        0.78653732377860
C            1.80419962496687        0.07087872838880        0.17746492963282
O            1.74655219182914       -0.74512847000124       -0.70613670625130
H           -1.30767485282628       -1.58403033169806        1.50578952592047
H           -0.26612900273337       -1.78673657532902        0.08570421404580
H           -1.98781747274991       -2.15378954524622       -0.01970086442712
H           -2.56856139223401        0.25682127190425        0.25403225993385
H           -1.47065270985203        1.25641586581043       -1.78450924758283
H           -0.19857014827863       -0.04501607211719       -1.73510808303419
H            0.52451739046280        0.45669634675184        1.79150113546803
H            1.07317291388784        1.88917787684778        0.92924216884746
H            2.77883563647639        0.31020647528192        0.65614856458922
16
 energy: -22.237855075035 gnorm: 0.002100737924 xtb: 6.7.0 (08769fc)
C           -1.25207476419097       -1.48258529398951        0.42085404723688
C           -1.55835455889785       -0.06327642037946        0.01062672018006
C           -0.92216632060567        0.54378178544214       -1.18302594250608
N           -0.60251273214481        1.01099267251639        0.14513935084707
C            0.68277538096042        0.87313101815717        0.78477648762811
C            1.80244364390336        0.06636295913854        0.18008804434099
O            1.74907894855892       -0.74126810664451       -0.71041066751525
H           -1.30482042708504       -1.58625681474336        1.50449162406916
H           -0.26453284573315       -1.78548050185180        0.08319470605717
H           -1.98528664568200       -2.15415976415462       -0.02111050127099
H           -2.56886384917673        0.25503702475644        0.25647202970845
H           -1.47425454360503        1.25671658077057       -1.78385265706650
H           -0.20028959056548       -0.04342964913385       -1.73527455644991
H            0.52443940334018        0.46686698378094        1.79442839588032
H            1.07705744340734        1.89098143613819        0.91986829540810
H            2.77520889761653        0.29816484039674        0.66737252265248
16
 energy: -22.237877635930 gnorm: 0.002087643692 xtb: 6.7.0 (08769fc)
C           -1.24835427285029       -1.48408831405207        0.41875433056775
C           -1.55801141059128       -0.06404190300802        0.01246447837187
C           -0.92646084269032        0.54574964735494       -1.18238142811991
N           -0.60448375295403        1.01171604485330        0.14617444696279
C            0.68175922578603        0.87604574435082        0.78136172391539
C            1.79888766548040        0.05797545344942        0.18611940270774
O            1.75356908401805       -0.73298264759192       -0.71926264957092
H           -1.29877681944058       -1.59032180613833        1.50214213350409
H           -0.26116948586517       -1.78444511556167        0.07832370049909
H           -1.98155263182145       -2.15551054275688       -0.02360672459558
H           -2.56882974695552        0.25127917737699        0.26111361289528
H           -1.48108401582742        1.25778630749117       -1.78167948839551
H           -0.20411806670169       -0.03952201059435       -1.73588472500650
H            0.52582003532051        0.48794756099780        1.79884740818169
H            1.08440532251026        1.89374594367999        0.89969620020953
H            2.76624715268252        0.27424521034881        0.69145547707327
16
 energy: -22.237891564007 gnorm: 0.001962645131 xtb: 6.7.0 (08769fc)
C           -1.24562137463273       -1.48597485219829        0.41624777468655
C           -1.55750849483059       -0.06516724914323        0.01361550995246
C           -0.92969873097445        0.54801308483258       -1.18151593174145
N           -0.60601533809943        1.01199441426234        0.14750600728692
C            0.68154114120543        0.87909277129652        0.77879637775634
C            1.79604923778259        0.05192263400717        0.19152027455895
O            1.75623048430761       -0.72855214119356       -0.72252242371479
H           -1.29254907606483       -1.59414218868404        1.49967487766078
H           -0.25914239688311       -1.78534601830415        0.07249520703836
H           -1.98001090701066       -2.15685773971629       -0.02528057611167
H           -2.56841155104703        0.24775224891739        0.26487434320461
H           -1.48641782281680        1.25953247249600       -1.77906118363290
H           -0.20697027878108       -0.03517799979956       -1.73636849496651
H            0.52823854936517        0.50654842272154        1.80195955613084
H            1.08983994468856        1.89627767553733        0.88166293459136
H            2.75829405389137        0.25566321516825        0.71003364650021
16
 energy: -22.237901616606 gnorm: 0.001828152039 xtb: 6.7.0 (08769fc)
C           -1.24046882639343       -1.48919250961146        0.41226366741868
C           -1.55636172626753       -0.06767198821452        0.01506013793767
C           -0.93527566090937        0.55192403135787       -1.18036987440707
N           -0.60856217931239        1.01266701231613        0.14895351541062
C            0.68197385185640        0.88515141273514        0.77412124178277
C            1.79175880629894        0.04327823350875        0.19993701953312
O            1.75981865290957       -0.71863609275559       -0.73076888653688
H           -1.28007380198772       -1.59973820330917        1.49596542611942
H           -0.25570287572165       -1.78785952191946        0.06199415148546
H           -1.97746368188568       -2.15961800826431       -0.02608926133258
H           -2.56720591176757        0.24132469928914        0.27124759954147
H           -1.49692483664982        1.26256699755809       -1.77396958461613
H           -0.21217322767848       -0.02692565292915       -1.73884765941320
H            0.53228089233648        0.53879935949800        1.80596535627508
H            1.09792962610381        1.90140202152344        0.85007315099710
H            2.74429833916847        0.21810695941710        0.74810189900453
16
 energy: -22.237893385526 gnorm: 0.004710932210 xtb: 6.7.0 (08769fc)
C           -1.23972042235939       -1.49222657948017        0.40801472901032
C           -1.55508748551325       -0.06970089056956        0.01470916636428
C           -0.93473578992591        0.55491428279830       -1.17844704977713
N           -0.60927803452431        1.01196760811815        0.15199736665237
C            0.68300463121131        0.88874636090864        0.77538555571256
C            1.78940821759889        0.04099253688054        0.20480180602860
O            1.75576256585676       -0.72776359424026       -0.71719174036573
H           -1.27053799016561       -1.60342463786976        1.49214824308718
H           -0.25842194275532       -1.79391258385222        0.04981857350532
H           -1.98243989671187       -2.16018311087151       -0.02465534137581
H           -2.56597780624089        0.23811202780671        0.27191378369226
H           -1.49716362772081        1.26577318733075       -1.77070566729299
H           -0.21035105090350       -0.02157114523859       -1.73778494790597
H            0.53506356912451        0.55301970057952        1.80910237092146
H            1.09914802308555        1.90409377689734        0.83866577956556
H            2.73917448004386        0.21674181100213        0.74586527137779
16
 energy: -22.237907216654 gnorm: 0.002074622231 xtb: 6.7.0 (08769fc)
C           -1.23932838942363       -1.49113346737542        0.40926173941299
C           -1.55539904074338       -0.06911067049165        0.01470132694534
C           -0.93501662207401        0.55405403465930       -1.17923907999656
N           -0.60920112365016        1.01247829275376        0.15070790846694
C            0.68259438204107        0.88784593576855        0.77504015699174
C            1.79009341475545        0.04157321434416        0.20343058088174
O            1.75616960498355       -0.72572425855545       -0.72105672013090
H           -1.27154785370366       -1.60195308238682        1.49321002560590
H           -0.25766682925814       -1.79197041619334        0.05217965083471
H           -1.98074659778232       -2.15996056518462       -0.02395029114620
H           -2.56637551167024        0.23895424853676        0.27152044084222
H           -1.49773491103836        1.26484506124953       -1.77168414643491
H           -0.21097158004313       -0.02278830876546       -1.73880643811678
H            0.53330726979015        0.54897134334218        1.80840845410708
H            1.09856436246313        1.90365368941670        0.84237820951149
H            2.74110686545372        0.21584369908182        0.74753608142526
16
 energy: -22.237910512534 gnorm: 0.000313425986 xtb: 6.7.0 (08769fc)
C           -1.23881215104135       -1.49059468227002        0.40972679648513
C           -1.55548317346224       -0.06890415717279        0.01446421997052
C           -0.93501785097799        0.55376477946432       -1.17973269184437
N           -0.60927830308909        1.01281360891075        0.15001322802298
C            0.68224005640256        0.88751051643957        0.77501213699740
C            1.79019993869209        0.04162690119102        0.20316894746781
O            1.75560125635185       -0.72553058603776       -0.72237678072455
H           -1.26989795959083       -1.60078258196212        1.49368675295488
H           -0.25768653828655       -1.79137219397707        0.05160523533513
H           -1.98055415992005       -2.15978737172114       -0.02223993832030
H           -2.56658228339237        0.23917239095167        0.27094111954719
H           -1.49802463071872        1.26450584266718       -1.77218805256196
H           -0.21105449285044       -0.02298568171214       -1.73957492848050
H            0.53187666252292        0.54709566863449        1.80821131409295
H            1.09822487548239        1.90357613084345        0.84443443971931
H            2.74209619397785        0.21547016595060        0.74848610053843
16
 energy: -22.237911826654 gnorm: 0.000205842474 xtb: 6.7.0 (08769fc)
C           -1.23822630463576       -1.49069467308233        0.40921676347656
C           -1.55538405980362       -0.06906697177125        0.01408151997924
C           -0.93496534772168        0.55416770453610       -1.17987669798259
N           -0.60955087028630        1.01295289849182        0.15000319102468
C            0.68196042968552        0.88779502304195        0.77512452773719
C            1.78978605869637        0.04113418185547        0.20402107195850
O            1.75442093865612       -0.72750976961380       -0.72048594846502
H           -1.26579854918968       -1.60021810658033        1.49333613086181
H           -0.25848938551294       -1.79219460280916        0.04802250221935
H           -1.98179095917382       -2.15971608189323       -0.01987171719133
H           -2.56662425019921        0.23869885918058        0.27043431683547
H           -1.49826523603318        1.26491816844402       -1.77210840331726
H           -0.21078813038930       -0.02204058905120       -1.74001318202462
H            0.53123817875334        0.54796057397610        1.80861043274374
H            1.09815703298450        1.90391555268193        0.84417516800860
H            2.74216789426967        0.21547658279334        0.74896822333573
16
 energy: -22.237914583925 gnorm: 0.000525774593 xtb: 6.7.0 (08769fc)
C           -1.23718816124737       -1.49133299479200        0.40727582284891
C           -1.55504841703176       -0.06971158306562        0.01269502755840
C           -0.93409155138987        0.55548471592569       -1.17999244163861
N           -0.61020478320871        1.01295743868457        0.15061196222851
C            0.68123167959971        0.88858117226108        0.77605193268780
C            1.78843895162513        0.04005261774253        0.20664566983243
O            1.75050309274525       -0.73505021674151       -0.71258317722616
H           -1.25312695964703       -1.59854630746497        1.49195854634999
H           -0.26210862887145       -1.79590887668368        0.03606070585007
H           -1.98718379791900       -2.15935873191863       -0.01220710499175
H           -2.56667912777552        0.23727423812637        0.26845015030893
H           -1.49764650549682        1.26641607678118       -1.77179455025021
H           -0.20898543638852       -0.01926914048784       -1.74045265642868
H            0.53004157096514        0.55015249234140        1.80993479296369
H            1.09744681772892        1.90468128424680        0.84392451769902
H            2.74244869641192        0.21915656524463        0.74705870140772
16
 energy: -22.237915182993 gnorm: 0.000183770356 xtb: 6.7.0 (08769fc)
C           -1.23647453240363       -1.49200456027046        0.40583287924466
C           -1.55490419209146       -0.07021337117473        0.01222145710658
C           -0.93419312970863        0.55649099979083       -1.17982462390270
N           -0.61076946996368        1.01291314529037        0.15126195906812
C            0.68090372609949        0.88945189573068        0.77612730942694
C            1.78744577318169        0.03875164201763        0.20855257901445
O            1.74916742617371       -0.73829726064685       -0.70867217778536
H           -1.24653226721704       -1.59859654565969        1.49063225164674
H           -0.26375786288733       -1.79792833665941        0.02958345670705
H           -1.98948996919704       -2.15939708007490       -0.00904194404958
H           -2.56671405232447        0.23604665093721        0.26818119710025
H           -1.49800459416208        1.26755390907806       -1.77118696125002
H           -0.20848053604609       -0.01735796716886       -1.74045903567940
H            0.53023164466568        0.55410009566722        1.81117541514836
H            1.09781405076906        1.90557245619946        0.84078394352687
H            2.74160542521185        0.21849307714348        0.74847019387711
16
 energy: -22.237915245694 gnorm: 0.000064961451 xtb: 6.7.0 (08769fc)
C           -1.23624291850519       -1.49217260217077        0.40547547608280
C           -1.55483695158484       -0.07035725677109        0.01214852342517
C           -0.93423886420210        0.55674039487479       -1.17973222269866
N           -0.61087498933109        1.01289319444790        0.15146536042362
C            0.68087050768438        0.88971358255616        0.77615497504591
C            1.78706954473398        0.03823628774148        0.20915467691221
O            1.74886250591721       -0.73870951117363       -0.70820442217651
H           -1.24510777662172       -1.59865765469391        1.49024320807757
H           -0.26400309738562       -1.79827566337956        0.02826172813129
H           -1.98976857307415       -2.15945413512092       -0.00850285089018
H           -2.56665196603269        0.23572132104999        0.26826590709158
H           -1.49815341328774        1.26781755356934       -1.77096188538392
H           -0.20841270071716       -0.01693280799772       -1.74041813021844
H            0.53033247970736        0.55550670320482        1.81142466429107
H            1.09797964316896        1.90567510033840        0.83963957940318
H            2.74102400963042        0.21783424372473        0.74922331168338
